IBM
Call: ibm -r --loglevel fine 
Seed: 123
Date: Tue Jun 08 13:37:45 2021
Version: 2021-06-07 23:36:14 UTC (rev. 593e0ff)
Environment: machine:DESKTOP-D3MBM6L, user:Cyril, os:Windows_NT, pid:17752

*initialisation_partition[init_1]
equilibrium_shortcut: 1849
values {d_r}
row-col 1 2 3 4 5 6 7 8 9 10 11 12 13 14 15 16 17 18 19 20 21 22 23 24 25 26 27 28 29 30
1-1 5.94755e+06 2.1998e+06 1.79507e+06 1.4811e+06 1.19763e+06 993380 813116 658935 541492 441897 361522 287871 244347 202135 163681 131697 114277 87821.8 73184.9 59306.9 47669.6 42176.2 31948.4 27467 22804.8 17998.1 14275.7 11926.5 10697.7 45465
*end

*initialisation_partition[init_2]
year: 1939
values {d_r}
row-col 1 2 3 4 5 6 7 8 9 10 11 12 13 14 15 16 17 18 19 20 21 22 23 24 25 26 27 28 29 30
1-1 3.27857e+06 2.67493e+06 2.19426e+06 1.79781e+06 1.47446e+06 1.20995e+06 977557 805350 658465 542432 443560 365101 293837 242937 195015 163934 132275 108747 88038.7 72787.3 60933.2 50271.7 37983.9 33249.5 26238.2 23021.7 19877.4 14022.7 11456.7 57969.7
*end

*world_age_frequency[total_age_freq]
year: 1940
time_step: Annual
values {d}
1 2 3 4 5 6 7 8 9 10 11 12 13 14 15 16 17 18 19 20 21 22 23 24 25 26 27 28 29 30 
3.27857e+06 2.68457e+06 2.18987e+06 1.7981e+06 1.46871e+06 1.2076e+06 990165 800689 657887 538024 445187 362859 296693 240444 198448 159850 134985 107338 89267.5 70618.9 58764.8 49476.6 41381.1 31008.8 27503.1 21720.6 19190.8 16877.8 11239.8 57536 
*end

*summarise_agents[agents]
year: 1940
time_step: Annual
values {d}
row-col agent_ndx age age_index length length_index weight scalar sex mature M L_inf k a b tag alive lat long birth-row-col
1-1 191278 6 5 64.5882 12 0.00178984 36.141 0 0 0.200015 102.9 0.164667 2e-09 3.288 0 1 0 0 1-1
1-1 64172 3 2 39.424 7 0.000353095 36.141 0 0 0.200016 101.454 0.163996 2e-09 3.288 0 1 0 0 1-1
1-1 172518 4 3 48.5451 9 0.000699964 36.141 0 0 0.200032 102.51 0.160407 2e-09 3.288 0 1 0 0 1-1
1-1 297210 4 3 48.2525 9 0.000686189 36.141 0 0 0.199989 102.13 0.159883 2e-09 3.288 0 1 0 0 1-1
1-1 373604 3 2 39.3215 7 0.000350086 36.141 0 0 0.199981 102.093 0.162127 2e-09 3.288 0 1 0 0 1-1
1-1 459602 4 3 47.4851 9 0.000650956 36.141 0 0 0.199972 101.08 0.158615 2e-09 3.288 0 1 0 0 1-1
1-1 342624 3 2 38.9835 7 0.000340287 36.141 0 0 0.200019 102.583 0.159356 2e-09 3.288 0 1 0 0 1-1
1-1 296309 14 13 92.8372 13 0.00590066 36.141 0 0 0.200016 103.689 0.161221 2e-09 3.288 0 1 0 0 1-1
1-1 84717 5 4 56.9165 11 0.00118101 36.141 0 0 0.19997 102.543 0.161958 2e-09 3.288 0 1 0 0 1-1
1-1 258999 1 0 15.0182 3 1.47827e-05 36.141 0 0 0.200002 100.992 0.160999 2e-09 3.288 0 1 0 0 1-1
*end

*world_age_frequency[total_age_freq]
year: 1941
time_step: Annual
values {d}
1 2 3 4 5 6 7 8 9 10 11 12 13 14 15 16 17 18 19 20 21 22 23 24 25 26 27 28 29 30 
3.27857e+06 2.68396e+06 2.20328e+06 1.79933e+06 1.47572e+06 1.20374e+06 985613 809468 656334 537988 439077 363655 298754 243805 194328 162488 130829 112506 88508.5 72498.2 58078.1 48428.5 40549.9 34442.1 24648 22335 18106.6 15793.6 13372.1 55837.4 
*end

*summarise_agents[agents]
year: 1941
time_step: Annual
values {d}
row-col agent_ndx age age_index length length_index weight scalar sex mature M L_inf k a b tag alive lat long birth-row-col
1-1 228810 1 0 14.9249 2 1.44827e-05 36.141 0 0 0.200009 100.404 0.16093 2e-09 3.288 0 1 0 0 1-1
1-1 58950 7 6 68.9584 13 0.00221976 36.141 0 0 0.199989 102.25 0.160303 2e-09 3.288 0 1 0 0 1-1
1-1 179809 2 1 28.2494 5 0.000118018 36.141 0 0 0.200002 103.278 0.159778 2e-09 3.288 0 1 0 0 1-1
1-1 171085 4 3 48.5114 9 0.000698369 36.141 0 0 0.200012 101.475 0.162552 2e-09 3.288 0 1 0 0 1-1
1-1 401252 2 1 27.4016 5 0.000106768 36.141 0 0 0.200004 100.717 0.158773 2e-09 3.288 0 1 0 0 1-1
1-1 459070 2 1 27.4773 5 0.00010774 36.141 0 0 0.200026 99.6823 0.16124 2e-09 3.288 0 1 0 0 1-1
1-1 346164 2 1 28.1523 5 0.00011669 36.141 0 0 0.199985 101.517 0.162392 2e-09 3.288 0 1 0 0 1-1
1-1 232214 6 5 62.7834 12 0.00163059 36.141 0 0 0.20002 101.859 0.159683 2e-09 3.288 0 1 0 0 1-1
1-1 342858 6 5 63.0805 12 0.00165609 36.141 0 0 0.199964 100.64 0.16427 2e-09 3.288 0 1 0 0 1-1
1-1 140156 2 1 28.1509 5 0.000116671 36.141 0 0 0.199991 102.089 0.161308 2e-09 3.288 0 1 0 0 1-1
*end

*world_age_frequency[total_age_freq]
year: 1942
time_step: Annual
values {d}
1 2 3 4 5 6 7 8 9 10 11 12 13 14 15 16 17 18 19 20 21 22 23 24 25 26 27 28 29 30 
3.27857e+06 2.68302e+06 2.19868e+06 1.80251e+06 1.47969e+06 1.20692e+06 990346 805566 659477 536724 441174 360003 298899 242937 199099 158621 133504 105458 90966.1 71667 59596 48139.4 38923.6 33249.5 29057.2 20528 17889.7 15396 12685.5 56126.5 
*end

*summarise_agents[agents]
year: 1942
time_step: Annual
values {d}
row-col agent_ndx age age_index length length_index weight scalar sex mature M L_inf k a b tag alive lat long birth-row-col
1-1 93715 3 2 39.2731 7 0.000348671 36.141 0 0 0.199998 102.835 0.16037 2e-09 3.288 0 1 0 0 1-1
1-1 305753 11 10 85.2654 13 0.00446078 36.141 0 0 0.200041 102.832 0.160646 2e-09 3.288 0 1 0 0 1-1
1-1 39503 3 2 39.2573 7 0.000348208 36.141 0 0 0.200013 101.586 0.162828 2e-09 3.288 0 1 0 0 1-1
1-1 416373 1 0 14.99 2 1.46915e-05 36.141 0 0 0.199979 102.128 0.158733 2e-09 3.288 0 1 0 0 1-1
1-1 14665 1 0 14.8396 2 1.42123e-05 36.141 0 0 0.199995 101.326 0.158355 2e-09 3.288 0 1 0 0 1-1
1-1 27540 7 6 69.1667 13 0.00224188 36.141 0 0 0.199988 102.253 0.16119 2e-09 3.288 0 1 0 0 1-1
1-1 275297 2 1 27.8129 5 0.000112127 36.141 0 0 0.199988 101.59 0.159948 2e-09 3.288 0 1 0 0 1-1
1-1 121678 4 3 48.6189 9 0.000703469 36.141 0 0 0.19999 101.956 0.161978 2e-09 3.288 0 1 0 0 1-1
1-1 115500 5 4 54.9987 10 0.00105514 36.141 0 0 0.200021 100.928 0.15746 2e-09 3.288 0 1 0 0 1-1
1-1 286644 2 1 27.5563 5 0.000108762 36.141 0 0 0.200001 100.736 0.159793 2e-09 3.288 0 1 0 0 1-1
*end

*world_age_frequency[total_age_freq]
year: 1943
time_step: Annual
values {d}
1 2 3 4 5 6 7 8 9 10 11 12 13 14 15 16 17 18 19 20 21 22 23 24 25 26 27 28 29 30 
3.27857e+06 2.67935e+06 2.18715e+06 1.80048e+06 1.48002e+06 1.20959e+06 984240 814056 664715 538061 437920 362823 293692 244166 199641 161621 130179 109759 87605 74522.1 59198.4 47886.4 39935.5 32888.1 26961 23708.4 16697.1 14637.1 12649.3 56740.9 
*end

*summarise_agents[agents]
year: 1943
time_step: Annual
values {d}
row-col agent_ndx age age_index length length_index weight scalar sex mature M L_inf k a b tag alive lat long birth-row-col
1-1 161446 3 2 38.6644 7 0.000331214 36.141 0 0 0.199999 101.568 0.159708 2e-09 3.288 0 1 0 0 1-1
1-1 303078 3 2 38.5902 7 0.000329129 36.141 0 0 0.199986 101.527 0.159398 2e-09 3.288 0 1 0 0 1-1
1-1 177632 2 1 28.302 5 0.000118742 36.141 0 0 0.199999 102.847 0.16092 2e-09 3.288 0 1 0 0 1-1
1-1 165550 6 5 62.9804 12 0.00164747 36.141 0 0 0.200033 101.355 0.161872 2e-09 3.288 0 1 0 0 1-1
1-1 436989 5 4 55.8407 11 0.00110918 36.141 0 0 0.199969 100.871 0.161302 2e-09 3.288 0 1 0 0 1-1
1-1 47908 4 3 49.6858 9 0.000755512 36.141 0 0 0.199985 104.093 0.162197 2e-09 3.288 0 1 0 0 1-1
1-1 385668 17 16 95.7291 13 0.00652685 36.141 0 0 0.200023 102.104 0.163154 2e-09 3.288 0 1 0 0 1-1
1-1 281912 10 9 81.7663 13 0.00388665 36.141 0 0 0.199998 102.22 0.160898 2e-09 3.288 0 1 0 0 1-1
1-1 471195 4 3 47.6992 9 0.000660656 36.141 0 0 0.200011 101.145 0.159471 2e-09 3.288 0 1 0 0 1-1
1-1 258488 2 1 28.0053 5 0.000114698 36.141 0 0 0.200004 101.053 0.162266 2e-09 3.288 0 1 0 0 1-1
*end

*world_age_frequency[total_age_freq]
year: 1944
time_step: Annual
values {d}
1 2 3 4 5 6 7 8 9 10 11 12 13 14 15 16 17 18 19 20 21 22 23 24 25 26 27 28 29 30 
3.27857e+06 2.68265e+06 2.19582e+06 1.78737e+06 1.47056e+06 1.21226e+06 990490 807553 669375 545755 440378 360907 297850 239685 199930 163862 133431 106940 90424 72028.4 60246.5 49332.1 38562.2 33285.6 26238.2 22045.9 19154.6 13769.7 11456.7 56234.9 
*end

*summarise_agents[agents]
year: 1944
time_step: Annual
values {d}
row-col agent_ndx age age_index length length_index weight scalar sex mature M L_inf k a b tag alive lat long birth-row-col
1-1 486570 6 5 63.4339 12 0.0016868 36.141 0 0 0.200023 102.589 0.160534 2e-09 3.288 0 1 0 0 1-1
1-1 470206 13 12 89.937 13 0.00531594 36.141 0 0 0.19997 102.176 0.163236 2e-09 3.288 0 1 0 0 1-1
1-1 255729 16 15 94.8775 13 0.00633786 36.141 0 0 0.200059 102.689 0.161007 2e-09 3.288 0 1 0 0 1-1
1-1 351493 2 1 27.9178 5 0.000113524 36.141 0 0 0.199995 101.66 0.16053 2e-09 3.288 0 1 0 0 1-1
1-1 279473 1 0 15.0149 3 1.4772e-05 36.141 0 0 0.200005 98.7999 0.164843 2e-09 3.288 0 1 0 0 1-1
1-1 129447 11 10 83.8518 13 0.0042222 36.141 0 0 0.199978 99.9187 0.166145 2e-09 3.288 0 1 0 0 1-1
1-1 356566 5 4 56.1408 11 0.00112891 36.141 0 0 0.200013 101.717 0.160561 2e-09 3.288 0 1 0 0 1-1
1-1 256022 17 16 95.2293 13 0.00641545 36.141 0 0 0.200029 102.064 0.159031 2e-09 3.288 0 1 0 0 1-1
1-1 106990 1 0 15.0155 3 1.47737e-05 36.141 0 0 0.200005 102.351 0.158651 2e-09 3.288 0 1 0 0 1-1
1-1 490524 18 17 96.8776 13 0.00678785 36.141 0 0 0.199991 102.483 0.161439 2e-09 3.288 0 1 0 0 1-1
*end

*world_age_frequency[total_age_freq]
year: 1945
time_step: Annual
values {d}
1 2 3 4 5 6 7 8 9 10 11 12 13 14 15 16 17 18 19 20 21 22 23 24 25 26 27 28 29 30 
3.27857e+06 2.68392e+06 2.19665e+06 1.79998e+06 1.46127e+06 1.20536e+06 992802 809143 659007 549946 446344 358991 294271 245250 195485 163392 134552 110554 87930.2 74052.2 58475.6 48970.7 40296.9 31297.9 26455 21829 18215 16118.8 10842.3 55801.2 
*end

*summarise_agents[agents]
year: 1945
time_step: Annual
values {d}
row-col agent_ndx age age_index length length_index weight scalar sex mature M L_inf k a b tag alive lat long birth-row-col
1-1 49829 12 11 86.8707 13 0.00474292 36.141 0 0 0.199981 101.082 0.163489 2e-09 3.288 0 1 0 0 1-1
1-1 290267 1 0 15.4048 3 1.60711e-05 36.141 0 0 0.20002 103.133 0.161777 2e-09 3.288 0 1 0 0 1-1
1-1 16467 4 3 48.8122 9 0.000712707 36.141 0 0 0.200026 101.921 0.162963 2e-09 3.288 0 1 0 0 1-1
1-1 288133 1 0 15.2096 3 1.54111e-05 36.141 0 0 0.199983 101.581 0.162199 2e-09 3.288 0 1 0 0 1-1
1-1 93561 6 5 61.882 12 0.00155487 36.141 0 0 0.199999 100.446 0.15955 2e-09 3.288 0 1 0 0 1-1
1-1 473139 5 4 57.0327 11 0.00118896 36.141 0 0 0.199978 103.504 0.160154 2e-09 3.288 0 1 0 0 1-1
1-1 260905 5 4 56.1393 11 0.00112881 36.141 0 0 0.200022 102.197 0.1594 2e-09 3.288 0 1 0 0 1-1
1-1 401286 3 2 39.3672 7 0.000351424 36.141 0 0 0.200016 102.353 0.161838 2e-09 3.288 0 1 0 0 1-1
1-1 388451 2 1 27.9791 5 0.000114346 36.141 0 0 0.200044 102.015 0.160284 2e-09 3.288 0 1 0 0 1-1
1-1 418525 4 3 48.4375 9 0.000694879 36.141 0 0 0.200028 99.9224 0.165777 2e-09 3.288 0 1 0 0 1-1
*end

*world_age_frequency[total_age_freq]
year: 1946
time_step: Annual
values {d}
1 2 3 4 5 6 7 8 9 10 11 12 13 14 15 16 17 18 19 20 21 22 23 24 25 26 27 28 29 30 
3.27857e+06 2.68323e+06 2.19737e+06 1.79814e+06 1.46669e+06 1.19514e+06 985144 812141 660452 542287 450538 365499 294090 239143 199930 159163 133287 109976 90929.9 72570.5 59921.3 46513.1 39610.2 33249.5 25623.8 21359.2 18215 15251.4 13010.7 53849.6 
*end

*summarise_agents[agents]
year: 1946
time_step: Annual
values {d}
row-col agent_ndx age age_index length length_index weight scalar sex mature M L_inf k a b tag alive lat long birth-row-col
1-1 298950 4 3 48.3109 9 0.000688921 36.141 0 0 0.200019 101.977 0.160492 2e-09 3.288 0 1 0 0 1-1
1-1 136105 2 1 28.1276 5 0.000116353 36.141 0 0 0.200033 101.321 0.162595 2e-09 3.288 0 1 0 0 1-1
1-1 64816 1 0 14.9337 2 1.45107e-05 36.141 0 0 0.199978 101.403 0.159312 2e-09 3.288 0 1 0 0 1-1
1-1 317537 6 5 63.8175 12 0.00172057 36.141 0 0 0.200018 102.883 0.161392 2e-09 3.288 0 1 0 0 1-1
1-1 331270 4 3 47.9984 9 0.00067438 36.141 0 0 0.199949 101.123 0.160926 2e-09 3.288 0 1 0 0 1-1
1-1 125027 6 5 62.4274 12 0.00160038 36.141 0 0 0.200017 100.445 0.161926 2e-09 3.288 0 1 0 0 1-1
1-1 313994 10 9 81.8077 13 0.00389311 36.141 0 0 0.200003 101.907 0.162339 2e-09 3.288 0 1 0 0 1-1
1-1 138423 8 7 73.9568 13 0.00279402 36.141 0 0 0.199941 101.974 0.161486 2e-09 3.288 0 1 0 0 1-1
1-1 73445 1 0 15.011 3 1.47592e-05 36.141 0 0 0.199982 100.742 0.161348 2e-09 3.288 0 1 0 0 1-1
1-1 19731 6 5 63.3652 12 0.0016808 36.141 0 0 0.199996 101.871 0.162151 2e-09 3.288 0 1 0 0 1-1
*end

*world_age_frequency[total_age_freq]
year: 1947
time_step: Annual
values {d}
1 2 3 4 5 6 7 8 9 10 11 12 13 14 15 16 17 18 19 20 21 22 23 24 25 26 27 28 29 30 
3.27857e+06 2.67932e+06 2.19574e+06 1.80034e+06 1.46922e+06 1.20182e+06 975860 805638 665546 539831 443886 370271 299731 242106 194473 163175 130034 109506 89520.4 74088.4 60824.8 49548.9 38489.9 32454.4 27250.1 21214.7 17709 14853.9 12649.3 56054.2 
*end

*summarise_agents[agents]
year: 1947
time_step: Annual
values {d}
row-col agent_ndx age age_index length length_index weight scalar sex mature M L_inf k a b tag alive lat long birth-row-col
1-1 218600 17 16 97.2849 13 0.00688215 36.141 0 0 0.200001 103.761 0.163172 2e-09 3.288 0 1 0 0 1-1
1-1 352223 5 4 56.4463 11 0.00114923 36.141 0 0 0.20003 101.814 0.161669 2e-09 3.288 0 1 0 0 1-1
1-1 309842 5 4 56.9296 11 0.0011819 36.141 0 0 0.200017 102.826 0.161331 2e-09 3.288 0 1 0 0 1-1
1-1 379984 2 1 27.9302 5 0.000113689 36.141 0 0 0.200014 102.081 0.159833 2e-09 3.288 0 1 0 0 1-1
1-1 356710 2 1 27.6831 5 0.000110416 36.141 0 0 0.199995 101.642 0.158974 2e-09 3.288 0 1 0 0 1-1
1-1 199207 11 10 84.7829 13 0.00437832 36.141 0 0 0.200004 101.932 0.162033 2e-09 3.288 0 1 0 0 1-1
1-1 228086 20 19 96.77 13 0.00676309 36.141 0 0 0.199983 101.139 0.157093 2e-09 3.288 0 1 0 0 1-1
1-1 390677 2 1 27.3685 5 0.000106344 36.141 0 0 0.200018 100.796 0.1584 2e-09 3.288 0 1 0 0 1-1
1-1 441463 6 5 63.1136 12 0.00165895 36.141 0 0 0.200022 101.754 0.161376 2e-09 3.288 0 1 0 0 1-1
1-1 106149 3 2 38.6616 7 0.000331135 36.141 0 0 0.200002 100.782 0.161294 2e-09 3.288 0 1 0 0 1-1
*end

*world_age_frequency[total_age_freq]
year: 1948
time_step: Annual
values {d}
1 2 3 4 5 6 7 8 9 10 11 12 13 14 15 16 17 18 19 20 21 22 23 24 25 26 27 28 29 30 
3.27857e+06 2.68193e+06 2.1956e+06 1.79041e+06 1.47659e+06 1.20478e+06 987203 798522 660308 545069 440053 361811 304142 244672 198195 158260 133757 104916 89628.9 72606.6 61041.6 50380.1 40730.6 31767.7 27358.6 22479.6 17275.3 14745.5 11854.2 55909.7 
*end

*summarise_agents[agents]
year: 1948
time_step: Annual
values {d}
row-col agent_ndx age age_index length length_index weight scalar sex mature M L_inf k a b tag alive lat long birth-row-col
1-1 95113 3 2 39.4362 7 0.000353455 36.141 0 0 0.200046 101.782 0.163379 2e-09 3.288 0 1 0 0 1-1
1-1 95078 1 0 15.2852 3 1.56643e-05 36.141 0 0 0.199973 102.724 0.161106 2e-09 3.288 0 1 0 0 1-1
1-1 271576 5 4 56.9171 11 0.00118105 36.141 0 0 0.200003 102.813 0.161307 2e-09 3.288 0 1 0 0 1-1
1-1 485681 4 3 48.8604 9 0.000715026 36.141 0 0 0.200029 102.842 0.161139 2e-09 3.288 0 1 0 0 1-1
1-1 249148 1 0 15.1896 3 1.53444e-05 36.141 0 0 0.200018 102.606 0.160213 2e-09 3.288 0 1 0 0 1-1
1-1 210636 1 0 15.5099 3 1.64344e-05 36.141 0 0 0.199998 103.352 0.1626 2e-09 3.288 0 1 0 0 1-1
1-1 490200 8 7 73.3966 13 0.00272504 36.141 0 0 0.200019 100.742 0.163001 2e-09 3.288 0 1 0 0 1-1
1-1 271892 6 5 63.1519 12 0.00166227 36.141 0 0 0.200013 102.542 0.15946 2e-09 3.288 0 1 0 0 1-1
1-1 13567 1 0 14.9973 2 1.4715e-05 36.141 0 0 0.200046 101.377 0.160094 2e-09 3.288 0 1 0 0 1-1
1-1 350252 4 3 48.774 9 0.000710875 36.141 0 0 0.200033 102.317 0.161897 2e-09 3.288 0 1 0 0 1-1
*end

*world_age_frequency[total_age_freq]
year: 1949
time_step: Annual
values {d}
1 2 3 4 5 6 7 8 9 10 11 12 13 14 15 16 17 18 19 20 21 22 23 24 25 26 27 28 29 30 
3.27857e+06 2.68041e+06 2.19418e+06 1.79832e+06 1.46456e+06 1.20825e+06 985144 809143 652794 541384 447537 361052 296910 249334 199930 161585 129239 110337 85942.5 72678.9 59234.6 49657.3 41019.7 33466.3 26238.2 21684.5 18395.7 13625.1 12034.9 55692.8 
*end

*summarise_agents[agents]
year: 1949
time_step: Annual
values {d}
row-col agent_ndx age age_index length length_index weight scalar sex mature M L_inf k a b tag alive lat long birth-row-col
1-1 452220 1 0 15.331 3 1.58194e-05 36.141 0 0 0.20002 102.539 0.161947 2e-09 3.288 0 1 0 0 1-1
1-1 465972 21 20 98.1624 13 0.00708837 36.141 0 0 0.199978 101.778 0.158931 2e-09 3.288 0 1 0 0 1-1
1-1 200499 3 2 38.5645 7 0.00032841 36.141 0 0 0.199992 101.248 0.159825 2e-09 3.288 0 1 0 0 1-1
1-1 473925 9 8 77.1592 13 0.00321189 36.141 0 0 0.199982 100.542 0.162066 2e-09 3.288 0 1 0 0 1-1
1-1 381175 1 0 14.8528 2 1.4254e-05 36.141 0 0 0.200032 99.7674 0.161196 2e-09 3.288 0 1 0 0 1-1
1-1 79901 23 22 98.0281 13 0.00705652 36.141 0 0 0.200026 100.617 0.159128 2e-09 3.288 0 1 0 0 1-1
1-1 265361 13 12 88.3913 13 0.0050214 36.141 0 0 0.199983 100.707 0.161644 2e-09 3.288 0 1 0 0 1-1
1-1 292589 7 6 69.4897 13 0.00227649 36.141 0 0 0.200009 102.213 0.162709 2e-09 3.288 0 1 0 0 1-1
1-1 31066 2 1 27.8159 5 0.000112168 36.141 0 0 0.199979 101.917 0.159365 2e-09 3.288 0 1 0 0 1-1
1-1 177025 9 8 78.7285 13 0.00343172 36.141 0 0 0.199984 102.903 0.160944 2e-09 3.288 0 1 0 0 1-1
*end

*world_age_frequency[total_age_freq]
year: 1950
time_step: Annual
values {d}
1 2 3 4 5 6 7 8 9 10 11 12 13 14 15 16 17 18 19 20 21 22 23 24 25 26 27 28 29 30 
3.27857e+06 2.67319e+06 2.19582e+06 1.79312e+06 1.47554e+06 1.20222e+06 991357 805313 662872 532534 442945 365788 295320 243588 204520 163392 130251 104916 90315.5 71486.3 59704.4 47886.4 40947.4 33719.3 26382.8 22045.9 17853.6 15034.6 10914.6 56054.2 
*end

*summarise_agents[agents]
year: 1950
time_step: Annual
values {d}
row-col agent_ndx age age_index length length_index weight scalar sex mature M L_inf k a b tag alive lat long birth-row-col
1-1 23767 4 3 48.1501 9 0.00068141 36.141 0 0 0.19998 100.484 0.163088 2e-09 3.288 0 1 0 0 1-1
1-1 412547 13 12 89.2934 13 0.00519187 36.141 0 0 0.200016 101.89 0.160804 2e-09 3.288 0 1 0 0 1-1
1-1 138432 3 2 39.2385 7 0.000347662 36.141 0 0 0.20001 103.652 0.158573 2e-09 3.288 0 1 0 0 1-1
1-1 439635 4 3 49.5972 9 0.000751093 36.141 0 0 0.200009 104.175 0.161611 2e-09 3.288 0 1 0 0 1-1
1-1 52384 1 0 15.1149 3 1.50978e-05 36.141 0 0 0.199956 101.941 0.160487 2e-09 3.288 0 1 0 0 1-1
1-1 123732 1 0 14.9857 2 1.46776e-05 36.141 0 0 0.199998 99.9451 0.162448 2e-09 3.288 0 1 0 0 1-1
1-1 5889 8 7 72.3759 13 0.00260241 36.141 0 0 0.199999 99.7784 0.16154 2e-09 3.288 0 1 0 0 1-1
1-1 253364 2 1 28.2547 5 0.000118091 36.141 0 0 0.199967 102.886 0.160531 2e-09 3.288 0 1 0 0 1-1
1-1 59337 3 2 38.6357 7 0.000330407 36.141 0 0 0.199999 100.913 0.160888 2e-09 3.288 0 1 0 0 1-1
1-1 215996 13 12 88.1725 13 0.00498064 36.141 0 0 0.200009 100.87 0.159419 2e-09 3.288 0 1 0 0 1-1
*end

*world_age_frequency[total_age_freq]
year: 1951
time_step: Annual
values {d}
1 2 3 4 5 6 7 8 9 10 11 12 13 14 15 16 17 18 19 20 21 22 23 24 25 26 27 28 29 30 
3.27857e+06 2.68577e+06 2.19277e+06 1.79564e+06 1.47045e+06 1.21013e+06 983771 813658 660199 543913 433183 361666 301358 240661 201412 167584 135636 105278 86303.9 74702.8 58041.9 48681.5 39827.1 32996.5 26997.2 22407.3 18395.7 14564.8 11998.8 54391.7 
*end

*summarise_agents[agents]
year: 1951
time_step: Annual
values {d}
row-col agent_ndx age age_index length length_index weight scalar sex mature M L_inf k a b tag alive lat long birth-row-col
1-1 293155 4 3 47.2091 9 0.000638598 36.141 0 0 0.199976 99.2623 0.161375 2e-09 3.288 0 1 0 0 1-1
1-1 336505 1 0 15.1037 3 1.50611e-05 36.141 0 0 0.200003 101.021 0.161943 2e-09 3.288 0 1 0 0 1-1
1-1 401326 3 2 39.2141 7 0.00034695 36.141 0 0 0.200018 102.639 0.160453 2e-09 3.288 0 1 0 0 1-1
1-1 231795 2 1 27.7034 5 0.000110682 36.141 0 0 0.199994 101.321 0.159705 2e-09 3.288 0 1 0 0 1-1
1-1 495998 1 0 15.2844 3 1.56618e-05 36.141 0 0 0.199991 103.464 0.159849 2e-09 3.288 0 1 0 0 1-1
1-1 327580 1 0 14.996 2 1.4711e-05 36.141 0 0 0.200011 102.159 0.158751 2e-09 3.288 0 1 0 0 1-1
1-1 473923 3 2 38.2502 7 0.000319691 36.141 0 0 0.199969 101.439 0.157776 2e-09 3.288 0 1 0 0 1-1
1-1 174064 6 5 62.9725 12 0.00164679 36.141 0 0 0.200026 102.021 0.160062 2e-09 3.288 0 1 0 0 1-1
1-1 246318 6 5 63.4749 12 0.00169038 36.141 0 0 0.200033 102.504 0.160931 2e-09 3.288 0 1 0 0 1-1
1-1 365812 2 1 27.9669 5 0.000114181 36.141 0 0 0.200028 100.088 0.163852 2e-09 3.288 0 1 0 0 1-1
*end

*world_age_frequency[total_age_freq]
year: 1952
time_step: Annual
values {d}
1 2 3 4 5 6 7 8 9 10 11 12 13 14 15 16 17 18 19 20 21 22 23 24 25 26 27 28 29 30 
3.27857e+06 2.68541e+06 2.19484e+06 1.78867e+06 1.47045e+06 1.20312e+06 994356 803941 668255 540806 444645 354182 297380 246009 197328 164801 136792 111060 85364.3 70329.8 61403 47741.9 39140.4 33285.6 26708 22082 18576.4 14420.2 11745.8 54825.4 
*end

*summarise_agents[agents]
year: 1952
time_step: Annual
values {d}
row-col agent_ndx age age_index length length_index weight scalar sex mature M L_inf k a b tag alive lat long birth-row-col
1-1 326763 3 2 38.5876 7 0.000329058 36.141 0 0 0.200009 100.081 0.16235 2e-09 3.288 0 1 0 0 1-1
1-1 149911 3 2 38.9861 7 0.000340363 36.141 0 0 0.200027 102.046 0.160447 2e-09 3.288 0 1 0 0 1-1
1-1 51216 11 10 84.0863 13 0.00426115 36.141 0 0 0.199999 101.08 0.162096 2e-09 3.288 0 1 0 0 1-1
1-1 415639 1 0 15.2027 3 1.53882e-05 36.141 0 0 0.200025 103.014 0.159676 2e-09 3.288 0 1 0 0 1-1
1-1 475034 18 17 94.7408 13 0.00630789 36.141 0 0 0.200007 100.343 0.160301 2e-09 3.288 0 1 0 0 1-1
1-1 100940 6 5 62.6798 12 0.00162175 36.141 0 0 0.200034 101.21 0.160958 2e-09 3.288 0 1 0 0 1-1
1-1 13558 1 0 15.2996 3 1.5713e-05 36.141 0 0 0.200026 102.396 0.161832 2e-09 3.288 0 1 0 0 1-1
1-1 494641 16 15 94.6747 13 0.00629344 36.141 0 0 0.200001 102.494 0.160823 2e-09 3.288 0 1 0 0 1-1
1-1 143242 1 0 15.1743 3 1.52939e-05 36.141 0 0 0.199979 101.433 0.162047 2e-09 3.288 0 1 0 0 1-1
1-1 329412 6 5 61.746 12 0.00154366 36.141 0 0 0.200016 99.7716 0.16077 2e-09 3.288 0 1 0 0 1-1
*end

*world_age_frequency[total_age_freq]
year: 1953
time_step: Annual
values {d}
1 2 3 4 5 6 7 8 9 10 11 12 13 14 15 16 17 18 19 20 21 22 23 24 25 26 27 28 29 30 
3.27857e+06 2.68537e+06 2.19795e+06 1.79532e+06 1.4625e+06 1.20128e+06 986372 813514 658285 546189 443632 364776 291017 242648 201629 161802 133720 112867 93712.8 69896.1 57608.3 50994.5 38634.4 31659.3 27792.2 22515.7 17564.4 15757.4 12360.2 55042.3 
*end

*summarise_agents[agents]
year: 1953
time_step: Annual
values {d}
row-col agent_ndx age age_index length length_index weight scalar sex mature M L_inf k a b tag alive lat long birth-row-col
1-1 366956 6 5 63.1631 12 0.00166324 36.141 0 0 0.200012 102.584 0.159399 2e-09 3.288 0 1 0 0 1-1
1-1 389636 3 2 38.8467 7 0.000336379 36.141 0 0 0.199992 99.6881 0.164592 2e-09 3.288 0 1 0 0 1-1
1-1 271426 2 1 27.2767 5 0.000105175 36.141 0 0 0.199978 99.6262 0.159958 2e-09 3.288 0 1 0 0 1-1
1-1 123076 11 10 83.984 13 0.00424413 36.141 0 0 0.200032 101.273 0.160705 2e-09 3.288 0 1 0 0 1-1
1-1 89869 4 3 47.6432 9 0.000658108 36.141 0 0 0.200004 101.143 0.159214 2e-09 3.288 0 1 0 0 1-1
1-1 245395 13 12 89.1235 13 0.00515947 36.141 0 0 0.19998 101.55 0.161594 2e-09 3.288 0 1 0 0 1-1
1-1 206596 1 0 15.364 3 1.59315e-05 36.141 0 0 0.199974 102.941 0.161638 2e-09 3.288 0 1 0 0 1-1
1-1 435929 3 2 39.4006 7 0.000352407 36.141 0 0 0.200033 100.893 0.165049 2e-09 3.288 0 1 0 0 1-1
1-1 14421 9 8 76.8209 13 0.00316583 36.141 0 0 0.200027 100.633 0.160144 2e-09 3.288 0 1 0 0 1-1
1-1 428457 2 1 28.0208 5 0.000114907 36.141 0 0 0.199986 100.934 0.162598 2e-09 3.288 0 1 0 0 1-1
*end

*world_age_frequency[total_age_freq]
year: 1954
time_step: Annual
values {d}
1 2 3 4 5 6 7 8 9 10 11 12 13 14 15 16 17 18 19 20 21 22 23 24 25 26 27 28 29 30 
3.27857e+06 2.67979e+06 2.19748e+06 1.80095e+06 1.46709e+06 1.19326e+06 982543 809215 663162 537410 447718 363908 297850 237878 196822 164874 133178 109253 92050.3 76690.5 57536 48031 41887.1 31514.7 26310.5 22551.9 19046.2 14311.8 12577 54572.4 
*end

*summarise_agents[agents]
year: 1954
time_step: Annual
values {d}
row-col agent_ndx age age_index length length_index weight scalar sex mature M L_inf k a b tag alive lat long birth-row-col
1-1 279527 1 0 15.3591 3 1.59147e-05 36.141 0 0 0.200019 102.349 0.162596 2e-09 3.288 0 1 0 0 1-1
1-1 429614 4 3 48.32 9 0.00068935 36.141 0 0 0.200019 101.982 0.160522 2e-09 3.288 0 1 0 0 1-1
1-1 98884 5 4 56.3929 11 0.00114566 36.141 0 0 0.200036 101.871 0.161294 2e-09 3.288 0 1 0 0 1-1
1-1 34606 2 1 28.2344 5 0.000117812 36.141 0 0 0.200008 103.067 0.160064 2e-09 3.288 0 1 0 0 1-1
1-1 430897 4 3 47.7547 9 0.000663185 36.141 0 0 0.199979 101.076 0.159883 2e-09 3.288 0 1 0 0 1-1
1-1 10402 3 2 38.7479 7 0.000333571 36.141 0 0 0.200027 101.664 0.159957 2e-09 3.288 0 1 0 0 1-1
1-1 16711 2 1 27.8119 5 0.000112114 36.141 0 0 0.199997 101.542 0.16003 2e-09 3.288 0 1 0 0 1-1
1-1 100905 1 0 15.033 3 1.48306e-05 36.141 0 0 0.199977 101.416 0.16044 2e-09 3.288 0 1 0 0 1-1
1-1 221260 5 4 55.416 11 0.00108169 36.141 0 0 0.20001 100.02 0.161509 2e-09 3.288 0 1 0 0 1-1
1-1 230718 9 8 79.5561 13 0.00355176 36.141 0 0 0.200025 103.665 0.162065 2e-09 3.288 0 1 0 0 1-1
*end

*world_age_frequency[total_age_freq]
year: 1955
time_step: Annual
values {d}
1 2 3 4 5 6 7 8 9 10 11 12 13 14 15 16 17 18 19 20 21 22 23 24 25 26 27 28 29 30 
3.27857e+06 2.68037e+06 2.18933e+06 1.79868e+06 1.47334e+06 1.19778e+06 977955 801159 663270 541312 438245 368066 297489 243190 196533 162163 135853 108350 89159 75534 63752.2 46657.7 39465.7 34550.5 25587.7 20997.8 18720.9 15721.3 11529 55295.3 
*end

*summarise_agents[agents]
year: 1955
time_step: Annual
values {d}
row-col agent_ndx age age_index length length_index weight scalar sex mature M L_inf k a b tag alive lat long birth-row-col
1-1 179891 4 3 48.6327 9 0.000704126 36.141 0 0 0.199954 101.509 0.163047 2e-09 3.288 0 1 0 0 1-1
1-1 114311 1 0 14.7797 2 1.40246e-05 36.141 0 0 0.199986 100.47 0.159119 2e-09 3.288 0 1 0 0 1-1
1-1 452231 3 2 39.2867 7 0.000349067 36.141 0 0 0.200002 101.287 0.163605 2e-09 3.288 0 1 0 0 1-1
1-1 383426 4 3 48.76 9 0.000710203 36.141 0 0 0.199992 103.333 0.159605 2e-09 3.288 0 1 0 0 1-1
1-1 272020 1 0 15.3297 3 1.58147e-05 36.141 0 0 0.200025 102.65 0.161742 2e-09 3.288 0 1 0 0 1-1
1-1 289353 8 7 74.0917 13 0.00281082 36.141 0 0 0.200027 102.194 0.161377 2e-09 3.288 0 1 0 0 1-1
1-1 344363 1 0 14.9463 2 1.4551e-05 36.141 0 0 0.200012 102.519 0.157578 2e-09 3.288 0 1 0 0 1-1
1-1 289061 3 2 38.9723 7 0.000339967 36.141 0 0 0.199983 102.044 0.160378 2e-09 3.288 0 1 0 0 1-1
1-1 153125 10 9 81.8117 13 0.00389374 36.141 0 0 0.199973 102.898 0.158511 2e-09 3.288 0 1 0 0 1-1
1-1 54259 15 14 92.573 13 0.00584563 36.141 0 0 0.200002 101.662 0.160971 2e-09 3.288 0 1 0 0 1-1
*end

*world_age_frequency[total_age_freq]
year: 1956
time_step: Annual
values {d}
1 2 3 4 5 6 7 8 9 10 11 12 13 14 15 16 17 18 19 20 21 22 23 24 25 26 27 28 29 30 
3.27857e+06 2.67809e+06 2.19509e+06 1.79019e+06 1.46976e+06 1.20417e+06 977521 799244 659441 545502 440776 359099 302225 242937 200364 162199 133720 111602 87930.2 74413.7 62306.5 51500.5 38381.4 31695.4 28984.9 20491.8 16805.5 15576.7 12866.2 54355.6 
*end

*summarise_agents[agents]
year: 1956
time_step: Annual
values {d}
row-col agent_ndx age age_index length length_index weight scalar sex mature M L_inf k a b tag alive lat long birth-row-col
1-1 475058 6 5 61.2227 12 0.00150106 36.141 0 0 0.199966 99.1973 0.160032 2e-09 3.288 0 1 0 0 1-1
1-1 217074 10 9 82.803 13 0.00405103 36.141 0 0 0.200009 103.162 0.162277 2e-09 3.288 0 1 0 0 1-1
1-1 190355 3 2 38.9302 7 0.000338761 36.141 0 0 0.199959 102.881 0.158487 2e-09 3.288 0 1 0 0 1-1
1-1 237520 10 9 80.8848 13 0.00375056 36.141 0 0 0.200019 101.833 0.158129 2e-09 3.288 0 1 0 0 1-1
1-1 80867 6 5 62.238 12 0.00158447 36.141 0 0 0.199981 101.326 0.158754 2e-09 3.288 0 1 0 0 1-1
1-1 389510 25 24 99.886 13 0.00750588 36.141 0 0 0.200033 101.672 0.161666 2e-09 3.288 0 1 0 0 1-1
1-1 197415 1 0 15.2868 3 1.56698e-05 36.141 0 0 0.199968 102.604 0.16133 2e-09 3.288 0 1 0 0 1-1
1-1 56000 3 2 38.83 7 0.000335901 36.141 0 0 0.200034 100.521 0.162744 2e-09 3.288 0 1 0 0 1-1
1-1 145014 2 1 28.3775 5 0.000119787 36.141 0 0 0.200003 102.814 0.161487 2e-09 3.288 0 1 0 0 1-1
1-1 424480 4 3 48.8973 9 0.000716801 36.141 0 0 0.199997 102.213 0.162706 2e-09 3.288 0 1 0 0 1-1
*end

*world_age_frequency[total_age_freq]
year: 1957
time_step: Annual
values {d}
1 2 3 4 5 6 7 8 9 10 11 12 13 14 15 16 17 18 19 20 21 22 23 24 25 26 27 28 29 30 
3.27857e+06 2.68062e+06 2.19614e+06 1.79055e+06 1.46369e+06 1.2016e+06 982470 797294 655431 538602 446163 357508 292319 248214 198051 163320 133431 109795 91869.6 72136.8 61656 50199.4 42393.1 31840 26310.5 23780.6 16191.1 13155.3 12757.7 54138.8 
*end

*summarise_agents[agents]
year: 1957
time_step: Annual
values {d}
row-col agent_ndx age age_index length length_index weight scalar sex mature M L_inf k a b tag alive lat long birth-row-col
1-1 167694 12 11 85.7885 13 0.00455139 36.141 0 0 0.199979 100.427 0.160482 2e-09 3.288 0 1 0 0 1-1
1-1 345170 9 8 77.9758 13 0.00332503 36.141 0 0 0.200012 102.269 0.159711 2e-09 3.288 0 1 0 0 1-1
1-1 107985 10 9 80.8507 13 0.00374537 36.141 0 0 0.200008 99.9961 0.165307 2e-09 3.288 0 1 0 0 1-1
1-1 217760 13 12 89.4574 13 0.0052233 36.141 0 0 0.200019 102.546 0.158354 2e-09 3.288 0 1 0 0 1-1
1-1 5351 6 5 63.7947 12 0.00171854 36.141 0 0 0.199991 103.049 0.160857 2e-09 3.288 0 1 0 0 1-1
1-1 294990 3 2 39.3164 7 0.000349935 36.141 0 0 0.199967 102.446 0.161382 2e-09 3.288 0 1 0 0 1-1
1-1 143072 17 16 94.8367 13 0.0063289 36.141 0 0 0.199993 101.373 0.16126 2e-09 3.288 0 1 0 0 1-1
1-1 19817 7 6 67.4126 13 0.0020603 36.141 0 0 0.199967 100.153 0.159727 2e-09 3.288 0 1 0 0 1-1
1-1 78455 1 0 15.123 3 1.51243e-05 36.141 0 0 0.199955 102.438 0.159735 2e-09 3.288 0 1 0 0 1-1
1-1 91207 1 0 14.9504 2 1.45643e-05 36.141 0 0 0.19997 99.8809 0.162145 2e-09 3.288 0 1 0 0 1-1
*end

*world_age_frequency[total_age_freq]
year: 1958
time_step: Annual
values {d}
1 2 3 4 5 6 7 8 9 10 11 12 13 14 15 16 17 18 19 20 21 22 23 24 25 26 27 28 29 30 
3.27857e+06 2.6845e+06 2.19273e+06 1.79875e+06 1.46615e+06 1.19886e+06 981676 805855 651060 536580 443054 365173 291523 239106 201665 162850 133937 109434 89303.6 75823.1 58981.6 49982.6 41055.9 35309.5 26021.4 21684.5 18865.5 13227.6 10553.2 53090.7 
*end

*summarise_agents[agents]
year: 1958
time_step: Annual
values {d}
row-col agent_ndx age age_index length length_index weight scalar sex mature M L_inf k a b tag alive lat long birth-row-col
1-1 116658 4 3 47.8284 9 0.000666557 36.141 0 0 0.19999 101.615 0.159041 2e-09 3.288 0 1 0 0 1-1
1-1 319477 2 1 28.3879 5 0.000119932 36.141 0 0 0.20004 101.977 0.163126 2e-09 3.288 0 1 0 0 1-1
1-1 291636 3 2 38.6137 7 0.000329788 36.141 0 0 0.200021 101.825 0.158923 2e-09 3.288 0 1 0 0 1-1
1-1 313173 7 6 68.1375 13 0.00213405 36.141 0 0 0.199994 100.589 0.161614 2e-09 3.288 0 1 0 0 1-1
1-1 438165 15 14 93.5927 13 0.00606002 36.141 0 0 0.199976 102.69 0.161582 2e-09 3.288 0 1 0 0 1-1
1-1 342881 4 3 48.9827 9 0.000720924 36.141 0 0 0.199984 102.372 0.162751 2e-09 3.288 0 1 0 0 1-1
1-1 394309 30 29 99.7639 13 0.00747574 36.141 0 0 0.199986 100.283 0.164472 2e-09 3.288 0 1 0 0 1-1
1-1 102895 2 1 27.6931 5 0.000110547 36.141 0 0 0.200009 102.505 0.157468 2e-09 3.288 0 1 0 0 1-1
1-1 435438 12 11 86.366 13 0.00465292 36.141 0 0 0.19997 101.43 0.158924 2e-09 3.288 0 1 0 0 1-1
1-1 339540 6 5 64.5324 12 0.00178476 36.141 0 0 0.200029 103.394 0.16309 2e-09 3.288 0 1 0 0 1-1
*end

*world_age_frequency[total_age_freq]
year: 1959
time_step: Annual
values {d}
1 2 3 4 5 6 7 8 9 10 11 12 13 14 15 16 17 18 19 20 21 22 23 24 25 26 27 28 29 30 
3.27857e+06 2.6812e+06 2.19737e+06 1.79897e+06 1.47359e+06 1.20074e+06 983410 807047 660452 533834 437088 362209 299875 237191 194690 165307 132853 109470 90098.7 73799.3 63101.6 48103.3 40586 33755.4 29057.2 21142.4 17166.9 15179.2 10589.3 50922.2 
*end

*summarise_agents[agents]
year: 1959
time_step: Annual
values {d}
row-col agent_ndx age age_index length length_index weight scalar sex mature M L_inf k a b tag alive lat long birth-row-col
1-1 279543 5 4 56.3855 11 0.00114517 36.141 0 0 0.199984 101.331 0.162588 2e-09 3.288 0 1 0 0 1-1
1-1 465512 1 0 14.8747 2 1.43233e-05 36.141 0 0 0.199984 101.008 0.159303 2e-09 3.288 0 1 0 0 1-1
1-1 493577 1 0 14.9969 2 1.47138e-05 36.141 0 0 0.199999 101.76 0.159436 2e-09 3.288 0 1 0 0 1-1
1-1 314691 2 1 28.3368 5 0.000119222 36.141 0 0 0.199987 101.72 0.163264 2e-09 3.288 0 1 0 0 1-1
1-1 380841 4 3 49.6081 9 0.000751636 36.141 0 0 0.199999 103.704 0.162695 2e-09 3.288 0 1 0 0 1-1
1-1 251892 14 13 88.9326 13 0.00512322 36.141 0 0 0.20002 100.145 0.156398 2e-09 3.288 0 1 0 0 1-1
1-1 252994 8 7 75.6304 13 0.00300734 36.141 0 0 0.199992 103.908 0.162681 2e-09 3.288 0 1 0 0 1-1
1-1 78680 8 7 73.0133 13 0.00267852 36.141 0 0 0.200016 101.741 0.158072 2e-09 3.288 0 1 0 0 1-1
1-1 15633 17 16 94.9398 13 0.00635156 36.141 0 0 0.199954 101.481 0.161282 2e-09 3.288 0 1 0 0 1-1
1-1 214787 5 4 56.5411 11 0.00115559 36.141 0 0 0.200019 102.597 0.160191 2e-09 3.288 0 1 0 0 1-1
*end

*world_age_frequency[total_age_freq]
year: 1960
time_step: Annual
values {d}
1 2 3 4 5 6 7 8 9 10 11 12 13 14 15 16 17 18 19 20 21 22 23 24 25 26 27 28 29 30 
3.27857e+06 2.68073e+06 2.19524e+06 1.80034e+06 1.47312e+06 1.20648e+06 985180 802676 658790 540264 436003 357074 295283 243913 193389 159959 136431 108603 88689.2 73654.7 60427.2 51970.3 39827.1 33972.3 28225.9 24250.5 17781.3 14131.1 12287.9 50054.9 
*end

*summarise_agents[agents]
year: 1960
time_step: Annual
values {d}
row-col agent_ndx age age_index length length_index weight scalar sex mature M L_inf k a b tag alive lat long birth-row-col
1-1 338963 9 8 77.6007 13 0.00327271 36.141 0 0 0.199997 102.214 0.158197 2e-09 3.288 0 1 0 0 1-1
1-1 456929 2 1 28.1548 5 0.000116724 36.141 0 0 0.199957 102.568 0.160447 2e-09 3.288 0 1 0 0 1-1
1-1 359899 4 3 48.3931 9 0.000692785 36.141 0 0 0.199977 100.66 0.163846 2e-09 3.288 0 1 0 0 1-1
1-1 399784 3 2 39.5037 7 0.000355447 36.141 0 0 0.20001 102.333 0.162604 2e-09 3.288 0 1 0 0 1-1
1-1 136494 1 0 15.0797 3 1.49826e-05 36.141 0 0 0.200014 101.257 0.161256 2e-09 3.288 0 1 0 0 1-1
1-1 472872 11 10 83.5147 13 0.00416665 36.141 0 0 0.200002 100.524 0.161513 2e-09 3.288 0 1 0 0 1-1
1-1 494347 4 3 48.6381 9 0.000704383 36.141 0 0 0.200008 103.543 0.158596 2e-09 3.288 0 1 0 0 1-1
1-1 461767 3 2 39.386 7 0.000351977 36.141 0 0 0.200022 102.547 0.161545 2e-09 3.288 0 1 0 0 1-1
1-1 295353 13 12 89.5259 13 0.00523646 36.141 0 0 0.199985 102.168 0.160739 2e-09 3.288 0 1 0 0 1-1
1-1 258478 8 7 75.9029 13 0.00304313 36.141 0 0 0.199996 104.549 0.161829 2e-09 3.288 0 1 0 0 1-1
*end

*world_age_frequency[total_age_freq]
year: 1961
time_step: Annual
values {d}
1 2 3 4 5 6 7 8 9 10 11 12 13 14 15 16 17 18 19 20 21 22 23 24 25 26 27 28 29 30 
3.27857e+06 2.68744e+06 2.19034e+06 1.79756e+06 1.47381e+06 1.20912e+06 990671 806108 656226 543082 439221 356713 290547 243407 201087 159055 130974 111205 89737.3 72787.3 60680.2 50524.7 42826.7 32020.7 27177.9 23202.4 20130.4 14564.8 11709.7 50380.1 
*end

*summarise_agents[agents]
year: 1961
time_step: Annual
values {d}
row-col agent_ndx age age_index length length_index weight scalar sex mature M L_inf k a b tag alive lat long birth-row-col
1-1 257167 3 2 39.5429 7 0.000356609 36.141 0 0 0.200028 102.578 0.16231 2e-09 3.288 0 1 0 0 1-1
1-1 480142 11 10 86.72 13 0.00471593 36.141 0 0 0.199982 103.846 0.163847 2e-09 3.288 0 1 0 0 1-1
1-1 267835 5 4 56.1158 11 0.00112725 36.141 0 0 0.199989 101.357 0.161327 2e-09 3.288 0 1 0 0 1-1
1-1 44848 2 1 27.8826 5 0.000113055 36.141 0 0 0.199984 102.836 0.158135 2e-09 3.288 0 1 0 0 1-1
1-1 124544 3 2 38.6904 7 0.000331946 36.141 0 0 0.200033 101.011 0.16098 2e-09 3.288 0 1 0 0 1-1
1-1 308900 9 8 78.6593 13 0.00342182 36.141 0 0 0.200021 102.599 0.161699 2e-09 3.288 0 1 0 0 1-1
1-1 335716 5 4 57.026 11 0.0011885 36.141 0 0 0.199987 102.744 0.16195 2e-09 3.288 0 1 0 0 1-1
1-1 289399 3 2 39.6519 7 0.000359849 36.141 0 0 0.199969 102.415 0.163221 2e-09 3.288 0 1 0 0 1-1
1-1 88609 2 1 28.5005 5 0.000121503 36.141 0 0 0.199976 102.681 0.162563 2e-09 3.288 0 1 0 0 1-1
1-1 61237 6 5 63.3407 12 0.00167866 36.141 0 0 0.200021 102.331 0.160818 2e-09 3.288 0 1 0 0 1-1
*end

*world_age_frequency[total_age_freq]
year: 1962
time_step: Annual
values {d}
1 2 3 4 5 6 7 8 9 10 11 12 13 14 15 16 17 18 19 20 21 22 23 24 25 26 27 28 29 30 
3.27857e+06 2.67943e+06 2.1973e+06 1.79492e+06 1.47149e+06 1.20673e+06 991502 809829 658610 539397 442692 356568 292174 237191 199135 163789 130323 107808 90713.1 73907.7 59017.7 49115.2 41308.8 35273.4 26418.9 22335 19299.2 16516.4 11637.4 50850 
*end

*summarise_agents[agents]
year: 1962
time_step: Annual
values {d}
row-col agent_ndx age age_index length length_index weight scalar sex mature M L_inf k a b tag alive lat long birth-row-col
1-1 327365 1 0 15.3992 3 1.60517e-05 36.141 0 0 0.200013 102.572 0.162673 2e-09 3.288 0 1 0 0 1-1
1-1 345707 1 0 15.1899 3 1.53455e-05 36.141 0 0 0.200022 101.042 0.16291 2e-09 3.288 0 1 0 0 1-1
1-1 161086 2 1 28.0373 5 0.00011513 36.141 0 0 0.20002 102.37 0.160022 2e-09 3.288 0 1 0 0 1-1
1-1 64633 4 3 47.9643 9 0.000672803 36.141 0 0 0.200017 100.475 0.162223 2e-09 3.288 0 1 0 0 1-1
1-1 209356 7 6 68.286 13 0.00214937 36.141 0 0 0.200005 101.088 0.160787 2e-09 3.288 0 1 0 0 1-1
1-1 194699 1 0 15.5583 3 1.66034e-05 36.141 0 0 0.20001 101.695 0.166042 2e-09 3.288 0 1 0 0 1-1
1-1 334175 3 2 38.3738 7 0.000323098 36.141 0 0 0.2 100.388 0.16056 2e-09 3.288 0 1 0 0 1-1
1-1 134292 1 0 15.1223 3 1.5122e-05 36.141 0 0 0.199986 101.732 0.16093 2e-09 3.288 0 1 0 0 1-1
1-1 335023 9 8 77.4333 13 0.00324956 36.141 0 0 0.200022 100.983 0.161762 2e-09 3.288 0 1 0 0 1-1
1-1 202157 6 5 63.3853 12 0.00168256 36.141 0 0 0.200011 102.556 0.160414 2e-09 3.288 0 1 0 0 1-1
*end

*world_age_frequency[total_age_freq]
year: 1963
time_step: Annual
values {d}
1 2 3 4 5 6 7 8 9 10 11 12 13 14 15 16 17 18 19 20 21 22 23 24 25 26 27 28 29 30 
3.27857e+06 2.68218e+06 2.20234e+06 1.79929e+06 1.47316e+06 1.20894e+06 989984 810407 659116 539831 442186 362534 293150 239034 193425 164115 134371 105639 88111 74016.1 60354.9 47669.6 40441.5 34369.8 29057.2 21395.4 18106.6 16010.4 13805.8 51536.6 
*end

*summarise_agents[agents]
year: 1963
time_step: Annual
values {d}
row-col agent_ndx age age_index length length_index weight scalar sex mature M L_inf k a b tag alive lat long birth-row-col
1-1 396182 1 0 14.8013 2 1.40922e-05 36.141 0 0 0.200021 100.277 0.159704 2e-09 3.288 0 1 0 0 1-1
1-1 208647 6 5 62.4799 12 0.00160481 36.141 0 0 0.200003 101.079 0.160445 2e-09 3.288 0 1 0 0 1-1
1-1 24696 9 8 78.6993 13 0.00342754 36.141 0 0 0.199976 102.401 0.162596 2e-09 3.288 0 1 0 0 1-1
1-1 90825 2 1 28.0191 5 0.000114883 36.141 0 0 0.199982 102.61 0.159459 2e-09 3.288 0 1 0 0 1-1
1-1 484726 3 2 39.2552 7 0.000348149 36.141 0 0 0.199993 102.318 0.161319 2e-09 3.288 0 1 0 0 1-1
1-1 294399 4 3 47.6954 9 0.000660482 36.141 0 0 0.200011 100.624 0.160612 2e-09 3.288 0 1 0 0 1-1
1-1 346868 6 5 63.333 12 0.00167799 36.141 0 0 0.199989 102.126 0.161327 2e-09 3.288 0 1 0 0 1-1
1-1 399000 1 0 14.8362 2 1.42018e-05 36.141 0 0 0.200007 100.289 0.160092 2e-09 3.288 0 1 0 0 1-1
1-1 239606 16 15 93.8825 13 0.00612194 36.141 0 0 0.200045 101.828 0.159416 2e-09 3.288 0 1 0 0 1-1
1-1 438013 1 0 15.3424 3 1.5858e-05 36.141 0 0 0.199989 103.313 0.160761 2e-09 3.288 0 1 0 0 1-1
*end

*world_age_frequency[total_age_freq]
year: 1964
time_step: Annual
values {d}
1 2 3 4 5 6 7 8 9 10 11 12 13 14 15 16 17 18 19 20 21 22 23 24 25 26 27 28 29 30 
3.27857e+06 2.68849e+06 2.19458e+06 1.80005e+06 1.47576e+06 1.20847e+06 985505 808818 662042 540553 442765 362064 296693 238709 195412 157935 133973 109326 87099 72172.9 60138.1 49621.2 39068.1 32924.2 28189.8 23961.3 17853.6 14456.4 13083 53054.5 
*end

*summarise_agents[agents]
year: 1964
time_step: Annual
values {d}
row-col agent_ndx age age_index length length_index weight scalar sex mature M L_inf k a b tag alive lat long birth-row-col
1-1 103330 22 21 99.1358 13 0.0073221 36.141 0 0 0.200034 102.047 0.161683 2e-09 3.288 0 1 0 0 1-1
1-1 161981 2 1 28.2156 5 0.000117555 36.141 0 0 0.199995 101.811 0.162267 2e-09 3.288 0 1 0 0 1-1
1-1 194084 10 9 83.004 13 0.00408346 36.141 0 0 0.199986 104.251 0.15906 2e-09 3.288 0 1 0 0 1-1
1-1 182041 4 3 49.2333 9 0.000733124 36.141 0 0 0.199992 104.191 0.159915 2e-09 3.288 0 1 0 0 1-1
1-1 400962 3 2 39.8411 7 0.000365526 36.141 0 0 0.200013 102.257 0.164556 2e-09 3.288 0 1 0 0 1-1
1-1 259758 1 0 15.3129 3 1.57578e-05 36.141 0 0 0.199978 102.293 0.162161 2e-09 3.288 0 1 0 0 1-1
1-1 135103 18 17 95.9502 13 0.00657654 36.141 0 0 0.200006 101.65 0.16006 2e-09 3.288 0 1 0 0 1-1
1-1 222693 11 10 84.8456 13 0.00438897 36.141 0 0 0.199978 102.407 0.160293 2e-09 3.288 0 1 0 0 1-1
1-1 40497 1 0 15.0412 3 1.48572e-05 36.141 0 0 0.20001 101.454 0.160469 2e-09 3.288 0 1 0 0 1-1
1-1 206204 6 5 62.8778 12 0.00163867 36.141 0 0 0.199998 101.203 0.161837 2e-09 3.288 0 1 0 0 1-1
*end

*world_age_frequency[total_age_freq]
year: 1965
time_step: Annual
values {d}
1 2 3 4 5 6 7 8 9 10 11 12 13 14 15 16 17 18 19 20 21 22 23 24 25 26 27 28 29 30 
3.27857e+06 2.6861e+06 2.19864e+06 1.8002e+06 1.47417e+06 1.20782e+06 989442 805928 663306 544491 445802 363438 296260 241817 195557 158874 130395 109615 90460.1 70835.7 59885.1 49042.9 40296.9 31767.7 26527.3 23346.9 19588.3 14564.8 11818.1 54066.5 
*end

*summarise_agents[agents]
year: 1965
time_step: Annual
values {d}
row-col agent_ndx age age_index length length_index weight scalar sex mature M L_inf k a b tag alive lat long birth-row-col
1-1 159241 5 4 55.1983 11 0.00106778 36.141 0 0 0.200003 101.006 0.158145 2e-09 3.288 0 1 0 0 1-1
1-1 191911 8 7 73.1976 13 0.00270082 36.141 0 0 0.199991 101.242 0.160467 2e-09 3.288 0 1 0 0 1-1
1-1 417562 3 2 38.3898 7 0.000323544 36.141 0 0 0.200028 100.701 0.160004 2e-09 3.288 0 1 0 0 1-1
1-1 318733 2 1 28.1522 5 0.000116688 36.141 0 0 0.199984 100.455 0.164423 2e-09 3.288 0 1 0 0 1-1
1-1 137540 5 4 56.5249 11 0.0011545 36.141 0 0 0.200019 102.455 0.160461 2e-09 3.288 0 1 0 0 1-1
1-1 153211 3 2 39.7025 7 0.000361362 36.141 0 0 0.200054 103.921 0.160446 2e-09 3.288 0 1 0 0 1-1
1-1 205881 13 12 88.9668 13 0.0051297 36.141 0 0 0.199979 101.804 0.159286 2e-09 3.288 0 1 0 0 1-1
1-1 32873 12 11 87.5503 13 0.00486601 36.141 0 0 0.200068 102.467 0.160588 2e-09 3.288 0 1 0 0 1-1
1-1 285038 1 0 14.8488 2 1.42413e-05 36.141 0 0 0.199976 100.148 0.160484 2e-09 3.288 0 1 0 0 1-1
1-1 268955 2 1 27.8921 5 0.000113181 36.141 0 0 0.199993 100.464 0.162611 2e-09 3.288 0 1 0 0 1-1
*end

*world_age_frequency[total_age_freq]
year: 1966
time_step: Annual
values {d}
1 2 3 4 5 6 7 8 9 10 11 12 13 14 15 16 17 18 19 20 21 22 23 24 25 26 27 28 29 30 
3.27857e+06 2.67834e+06 2.19774e+06 1.79868e+06 1.47493e+06 1.20478e+06 987347 812574 658212 543010 447465 366005 299044 243588 196244 160392 130865 106181 90243.2 73690.8 57933.5 48645.4 40947.4 32490.5 26129.8 22118.2 18973.9 15396 11926.5 53958.1 
*end

*summarise_agents[agents]
year: 1966
time_step: Annual
values {d}
row-col agent_ndx age age_index length length_index weight scalar sex mature M L_inf k a b tag alive lat long birth-row-col
1-1 112069 8 7 74.0605 13 0.00280693 36.141 0 0 0.200008 103.126 0.158301 2e-09 3.288 0 1 0 0 1-1
1-1 108116 6 5 64.015 12 0.00173814 36.141 0 0 0.200022 103.018 0.161878 2e-09 3.288 0 1 0 0 1-1
1-1 170426 7 6 67.3658 13 0.00205561 36.141 0 0 0.199986 100.563 0.158331 2e-09 3.288 0 1 0 0 1-1
1-1 446694 7 6 70.4076 13 0.00237686 36.141 0 0 0.199982 103.485 0.16294 2e-09 3.288 0 1 0 0 1-1
1-1 351774 11 10 83.8092 13 0.00421516 36.141 0 0 0.199988 101.258 0.159855 2e-09 3.288 0 1 0 0 1-1
1-1 167831 29 28 100.895 13 0.00775811 36.141 0 0 0.200004 101.849 0.16107 2e-09 3.288 0 1 0 0 1-1
1-1 309781 2 1 28.5049 5 0.000121565 36.141 0 0 0.199992 102.735 0.162491 2e-09 3.288 0 1 0 0 1-1
1-1 133868 4 3 48.0564 9 0.000677062 36.141 0 0 0.19999 102.101 0.159038 2e-09 3.288 0 1 0 0 1-1
1-1 128290 7 6 69.2265 13 0.00224825 36.141 0 0 0.200027 102.902 0.159572 2e-09 3.288 0 1 0 0 1-1
1-1 277219 7 6 67.8004 13 0.00209953 36.141 0 0 0.199947 99.9473 0.162047 2e-09 3.288 0 1 0 0 1-1
*end

*world_age_frequency[total_age_freq]
year: 1967
time_step: Annual
values {d}
1 2 3 4 5 6 7 8 9 10 11 12 13 14 15 16 17 18 19 20 21 22 23 24 25 26 27 28 29 30 
3.27857e+06 2.68769e+06 2.18563e+06 1.79871e+06 1.47265e+06 1.20496e+06 989226 806578 663884 538133 445115 366511 301285 245684 200400 162199 132239 107952 85545 74413.7 60246.5 46946.8 40513.7 33430.2 26346.6 21395.4 18504.1 15721.3 12938.4 53379.8 
*end

*summarise_agents[agents]
year: 1967
time_step: Annual
values {d}
row-col agent_ndx age age_index length length_index weight scalar sex mature M L_inf k a b tag alive lat long birth-row-col
1-1 270726 8 7 73.1072 13 0.00268987 36.141 0 0 0.199999 101.099 0.160524 2e-09 3.288 0 1 0 0 1-1
1-1 261826 11 10 85.68 13 0.0045325 36.141 0 0 0.200008 103.433 0.160214 2e-09 3.288 0 1 0 0 1-1
1-1 345747 1 0 14.8338 2 1.41941e-05 36.141 0 0 0.200029 100.068 0.160448 2e-09 3.288 0 1 0 0 1-1
1-1 194952 5 4 55.7631 11 0.00110413 36.141 0 0 0.199981 100.461 0.16197 2e-09 3.288 0 1 0 0 1-1
1-1 296765 4 3 48.5594 9 0.000700643 36.141 0 0 0.199962 101.576 0.162551 2e-09 3.288 0 1 0 0 1-1
1-1 231785 7 6 68.5359 13 0.00217535 36.141 0 0 0.199991 102.196 0.158656 2e-09 3.288 0 1 0 0 1-1
1-1 464842 2 1 28.4272 5 0.000120479 36.141 0 0 0.200006 103.355 0.160823 2e-09 3.288 0 1 0 0 1-1
1-1 436874 1 0 15.2866 3 1.5669e-05 36.141 0 0 0.200023 102.334 0.161789 2e-09 3.288 0 1 0 0 1-1
1-1 56581 10 9 81.2321 13 0.00380377 36.141 0 0 0.200001 101.794 0.159952 2e-09 3.288 0 1 0 0 1-1
1-1 102942 3 2 39.2418 7 0.000347757 36.141 0 0 0.199991 102.968 0.15994 2e-09 3.288 0 1 0 0 1-1
*end

*world_age_frequency[total_age_freq]
year: 1968
time_step: Annual
values {d}
1 2 3 4 5 6 7 8 9 10 11 12 13 14 15 16 17 18 19 20 21 22 23 24 25 26 27 28 29 30 
3.27857e+06 2.67678e+06 2.20183e+06 1.79456e+06 1.47045e+06 1.20576e+06 985722 810660 659477 541782 440957 364703 301502 247094 199424 165416 132166 108494 88689.2 69028.7 60427.2 49368.2 38092.3 33502.5 28153.7 21937.5 17781.3 14781.6 12902.3 54391.7 
*end

*summarise_agents[agents]
year: 1968
time_step: Annual
values {d}
row-col agent_ndx age age_index length length_index weight scalar sex mature M L_inf k a b tag alive lat long birth-row-col
1-1 253908 1 0 14.997 2 1.47139e-05 36.141 0 0 0.200015 101.277 0.160261 2e-09 3.288 0 1 0 0 1-1
1-1 45225 5 4 56.9315 11 0.00118203 36.141 0 0 0.200016 103.518 0.159687 2e-09 3.288 0 1 0 0 1-1
1-1 112405 3 2 39.7437 7 0.000362598 36.141 0 0 0.200006 103.673 0.161154 2e-09 3.288 0 1 0 0 1-1
1-1 356798 4 3 48.8071 9 0.000712463 36.141 0 0 0.200035 103.219 0.160069 2e-09 3.288 0 1 0 0 1-1
1-1 494811 1 0 15.306 3 1.57346e-05 36.141 0 0 0.199979 102.777 0.161254 2e-09 3.288 0 1 0 0 1-1
1-1 202211 1 0 15.5619 3 1.66163e-05 36.141 0 0 0.200011 104.311 0.161563 2e-09 3.288 0 1 0 0 1-1
1-1 393910 9 8 78.3342 13 0.00337553 36.141 0 0 0.199998 101.479 0.164232 2e-09 3.288 0 1 0 0 1-1
1-1 21945 1 0 15.4083 3 1.60829e-05 36.141 0 0 0.199976 103.656 0.16093 2e-09 3.288 0 1 0 0 1-1
1-1 128248 2 1 27.6342 5 0.000109776 36.141 0 0 0.20002 101.019 0.159797 2e-09 3.288 0 1 0 0 1-1
1-1 212387 9 8 77.035 13 0.00319492 36.141 0 0 0.200031 100.695 0.160923 2e-09 3.288 0 1 0 0 1-1
*end

*world_age_frequency[total_age_freq]
year: 1969
time_step: Annual
values {d}
1 2 3 4 5 6 7 8 9 10 11 12 13 14 15 16 17 18 19 20 21 22 23 24 25 26 27 28 29 30 
3.27857e+06 2.68497e+06 2.1902e+06 1.80486e+06 1.46868e+06 1.20139e+06 987347 807770 666449 539650 445585 360979 300345 246082 201484 163500 135166 108386 89339.7 73799.3 57391.4 49006.8 40080.1 31695.4 27322.4 23310.8 18504.1 14239.5 12215.6 55584.4 
*end

*summarise_agents[agents]
year: 1969
time_step: Annual
values {d}
row-col agent_ndx age age_index length length_index weight scalar sex mature M L_inf k a b tag alive lat long birth-row-col
1-1 480494 2 1 28.1201 5 0.000116251 36.141 0 0 0.200032 101.223 0.162729 2e-09 3.288 0 1 0 0 1-1
1-1 455799 2 1 28.1831 5 0.00011711 36.141 0 0 0.200025 101.832 0.162008 2e-09 3.288 0 1 0 0 1-1
1-1 343594 3 2 39.4608 7 0.00035418 36.141 0 0 0.199964 101.715 0.16365 2e-09 3.288 0 1 0 0 1-1
1-1 295751 4 3 48.3988 9 0.00069305 36.141 0 0 0.199995 101.34 0.162326 2e-09 3.288 0 1 0 0 1-1
1-1 104662 3 2 39.455 7 0.000354008 36.141 0 0 0.199989 103.671 0.159657 2e-09 3.288 0 1 0 0 1-1
1-1 338173 11 10 84.2181 13 0.00428316 36.141 0 0 0.199984 100.98 0.163254 2e-09 3.288 0 1 0 0 1-1
1-1 160380 4 3 47.469 9 0.000650229 36.141 0 0 0.200029 100.298 0.160271 2e-09 3.288 0 1 0 0 1-1
1-1 363972 7 6 69.2398 13 0.00224968 36.141 0 0 0.199974 102.742 0.160086 2e-09 3.288 0 1 0 0 1-1
1-1 435960 2 1 28.7881 5 0.00012558 36.141 0 0 0.199979 102.655 0.164553 2e-09 3.288 0 1 0 0 1-1
1-1 155004 19 18 98.1766 13 0.00709174 36.141 0 0 0.200011 103.002 0.161099 2e-09 3.288 0 1 0 0 1-1
*end

*world_age_frequency[total_age_freq]
year: 1970
time_step: Annual
values {d}
1 2 3 4 5 6 7 8 9 10 11 12 13 14 15 16 17 18 19 20 21 22 23 24 25 26 27 28 29 30 
3.27857e+06 2.69153e+06 2.1923e+06 1.78892e+06 1.47366e+06 1.19976e+06 982832 808059 659730 546731 440957 364342 296187 245142 198701 166139 135094 112108 89375.9 73582.4 59632.1 47344.3 40549.9 33321.8 26274.3 23021.7 18720.9 14745.5 11637.4 55620.5 
*end

*summarise_agents[agents]
year: 1970
time_step: Annual
values {d}
row-col agent_ndx age age_index length length_index weight scalar sex mature M L_inf k a b tag alive lat long birth-row-col
1-1 33391 11 10 85.1797 13 0.00444606 36.141 0 0 0.20001 102.39 0.162118 2e-09 3.288 0 1 0 0 1-1
1-1 214077 2 1 27.8692 5 0.000112875 36.141 0 0 0.199999 102.072 0.159438 2e-09 3.288 0 1 0 0 1-1
1-1 269079 6 5 63.8663 12 0.0017249 36.141 0 0 0.200043 102.552 0.162483 2e-09 3.288 0 1 0 0 1-1
1-1 147060 10 9 80.9426 13 0.00375938 36.141 0 0 0.199982 101.639 0.159146 2e-09 3.288 0 1 0 0 1-1
1-1 328515 1 0 15.4221 3 1.61303e-05 36.141 0 0 0.200001 102.186 0.163603 2e-09 3.288 0 1 0 0 1-1
1-1 371389 5 4 57.2653 11 0.00120497 36.141 0 0 0.200006 103.762 0.160544 2e-09 3.288 0 1 0 0 1-1
1-1 20567 2 1 28.0005 5 0.000114633 36.141 0 0 0.200005 102.248 0.159999 2e-09 3.288 0 1 0 0 1-1
1-1 235220 2 1 28.5234 5 0.000121824 36.141 0 0 0.200022 102.947 0.162221 2e-09 3.288 0 1 0 0 1-1
1-1 400323 4 3 48.6857 9 0.000706652 36.141 0 0 0.200018 101.984 0.162228 2e-09 3.288 0 1 0 0 1-1
1-1 433158 2 1 28.4166 5 0.00012033 36.141 0 0 0.200027 103.632 0.160245 2e-09 3.288 0 1 0 0 1-1
*end

*world_age_frequency[total_age_freq]
year: 1971
time_step: Annual
values {d}
1 2 3 4 5 6 7 8 9 10 11 12 13 14 15 16 17 18 19 20 21 22 23 24 25 26 27 28 29 30 
3.27857e+06 2.68548e+06 2.19984e+06 1.79629e+06 1.46474e+06 1.20598e+06 978316 806614 659694 537952 445910 361594 297417 242721 202243 162308 135889 112181 91399.8 74016.1 59559.9 50488.6 38995.8 33863.9 26924.9 22045.9 18720.9 15143 12034.9 55620.5 
*end

*summarise_agents[agents]
year: 1971
time_step: Annual
values {d}
row-col agent_ndx age age_index length length_index weight scalar sex mature M L_inf k a b tag alive lat long birth-row-col
1-1 290885 12 11 88.71 13 0.00508117 36.141 0 0 0.200001 103.815 0.160633 2e-09 3.288 0 1 0 0 1-1
1-1 35761 10 9 82.6075 13 0.00401966 36.141 0 0 0.20001 103.351 0.160588 2e-09 3.288 0 1 0 0 1-1
1-1 40945 2 1 27.1202 5 0.000103205 36.141 0 0 0.200009 99.1239 0.159827 2e-09 3.288 0 1 0 0 1-1
1-1 490729 19 18 97.5146 13 0.00693572 36.141 0 0 0.199997 102.07 0.163653 2e-09 3.288 0 1 0 0 1-1
1-1 176153 10 9 81.0227 13 0.00377163 36.141 0 0 0.199994 101.195 0.161273 2e-09 3.288 0 1 0 0 1-1
1-1 376046 14 13 91.0395 13 0.00553322 36.141 0 0 0.200003 101.326 0.163391 2e-09 3.288 0 1 0 0 1-1
1-1 11439 1 0 15.4784 3 1.63248e-05 36.141 0 0 0.199973 102.959 0.162914 2e-09 3.288 0 1 0 0 1-1
1-1 5393 4 3 48.1432 9 0.000681092 36.141 0 0 0.199999 102.157 0.159317 2e-09 3.288 0 1 0 0 1-1
1-1 235472 3 2 39.2594 7 0.00034827 36.141 0 0 0.199982 102.987 0.159995 2e-09 3.288 0 1 0 0 1-1
1-1 173159 2 1 28.1568 5 0.00011675 36.141 0 0 0.199997 101.301 0.162832 2e-09 3.288 0 1 0 0 1-1
*end

*world_age_frequency[total_age_freq]
year: 1972
time_step: Annual
values {d}
1 2 3 4 5 6 7 8 9 10 11 12 13 14 15 16 17 18 19 20 21 22 23 24 25 26 27 28 29 30 
3.27857e+06 2.68639e+06 2.19034e+06 1.79709e+06 1.47005e+06 1.19611e+06 988395 802062 657201 540192 443090 367994 296223 244166 198521 166247 131769 110952 92917.7 75859.3 60644.1 48284 40730.6 31587 27430.8 22082 18757.1 15757.4 12287.9 55006.1 
*end

*summarise_agents[agents]
year: 1972
time_step: Annual
values {d}
row-col agent_ndx age age_index length length_index weight scalar sex mature M L_inf k a b tag alive lat long birth-row-col
1-1 147715 9 8 78.6697 13 0.0034233 36.141 0 0 0.200013 103.409 0.158923 2e-09 3.288 0 1 0 0 1-1
1-1 62889 1 0 15.2072 3 1.54033e-05 36.141 0 0 0.199986 101.911 0.161602 2e-09 3.288 0 1 0 0 1-1
1-1 248695 1 0 15.0095 3 1.47543e-05 36.141 0 0 0.199988 101.009 0.160867 2e-09 3.288 0 1 0 0 1-1
1-1 357296 1 0 15.1295 3 1.5146e-05 36.141 0 0 0.200007 101.116 0.162078 2e-09 3.288 0 1 0 0 1-1
1-1 253079 6 5 62.0762 12 0.00157097 36.141 0 0 0.199995 100.624 0.159914 2e-09 3.288 0 1 0 0 1-1
1-1 148662 10 9 80.2308 13 0.00365177 36.141 0 0 0.200001 100.472 0.160218 2e-09 3.288 0 1 0 0 1-1
1-1 179827 5 4 56.8734 11 0.00117807 36.141 0 0 0.199987 102.891 0.160929 2e-09 3.288 0 1 0 0 1-1
1-1 156551 2 1 27.9215 5 0.000113574 36.141 0 0 0.200015 102.604 0.158815 2e-09 3.288 0 1 0 0 1-1
1-1 182800 6 5 63.716 12 0.00171159 36.141 0 0 0.199972 103.227 0.160058 2e-09 3.288 0 1 0 0 1-1
1-1 209109 3 2 39.3156 7 0.000349913 36.141 0 0 0.200006 102.672 0.160921 2e-09 3.288 0 1 0 0 1-1
*end

*world_age_frequency[total_age_freq]
year: 1973
time_step: Annual
values {d}
1 2 3 4 5 6 7 8 9 10 11 12 13 14 15 16 17 18 19 20 21 22 23 24 25 26 27 28 29 30 
3.27857e+06 2.68124e+06 2.19737e+06 1.79731e+06 1.47478e+06 1.20164e+06 981206 806036 658538 537085 442005 364703 299550 244238 199894 161296 134841 108530 89556.6 75136.5 62378.8 50777.7 40441.5 33213.3 25912.9 22732.6 17889.7 15612.9 13336 55295.3 
*end

*summarise_agents[agents]
year: 1973
time_step: Annual
values {d}
row-col agent_ndx age age_index length length_index weight scalar sex mature M L_inf k a b tag alive lat long birth-row-col
1-1 446154 2 1 27.5997 5 0.000109326 36.141 0 0 0.199959 100.119 0.161253 2e-09 3.288 0 1 0 0 1-1
1-1 12983 2 1 28.0028 5 0.000114665 36.141 0 0 0.200012 100.919 0.162503 2e-09 3.288 0 1 0 0 1-1
1-1 201280 7 6 67.9955 13 0.00211946 36.141 0 0 0.2 100.909 0.160049 2e-09 3.288 0 1 0 0 1-1
1-1 493539 10 9 81.3281 13 0.00381858 36.141 0 0 0.200013 101.653 0.160972 2e-09 3.288 0 1 0 0 1-1
1-1 8057 7 6 68.555 13 0.00217734 36.141 0 0 0.199991 101.338 0.161222 2e-09 3.288 0 1 0 0 1-1
1-1 74313 6 5 63.0841 12 0.00165641 36.141 0 0 0.200015 102.157 0.160179 2e-09 3.288 0 1 0 0 1-1
1-1 109254 6 5 62.6468 12 0.00161895 36.141 0 0 0.199981 100.703 0.162185 2e-09 3.288 0 1 0 0 1-1
1-1 78138 8 7 74.5137 13 0.00286381 36.141 0 0 0.200008 102.588 0.161984 2e-09 3.288 0 1 0 0 1-1
1-1 211873 3 2 38.6763 7 0.000331549 36.141 0 0 0.199985 101.613 0.15968 2e-09 3.288 0 1 0 0 1-1
1-1 159944 1 0 14.9843 2 1.4673e-05 36.141 0 0 0.200022 101.137 0.160355 2e-09 3.288 0 1 0 0 1-1
*end

*world_age_frequency[total_age_freq]
year: 1974
time_step: Annual
values {d}
1 2 3 4 5 6 7 8 9 10 11 12 13 14 15 16 17 18 19 20 21 22 23 24 25 26 27 28 29 30 
3.27857e+06 2.68218e+06 2.19513e+06 1.79514e+06 1.47294e+06 1.20713e+06 986769 803074 660958 541637 439474 362715 298104 246877 198123 164693 131805 109940 87894.1 72895.8 61764.4 51428.2 42212.4 33647 26780.3 21033.9 18215 14890 13119.2 55873.5 
*end

*summarise_agents[agents]
year: 1974
time_step: Annual
values {d}
row-col agent_ndx age age_index length length_index weight scalar sex mature M L_inf k a b tag alive lat long birth-row-col
1-1 326173 13 12 88.8935 13 0.00511582 36.141 0 0 0.199996 101.732 0.159222 2e-09 3.288 0 1 0 0 1-1
1-1 478244 6 5 63.4916 12 0.00169185 36.141 0 0 0.199996 102.909 0.15994 2e-09 3.288 0 1 0 0 1-1
1-1 443573 5 4 56.0037 11 0.00111986 36.141 0 0 0.19998 101.223 0.161161 2e-09 3.288 0 1 0 0 1-1
1-1 173999 8 7 74.0629 13 0.00280722 36.141 0 0 0.199954 101.428 0.16376 2e-09 3.288 0 1 0 0 1-1
1-1 468862 8 7 73.2876 13 0.00271176 36.141 0 0 0.199991 101.612 0.159681 2e-09 3.288 0 1 0 0 1-1
1-1 379676 2 1 27.6572 5 0.000110076 36.141 0 0 0.199971 100.85 0.160269 2e-09 3.288 0 1 0 0 1-1
1-1 389269 4 3 47.7901 9 0.000664804 36.141 0 0 0.199995 99.7522 0.163044 2e-09 3.288 0 1 0 0 1-1
1-1 61592 2 1 27.8285 5 0.000112334 36.141 0 0 0.19999 101.487 0.160246 2e-09 3.288 0 1 0 0 1-1
1-1 81333 11 10 83.9623 13 0.00424052 36.141 0 0 0.199989 101.131 0.161213 2e-09 3.288 0 1 0 0 1-1
1-1 469585 6 5 62.9879 12 0.00164811 36.141 0 0 0.19999 101.679 0.161036 2e-09 3.288 0 1 0 0 1-1
*end

*world_age_frequency[total_age_freq]
year: 1975
time_step: Annual
values {d}
1 2 3 4 5 6 7 8 9 10 11 12 13 14 15 16 17 18 19 20 21 22 23 24 25 26 27 28 29 30 
3.27857e+06 2.67787e+06 2.19226e+06 1.79788e+06 1.47106e+06 1.20641e+06 991321 807011 662294 541529 444681 358340 298682 243985 203544 162272 135455 105711 89737.3 71414 60138.1 49910.3 41345 34767.4 27069.4 21684.5 17203 14600.9 12396.3 56451.8 
*end

*summarise_agents[agents]
year: 1975
time_step: Annual
values {d}
row-col agent_ndx age age_index length length_index weight scalar sex mature M L_inf k a b tag alive lat long birth-row-col
1-1 19178 4 3 48.685 9 0.000706617 36.141 0 0 0.200019 102.444 0.161202 2e-09 3.288 0 1 0 0 1-1
1-1 146560 2 1 28.4095 5 0.000120231 36.141 0 0 0.19999 102.571 0.162154 2e-09 3.288 0 1 0 0 1-1
1-1 373357 3 2 39.5311 7 0.000356259 36.141 0 0 0.200003 102.55 0.162305 2e-09 3.288 0 1 0 0 1-1
1-1 304644 8 7 73.7649 13 0.00277026 36.141 0 0 0.199998 101.957 0.160688 2e-09 3.288 0 1 0 0 1-1
1-1 300642 7 6 69.0532 13 0.0022298 36.141 0 0 0.200026 102.189 0.160886 2e-09 3.288 0 1 0 0 1-1
1-1 297521 9 8 79.2819 13 0.00351167 36.141 0 0 0.199987 103.474 0.161479 2e-09 3.288 0 1 0 0 1-1
1-1 310337 6 5 62.9408 12 0.00164407 36.141 0 0 0.199998 100.286 0.164637 2e-09 3.288 0 1 0 0 1-1
1-1 311781 11 10 86.7653 13 0.00472402 36.141 0 0 0.199977 104.584 0.160887 2e-09 3.288 0 1 0 0 1-1
1-1 245704 3 2 38.5517 7 0.00032805 36.141 0 0 0.199984 101.968 0.158313 2e-09 3.288 0 1 0 0 1-1
1-1 145296 10 9 80.8656 13 0.00374764 36.141 0 0 0.2 101.046 0.161087 2e-09 3.288 0 1 0 0 1-1
*end

*world_age_frequency[total_age_freq]
year: 1976
time_step: Annual
values {d}
1 2 3 4 5 6 7 8 9 10 11 12 13 14 15 16 17 18 19 20 21 22 23 24 25 26 27 28 29 30 
3.27857e+06 2.687e+06 2.19027e+06 1.79416e+06 1.46889e+06 1.20341e+06 985324 808131 661102 540300 444428 364233 294958 243877 198593 165307 131877 110229 86376.2 74485.9 58945.5 49295.9 40152.3 34225.3 28731.9 23021.7 17709 13733.5 11926.5 56560.2 
*end

*summarise_agents[agents]
year: 1976
time_step: Annual
values {d}
row-col agent_ndx age age_index length length_index weight scalar sex mature M L_inf k a b tag alive lat long birth-row-col
1-1 8262 6 5 63.2003 12 0.00166646 36.141 0 0 0.200029 101.71 0.16187 2e-09 3.288 0 1 0 0 1-1
1-1 379726 20 19 96.6664 13 0.00673933 36.141 0 0 0.200029 100.749 0.160294 2e-09 3.288 0 1 0 0 1-1
1-1 346080 4 3 47.9575 9 0.000672489 36.141 0 0 0.20001 103.032 0.156587 2e-09 3.288 0 1 0 0 1-1
1-1 329674 1 0 14.7327 2 1.38786e-05 36.141 0 0 0.200011 100.711 0.15816 2e-09 3.288 0 1 0 0 1-1
1-1 155402 1 0 15.2754 3 1.56313e-05 36.141 0 0 0.200002 102.952 0.160608 2e-09 3.288 0 1 0 0 1-1
1-1 403828 2 1 27.9002 5 0.000113288 36.141 0 0 0.199948 101.48 0.160745 2e-09 3.288 0 1 0 0 1-1
1-1 218307 8 7 72.9331 13 0.00266886 36.141 0 0 0.199976 101.123 0.159672 2e-09 3.288 0 1 0 0 1-1
1-1 354192 13 12 89.0088 13 0.00513767 36.141 0 0 0.199983 101.838 0.159356 2e-09 3.288 0 1 0 0 1-1
1-1 404518 5 4 55.638 11 0.001096 36.141 0 0 0.200007 100.767 0.160656 2e-09 3.288 0 1 0 0 1-1
1-1 467708 15 14 92.1299 13 0.00575413 36.141 0 0 0.200007 101.13 0.161282 2e-09 3.288 0 1 0 0 1-1
*end

*world_age_frequency[total_age_freq]
year: 1977
time_step: Annual
values {d}
1 2 3 4 5 6 7 8 9 10 11 12 13 14 15 16 17 18 19 20 21 22 23 24 25 26 27 28 29 30 
3.27857e+06 2.68443e+06 2.19828e+06 1.78979e+06 1.4659e+06 1.1994e+06 986878 805819 660597 543190 444247 361232 297163 240769 199135 163320 135853 109145 89375.9 71233.3 60246.5 49295.9 40369.2 32851.9 28659.6 22985.5 18648.7 14926.2 11203.7 56271.1 
*end

*summarise_agents[agents]
year: 1977
time_step: Annual
values {d}
row-col agent_ndx age age_index length length_index weight scalar sex mature M L_inf k a b tag alive lat long birth-row-col
1-1 38645 4 3 48.3917 9 0.000692716 36.141 0 0 0.199951 102.046 0.160715 2e-09 3.288 0 1 0 0 1-1
1-1 103424 6 5 62.6951 12 0.00162306 36.141 0 0 0.200009 101.258 0.160896 2e-09 3.288 0 1 0 0 1-1
1-1 157406 4 3 48.1201 9 0.000680015 36.141 0 0 0.199997 101.916 0.159738 2e-09 3.288 0 1 0 0 1-1
1-1 472494 1 0 15.3663 3 1.59392e-05 36.141 0 0 0.200008 102.57 0.162298 2e-09 3.288 0 1 0 0 1-1
1-1 332302 5 4 55.8868 11 0.0011122 36.141 0 0 0.200009 101.822 0.159199 2e-09 3.288 0 1 0 0 1-1
1-1 25000 3 2 39.0336 7 0.000341728 36.141 0 0 0.19997 102.42 0.159943 2e-09 3.288 0 1 0 0 1-1
1-1 125723 11 10 83.1703 13 0.00411042 36.141 0 0 0.19999 100.142 0.16137 2e-09 3.288 0 1 0 0 1-1
1-1 245418 6 5 64.8833 12 0.00181687 36.141 0 0 0.199993 103.695 0.163789 2e-09 3.288 0 1 0 0 1-1
1-1 351054 1 0 14.9395 2 1.45293e-05 36.141 0 0 0.200025 100.49 0.160951 2e-09 3.288 0 1 0 0 1-1
1-1 353050 8 7 74.5005 13 0.00286214 36.141 0 0 0.199974 102.641 0.161753 2e-09 3.288 0 1 0 0 1-1
*end

*world_age_frequency[total_age_freq]
year: 1978
time_step: Annual
values {d}
1 2 3 4 5 6 7 8 9 10 11 12 13 14 15 16 17 18 19 20 21 22 23 24 25 26 27 28 29 30 
3.27857e+06 2.68581e+06 2.19516e+06 1.79517e+06 1.46142e+06 1.202e+06 981459 807120 661030 540156 443813 363510 295283 244853 196786 164042 132998 112397 90171 72859.6 58547.9 50777.7 40441.5 32924.2 26780.3 23274.7 18937.8 15721.3 11818.1 55945.8 
*end

*summarise_agents[agents]
year: 1978
time_step: Annual
values {d}
row-col agent_ndx age age_index length length_index weight scalar sex mature M L_inf k a b tag alive lat long birth-row-col
1-1 126127 1 0 15.3309 3 1.5819e-05 36.141 0 0 0.200013 102.037 0.162811 2e-09 3.288 0 1 0 0 1-1
1-1 60592 3 2 38.0918 7 0.000315357 36.141 0 0 0.200024 100.681 0.158455 2e-09 3.288 0 1 0 0 1-1
1-1 136500 2 1 28.1709 5 0.000116943 36.141 0 0 0.199965 102.698 0.160314 2e-09 3.288 0 1 0 0 1-1
1-1 475418 1 0 14.9889 2 1.4688e-05 36.141 0 0 0.200004 101.454 0.159865 2e-09 3.288 0 1 0 0 1-1
1-1 482310 8 7 74.0886 13 0.00281043 36.141 0 0 0.199988 102.23 0.161248 2e-09 3.288 0 1 0 0 1-1
1-1 361698 1 0 15.2339 3 1.54921e-05 36.141 0 0 0.19999 103.064 0.159946 2e-09 3.288 0 1 0 0 1-1
1-1 137412 20 19 96.8425 13 0.00677978 36.141 0 0 0.199995 100.884 0.160872 2e-09 3.288 0 1 0 0 1-1
1-1 280167 1 0 15.1189 3 1.51108e-05 36.141 0 0 0.199976 100.967 0.162214 2e-09 3.288 0 1 0 0 1-1
1-1 225926 4 3 48.5632 9 0.000700821 36.141 0 0 0.200018 102.34 0.160864 2e-09 3.288 0 1 0 0 1-1
1-1 482424 18 17 97.0291 13 0.00682281 36.141 0 0 0.199986 102.666 0.161225 2e-09 3.288 0 1 0 0 1-1
*end

*world_age_frequency[total_age_freq]
year: 1979
time_step: Annual
values {d}
1 2 3 4 5 6 7 8 9 10 11 12 13 14 15 16 17 18 19 20 21 22 23 24 25 26 27 28 29 30 
3.27857e+06 2.67743e+06 2.19951e+06 1.79185e+06 1.47334e+06 1.19633e+06 985360 804627 657490 543804 443741 367017 297055 239829 200906 161946 133901 109073 91905.7 75100.3 59379.2 48031 41887.1 32851.9 26635.7 21648.3 19443.8 15612.9 13046.9 54536.3 
*end

*summarise_agents[agents]
year: 1979
time_step: Annual
values {d}
row-col agent_ndx age age_index length length_index weight scalar sex mature M L_inf k a b tag alive lat long birth-row-col
1-1 211631 9 8 79.8353 13 0.00359292 36.141 0 0 0.200014 104.59 0.160115 2e-09 3.288 0 1 0 0 1-1
1-1 283772 4 3 49.1558 9 0.000729335 36.141 0 0 0.199994 103.342 0.161405 2e-09 3.288 0 1 0 0 1-1
1-1 354641 3 2 39.1621 7 0.00034544 36.141 0 0 0.200011 102.525 0.160409 2e-09 3.288 0 1 0 0 1-1
1-1 359440 7 6 68.4096 13 0.0021622 36.141 0 0 0.200061 101.331 0.160609 2e-09 3.288 0 1 0 0 1-1
1-1 21805 1 0 14.916 2 1.44545e-05 36.141 0 0 0.200011 101.994 0.15811 2e-09 3.288 0 1 0 0 1-1
1-1 171330 25 24 100.942 13 0.00777007 36.141 0 0 0.200022 102.795 0.16065 2e-09 3.288 0 1 0 0 1-1
1-1 418132 5 4 56.6972 11 0.00116611 36.141 0 0 0.200011 102.844 0.160276 2e-09 3.288 0 1 0 0 1-1
1-1 430667 6 5 64.101 12 0.00174583 36.141 0 0 0.200036 102.366 0.164003 2e-09 3.288 0 1 0 0 1-1
1-1 131566 3 2 38.9473 7 0.000339249 36.141 0 0 0.200024 101.54 0.161269 2e-09 3.288 0 1 0 0 1-1
1-1 416727 19 18 96.4611 13 0.00669238 36.141 0 0 0.199984 101.19 0.161224 2e-09 3.288 0 1 0 0 1-1
*end

*world_age_frequency[total_age_freq]
year: 1980
time_step: Annual
values {d}
1 2 3 4 5 6 7 8 9 10 11 12 13 14 15 16 17 18 19 20 21 22 23 24 25 26 27 28 29 30 
3.27857e+06 2.68686e+06 2.18411e+06 1.80218e+06 1.47175e+06 1.20294e+06 983807 804916 656984 538458 446453 363619 301141 241925 194726 166066 132961 109398 90098.7 74485.9 62162 47380.5 38887.4 33177.2 27358.6 22335 17600.6 16046.5 12721.6 54717 
*end

*summarise_agents[agents]
year: 1980
time_step: Annual
values {d}
row-col agent_ndx age age_index length length_index weight scalar sex mature M L_inf k a b tag alive lat long birth-row-col
1-1 254802 1 0 14.9931 2 1.47013e-05 36.141 0 0 0.200021 102.775 0.157686 2e-09 3.288 0 1 0 0 1-1
1-1 497877 11 10 85.2696 13 0.0044615 36.141 0 0 0.200008 102.283 0.163066 2e-09 3.288 0 1 0 0 1-1
1-1 109432 2 1 27.7062 5 0.000110719 36.141 0 0 0.199967 102.352 0.157831 2e-09 3.288 0 1 0 0 1-1
1-1 200641 10 9 81.8357 13 0.0038975 36.141 0 0 0.200028 102.757 0.15916 2e-09 3.288 0 1 0 0 1-1
1-1 26660 1 0 15.414 3 1.61025e-05 36.141 0 0 0.199982 102.204 0.163479 2e-09 3.288 0 1 0 0 1-1
1-1 254838 1 0 15.1097 3 1.50806e-05 36.141 0 0 0.200013 102.218 0.159954 2e-09 3.288 0 1 0 0 1-1
1-1 168986 9 8 79.0276 13 0.00347477 36.141 0 0 0.199996 102.895 0.162356 2e-09 3.288 0 1 0 0 1-1
1-1 450097 2 1 27.7615 5 0.000111448 36.141 0 0 0.200015 101.973 0.158895 2e-09 3.288 0 1 0 0 1-1
1-1 433238 10 9 81.643 13 0.0038674 36.141 0 0 0.200001 102.69 0.158497 2e-09 3.288 0 1 0 0 1-1
1-1 477678 1 0 14.8495 2 1.42434e-05 36.141 0 0 0.200002 100.932 0.159141 2e-09 3.288 0 1 0 0 1-1
*end

*world_age_frequency[total_age_freq]
year: 1981
time_step: Annual
values {d}
1 2 3 4 5 6 7 8 9 10 11 12 13 14 15 16 17 18 19 20 21 22 23 24 25 26 27 28 29 30 
3.27857e+06 2.6795e+06 2.19843e+06 1.7852e+06 1.47731e+06 1.2098e+06 981062 804808 659730 542468 441210 364197 300888 244744 199966 158441 134696 109434 90098.7 75100.3 60174.2 51066.8 39032 30936.5 27720 23057.8 18576.4 14456.4 13119.2 54572.4 
*end

*summarise_agents[agents]
year: 1981
time_step: Annual
values {d}
row-col agent_ndx age age_index length length_index weight scalar sex mature M L_inf k a b tag alive lat long birth-row-col
1-1 468236 3 2 38.2311 7 0.000319166 36.141 0 0 0.200002 99.5637 0.161495 2e-09 3.288 0 1 0 0 1-1
1-1 230458 5 4 55.0961 11 0.00106129 36.141 0 0 0.200012 100.42 0.159105 2e-09 3.288 0 1 0 0 1-1
1-1 260944 4 3 48.6918 9 0.000706944 36.141 0 0 0.199957 102.919 0.16019 2e-09 3.288 0 1 0 0 1-1
1-1 77807 2 1 28.079 5 0.000115694 36.141 0 0 0.199999 102.653 0.159782 2e-09 3.288 0 1 0 0 1-1
1-1 147589 18 17 95.7196 13 0.0065247 36.141 0 0 0.199988 100.98 0.164153 2e-09 3.288 0 1 0 0 1-1
1-1 347587 13 12 88.4356 13 0.00502969 36.141 0 0 0.199985 101.251 0.158995 2e-09 3.288 0 1 0 0 1-1
1-1 218956 3 2 38.6195 7 0.000329952 36.141 0 0 0.200003 100.836 0.160957 2e-09 3.288 0 1 0 0 1-1
1-1 50822 11 10 83.4361 13 0.00415377 36.141 0 0 0.200034 100.472 0.161324 2e-09 3.288 0 1 0 0 1-1
1-1 445406 9 8 78.5902 13 0.00341194 36.141 0 0 0.199996 102.155 0.162973 2e-09 3.288 0 1 0 0 1-1
1-1 272165 10 9 81.9476 13 0.00391506 36.141 0 0 0.200034 102.514 0.160635 2e-09 3.288 0 1 0 0 1-1
*end

*world_age_frequency[total_age_freq]
year: 1982
time_step: Annual
values {d}
1 2 3 4 5 6 7 8 9 10 11 12 13 14 15 16 17 18 19 20 21 22 23 24 25 26 27 28 29 30 
3.27857e+06 2.67678e+06 2.1993e+06 1.80132e+06 1.46449e+06 1.20901e+06 994283 801267 659766 540011 444102 363185 297272 247021 200797 163175 130215 110916 90568.5 73871.5 60318.8 48970.7 42465.3 31767.7 25623.8 22045.9 19335.3 14926.2 11745.8 55656.7 
*end

*summarise_agents[agents]
year: 1982
time_step: Annual
values {d}
row-col agent_ndx age age_index length length_index weight scalar sex mature M L_inf k a b tag alive lat long birth-row-col
1-1 390135 4 3 47.4944 9 0.000651375 36.141 0 0 0.200042 100.877 0.159104 2e-09 3.288 0 1 0 0 1-1
1-1 428631 1 0 15.0805 3 1.49852e-05 36.141 0 0 0.200015 102.04 0.159922 2e-09 3.288 0 1 0 0 1-1
1-1 324221 17 16 93.2593 13 0.00598932 36.141 0 0 0.199982 99.7866 0.160414 2e-09 3.288 0 1 0 0 1-1
1-1 166996 3 2 38.89 7 0.00033761 36.141 0 0 0.199993 102.457 0.159116 2e-09 3.288 0 1 0 0 1-1
1-1 484762 10 9 80.6585 13 0.00371617 36.141 0 0 0.19998 101.292 0.159109 2e-09 3.288 0 1 0 0 1-1
1-1 126935 5 4 56.5372 11 0.00115533 36.141 0 0 0.199987 102.52 0.160358 2e-09 3.288 0 1 0 0 1-1
1-1 102041 1 0 14.9949 2 1.47072e-05 36.141 0 0 0.199975 100.416 0.161729 2e-09 3.288 0 1 0 0 1-1
1-1 333839 4 3 49.7877 9 0.000760618 36.141 0 0 0.200009 103.36 0.164297 2e-09 3.288 0 1 0 0 1-1
1-1 161997 4 3 48.192 9 0.000683362 36.141 0 0 0.200001 101.081 0.161931 2e-09 3.288 0 1 0 0 1-1
1-1 156200 5 4 56.8123 11 0.00117392 36.141 0 0 0.199983 102.055 0.162693 2e-09 3.288 0 1 0 0 1-1
*end

*world_age_frequency[total_age_freq]
year: 1983
time_step: Annual
values {d}
1 2 3 4 5 6 7 8 9 10 11 12 13 14 15 16 17 18 19 20 21 22 23 24 25 26 27 28 29 30 
3.27857e+06 2.68088e+06 2.1836e+06 1.79243e+06 1.46698e+06 1.20265e+06 992730 816042 652324 539542 439981 364053 297380 243371 201195 164187 133829 107735 92231 74991.9 60102 49729.6 40549.9 34225.3 26129.8 20781 18359.5 15938.1 11962.7 55873.5 
*end

*summarise_agents[agents]
year: 1983
time_step: Annual
values {d}
row-col agent_ndx age age_index length length_index weight scalar sex mature M L_inf k a b tag alive lat long birth-row-col
1-1 349834 10 9 81.4386 13 0.00383566 36.141 0 0 0.199984 102.072 0.159876 2e-09 3.288 0 1 0 0 1-1
1-1 441148 1 0 14.7981 2 1.4082e-05 36.141 0 0 0.200012 101.502 0.15758 2e-09 3.288 0 1 0 0 1-1
1-1 154022 17 16 94.703 13 0.00629962 36.141 0 0 0.199956 101.568 0.15849 2e-09 3.288 0 1 0 0 1-1
1-1 155692 5 4 56.7973 11 0.0011729 36.141 0 0 0.199984 101.866 0.163094 2e-09 3.288 0 1 0 0 1-1
1-1 398888 2 1 27.6649 5 0.000110178 36.141 0 0 0.200015 100.01 0.161912 2e-09 3.288 0 1 0 0 1-1
1-1 390568 6 5 61.8993 12 0.0015563 36.141 0 0 0.199989 100.16 0.160391 2e-09 3.288 0 1 0 0 1-1
1-1 289526 7 6 68.9728 13 0.00222128 36.141 0 0 0.200009 102.891 0.15853 2e-09 3.288 0 1 0 0 1-1
1-1 200991 20 19 98.3596 13 0.00713528 36.141 0 0 0.200007 102.399 0.16164 2e-09 3.288 0 1 0 0 1-1
1-1 482007 2 1 28.0512 5 0.000115318 36.141 0 0 0.199965 101.674 0.161408 2e-09 3.288 0 1 0 0 1-1
1-1 161544 3 2 38.4314 7 0.000324696 36.141 0 0 0.200007 100.248 0.161158 2e-09 3.288 0 1 0 0 1-1
*end

*world_age_frequency[total_age_freq]
year: 1984
time_step: Annual
values {d}
1 2 3 4 5 6 7 8 9 10 11 12 13 14 15 16 17 18 19 20 21 22 23 24 25 26 27 28 29 30 
3.27857e+06 2.68613e+06 2.19679e+06 1.78603e+06 1.46467e+06 1.20269e+06 981820 812502 668761 532750 441752 360726 299152 245142 202351 165849 133829 109289 87424.3 74775.1 61439.2 49621.2 40911.3 32779.7 28334.4 21792.9 16733.2 14745.5 13336 56162.6 
*end

*summarise_agents[agents]
year: 1984
time_step: Annual
values {d}
row-col agent_ndx age age_index length length_index weight scalar sex mature M L_inf k a b tag alive lat long birth-row-col
1-1 24204 8 7 73.1404 13 0.00269388 36.141 0 0 0.199976 101.012 0.160953 2e-09 3.288 0 1 0 0 1-1
1-1 74413 12 11 86.6631 13 0.00470576 36.141 0 0 0.199979 101.661 0.159479 2e-09 3.288 0 1 0 0 1-1
1-1 398055 7 6 69.9128 13 0.00232238 36.141 0 0 0.200025 103.123 0.161866 2e-09 3.288 0 1 0 0 1-1
1-1 416446 5 4 56.6191 11 0.00116084 36.141 0 0 0.200007 101.58 0.16301 2e-09 3.288 0 1 0 0 1-1
1-1 232421 7 6 66.9782 13 0.00201697 36.141 0 0 0.200017 99.6008 0.159452 2e-09 3.288 0 1 0 0 1-1
1-1 183345 4 3 47.9765 9 0.000673368 36.141 0 0 0.19999 101.003 0.16109 2e-09 3.288 0 1 0 0 1-1
1-1 490589 9 8 77.7082 13 0.00328765 36.141 0 0 0.199994 101.499 0.161194 2e-09 3.288 0 1 0 0 1-1
1-1 308211 20 19 96.8417 13 0.00677959 36.141 0 0 0.19998 100.854 0.161214 2e-09 3.288 0 1 0 0 1-1
1-1 21567 6 5 63.6278 12 0.00170381 36.141 0 0 0.199979 102.919 0.160491 2e-09 3.288 0 1 0 0 1-1
1-1 197612 7 6 68.7694 13 0.00219982 36.141 0 0 0.200012 102.004 0.160203 2e-09 3.288 0 1 0 0 1-1
*end

*world_age_frequency[total_age_freq]
year: 1985
time_step: Annual
values {d}
1 2 3 4 5 6 7 8 9 10 11 12 13 14 15 16 17 18 19 20 21 22 23 24 25 26 27 28 29 30 
3.27857e+06 2.67845e+06 2.20437e+06 1.79575e+06 1.46402e+06 1.20337e+06 983265 800978 665582 550271 435461 362064 296079 244455 199858 166789 135021 110012 88616.9 71124.9 61728.3 50416.3 40875.2 33972.3 26852.6 23419.2 18576.4 13697.4 12287.9 56813.2 
*end

*summarise_agents[agents]
year: 1985
time_step: Annual
values {d}
row-col agent_ndx age age_index length length_index weight scalar sex mature M L_inf k a b tag alive lat long birth-row-col
1-1 53418 3 2 39.0432 7 0.000342004 36.141 0 0 0.199982 102.401 0.160033 2e-09 3.288 0 1 0 0 1-1
1-1 81781 4 3 48.648 9 0.000704857 36.141 0 0 0.200013 102.765 0.160325 2e-09 3.288 0 1 0 0 1-1
1-1 30672 1 0 15.1572 3 1.52371e-05 36.141 0 0 0.20003 102.832 0.159462 2e-09 3.288 0 1 0 0 1-1
1-1 251524 3 2 39.304 7 0.000349574 36.141 0 0 0.200016 103.042 0.160118 2e-09 3.288 0 1 0 0 1-1
1-1 73 3 2 38.6464 7 0.000330708 36.141 0 0 0.200006 100.822 0.16113 2e-09 3.288 0 1 0 0 1-1
1-1 215200 5 4 55.389 11 0.00107995 36.141 0 0 0.200028 100.427 0.160384 2e-09 3.288 0 1 0 0 1-1
1-1 88655 13 12 89.7562 13 0.00528087 36.141 0 0 0.199999 102.41 0.160847 2e-09 3.288 0 1 0 0 1-1
1-1 369500 11 10 85.4721 13 0.00449645 36.141 0 0 0.199987 102.403 0.163615 2e-09 3.288 0 1 0 0 1-1
1-1 166216 10 9 80.446 13 0.00368408 36.141 0 0 0.19999 100.299 0.16198 2e-09 3.288 0 1 0 0 1-1
1-1 297274 1 0 15.1823 3 1.53203e-05 36.141 0 0 0.199975 101.563 0.161915 2e-09 3.288 0 1 0 0 1-1
*end

*world_age_frequency[total_age_freq]
year: 1986
time_step: Annual
values {d}
1 2 3 4 5 6 7 8 9 10 11 12 13 14 15 16 17 18 19 20 21 22 23 24 25 26 27 28 29 30 
3.27857e+06 2.68624e+06 2.19263e+06 1.80746e+06 1.46846e+06 1.20081e+06 982290 807264 656659 545105 447899 357074 295500 241925 200111 162235 137045 110482 90134.8 72751.2 58511.8 50488.6 41272.7 32743.5 27972.9 21792.9 19443.8 14926.2 11384.4 56849.3 
*end

*summarise_agents[agents]
year: 1986
time_step: Annual
values {d}
row-col agent_ndx age age_index length length_index weight scalar sex mature M L_inf k a b tag alive lat long birth-row-col
1-1 314050 1 0 15.5821 3 1.66872e-05 36.141 0 0 0.200031 103.53 0.163116 2e-09 3.288 0 1 0 0 1-1
1-1 227596 8 7 73.4316 13 0.00272932 36.141 0 0 0.200028 100.774 0.163054 2e-09 3.288 0 1 0 0 1-1
1-1 464783 2 1 28.2633 5 0.00011821 36.141 0 0 0.199993 101.025 0.164089 2e-09 3.288 0 1 0 0 1-1
1-1 33350 1 0 14.9237 2 1.4479e-05 36.141 0 0 0.200018 101.209 0.159529 2e-09 3.288 0 1 0 0 1-1
1-1 88536 12 11 86.3695 13 0.00465353 36.141 0 0 0.199982 100.905 0.161464 2e-09 3.288 0 1 0 0 1-1
1-1 436969 4 3 48.2275 9 0.00068502 36.141 0 0 0.199987 102.004 0.160044 2e-09 3.288 0 1 0 0 1-1
1-1 398416 3 2 39.0172 7 0.000341257 36.141 0 0 0.200039 102.181 0.160339 2e-09 3.288 0 1 0 0 1-1
1-1 362862 1 0 15.2122 3 1.54196e-05 36.141 0 0 0.199998 101.973 0.161553 2e-09 3.288 0 1 0 0 1-1
1-1 272278 15 14 90.635 13 0.00545279 36.141 0 0 0.19999 100.162 0.156842 2e-09 3.288 0 1 0 0 1-1
1-1 89344 4 3 48.2101 9 0.000684206 36.141 0 0 0.200052 101.893 0.160208 2e-09 3.288 0 1 0 0 1-1
*end

*world_age_frequency[total_age_freq]
year: 1987
time_step: Annual
values {d}
1 2 3 4 5 6 7 8 9 10 11 12 13 14 15 16 17 18 19 20 21 22 23 24 25 26 27 28 29 30 
3.27857e+06 2.68392e+06 2.1981e+06 1.79586e+06 1.47872e+06 1.20179e+06 988034 801701 660813 536760 443452 367668 293946 240335 198376 165090 133214 112470 90315.5 73329.4 60065.8 47705.7 40875.2 33900 27214 23021.7 17600.6 15287.6 12757.7 56162.6 
*end

*summarise_agents[agents]
year: 1987
time_step: Annual
values {d}
row-col agent_ndx age age_index length length_index weight scalar sex mature M L_inf k a b tag alive lat long birth-row-col
1-1 378037 6 5 62.8602 12 0.00163716 36.141 0 0 0.200001 101.987 0.159673 2e-09 3.288 0 1 0 0 1-1
1-1 409129 1 0 15.2463 3 1.55338e-05 36.141 0 0 0.199994 101.284 0.163143 2e-09 3.288 0 1 0 0 1-1
1-1 241558 11 10 85.6532 13 0.00452784 36.141 0 0 0.200003 103.113 0.161447 2e-09 3.288 0 1 0 0 1-1
1-1 252294 13 12 88.9057 13 0.00511812 36.141 0 0 0.200027 101.015 0.163177 2e-09 3.288 0 1 0 0 1-1
1-1 295966 1 0 14.7021 2 1.3784e-05 36.141 0 0 0.199962 100.382 0.158365 2e-09 3.288 0 1 0 0 1-1
1-1 86392 7 6 69.043 13 0.00222872 36.141 0 0 0.200002 103.333 0.157586 2e-09 3.288 0 1 0 0 1-1
1-1 375909 21 20 96.9495 13 0.00680443 36.141 0 0 0.20003 100.42 0.160246 2e-09 3.288 0 1 0 0 1-1
1-1 44280 5 4 56.9643 11 0.00118427 36.141 0 0 0.199978 102.931 0.161227 2e-09 3.288 0 1 0 0 1-1
1-1 144753 4 3 48.8708 9 0.000715526 36.141 0 0 0.199985 102.032 0.162989 2e-09 3.288 0 1 0 0 1-1
1-1 259801 1 0 15.4746 3 1.63116e-05 36.141 0 0 0.200021 104.147 0.160855 2e-09 3.288 0 1 0 0 1-1
*end

*world_age_frequency[total_age_freq]
year: 1988
time_step: Annual
values {d}
1 2 3 4 5 6 7 8 9 10 11 12 13 14 15 16 17 18 19 20 21 22 23 24 25 26 27 28 29 30 
3.27857e+06 2.68305e+06 2.20709e+06 1.79525e+06 1.47106e+06 1.21172e+06 985035 810913 656153 540626 439728 361702 299875 240697 196244 162380 134949 109615 91110.6 73582.4 59234.6 48717.7 38923.6 33249.5 27033.3 22588 18648.7 14600.9 12757.7 56343.3 
*end

*summarise_agents[agents]
year: 1988
time_step: Annual
values {d}
row-col agent_ndx age age_index length length_index weight scalar sex mature M L_inf k a b tag alive lat long birth-row-col
1-1 407007 2 1 27.2492 5 0.000104828 36.141 0 0 0.199983 99.9055 0.159243 2e-09 3.288 0 1 0 0 1-1
1-1 305547 7 6 70.1866 13 0.00235242 36.141 0 0 0.199998 102.975 0.163489 2e-09 3.288 0 1 0 0 1-1
1-1 374969 9 8 78.2244 13 0.00336 36.141 0 0 0.199984 102.466 0.160163 2e-09 3.288 0 1 0 0 1-1
1-1 232300 6 5 63.4275 12 0.00168624 36.141 0 0 0.199981 101.845 0.16249 2e-09 3.288 0 1 0 0 1-1
1-1 201401 10 9 81.8737 13 0.00390346 36.141 0 0 0.200007 102.294 0.161133 2e-09 3.288 0 1 0 0 1-1
1-1 251165 2 1 27.8199 5 0.00011222 36.141 0 0 0.199984 101.395 0.160358 2e-09 3.288 0 1 0 0 1-1
1-1 217888 2 1 27.9293 5 0.000113677 36.141 0 0 0.199997 100.805 0.162217 2e-09 3.288 0 1 0 0 1-1
1-1 181187 2 1 28.6679 5 0.000123865 36.141 0 0 0.200034 103.184 0.162749 2e-09 3.288 0 1 0 0 1-1
1-1 468298 9 8 76.3039 13 0.00309631 36.141 0 0 0.200011 99.8485 0.160529 2e-09 3.288 0 1 0 0 1-1
1-1 474572 4 3 48.0531 9 0.000676907 36.141 0 0 0.19999 100.394 0.162831 2e-09 3.288 0 1 0 0 1-1
*end

*world_age_frequency[total_age_freq]
year: 1989
time_step: Annual
values {d}
1 2 3 4 5 6 7 8 9 10 11 12 13 14 15 16 17 18 19 20 21 22 23 24 25 26 27 28 29 30 
3.27857e+06 2.67801e+06 2.18719e+06 1.80052e+06 1.46994e+06 1.2003e+06 992730 807192 663125 537952 440415 358014 294669 246407 195955 161115 131407 109362 90134.8 74485.9 61511.4 49693.5 39574.1 31261.7 27828.4 22588 18576.4 15540.6 11962.7 56740.9 
*end

*summarise_agents[agents]
year: 1989
time_step: Annual
values {d}
row-col agent_ndx age age_index length length_index weight scalar sex mature M L_inf k a b tag alive lat long birth-row-col
1-1 477019 3 2 38.092 7 0.000315363 36.141 0 0 0.200011 100.24 0.15935 2e-09 3.288 0 1 0 0 1-1
1-1 317769 2 1 28.0324 5 0.000115064 36.141 0 0 0.200029 101.468 0.161667 2e-09 3.288 0 1 0 0 1-1
1-1 339635 3 2 38.9435 7 0.000339141 36.141 0 0 0.199998 101.664 0.160995 2e-09 3.288 0 1 0 0 1-1
1-1 35239 11 10 85.4513 13 0.00449284 36.141 0 0 0.20001 102.635 0.162476 2e-09 3.288 0 1 0 0 1-1
1-1 329639 1 0 15.3687 3 1.59475e-05 36.141 0 0 0.199994 102.141 0.163067 2e-09 3.288 0 1 0 0 1-1
1-1 8941 5 4 56.222 11 0.00113429 36.141 0 0 0.199995 102.185 0.159789 2e-09 3.288 0 1 0 0 1-1
1-1 143246 1 0 14.9962 2 1.47114e-05 36.141 0 0 0.19999 101.51 0.159854 2e-09 3.288 0 1 0 0 1-1
1-1 132966 3 2 39.2635 7 0.00034839 36.141 0 0 0.199995 101.697 0.162631 2e-09 3.288 0 1 0 0 1-1
1-1 392860 1 0 15.0255 3 1.48063e-05 36.141 0 0 0.199992 101.888 0.159548 2e-09 3.288 0 1 0 0 1-1
1-1 298695 1 0 15.0247 3 1.48037e-05 36.141 0 0 0.20002 101.944 0.159444 2e-09 3.288 0 1 0 0 1-1
*end

*world_age_frequency[total_age_freq]
year: 1990
time_step: Annual
values {d}
1 2 3 4 5 6 7 8 9 10 11 12 13 14 15 16 17 18 19 20 21 22 23 24 25 26 27 28 29 30 
3.27857e+06 2.68099e+06 2.17863e+06 1.79297e+06 1.47352e+06 1.20482e+06 985613 813297 660452 544960 440559 360690 292029 240624 203291 159380 130901 108530 89881.8 73365.6 61366.9 50597 40586 31587 26310.5 23166.2 18142.7 15974.3 12540.9 56415.6 
*end

*summarise_agents[agents]
year: 1990
time_step: Annual
values {d}
row-col agent_ndx age age_index length length_index weight scalar sex mature M L_inf k a b tag alive lat long birth-row-col
1-1 216036 4 3 48.1145 9 0.000679757 36.141 0 0 0.199973 101.325 0.161019 2e-09 3.288 0 1 0 0 1-1
1-1 49599 13 12 88.3373 13 0.00501132 36.141 0 0 0.199993 100.907 0.160221 2e-09 3.288 0 1 0 0 1-1
1-1 313273 3 2 38.7106 7 0.000332518 36.141 0 0 0.200036 101.137 0.16083 2e-09 3.288 0 1 0 0 1-1
1-1 70928 5 4 57.2915 11 0.00120679 36.141 0 0 0.200018 103.004 0.16248 2e-09 3.288 0 1 0 0 1-1
1-1 71580 9 8 78.3089 13 0.00337195 36.141 0 0 0.200015 102.274 0.161227 2e-09 3.288 0 1 0 0 1-1
1-1 277231 2 1 28.0328 5 0.000115068 36.141 0 0 0.2 103.008 0.158823 2e-09 3.288 0 1 0 0 1-1
1-1 300909 1 0 14.7754 2 1.40113e-05 36.141 0 0 0.199977 101.886 0.156677 2e-09 3.288 0 1 0 0 1-1
1-1 101691 3 2 38.7071 7 0.000332418 36.141 0 0 0.199972 101.265 0.16055 2e-09 3.288 0 1 0 0 1-1
1-1 308325 1 0 15.1435 3 1.5192e-05 36.141 0 0 0.200016 100.872 0.162667 2e-09 3.288 0 1 0 0 1-1
1-1 152919 1 0 15.0977 3 1.50415e-05 36.141 0 0 0.200006 101.542 0.160972 2e-09 3.288 0 1 0 0 1-1
*end

*world_age_frequency[total_age_freq]
year: 1991
time_step: Annual
values {d}
1 2 3 4 5 6 7 8 9 10 11 12 13 14 15 16 17 18 19 20 21 22 23 24 25 26 27 28 29 30 
3.27857e+06 2.68704e+06 2.19005e+06 1.78383e+06 1.47243e+06 1.20496e+06 984493 804049 664209 541673 445874 363402 296043 239179 198774 167476 129094 107193 89122.9 73907.7 59632.1 51175.2 41019.7 34080.7 25587.7 21250.8 19046.2 14962.3 12757.7 56379.5 
*end

*summarise_agents[agents]
year: 1991
time_step: Annual
values {d}
row-col agent_ndx age age_index length length_index weight scalar sex mature M L_inf k a b tag alive lat long birth-row-col
1-1 85092 2 1 27.6152 5 0.000109528 36.141 0 0 0.199958 100.8 0.160075 2e-09 3.288 0 1 0 0 1-1
1-1 328053 9 8 77.1668 13 0.00321294 36.141 0 0 0.199998 100.675 0.161616 2e-09 3.288 0 1 0 0 1-1
1-1 77335 1 0 15.3204 3 1.57832e-05 36.141 0 0 0.19998 101.399 0.163802 2e-09 3.288 0 1 0 0 1-1
1-1 173653 2 1 28.0132 5 0.000114805 36.141 0 0 0.199997 101.332 0.161793 2e-09 3.288 0 1 0 0 1-1
1-1 400712 8 7 74.5037 13 0.00286254 36.141 0 0 0.19997 102.725 0.161498 2e-09 3.288 0 1 0 0 1-1
1-1 157310 6 5 63.494 12 0.00169206 36.141 0 0 0.200014 103.572 0.158241 2e-09 3.288 0 1 0 0 1-1
1-1 227059 6 5 64.1951 12 0.00175427 36.141 0 0 0.199991 103.08 0.162484 2e-09 3.288 0 1 0 0 1-1
1-1 357218 4 3 48.021 9 0.000675424 36.141 0 0 0.199993 101.002 0.161303 2e-09 3.288 0 1 0 0 1-1
1-1 143398 1 0 15.0423 3 1.48608e-05 36.141 0 0 0.200014 100.619 0.161928 2e-09 3.288 0 1 0 0 1-1
1-1 307602 2 1 28.2771 5 0.000118399 36.141 0 0 0.200027 102.197 0.16196 2e-09 3.288 0 1 0 0 1-1
*end

*world_age_frequency[total_age_freq]
year: 1992
time_step: Annual
values {d}
1 2 3 4 5 6 7 8 9 10 11 12 13 14 15 16 17 18 19 20 21 22 23 24 25 26 27 28 29 30 
3.27857e+06 2.68573e+06 2.19694e+06 1.78943e+06 1.45033e+06 1.20482e+06 984927 813189 656442 546947 444175 366439 295826 242106 196858 162127 138021 105639 88797.6 73510.1 61005.5 48609.2 42212.4 33574.7 28442.8 20961.7 17166.9 15251.4 12071.1 56849.3 
*end

*summarise_agents[agents]
year: 1992
time_step: Annual
values {d}
row-col agent_ndx age age_index length length_index weight scalar sex mature M L_inf k a b tag alive lat long birth-row-col
1-1 391966 1 0 15.1193 3 1.51124e-05 36.141 0 0 0.199992 101.83 0.160728 2e-09 3.288 0 1 0 0 1-1
1-1 205259 5 4 56.4249 11 0.0011478 36.141 0 0 0.200009 101.931 0.16129 2e-09 3.288 0 1 0 0 1-1
1-1 116840 7 6 70.0659 13 0.00233914 36.141 0 0 0.200014 103.26 0.162125 2e-09 3.288 0 1 0 0 1-1
1-1 330940 11 10 82.4636 13 0.0039967 36.141 0 0 0.199981 99.6461 0.159794 2e-09 3.288 0 1 0 0 1-1
1-1 63089 8 7 74.0508 13 0.00280571 36.141 0 0 0.199981 101.978 0.161896 2e-09 3.288 0 1 0 0 1-1
1-1 50806 1 0 15.6519 3 1.69343e-05 36.141 0 0 0.199979 102.611 0.165507 2e-09 3.288 0 1 0 0 1-1
1-1 327325 2 1 27.8842 5 0.000113076 36.141 0 0 0.199977 101.792 0.160056 2e-09 3.288 0 1 0 0 1-1
1-1 53174 3 2 38.56 7 0.000328284 36.141 0 0 0.200036 100.678 0.160963 2e-09 3.288 0 1 0 0 1-1
1-1 374191 2 1 27.8708 5 0.000112897 36.141 0 0 0.200012 101.436 0.160627 2e-09 3.288 0 1 0 0 1-1
1-1 338863 1 0 15.3455 3 1.58684e-05 36.141 0 0 0.200018 102.441 0.162281 2e-09 3.288 0 1 0 0 1-1
*end

*process[M_report]
cv: 9.99999975e-05
distribution: lognormal
label: natural_mort
m: 0.200000003
m_multiplier_layer_label: M_layer
selectivity_label: One One
time_step_ratio: 1
type: mortality_constant_rate
update_mortality_parameters: 0
year: 1940 1941 1942 1943 1944 1945 1946 1947 1948 1949 1950 1951 1952 1953 1954 1955 1956 1957 1958 1959 1960 1961 1962 1963 1964 1965 1966 1967 1968 1969 1970 1971 1972 1973 1974 1975 1976 1977 1978 1979 1980 1981 1982 1983 1984 1985 1986 1987 1988 1989 1990 1991 1992 
agents_removed: 90647 90152 90540 90797 90450 90645 91046 90666 90611 90695 90765 90154 90765 90503 90992 90894 90712 91066 90491 90302 90635 90259 90828 90101 90684 90322 90805 90623 90701 90371 90892 90691 90795 90512 90526 90617 90905 90802 90634 90576 90579 90509 90346 91198 90400 90471 90543 90606 90513 91425 90717 90428 90643 
*end

*process[Recruitment_report]
label: Recruitment_const
proportion_male: 1 1 1 1 1 1 1 1 1 1 1 1 1 1 1 1 1 1 1 1 1 1 1 1 1 1 1 1 1 1 1 1 1 1 1 1 1 1 1 1 1 1 1 1 1 1 1 1 1 1 1 1 1
r0: 3275630
recruitment_layer_label: recruit_layer
ssb: SSB
type: recruitment_constant
r0_agents: 90634
b0: 25774
years: 1940 1941 1942 1943 1944 1945 1946 1947 1948 1949 1950 1951 1952 1953 1954 1955 1956 1957 1958 1959 1960 1961 1962 1963 1964 1965 1966 1967 1968 1969 1970 1971 1972 1973 1974 1975 1976 1977 1978 1979 1980 1981 1982 1983 1984 1985 1986 1987 1988 1989 1990 1991 1992 
recruits: 90634 90634 90634 90634 90634 90634 90634 90634 90634 90634 90634 90634 90634 90634 90634 90634 90634 90634 90634 90634 90634 90634 90634 90634 90634 90634 90634 90634 90634 90634 90634 90634 90634 90634 90634 90634 90634 90634 90634 90634 90634 90634 90634 90634 90634 90634 90634 90634 90634 90634 90634 90634 90634 
*end

*derived_quantity[derived_quants]
SSB {L} 
type: biomass 
initialisation_phase[1]: 25774.6 
values {v}
1940 25762.7
1941 25772.5
1942 25751.3
1943 25793.2
1944 25837.2
1945 25809.4
1946 25778.8
1947 25799.5
1948 25785.9
1949 25778.2
1950 25763.6
1951 25796
1952 25796.5
1953 25829
1954 25802.4
1955 25781.4
1956 25812.2
1957 25739.8
1958 25708.4
1959 25712.4
1960 25702.9
1961 25741.3
1962 25713.8
1963 25754.5
1964 25731.6
1965 25769.2
1966 25788.1
1967 25828
1968 25838.5
1969 25878.7
1970 25868.9
1971 25854.9
1972 25866.3
1973 25845.3
1974 25880.7
1975 25861.8
1976 25841.8
1977 25839.9
1978 25849.3
1979 25847.1
1980 25837.2
1981 25845.5
1982 25865.8
1983 25861.8
1984 25872.8
1985 25865.4
1986 25850.9
1987 25840.8
1988 25818.3
1989 25790.3
1990 25793.6
1991 25816.1
1992 25852
end {L}
*end

Total elapsed time: 29 seconds
Completed
