CASAL2
Call: casal2 -r 
Date: Wed Jul 25 09:49:22 2018
Version: 2018-05-29 23:33:21 UTC (rev. 454fcfb5)
Copyright (c) 2018 - 2018, NIWA (www.niwa.co.nz)
Environment: machine:DESKTOP-D3MBM6L, user:Dell User, os:Windows_NT, pid:4900

*initialisation_partition[Init]
values {d}
category 0 1 2 3 4 5 6 7 8 9 10 11 12 13 14 15 16 17 18 19 20 21 22 23 24 25 26 27 28 29 30
EN 0.000000 11825545.701330 9924902.423598 8211840.062294 6750721.230354 5535271.955856 4534284.997283 3713031.547966 3040159.118855 2489122.405176 2037934.684647 1668523.428677 1366072.402559 1118445.738724 915705.987666 749716.669948 613816.098195 502550.117463 411453.236422 336869.418187 275805.352460 225810.323927 184877.856563 151365.186732 123927.333323 101463.118938 83070.975778 68012.762558 55684.140308 45590.318129 205915.649362
HG 0.000000 13219737.202299 10814569.177960 8802453.434360 7182243.367976 5871436.607089 4804261.450086 3932529.909475 3219431.238592 2635776.132918 2157971.245558 1766792.040956 1446525.528237 1184314.548308 969634.639696 793869.671885 649965.507287 532146.747431 435684.906800 356708.631728 292048.326653 239108.946407 195765.847758 160279.519961 131225.772081 107438.575199 87963.265582 72018.230673 58963.540234 48275.263700 218042.616963
BP 0.000000 9174373.459251 6529231.311358 5103514.295676 4118706.078504 3357398.622643 2745180.416323 2246670.651969 1839198.436007 1505754.172041 1232793.917647 1009323.011978 826362.982455 676568.588348 553927.460999 453517.435282 371308.668369 304001.824952 248895.642902 203778.517107 166839.738761 136596.824957 111836.021364 91563.589993 74965.926989 61376.909859 50251.163630 41142.173042 33684.362318 27578.423328 124562.169798
*end

*partition[Annual_part]
year: 1970
time_step: Annual
values {d}
category 0 1 2 3 4 5 6 7 8 9 10 11 12 13 14 15 16 17 18 19 20 21 22 23 24 25 26 27 28 29 30
EN 0.000000 11825545.701330 10613566.678171 8626704.559912 7048063.526798 5766949.087990 4720748.028389 3864825.617243 3164205.384097 2590621.372621 2121018.825557 1736542.737957 1421760.802096 1164039.258992 953034.731344 780278.841481 638838.283071 523036.548494 428226.107213 350601.883240 287048.543895 235015.470513 192414.393158 157535.581013 128979.224879 105599.257917 86457.359959 70785.299428 57954.101508 47448.805171 214309.812182
HG 0.000000 13219737.202299 11026915.618962 8807600.280549 7139675.142628 5823815.419379 4761830.255082 3896871.540183 3189993.504289 2611610.654665 2138169.530660 1750575.428585 1433247.366061 1173443.019148 960733.710092 786582.188049 643999.015296 527261.795712 431685.446286 353434.150329 289367.408011 236913.995864 193968.774245 158808.200610 130021.157680 106452.320344 87155.788402 71357.124273 58422.272094 47832.110828 216041.071020
BP 0.000000 9174373.459251 6376202.726918 4891420.830890 3920790.760822 3188693.420191 2605250.311109 2131621.637672 1744875.756174 1428495.420597 1169530.930551 957525.348124 783954.043052 641846.930787 525499.732371 430242.769412 352252.981046 288400.347054 236122.232984 193320.533543 158277.465991 129586.628921 106096.558284 86864.515062 71118.649833 58227.025735 47672.256630 39030.742571 31955.669259 26163.089157 118169.608342
*end

*partition[Annual_part]
year: 1971
time_step: Annual
values {d}
category 0 1 2 3 4 5 6 7 8 9 10 11 12 13 14 15 16 17 18 19 20 21 22 23 24 25 26 27 28 29 30
EN 0.000000 11825545.701330 10613566.678171 8984496.815601 7212005.140062 5864876.534379 4790905.169652 3919540.432415 3208269.596592 2626503.075413 2150344.764841 1760539.269738 1441403.974277 1180120.812678 966200.957265 791058.374606 647663.802705 530262.268828 434142.025642 355445.427332 291014.102330 238262.195140 195072.586453 159711.925610 130761.065130 107058.105327 87651.763198 71763.194091 58754.733942 48104.307567 217270.507348
HG 0.000000 13219737.202299 11026915.618962 9008601.383366 7172194.309200 5813555.050277 4743304.964335 3878962.634175 3174596.569488 2598809.760638 2127637.676492 1741939.225508 1426173.138293 1167650.223415 955990.735716 782698.908789 640819.639690 524658.739177 429554.242842 351689.268272 287938.819345 235744.366373 193011.162607 158024.174512 129379.251402 105926.771933 86725.505756 71004.838639 58133.845011 47595.966705 214974.507622
BP 0.000000 9174373.459251 6376202.726918 4945023.429523 3894558.742655 3147578.352905 2566186.585129 2098173.941728 1717098.181472 1405648.646924 1150798.035528 942180.934658 771389.219356 631559.235511 517076.753911 423346.585504 346606.854889 283777.687808 232337.519156 190221.871802 155740.496296 127509.533803 104395.976631 85472.196565 69978.715861 57293.726736 46908.136037 38405.133543 31443.463908 25743.730885 116275.521949
*end

*partition[Annual_part]
year: 1972
time_step: Annual
values {d}
category 0 1 2 3 4 5 6 7 8 9 10 11 12 13 14 15 16 17 18 19 20 21 22 23 24 25 26 27 28 29 30
EN 0.000000 11825545.701330 10613566.678171 8984496.815601 7444109.259212 5947532.772223 4828447.485692 3941977.584300 3224385.845064 2639092.924819 2160491.551309 1768804.290739 1448159.667500 1185649.003731 970726.304148 794763.220687 650697.024041 532745.647568 436175.240902 357110.082354 292377.006376 239378.046542 195986.168298 160459.903159 131373.457351 107559.489671 88062.261979 72099.282068 59029.899504 48329.594075 218288.063312
HG 0.000000 13219737.202299 11026915.618962 9008601.383366 7354194.690249 5855986.245447 4748203.733137 3874767.309024 3168936.436734 2593578.898745 2123196.442596 1738261.235502 1423150.898489 1165172.967806 953961.789984 781037.557317 639459.390950 523545.049085 428642.427287 350942.736013 287327.610218 235243.950611 192601.456820 157688.735781 129104.617396 105701.920626 86541.413076 70854.116300 58010.443997 47494.934500 214518.194651
BP 0.000000 9174373.459251 6376202.726918 4945023.429523 3981841.645627 3161862.442129 2561859.062492 2090222.025060 1709391.538192 1399018.086612 1145284.094683 937644.001875 767668.796231 628511.673826 514581.222807 421303.314480 344933.939568 282408.013792 231216.123179 189303.749986 154988.801617 126894.098224 103892.100589 85059.657751 69640.957647 57017.193699 46681.729936 38219.767905 31291.699359 25619.476582 115714.316106
*end

*partition[Annual_part]
year: 1973
time_step: Annual
values {d}
category 0 1 2 3 4 5 6 7 8 9 10 11 12 13 14 15 16 17 18 19 20 21 22 23 24 25 26 27 28 29 30
EN 0.000000 11825545.701330 10613566.678171 8984496.815601 7444109.259212 6120174.777327 4881442.226265 3960593.158563 3232807.258918 2644136.884034 2164124.512359 1771646.653042 1450451.956512 1187516.638786 972253.013879 796012.567357 651719.743058 533582.938024 436860.745816 357671.323615 292836.511170 239754.257073 196294.183384 160712.084571 131579.926026 107728.531924 88200.662070 72212.594478 59122.671859 48405.549655 218631.140525
HG 0.000000 13219737.202299 11026915.618962 9008601.383366 7354194.690249 6011856.833200 4788946.759092 3883783.355248 3169620.620790 2592322.054810 2121680.000855 1736890.120125 1421994.150252 1164216.946440 953176.731748 780394.200579 638932.498631 523113.625900 428289.197537 350653.533315 287090.830401 235050.091522 192442.738379 157558.788101 128998.225232 105614.814089 86470.096275 70795.727042 57962.638915 47455.795010 214341.426993
BP 0.000000 9174373.459251 6376202.726918 4945023.429523 3981841.645627 3243851.135454 2582229.047324 2093795.150060 1708710.606099 1397482.048972 1143763.961124 936329.633361 766574.272403 627610.728441 513842.333511 420698.036882 344438.295925 282002.193415 230883.859994 189031.714476 154766.077417 126711.746979 103742.803994 84937.424031 69540.881140 56935.257985 46614.646646 38164.844753 31246.732086 25582.660492 115548.036968
*end

*partition[Annual_part]
year: 1974
time_step: Annual
values {d}
category 0 1 2 3 4 5 6 7 8 9 10 11 12 13 14 15 16 17 18 19 20 21 22 23 24 25 26 27 28 29 30
EN 0.000000 11825545.701330 10613566.678171 8984496.815601 7444109.259212 6120174.777327 5017932.798078 3999894.659542 3244676.317015 2648264.818407 2165987.348309 1772764.828247 1451259.245131 1188149.047504 972763.305034 796428.408409 652059.699086 533861.139819 437088.484555 357857.771699 292989.159744 239879.234592 196396.506180 160795.859354 131648.515008 107784.687831 88246.638637 72250.236908 59153.490873 48430.782130 218745.116825
HG 0.000000 13219737.202299 11026915.618962 9008601.383366 7354194.690249 6011856.833200 4918865.717204 3919123.365953 3178648.123108 2594234.981886 2121759.773029 1736556.651065 1421615.123061 1163878.661602 952892.438606 780159.530843 638739.871821 522955.788425 428159.938207 350547.696278 287004.176204 234979.144515 192384.651742 157511.230749 128959.288556 105582.935433 86443.996238 70774.358139 57945.143538 47441.471006 214276.740146
BP 0.000000 9174373.459251 6376202.726918 4945023.429523 3981841.645627 3243851.135454 2651909.544573 2112577.163578 1713362.330457 1398338.720512 1143664.379491 936033.206571 766274.452156 627350.186396 513625.069967 420519.127063 344291.549916 281881.978968 230785.418979 188951.113237 154700.085538 126657.717102 103698.567996 84901.206641 69511.228843 56910.980736 46594.770116 38148.571227 31233.408449 25571.752021 115498.772417
*end

*partition[Annual_part]
year: 1975
time_step: Annual
values {d}
category 0 1 2 3 4 5 6 7 8 9 10 11 12 13 14 15 16 17 18 19 20 21 22 23 24 25 26 27 28 29 30
EN 0.000000 11825545.701330 10613566.678171 8984496.815601 7444109.259212 6120174.777327 5017932.798078 4110310.623454 3275734.600754 2657059.663402 2168610.027824 1773669.861190 1451666.927260 1188394.226401 972940.666632 796567.493542 652171.975578 533952.649838 437163.299632 357918.997570 293039.280185 239920.267933 196430.100977 160823.364331 131671.034148 107803.124936 88261.733660 72262.595667 59163.609369 48439.066454 218782.542386
HG 0.000000 13219737.202299 11026915.618962 9008601.383366 7354194.690249 6011856.833200 4918865.717204 4026205.550792 3208190.621063 2602130.016507 2123739.873070 1736961.170756 1421619.894424 1163795.794837 952801.702317 780079.242741 638672.573759 522900.283816 428114.390105 350510.377684 286973.615407 234954.121682 192364.164328 157494.456958 128945.555309 105571.691593 86434.790559 70766.821166 57938.972786 47436.418822 214253.929138
BP 0.000000 9174373.459251 6376202.726918 4945023.429523 3981841.645627 3243851.135454 2651909.544573 2170246.255878 1729250.261907 1402566.007328 1144708.822314 936232.596405 766261.767988 627293.033008 513565.939140 420467.481209 344248.423044 281846.451050 230756.274709 188927.237394 154680.533924 126641.708641 103685.461133 84890.475587 69502.442984 56903.787479 46588.880774 38143.749441 31229.460705 25568.519881 115484.178251
*end

*partition[Annual_part]
year: 1976
time_step: Annual
values {d}
category 0 1 2 3 4 5 6 7 8 9 10 11 12 13 14 15 16 17 18 19 20 21 22 23 24 25 26 27 28 29 30
EN 0.000000 11825545.701330 10613566.678171 8984496.815601 7444109.259212 6120174.777327 5017932.798078 4110310.623454 3365774.589771 2682185.603914 2175561.401175 1775612.688935 1452240.433707 1188590.872791 973029.120116 796620.775032 652210.582741 533982.951310 437187.769248 357938.943998 293055.588396 239933.614184 196441.026484 160832.309002 131678.357330 107809.120625 88266.642509 72266.614691 59166.899868 48441.760486 218794.717058
HG 0.000000 13219737.202299 11026915.618962 9008601.383366 7354194.690249 6011856.833200 4918865.717204 4026205.550792 3296072.766204 2626495.954320 2130351.427608 1738703.558449 1422050.411390 1163881.039501 952800.455127 780059.481292 638651.482701 522881.735703 428098.872116 350497.586853 286963.121086 234945.523996 192357.123690 157488.692203 128940.835432 105567.827261 86431.626706 70764.230820 57936.851990 47434.682460 214246.093114
BP 0.000000 9174373.459251 6376202.726918 4945023.429523 3981841.645627 3243851.135454 2651909.544573 2170246.255878 1776616.010236 1415697.790717 1148271.421849 937170.935597 766493.162177 627338.445394 513564.829543 420456.471746 344236.761828 281836.213618 230747.714018 188920.182259 154674.745770 126636.966649 103681.577939 84887.296097 69499.839787 56901.656149 46587.135786 38142.320764 31228.291003 25567.562210 115479.856296
*end

*partition[Annual_part]
year: 1977
time_step: Annual
values {d}
category 0 1 2 3 4 5 6 7 8 9 10 11 12 13 14 15 16 17 18 19 20 21 22 23 24 25 26 27 28 29 30
EN 0.000000 11825545.701330 10613566.678171 8984496.815601 7444109.259212 6120174.777327 5017932.798078 4110310.623454 3365774.589771 2755807.434138 2196051.904638 1781237.369425 1453776.444788 1189015.660751 973153.469363 796663.185912 652229.636591 533994.444435 437196.108599 357945.494020 293060.879380 239937.927618 196444.553291 160835.195297 131680.720119 107811.055035 88268.226250 72267.911343 59167.961476 48442.629656 218798.648252
HG 0.000000 13219737.202299 11026915.618962 9008601.383366 7354194.690249 6011856.833200 4918865.717204 4026205.550792 3296072.766204 2698507.988853 2150351.403710 1744158.619766 1423511.411018 1164261.744672 952893.363060 780077.386635 638650.799319 522877.154853 428094.073497 350493.386196 286959.611652 234942.632642 192354.751813 157486.749089 128939.244243 105566.524428 86430.560017 70763.357484 57936.136962 47434.097045 214243.454330
BP 0.000000 9174373.459251 6376202.726918 4945023.429523 3981841.645627 3243851.135454 2651909.544573 2170246.255878 1776616.010236 1454514.043648 1159052.860000 940112.389755 767281.597832 627544.426647 513615.545755 420466.645538 344236.821462 281834.094920 230745.414424 188918.152966 154673.046473 126635.565641 103680.428391 84886.354288 69499.068536 56901.024661 46586.618756 38141.897454 31227.944425 25567.278456 115478.577553
*end

*partition[Annual_part]
year: 1978
time_step: Annual
values {d}
category 0 1 2 3 4 5 6 7 8 9 10 11 12 13 14 15 16 17 18 19 20 21 22 23 24 25 26 27 28 29 30
EN 0.000000 11825545.701330 10613566.678171 8984496.815601 7444109.259212 6120174.777327 5017932.798078 4110310.623454 3365774.589771 2755807.434138 2256302.697309 1797992.133097 1458363.887301 1190258.760523 973489.395690 796755.282469 652256.407861 534003.533934 437200.188032 357947.957583 293062.669044 239939.334151 196445.689751 160836.121876 131681.477746 107811.675075 88268.733831 72268.326899 59168.301700 48442.908208 218799.910834
HG 0.000000 13219737.202299 11026915.618962 9008601.383366 7354194.690249 6011856.833200 4918865.717204 4026205.550792 3296072.766204 2698507.988853 2209326.690541 1760547.368823 1427989.315461 1165467.492269 953212.908353 780159.881632 638670.722387 522880.904729 428093.851252 350492.346099 286958.537497 234941.695701 192353.969915 157486.105129 128938.716042 105566.091727 86430.205688 70763.067368 57935.899431 47433.902570 214242.580322
BP 0.000000 9174373.459251 6376202.726918 4945023.429523 3981841.645627 3243851.135454 2651909.544573 2170246.255878 1776616.010236 1454514.043648 1190841.764259 948946.772830 769695.835208 628194.840631 513788.199319 420511.452041 344247.839468 281836.344837 230745.481885 188917.745656 154672.593015 126635.163390 103680.091081 84886.076076 69498.840232 56900.837608 46586.465576 38141.772032 31227.841736 25567.194381 115478.200169
*end

*partition[Annual_part]
year: 1979
time_step: Annual
values {d}
category 0 1 2 3 4 5 6 7 8 9 10 11 12 13 14 15 16 17 18 19 20 21 22 23 24 25 26 27 28 29 30
EN 0.000000 11825545.701330 10613566.678171 8984496.815601 7444109.259212 6120174.777327 5017932.798078 4110310.623454 3365774.589771 2755807.434138 2256302.697309 1847314.547869 1472075.884114 1194009.995010 974503.350094 797027.195232 652329.255003 534023.360345 437205.917039 357949.895178 293063.537881 239939.859372 196446.071690 160836.422208 131681.720464 107811.872984 88268.895658 72268.459340 59168.410119 48442.996971 218800.315393
HG 0.000000 13219737.202299 11026915.618962 9008601.383366 7354194.690249 6011856.833200 4918865.717204 4026205.550792 3296072.766204 2698507.988853 2209326.690541 1808836.866405 1441411.163787 1169136.885841 954202.712539 780423.650777 638740.022165 522898.656236 428098.100279 350493.129336 286958.476174 234941.463249 192353.732524 157485.898655 128938.543889 105565.949985 86430.089437 70762.972138 57935.821450 47433.838721 214242.295512
BP 0.000000 9174373.459251 6376202.726918 4945023.429523 3981841.645627 3243851.135454 2651909.544573 2170246.255878 1776616.010236 1454514.043648 1190841.764259 974975.471856 776930.584314 630172.901297 514321.901310 420653.781689 344285.320484 281846.017789 230747.857917 188918.238056 154672.617460 126635.085172 103680.001668 84885.996341 69498.773276 56900.782360 46586.420234 38141.734881 31227.811313 25567.169470 115478.089583
*end

*partition[Annual_part]
year: 1980
time_step: Annual
values {d}
category 0 1 2 3 4 5 6 7 8 9 10 11 12 13 14 15 16 17 18 19 20 21 22 23 24 25 26 27 28 29 30
EN 0.000000 11825545.701330 10613566.678171 8984496.815601 7444109.259212 6120174.777327 5017932.798078 4110310.623454 3365774.589771 2755807.434138 2256302.697309 1847314.547869 1512455.891393 1205234.952233 977573.386171 797856.354671 652551.062362 534082.334388 437221.602475 357954.137796 293064.757541 239940.270480 196446.255892 160836.533659 131681.801583 107811.936800 88268.947242 72268.501403 59168.444515 48443.025120 218800.445508
HG 0.000000 13219737.202299 11026915.618962 9008601.383366 7354194.690249 6011856.833200 4918865.717204 4026205.550792 3296072.766204 2698507.988853 2209326.690541 1808836.866405 1480948.510548 1180126.813189 957207.821042 781234.741909 638956.558053 522955.869013 428113.022831 350496.926511 286959.378092 234941.626450 192353.716932 157485.847348 128938.491963 105565.904928 86430.051896 70762.941237 57935.796108 47433.817962 214242.204660
BP 0.000000 9174373.459251 6376202.726918 4945023.429523 3981841.645627 3243851.135454 2651909.544573 2170246.255878 1776616.010236 1454514.043648 1190841.764259 974975.471856 798241.601140 636096.641773 515941.752228 421091.028130 344402.086148 281876.897883 230755.935670 188920.312917 154673.126654 126635.192014 103680.008717 84885.981339 69498.755646 56900.766555 46586.406943 38141.723910 31227.802308 25567.162092 115478.057825
*end

*partition[Annual_part]
year: 1981
time_step: Annual
values {d}
category 0 1 2 3 4 5 6 7 8 9 10 11 12 13 14 15 16 17 18 19 20 21 22 23 24 25 26 27 28 29 30
EN 0.000000 11825545.701330 10613566.678171 8984496.815601 7444109.259212 6120174.777327 5017932.798078 4110310.623454 3365774.589771 2755807.434138 2256302.697309 1847314.547869 1512455.891393 1238294.844935 986763.219721 800369.571550 653229.661547 534263.722635 437269.712534 357966.837641 293068.114594 239941.173663 196446.514380 160836.620529 131681.840479 107811.960353 88268.964398 72268.514905 59168.455431 48443.034022 218800.488097
HG 0.000000 13219737.202299 11026915.618962 9008601.383366 7354194.690249 6011856.833200 4918865.717204 4026205.550792 3296072.766204 2698507.988853 2209326.690541 1808836.866405 1480948.510548 1212497.589685 966205.892623 783695.347380 639620.812538 523133.308612 428159.991620 350509.247988 286962.572042 234942.434541 192353.907585 157485.881279 128938.488189 105565.893717 86430.040635 70762.931484 57935.787987 47433.811278 214242.176806
BP 0.000000 9174373.459251 6376202.726918 4945023.429523 3981841.645627 3243851.135454 2651909.544573 2170246.255878 1776616.010236 1454514.043648 1190841.764259 974975.471856 798241.601140 653544.752887 520791.804773 422417.335239 344760.143172 281972.554775 230781.265028 188926.964801 154674.856829 126635.634633 103680.117254 84886.004355 69498.757482 56900.763681 46586.403467 38141.720777 31227.799669 25567.159913 115478.049243
*end

*partition[Annual_part]
year: 1982
time_step: Annual
values {d}
category 0 1 2 3 4 5 6 7 8 9 10 11 12 13 14 15 16 17 18 19 20 21 22 23 24 25 26 27 28 29 30
EN 0.000000 11825545.701330 10613566.678171 8984496.815601 7444109.259212 6120174.777327 5017932.798078 4110310.623454 3365774.589771 2755807.434138 2256302.697309 1847314.547869 1512455.891393 1238294.844935 1013830.251063 807893.471398 655287.227645 534819.245551 437418.165706 358006.181820 293078.475499 239943.892016 196447.229143 160836.811938 131681.895046 107811.978643 88268.972583 72268.519865 59168.459046 48443.036868 218800.502744
HG 0.000000 13219737.202299 11026915.618962 9008601.383366 7354194.690249 6011856.833200 4918865.717204 4026205.550792 3296072.766204 2698507.988853 2209326.690541 1808836.866405 1480948.510548 1212497.589685 992708.931719 791062.419557 641635.447055 523677.204332 428305.307952 350547.736413 286972.687552 234945.072073 192354.587654 157486.052487 128938.528343 105565.900757 86430.039750 70762.929055 57935.785562 47433.809182 214242.169090
BP 0.000000 9174373.459251 6376202.726918 4945023.429523 3981841.645627 3243851.135454 2651909.544573 2170246.255878 1776616.010236 1454514.043648 1190841.764259 974975.471856 798241.601140 653544.752887 535077.140554 426388.247651 345846.052293 282265.724032 230859.596156 188947.714097 154680.312241 126637.058803 103680.485881 84886.098327 69498.780510 56900.768609 46586.403919 38141.720227 31227.798984 25567.159292 115478.047384
*end

*partition[Annual_part]
year: 1983
time_step: Annual
values {d}
category 0 1 2 3 4 5 6 7 8 9 10 11 12 13 14 15 16 17 18 19 20 21 22 23 24 25 26 27 28 29 30
EN 0.000000 11825545.701330 10613566.678171 8984496.815601 7444109.259212 6120174.777327 5017932.798078 4110310.623454 3365774.589771 2755807.434138 2256302.697309 1847314.547869 1512455.891393 1238294.844935 1013830.251063 830054.051504 661447.250166 536503.817080 437872.972094 358127.710822 293110.676181 239952.365304 196449.446961 160837.390766 131682.046542 107812.019047 88268.984061 72268.523703 59168.460763 48443.037909 218800.508399
HG 0.000000 13219737.202299 11026915.618962 9008601.383366 7354194.690249 6011856.833200 4918865.717204 4026205.550792 3296072.766204 2698507.988853 2209326.690541 1808836.866405 1480948.510548 1212497.589685 992708.931719 812761.296133 647667.115151 525326.663656 428750.625297 350666.722169 287004.208059 234953.361197 192356.753015 157486.614136 128938.672492 105565.936889 86430.048180 70762.930513 57935.785359 47433.808659 214242.167663
BP 0.000000 9174373.459251 6376202.726918 4945023.429523 3981841.645627 3243851.135454 2651909.544573 2170246.255878 1776616.010236 1454514.043648 1190841.764259 974975.471856 798241.601140 653544.752887 535077.140554 438084.098803 349097.166526 283154.796248 231099.626957 189011.849569 154697.303087 126641.527575 103681.653742 84886.401647 69498.858687 56900.788477 46586.408784 38141.721277 31227.799091 25567.159187 115478.047413
*end

*partition[Annual_part]
year: 1984
time_step: Annual
values {d}
category 0 1 2 3 4 5 6 7 8 9 10 11 12 13 14 15 16 17 18 19 20 21 22 23 24 25 26 27 28 29 30
EN 0.000000 11825545.701330 10613566.678171 8984496.815601 7444109.259212 6120174.777327 5017932.798078 4110310.623454 3365774.589771 2755807.434138 2256302.697309 1847314.547869 1512455.891393 1238294.844935 1013830.251063 830054.051504 679590.790671 541547.210360 439252.177185 358500.070351 293210.172069 239978.726010 196456.381861 160839.204562 131682.518809 107812.141742 88269.016044 72268.532202 59168.463170 48443.038713 218800.511161
HG 0.000000 13219737.202299 11026915.618962 9008601.383366 7354194.690249 6011856.833200 4918865.717204 4026205.550792 3296072.766204 2698507.988853 2209326.690541 1808836.866405 1480948.510548 1212497.589685 992708.931719 812761.296133 665432.658842 530264.980931 430101.092579 351031.320625 287101.628182 234979.170319 192363.541470 157488.388535 128939.133602 105566.055947 86430.078613 70762.938111 57935.787124 47433.808960 214242.168177
BP 0.000000 9174373.459251 6376202.726918 4945023.429523 3981841.645627 3243851.135454 2651909.544573 2170246.255878 1776616.010236 1454514.043648 1190841.764259 974975.471856 798241.601140 653544.752887 535077.140554 438084.098803 358672.921350 285816.584937 231827.538940 189208.371166 154749.813588 126655.439172 103685.313011 84887.358260 69499.107392 56900.852785 46586.425297 38141.725462 31227.800115 25567.159410 115478.047961
*end

*partition[Annual_part]
year: 1985
time_step: Annual
values {d}
category 0 1 2 3 4 5 6 7 8 9 10 11 12 13 14 15 16 17 18 19 20 21 22 23 24 25 26 27 28 29 30
EN 0.000000 11825545.701330 10613566.678171 8984496.815601 7444109.259212 6120174.777327 5017932.798078 4110310.623454 3365774.589771 2755807.434138 2256302.697309 1847314.547869 1512455.891393 1238294.844935 1013830.251063 830054.051504 679590.790671 556401.882908 443381.356673 359629.266583 293515.033127 240060.185420 196477.963417 160844.881752 131684.003308 107812.527982 88269.116155 72268.558107 59168.469898 48443.040495 218800.513229
HG 0.000000 13219737.202299 11026915.618962 9008601.383366 7354194.690249 6011856.833200 4918865.717204 4026205.550792 3296072.766204 2698507.988853 2209326.690541 1808836.866405 1480948.510548 1212497.589685 992708.931719 812761.296133 665432.658842 544810.179493 434144.246131 352136.990815 287400.137048 235058.931905 192384.672794 157493.946945 128940.586760 105566.433803 86430.176360 70762.963249 57935.793526 47433.810554 214242.169515
BP 0.000000 9174373.459251 6376202.726918 4945023.429523 3981841.645627 3243851.135454 2651909.544573 2170246.255878 1776616.010236 1454514.043648 1190841.764259 974975.471856 798241.601140 653544.752887 535077.140554 438084.098803 358672.921350 293656.550333 234006.827558 189804.335388 154910.712105 126698.431332 103696.703026 84890.354349 69499.890709 56901.056496 46586.478020 38141.739042 31227.803591 25567.160289 115478.048772
*end

*partition[Annual_part]
year: 1986
time_step: Annual
values {d}
category 0 1 2 3 4 5 6 7 8 9 10 11 12 13 14 15 16 17 18 19 20 21 22 23 24 25 26 27 28 29 30
EN 0.000000 11825545.701330 10613566.678171 8984496.815601 7444109.259212 6120174.777327 5017932.798078 4110310.623454 3365774.589771 2755807.434138 2256302.697309 1847314.547869 1512455.891393 1238294.844935 1013830.251063 830054.051504 679590.790671 556401.882908 455543.333394 363009.952383 294439.540453 240309.784252 196544.656502 160862.551040 131688.651237 107813.743255 88269.432274 72268.639982 59168.491035 48443.045945 218800.516115
HG 0.000000 13219737.202299 11026915.618962 9008601.383366 7354194.690249 6011856.833200 4918865.717204 4026205.550792 3296072.766204 2698507.988853 2209326.690541 1808836.866405 1480948.510548 1212497.589685 992708.931719 812761.296133 665432.658842 544810.179493 446052.847917 355447.245311 288305.383518 235303.330526 192449.976248 157511.247965 128945.137729 105567.623652 86430.485808 70763.043348 57935.814165 47433.815842 214242.172126
BP 0.000000 9174373.459251 6376202.726918 4945023.429523 3981841.645627 3243851.135454 2651909.544573 2170246.255878 1776616.010236 1454514.043648 1190841.764259 974975.471856 798241.601140 653544.752887 535077.140554 438084.098803 358672.921350 293656.550333 240425.648437 191588.586087 155398.646412 126830.163955 103731.902078 84899.679744 69502.343732 56901.697848 46586.644827 38141.782225 31227.814723 25567.163146 115478.050210
*end

*partition[Annual_part]
year: 1987
time_step: Annual
values {d}
category 0 1 2 3 4 5 6 7 8 9 10 11 12 13 14 15 16 17 18 19 20 21 22 23 24 25 26 27 28 29 30
EN 0.000000 11825545.701330 10613566.678171 8984496.815601 7444109.259212 6120174.777327 5017932.798078 4110310.623454 3365774.589771 2755807.434138 2256302.697309 1847314.547869 1512455.891393 1238294.844935 1013830.251063 830054.051504 679590.790671 556401.882908 455543.333394 372967.336610 297207.411774 241066.706741 196749.010668 160917.154660 131703.117578 107817.548618 88270.427223 72268.898772 59168.558047 48443.063232 218800.522858
HG 0.000000 13219737.202299 11026915.618962 9008601.383366 7354194.690249 6011856.833200 4918865.717204 4026205.550792 3296072.766204 2698507.988853 2209326.690541 1808836.866405 1480948.510548 1212497.589685 992708.931719 812761.296133 665432.658842 544810.179493 446052.847917 365197.183927 291015.590764 236044.483724 192650.072974 157564.713960 128959.302646 105571.349703 86431.460001 70763.296724 57935.879762 47433.832754 214242.178662
BP 0.000000 9174373.459251 6376202.726918 4945023.429523 3981841.645627 3243851.135454 2651909.544573 2170246.255878 1776616.010236 1454514.043648 1190841.764259 974975.471856 798241.601140 653544.752887 535077.140554 438084.098803 358672.921350 293656.550333 240425.648437 196843.872164 156859.467352 127229.650795 103839.755641 84928.498301 69509.978729 56903.706221 46587.169928 38141.918800 31227.850083 25567.172264 115478.053742
*end

*partition[Annual_part]
year: 1988
time_step: Annual
values {d}
category 0 1 2 3 4 5 6 7 8 9 10 11 12 13 14 15 16 17 18 19 20 21 22 23 24 25 26 27 28 29 30
EN 0.000000 11825545.701330 10613566.678171 8984496.815601 7444109.259212 6120174.777327 5017932.798078 4110310.623454 3365774.589771 2755807.434138 2256302.697309 1847314.547869 1512455.891393 1238294.844935 1013830.251063 830054.051504 679590.790671 556401.882908 455543.333394 372967.336610 305359.828427 243332.848084 197368.726365 161084.465680 131747.823225 107829.392643 88273.542780 72269.713358 59168.769919 48443.118091 218800.542506
HG 0.000000 13219737.202299 11026915.618962 9008601.383366 7354194.690249 6011856.833200 4918865.717204 4026205.550792 3296072.766204 2698507.988853 2209326.690541 1808836.866405 1480948.510548 1212497.589685 992708.931719 812761.296133 665432.658842 544810.179493 446052.847917 365197.183927 298998.165377 238263.413766 193256.877909 157728.539319 129003.076913 105582.946967 86434.510642 70764.094333 57936.087215 47433.886466 214242.197880
BP 0.000000 9174373.459251 6376202.726918 4945023.429523 3981841.645627 3243851.135454 2651909.544573 2170246.255878 1776616.010236 1454514.043648 1190841.764259 974975.471856 798241.601140 653544.752887 535077.140554 438084.098803 358672.921350 293656.550333 240425.648437 196843.872164 161162.131686 128425.669829 104166.827807 85016.801334 69533.573371 56909.957230 46588.814246 38142.348718 31227.961903 25567.201215 115478.064104
*end

*partition[Annual_part]
year: 1989
time_step: Annual
values {d}
category 0 1 2 3 4 5 6 7 8 9 10 11 12 13 14 15 16 17 18 19 20 21 22 23 24 25 26 27 28 29 30
EN 0.000000 11825545.701330 10613566.678171 8984496.815601 7444109.259212 6120174.777327 5017932.798078 4110310.623454 3365774.589771 2755807.434138 2256302.697309 1847314.547869 1512455.891393 1238294.844935 1013830.251063 830054.051504 679590.790671 556401.882908 455543.333394 372967.336610 305359.828427 250007.482301 199224.085966 161591.845974 131884.805898 107865.994527 88283.239844 72272.264158 59169.436844 48443.291555 218800.603499
HG 0.000000 13219737.202299 11026915.618962 9008601.383366 7354194.690249 6011856.833200 4918865.717204 4026205.550792 3296072.766204 2698507.988853 2209326.690541 1808836.866405 1480948.510548 1212497.589685 992708.931719 812761.296133 665432.658842 544810.179493 446052.847917 365197.183927 298998.165377 244798.993097 195073.584179 158225.349185 129137.205777 105618.786309 86444.005681 70766.591989 57936.740243 47434.056315 214242.257596
BP 0.000000 9174373.459251 6376202.726918 4945023.429523 3981841.645627 3243851.135454 2651909.544573 2170246.255878 1776616.010236 1454514.043648 1190841.764259 974975.471856 798241.601140 653544.752887 535077.140554 438084.098803 358672.921350 293656.550333 240425.648437 196843.872164 161162.131686 131948.393441 105146.045372 85284.585376 69605.869780 56929.274890 46593.932140 38143.694973 31228.313890 25567.292765 115478.096292
*end

*partition[Annual_part]
year: 1990
time_step: Annual
values {d}
category 0 1 2 3 4 5 6 7 8 9 10 11 12 13 14 15 16 17 18 19 20 21 22 23 24 25 26 27 28 29 30
EN 0.000000 11825545.701330 10613566.678171 8984496.815601 7444109.259212 6120174.777327 5017932.798078 4110310.623454 3365774.589771 2755807.434138 2256302.697309 1847314.547869 1512455.891393 1238294.844935 1013830.251063 830054.051504 679590.790671 556401.882908 455543.333394 372967.336610 305359.828427 250007.482301 204688.814263 163110.885935 132300.213746 107978.146453 88313.206931 72280.203442 59171.525261 48443.837586 218800.795454
HG 0.000000 13219737.202299 11026915.618962 9008601.383366 7354194.690249 6011856.833200 4918865.717204 4026205.550792 3296072.766204 2698507.988853 2209326.690541 1808836.866405 1480948.510548 1212497.589685 992708.931719 812761.296133 665432.658842 544810.179493 446052.847917 365197.183927 298998.165377 244798.993097 200424.463968 159712.742479 129543.959294 105728.601736 86473.348454 70774.365870 57938.785152 47434.590970 214242.445550
BP 0.000000 9174373.459251 6376202.726918 4945023.429523 3981841.645627 3243851.135454 2651909.544573 2170246.255878 1776616.010236 1454514.043648 1190841.764259 974975.471856 798241.601140 653544.752887 535077.140554 438084.098803 358672.921350 293656.550333 240425.648437 196843.872164 161162.131686 131948.393441 108030.207529 86086.300911 69825.112811 56988.466184 46609.748103 38147.885150 31229.416110 25567.580948 115478.197601
*end

*partition[Annual_part]
year: 1991
time_step: Annual
values {d}
category 0 1 2 3 4 5 6 7 8 9 10 11 12 13 14 15 16 17 18 19 20 21 22 23 24 25 26 27 28 29 30
EN 0.000000 11825545.701330 10613566.678171 8984496.815601 7444109.259212 6120174.777327 5017932.798078 4110310.623454 3365774.589771 2755807.434138 2256302.697309 1847314.547869 1512455.891393 1238294.844935 1013830.251063 830054.051504 679590.790671 556401.882908 455543.333394 372967.336610 305359.828427 250007.482301 204688.814263 167585.027049 133543.898477 108318.253633 88405.029162 72304.738417 59178.025397 48445.547438 218801.399666
HG 0.000000 13219737.202299 11026915.618962 9008601.383366 7354194.690249 6011856.833200 4918865.717204 4026205.550792 3296072.766204 2698507.988853 2209326.690541 1808836.866405 1480948.510548 1212497.589685 992708.931719 812761.296133 665432.658842 544810.179493 446052.847917 365197.183927 298998.165377 244798.993097 200424.463968 164093.672319 130761.733926 106061.623349 86563.257721 70798.389701 57945.149868 47436.265200 214243.037173
BP 0.000000 9174373.459251 6376202.726918 4945023.429523 3981841.645627 3243851.135454 2651909.544573 2170246.255878 1776616.010236 1454514.043648 1190841.764259 974975.471856 798241.601140 653544.752887 535077.140554 438084.098803 358672.921350 293656.550333 240425.648437 196843.872164 161162.131686 131948.393441 108030.207529 88447.653165 70481.501974 57167.967195 46658.209835 38160.834165 31232.846737 25568.483370 115478.516490
*end

*partition[Annual_part]
year: 1992
time_step: Annual
values {d}
category 0 1 2 3 4 5 6 7 8 9 10 11 12 13 14 15 16 17 18 19 20 21 22 23 24 25 26 27 28 29 30
EN 0.000000 11825545.701330 10613566.678171 8984496.815601 7444109.259212 6120174.777327 5017932.798078 4110310.623454 3365774.589771 2755807.434138 2256302.697309 1847314.547869 1512455.891393 1238294.844935 1013830.251063 830054.051504 679590.790671 556401.882908 455543.333394 372967.336610 305359.828427 250007.482301 204688.814263 167585.027049 137207.015401 109336.496569 88683.485369 72379.916101 59198.112936 48450.869299 218803.294260
HG 0.000000 13219737.202299 11026915.618962 9008601.383366 7354194.690249 6011856.833200 4918865.717204 4026205.550792 3296072.766204 2698507.988853 2209326.690541 1808836.866405 1480948.510548 1212497.589685 992708.931719 812761.296133 665432.658842 544810.179493 446052.847917 365197.183927 298998.165377 244798.993097 200424.463968 164093.672319 134348.535913 107058.652891 86835.912757 70872.001183 57964.818916 47441.476188 214244.892296
BP 0.000000 9174373.459251 6376202.726918 4945023.429523 3981841.645627 3243851.135454 2651909.544573 2170246.255878 1776616.010236 1454514.043648 1190841.764259 974975.471856 798241.601140 653544.752887 535077.140554 438084.098803 358672.921350 293656.550333 240425.648437 196843.872164 161162.131686 131948.393441 108030.207529 88447.653165 72414.813684 57705.373189 46805.172834 38200.511276 31243.448494 25571.292130 115479.516415
*end

*partition[Annual_part]
year: 1993
time_step: Annual
values {d}
category 0 1 2 3 4 5 6 7 8 9 10 11 12 13 14 15 16 17 18 19 20 21 22 23 24 25 26 27 28 29 30
EN 0.000000 11825545.701330 10613566.678171 8984496.815601 7444109.259212 6120174.777327 5017932.798078 4110310.623454 3365774.589771 2755807.434138 2256302.697309 1847314.547869 1512455.891393 1238294.844935 1013830.251063 830054.051504 679590.790671 556401.882908 455543.333394 372967.336610 305359.828427 250007.482301 204688.814263 167585.027049 137207.015401 112335.603047 89517.152175 72607.896762 59259.663217 48467.315585 218809.202594
HG 0.000000 13219737.202299 11026915.618962 9008601.383366 7354194.690249 6011856.833200 4918865.717204 4026205.550792 3296072.766204 2698507.988853 2209326.690541 1808836.866405 1480948.510548 1212497.589685 992708.931719 812761.296133 665432.658842 544810.179493 446052.847917 365197.183927 298998.165377 244798.993097 200424.463968 164093.672319 134348.535913 109995.277983 87652.211505 71095.232246 58025.086900 47457.579843 214250.677540
BP 0.000000 9174373.459251 6376202.726918 4945023.429523 3981841.645627 3243851.135454 2651909.544573 2170246.255878 1776616.010236 1454514.043648 1190841.764259 974975.471856 798241.601140 653544.752887 535077.140554 438084.098803 358672.921350 293656.550333 240425.648437 196843.872164 161162.131686 131948.393441 108030.207529 88447.653165 72414.813684 59288.234941 47245.163648 38320.834402 31275.933365 25579.972114 115482.634702
*end

*partition[Annual_part]
year: 1994
time_step: Annual
values {d}
category 0 1 2 3 4 5 6 7 8 9 10 11 12 13 14 15 16 17 18 19 20 21 22 23 24 25 26 27 28 29 30
EN 0.000000 11825545.701330 10613566.678171 8984496.815601 7444109.259212 6120174.777327 5017932.798078 4110310.623454 3365774.589771 2755807.434138 2256302.697309 1847314.547869 1512455.891393 1238294.844935 1013830.251063 830054.051504 679590.790671 556401.882908 455543.333394 372967.336610 305359.828427 250007.482301 204688.814263 167585.027049 137207.015401 112335.603047 91972.612880 73290.445414 59446.317995 48517.708693 218827.505008
HG 0.000000 13219737.202299 11026915.618962 9008601.383366 7354194.690249 6011856.833200 4918865.717204 4026205.550792 3296072.766204 2698507.988853 2209326.690541 1808836.866405 1480948.510548 1212497.589685 992708.931719 812761.296133 665432.658842 544810.179493 446052.847917 365197.183927 298998.165377 244798.993097 200424.463968 164093.672319 134348.535913 109995.277983 90056.516778 71763.561134 58207.853037 47506.923095 214268.598654
BP 0.000000 9174373.459251 6376202.726918 4945023.429523 3981841.645627 3243851.135454 2651909.544573 2170246.255878 1776616.010236 1454514.043648 1190841.764259 974975.471856 798241.601140 653544.752887 535077.140554 438084.098803 358672.921350 293656.550333 240425.648437 196843.872164 161162.131686 131948.393441 108030.207529 88447.653165 72414.813684 59288.234941 48541.101242 38681.068413 31374.445609 25606.568477 115492.294310
*end

*partition[Annual_part]
year: 1995
time_step: Annual
values {d}
category 0 1 2 3 4 5 6 7 8 9 10 11 12 13 14 15 16 17 18 19 20 21 22 23 24 25 26 27 28 29 30
EN 0.000000 11825545.701330 10613566.678171 8984496.815601 7444109.259212 6120174.777327 5017932.798078 4110310.623454 3365774.589771 2755807.434138 2256302.697309 1847314.547869 1512455.891393 1238294.844935 1013830.251063 830054.051504 679590.790671 556401.882908 455543.333394 372967.336610 305359.828427 250007.482301 204688.814263 167585.027049 137207.015401 112335.603047 91972.612880 75300.806606 60005.141567 48670.528700 218883.748145
HG 0.000000 13219737.202299 11026915.618962 9008601.383366 7354194.690249 6011856.833200 4918865.717204 4026205.550792 3296072.766204 2698507.988853 2209326.690541 1808836.866405 1480948.510548 1212497.589685 992708.931719 812761.296133 665432.658842 544810.179493 446052.847917 365197.183927 298998.165377 244798.993097 200424.463968 164093.672319 134348.535913 109995.277983 90056.516778 73732.039801 58755.034451 47656.559352 214323.670059
BP 0.000000 9174373.459251 6376202.726918 4945023.429523 3981841.645627 3243851.135454 2651909.544573 2170246.255878 1776616.010236 1454514.043648 1190841.764259 974975.471856 798241.601140 653544.752887 535077.140554 438084.098803 358672.921350 293656.550333 240425.648437 196843.872164 161162.131686 131948.393441 108030.207529 88447.653165 72414.813684 59288.234941 48541.101242 39742.092375 31669.380272 25687.223481 115521.978188
*end

*partition[Annual_part]
year: 1996
time_step: Annual
values {d}
category 0 1 2 3 4 5 6 7 8 9 10 11 12 13 14 15 16 17 18 19 20 21 22 23 24 25 26 27 28 29 30
EN 0.000000 11825545.701330 10613566.678171 8984496.815601 7444109.259212 6120174.777327 5017932.798078 4110310.623454 3365774.589771 2755807.434138 2256302.697309 1847314.547869 1512455.891393 1238294.844935 1013830.251063 830054.051504 679590.790671 556401.882908 455543.333394 372967.336610 305359.828427 250007.482301 204688.814263 167585.027049 137207.015401 112335.603047 91972.612880 75300.806606 61651.086100 49128.054744 219054.914571
HG 0.000000 13219737.202299 11026915.618962 9008601.383366 7354194.690249 6011856.833200 4918865.717204 4026205.550792 3296072.766204 2698507.988853 2209326.690541 1808836.866405 1480948.510548 1212497.589685 992708.931719 812761.296133 665432.658842 544810.179493 446052.847917 365197.183927 298998.165377 244798.993097 200424.463968 164093.672319 134348.535913 109995.277983 90056.516778 73732.039801 60366.688473 48104.553603 214491.270517
BP 0.000000 9174373.459251 6376202.726918 4945023.429523 3981841.645627 3243851.135454 2651909.544573 2170246.255878 1776616.010236 1454514.043648 1190841.764259 974975.471856 798241.601140 653544.752887 535077.140554 438084.098803 358672.921350 293656.550333 240425.648437 196843.872164 161162.131686 131948.393441 108030.207529 88447.653165 72414.813684 59288.234941 48541.101242 39742.092375 32538.073219 25928.695559 115612.316024
*end

*partition[Annual_part]
year: 1997
time_step: Annual
values {d}
category 0 1 2 3 4 5 6 7 8 9 10 11 12 13 14 15 16 17 18 19 20 21 22 23 24 25 26 27 28 29 30
EN 0.000000 11825545.701330 10613566.678171 8984496.815601 7444109.259212 6120174.777327 5017932.798078 4110310.623454 3365774.589771 2755807.434138 2256302.697309 1847314.547869 1512455.891393 1238294.844935 1013830.251063 830054.051504 679590.790671 556401.882908 455543.333394 372967.336610 305359.828427 250007.482301 204688.814263 167585.027049 137207.015401 112335.603047 91972.612880 75300.806606 61651.086100 50475.640150 219569.644430
HG 0.000000 13219737.202299 11026915.618962 9008601.383366 7354194.690249 6011856.833200 4918865.717204 4026205.550792 3296072.766204 2698507.988853 2209326.690541 1808836.866405 1480948.510548 1212497.589685 992708.931719 812761.296133 665432.658842 544810.179493 446052.847917 365197.183927 298998.165377 244798.993097 200424.463968 164093.672319 134348.535913 109995.277983 90056.516778 73732.039801 60366.688473 49424.064314 214995.276837
BP 0.000000 9174373.459251 6376202.726918 4945023.429523 3981841.645627 3243851.135454 2651909.544573 2170246.255878 1776616.010236 1454514.043648 1190841.764259 974975.471856 798241.601140 653544.752887 535077.140554 438084.098803 358672.921350 293656.550333 240425.648437 196843.872164 161162.131686 131948.393441 108030.207529 88447.653165 72414.813684 59288.234941 48541.101242 39742.092375 32538.073219 26639.921191 115883.979005
*end

*partition[Annual_part]
year: 1998
time_step: Annual
values {d}
category 0 1 2 3 4 5 6 7 8 9 10 11 12 13 14 15 16 17 18 19 20 21 22 23 24 25 26 27 28 29 30
EN 0.000000 11825545.701330 10613566.678171 8984496.815601 7444109.259212 6120174.777327 5017932.798078 4110310.623454 3365774.589771 2755807.434138 2256302.697309 1847314.547869 1512455.891393 1238294.844935 1013830.251063 830054.051504 679590.790671 556401.882908 455543.333394 372967.336610 305359.828427 250007.482301 204688.814263 167585.027049 137207.015401 112335.603047 91972.612880 75300.806606 61651.086100 50475.640150 221094.379209
HG 0.000000 13219737.202299 11026915.618962 9008601.383366 7354194.690249 6011856.833200 4918865.717204 4026205.550792 3296072.766204 2698507.988853 2209326.690541 1808836.866405 1480948.510548 1212497.589685 992708.931719 812761.296133 665432.658842 544810.179493 446052.847917 365197.183927 298998.165377 244798.993097 200424.463968 164093.672319 134348.535913 109995.277983 90056.516778 73732.039801 60366.688473 49424.064314 216488.246309
BP 0.000000 9174373.459251 6376202.726918 4945023.429523 3981841.645627 3243851.135454 2651909.544573 2170246.255878 1776616.010236 1454514.043648 1190841.764259 974975.471856 798241.601140 653544.752887 535077.140554 438084.098803 358672.921350 293656.550333 240425.648437 196843.872164 161162.131686 131948.393441 108030.207529 88447.653165 72414.813684 59288.234941 48541.101242 39742.092375 32538.073219 26639.921191 116688.700138
*end

*partition[Annual_part]
year: 1999
time_step: Annual
values {d}
category 0 1 2 3 4 5 6 7 8 9 10 11 12 13 14 15 16 17 18 19 20 21 22 23 24 25 26 27 28 29 30
EN 0.000000 11825545.701330 10613566.678171 8984496.815601 7444109.259212 6120174.777327 5017932.798078 4110310.623454 3365774.589771 2755807.434138 2256302.697309 1847314.547869 1512455.891393 1238294.844935 1013830.251063 830054.051504 679590.790671 556401.882908 455543.333394 372967.336610 305359.828427 250007.482301 204688.814263 167585.027049 137207.015401 112335.603047 91972.612880 75300.806606 61651.086100 50475.640150 222342.726464
HG 0.000000 13219737.202299 11026915.618962 9008601.383366 7354194.690249 6011856.833200 4918865.717204 4026205.550792 3296072.766204 2698507.988853 2209326.690541 1808836.866405 1480948.510548 1212497.589685 992708.931719 812761.296133 665432.658842 544810.179493 446052.847917 365197.183927 298998.165377 244798.993097 200424.463968 164093.672319 134348.535913 109995.277983 90056.516778 73732.039801 60366.688473 49424.064314 217710.586329
BP 0.000000 9174373.459251 6376202.726918 4945023.429523 3981841.645627 3243851.135454 2651909.544573 2170246.255878 1776616.010236 1454514.043648 1190841.764259 974975.471856 798241.601140 653544.752887 535077.140554 438084.098803 358672.921350 293656.550333 240425.648437 196843.872164 161162.131686 131948.393441 108030.207529 88447.653165 72414.813684 59288.234941 48541.101242 39742.092375 32538.073219 26639.921191 117347.550078
*end

*partition[Annual_part]
year: 2000
time_step: Annual
values {d}
category 0 1 2 3 4 5 6 7 8 9 10 11 12 13 14 15 16 17 18 19 20 21 22 23 24 25 26 27 28 29 30
EN 0.000000 11825545.701330 10613566.678171 8984496.815601 7444109.259212 6120174.777327 5017932.798078 4110310.623454 3365774.589771 2755807.434138 2256302.697309 1847314.547869 1512455.891393 1238294.844935 1013830.251063 830054.051504 679590.790671 556401.882908 455543.333394 372967.336610 305359.828427 250007.482301 204688.814263 167585.027049 137207.015401 112335.603047 91972.612880 75300.806606 61651.086100 50475.640150 223364.786752
HG 0.000000 13219737.202299 11026915.618962 9008601.383366 7354194.690249 6011856.833200 4918865.717204 4026205.550792 3296072.766204 2698507.988853 2209326.690541 1808836.866405 1480948.510548 1212497.589685 992708.931719 812761.296133 665432.658842 544810.179493 446052.847917 365197.183927 298998.165377 244798.993097 200424.463968 164093.672319 134348.535913 109995.277983 90056.516778 73732.039801 60366.688473 49424.064314 218711.353694
BP 0.000000 9174373.459251 6376202.726918 4945023.429523 3981841.645627 3243851.135454 2651909.544573 2170246.255878 1776616.010236 1454514.043648 1190841.764259 974975.471856 798241.601140 653544.752887 535077.140554 438084.098803 358672.921350 293656.550333 240425.648437 196843.872164 161162.131686 131948.393441 108030.207529 88447.653165 72414.813684 59288.234941 48541.101242 39742.092375 32538.073219 26639.921191 117886.970786
*end

*partition[Annual_part]
year: 2001
time_step: Annual
values {d}
category 0 1 2 3 4 5 6 7 8 9 10 11 12 13 14 15 16 17 18 19 20 21 22 23 24 25 26 27 28 29 30
EN 0.000000 11825545.701330 10613566.678171 8984496.815601 7444109.259212 6120174.777327 5017932.798078 4110310.623454 3365774.589771 2755807.434138 2256302.697309 1847314.547869 1512455.891393 1238294.844935 1013830.251063 830054.051504 679590.790671 556401.882908 455543.333394 372967.336610 305359.828427 250007.482301 204688.814263 167585.027049 137207.015401 112335.603047 91972.612880 75300.806606 61651.086100 50475.640150 224201.578941
HG 0.000000 13219737.202299 11026915.618962 9008601.383366 7354194.690249 6011856.833200 4918865.717204 4026205.550792 3296072.766204 2698507.988853 2209326.690541 1808836.866405 1480948.510548 1212497.589685 992708.931719 812761.296133 665432.658842 544810.179493 446052.847917 365197.183927 298998.165377 244798.993097 200424.463968 164093.672319 134348.535913 109995.277983 90056.516778 73732.039801 60366.688473 49424.064314 219530.712713
BP 0.000000 9174373.459251 6376202.726918 4945023.429523 3981841.645627 3243851.135454 2651909.544573 2170246.255878 1776616.010236 1454514.043648 1190841.764259 974975.471856 798241.601140 653544.752887 535077.140554 438084.098803 358672.921350 293656.550333 240425.648437 196843.872164 161162.131686 131948.393441 108030.207529 88447.653165 72414.813684 59288.234941 48541.101242 39742.092375 32538.073219 26639.921191 118328.611108
*end

*partition[Annual_part]
year: 2002
time_step: Annual
values {d}
category 0 1 2 3 4 5 6 7 8 9 10 11 12 13 14 15 16 17 18 19 20 21 22 23 24 25 26 27 28 29 30
EN 0.000000 11825545.701330 10613566.678171 8984496.815601 7444109.259212 6120174.777327 5017932.798078 4110310.623454 3365774.589771 2755807.434138 2256302.697309 1847314.547869 1512455.891393 1238294.844935 1013830.251063 830054.051504 679590.790671 556401.882908 455543.333394 372967.336610 305359.828427 250007.482301 204688.814263 167585.027049 137207.015401 112335.603047 91972.612880 75300.806606 61651.086100 50475.640150 224886.686440
HG 0.000000 13219737.202299 11026915.618962 9008601.383366 7354194.690249 6011856.833200 4918865.717204 4026205.550792 3296072.766204 2698507.988853 2209326.690541 1808836.866405 1480948.510548 1212497.589685 992708.931719 812761.296133 665432.658842 544810.179493 446052.847917 365197.183927 298998.165377 244798.993097 200424.463968 164093.672319 134348.535913 109995.277983 90056.516778 73732.039801 60366.688473 49424.064314 220201.547139
BP 0.000000 9174373.459251 6376202.726918 4945023.429523 3981841.645627 3243851.135454 2651909.544573 2170246.255878 1776616.010236 1454514.043648 1190841.764259 974975.471856 798241.601140 653544.752887 535077.140554 438084.098803 358672.921350 293656.550333 240425.648437 196843.872164 161162.131686 131948.393441 108030.207529 88447.653165 72414.813684 59288.234941 48541.101242 39742.092375 32538.073219 26639.921191 118690.195621
*end

*partition[Annual_part]
year: 2003
time_step: Annual
values {d}
category 0 1 2 3 4 5 6 7 8 9 10 11 12 13 14 15 16 17 18 19 20 21 22 23 24 25 26 27 28 29 30
EN 0.000000 11825545.701330 10613566.678171 8984496.815601 7444109.259212 6120174.777327 5017932.798078 4110310.623454 3365774.589771 2755807.434138 2256302.697309 1847314.547869 1512455.891393 1238294.844935 1013830.251063 830054.051504 679590.790671 556401.882908 455543.333394 372967.336610 305359.828427 250007.482301 204688.814263 167585.027049 137207.015401 112335.603047 91972.612880 75300.806606 61651.086100 50475.640150 225447.605018
HG 0.000000 13219737.202299 11026915.618962 9008601.383366 7354194.690249 6011856.833200 4918865.717204 4026205.550792 3296072.766204 2698507.988853 2209326.690541 1808836.866405 1480948.510548 1212497.589685 992708.931719 812761.296133 665432.658842 544810.179493 446052.847917 365197.183927 298998.165377 244798.993097 200424.463968 164093.672319 134348.535913 109995.277983 90056.516778 73732.039801 60366.688473 49424.064314 220750.779914
BP 0.000000 9174373.459251 6376202.726918 4945023.429523 3981841.645627 3243851.135454 2651909.544573 2170246.255878 1776616.010236 1454514.043648 1190841.764259 974975.471856 798241.601140 653544.752887 535077.140554 438084.098803 358672.921350 293656.550333 240425.648437 196843.872164 161162.131686 131948.393441 108030.207529 88447.653165 72414.813684 59288.234941 48541.101242 39742.092375 32538.073219 26639.921191 118986.235982
*end

*partition[Annual_part]
year: 2004
time_step: Annual
values {d}
category 0 1 2 3 4 5 6 7 8 9 10 11 12 13 14 15 16 17 18 19 20 21 22 23 24 25 26 27 28 29 30
EN 0.000000 11825545.701330 10613566.678171 8984496.815601 7444109.259212 6120174.777327 5017932.798078 4110310.623454 3365774.589771 2755807.434138 2256302.697309 1847314.547869 1512455.891393 1238294.844935 1013830.251063 830054.051504 679590.790671 556401.882908 455543.333394 372967.336610 305359.828427 250007.482301 204688.814263 167585.027049 137207.015401 112335.603047 91972.612880 75300.806606 61651.086100 50475.640150 225906.846309
HG 0.000000 13219737.202299 11026915.618962 9008601.383366 7354194.690249 6011856.833200 4918865.717204 4026205.550792 3296072.766204 2698507.988853 2209326.690541 1808836.866405 1480948.510548 1212497.589685 992708.931719 812761.296133 665432.658842 544810.179493 446052.847917 365197.183927 298998.165377 244798.993097 200424.463968 164093.672319 134348.535913 109995.277983 90056.516778 73732.039801 60366.688473 49424.064314 221200.453677
BP 0.000000 9174373.459251 6376202.726918 4945023.429523 3981841.645627 3243851.135454 2651909.544573 2170246.255878 1776616.010236 1454514.043648 1190841.764259 974975.471856 798241.601140 653544.752887 535077.140554 438084.098803 358672.921350 293656.550333 240425.648437 196843.872164 161162.131686 131948.393441 108030.207529 88447.653165 72414.813684 59288.234941 48541.101242 39742.092375 32538.073219 26639.921191 119228.613330
*end

*partition[Annual_part]
year: 2005
time_step: Annual
values {d}
category 0 1 2 3 4 5 6 7 8 9 10 11 12 13 14 15 16 17 18 19 20 21 22 23 24 25 26 27 28 29 30
EN 0.000000 11825545.701330 10613566.678171 8984496.815601 7444109.259212 6120174.777327 5017932.798078 4110310.623454 3365774.589771 2755807.434138 2256302.697309 1847314.547869 1512455.891393 1238294.844935 1013830.251063 830054.051504 679590.790671 556401.882908 455543.333394 372967.336610 305359.828427 250007.482301 204688.814263 167585.027049 137207.015401 112335.603047 91972.612880 75300.806606 61651.086100 50475.640150 226282.841276
HG 0.000000 13219737.202299 11026915.618962 9008601.383366 7354194.690249 6011856.833200 4918865.717204 4026205.550792 3296072.766204 2698507.988853 2209326.690541 1808836.866405 1480948.510548 1212497.589685 992708.931719 812761.296133 665432.658842 544810.179493 446052.847917 365197.183927 298998.165377 244798.993097 200424.463968 164093.672319 134348.535913 109995.277983 90056.516778 73732.039801 60366.688473 49424.064314 221568.615416
BP 0.000000 9174373.459251 6376202.726918 4945023.429523 3981841.645627 3243851.135454 2651909.544573 2170246.255878 1776616.010236 1454514.043648 1190841.764259 974975.471856 798241.601140 653544.752887 535077.140554 438084.098803 358672.921350 293656.550333 240425.648437 196843.872164 161162.131686 131948.393441 108030.207529 88447.653165 72414.813684 59288.234941 48541.101242 39742.092375 32538.073219 26639.921191 119427.055118
*end

*partition[Annual_part]
year: 2006
time_step: Annual
values {d}
category 0 1 2 3 4 5 6 7 8 9 10 11 12 13 14 15 16 17 18 19 20 21 22 23 24 25 26 27 28 29 30
EN 0.000000 11825545.701330 10613566.678171 8984496.815601 7444109.259212 6120174.777327 5017932.798078 4110310.623454 3365774.589771 2755807.434138 2256302.697309 1847314.547869 1512455.891393 1238294.844935 1013830.251063 830054.051504 679590.790671 556401.882908 455543.333394 372967.336610 305359.828427 250007.482301 204688.814263 167585.027049 137207.015401 112335.603047 91972.612880 75300.806606 61651.086100 50475.640150 226590.679919
HG 0.000000 13219737.202299 11026915.618962 9008601.383366 7354194.690249 6011856.833200 4918865.717204 4026205.550792 3296072.766204 2698507.988853 2209326.690541 1808836.866405 1480948.510548 1212497.589685 992708.931719 812761.296133 665432.658842 544810.179493 446052.847917 365197.183927 298998.165377 244798.993097 200424.463968 164093.672319 134348.535913 109995.277983 90056.516778 73732.039801 60366.688473 49424.064314 221870.040754
BP 0.000000 9174373.459251 6376202.726918 4945023.429523 3981841.645627 3243851.135454 2651909.544573 2170246.255878 1776616.010236 1454514.043648 1190841.764259 974975.471856 798241.601140 653544.752887 535077.140554 438084.098803 358672.921350 293656.550333 240425.648437 196843.872164 161162.131686 131948.393441 108030.207529 88447.653165 72414.813684 59288.234941 48541.101242 39742.092375 32538.073219 26639.921191 119589.525513
*end

*partition[Annual_part]
year: 2007
time_step: Annual
values {d}
category 0 1 2 3 4 5 6 7 8 9 10 11 12 13 14 15 16 17 18 19 20 21 22 23 24 25 26 27 28 29 30
EN 0.000000 11825545.701330 10613566.678171 8984496.815601 7444109.259212 6120174.777327 5017932.798078 4110310.623454 3365774.589771 2755807.434138 2256302.697309 1847314.547869 1512455.891393 1238294.844935 1013830.251063 830054.051504 679590.790671 556401.882908 455543.333394 372967.336610 305359.828427 250007.482301 204688.814263 167585.027049 137207.015401 112335.603047 91972.612880 75300.806606 61651.086100 50475.640150 226842.716883
HG 0.000000 13219737.202299 11026915.618962 9008601.383366 7354194.690249 6011856.833200 4918865.717204 4026205.550792 3296072.766204 2698507.988853 2209326.690541 1808836.866405 1480948.510548 1212497.589685 992708.931719 812761.296133 665432.658842 544810.179493 446052.847917 365197.183927 298998.165377 244798.993097 200424.463968 164093.672319 134348.535913 109995.277983 90056.516778 73732.039801 60366.688473 49424.064314 222116.826948
BP 0.000000 9174373.459251 6376202.726918 4945023.429523 3981841.645627 3243851.135454 2651909.544573 2170246.255878 1776616.010236 1454514.043648 1190841.764259 974975.471856 798241.601140 653544.752887 535077.140554 438084.098803 358672.921350 293656.550333 240425.648437 196843.872164 161162.131686 131948.393441 108030.207529 88447.653165 72414.813684 59288.234941 48541.101242 39742.092375 32538.073219 26639.921191 119722.545022
*end

*partition[Annual_part]
year: 2008
time_step: Annual
values {d}
category 0 1 2 3 4 5 6 7 8 9 10 11 12 13 14 15 16 17 18 19 20 21 22 23 24 25 26 27 28 29 30
EN 0.000000 11825545.701330 10613566.678171 8984496.815601 7444109.259212 6120174.777327 5017932.798078 4110310.623454 3365774.589771 2755807.434138 2256302.697309 1847314.547869 1512455.891393 1238294.844935 1013830.251063 830054.051504 679590.790671 556401.882908 455543.333394 372967.336610 305359.828427 250007.482301 204688.814263 167585.027049 137207.015401 112335.603047 91972.612880 75300.806606 61651.086100 50475.640150 227049.067296
HG 0.000000 13219737.202299 11026915.618962 9008601.383366 7354194.690249 6011856.833200 4918865.717204 4026205.550792 3296072.766204 2698507.988853 2209326.690541 1808836.866405 1480948.510548 1212497.589685 992708.931719 812761.296133 665432.658842 544810.179493 446052.847917 365197.183927 298998.165377 244798.993097 200424.463968 164093.672319 134348.535913 109995.277983 90056.516778 73732.039801 60366.688473 49424.064314 222318.878394
BP 0.000000 9174373.459251 6376202.726918 4945023.429523 3981841.645627 3243851.135454 2651909.544573 2170246.255878 1776616.010236 1454514.043648 1190841.764259 974975.471856 798241.601140 653544.752887 535077.140554 438084.098803 358672.921350 293656.550333 240425.648437 196843.872164 161162.131686 131948.393441 108030.207529 88447.653165 72414.813684 59288.234941 48541.101242 39742.092375 32538.073219 26639.921191 119831.452184
*end

*partition[Annual_part]
year: 2009
time_step: Annual
values {d}
category 0 1 2 3 4 5 6 7 8 9 10 11 12 13 14 15 16 17 18 19 20 21 22 23 24 25 26 27 28 29 30
EN 0.000000 11825545.701330 10613566.678171 8984496.815601 7444109.259212 6120174.777327 5017932.798078 4110310.623454 3365774.589771 2755807.434138 2256302.697309 1847314.547869 1512455.891393 1238294.844935 1013830.251063 830054.051504 679590.790671 556401.882908 455543.333394 372967.336610 305359.828427 250007.482301 204688.814263 167585.027049 137207.015401 112335.603047 91972.612880 75300.806606 61651.086100 50475.640150 227218.012726
HG 0.000000 13219737.202299 11026915.618962 9008601.383366 7354194.690249 6011856.833200 4918865.717204 4026205.550792 3296072.766204 2698507.988853 2209326.690541 1808836.866405 1480948.510548 1212497.589685 992708.931719 812761.296133 665432.658842 544810.179493 446052.847917 365197.183927 298998.165377 244798.993097 200424.463968 164093.672319 134348.535913 109995.277983 90056.516778 73732.039801 60366.688473 49424.064314 222484.304127
BP 0.000000 9174373.459251 6376202.726918 4945023.429523 3981841.645627 3243851.135454 2651909.544573 2170246.255878 1776616.010236 1454514.043648 1190841.764259 974975.471856 798241.601140 653544.752887 535077.140554 438084.098803 358672.921350 293656.550333 240425.648437 196843.872164 161162.131686 131948.393441 108030.207529 88447.653165 72414.813684 59288.234941 48541.101242 39742.092375 32538.073219 26639.921191 119920.617828
*end

*partition[Annual_part]
year: 2010
time_step: Annual
values {d}
category 0 1 2 3 4 5 6 7 8 9 10 11 12 13 14 15 16 17 18 19 20 21 22 23 24 25 26 27 28 29 30
EN 0.000000 11825545.701330 10613566.678171 8984496.815601 7444109.259212 6120174.777327 5017932.798078 4110310.623454 3365774.589771 2755807.434138 2256302.697309 1847314.547869 1512455.891393 1238294.844935 1013830.251063 830054.051504 679590.790671 556401.882908 455543.333394 372967.336610 305359.828427 250007.482301 204688.814263 167585.027049 137207.015401 112335.603047 91972.612880 75300.806606 61651.086100 50475.640150 227356.333544
HG 0.000000 13219737.202299 11026915.618962 9008601.383366 7354194.690249 6011856.833200 4918865.717204 4026205.550792 3296072.766204 2698507.988853 2209326.690541 1808836.866405 1480948.510548 1212497.589685 992708.931719 812761.296133 665432.658842 544810.179493 446052.847917 365197.183927 298998.165377 244798.993097 200424.463968 164093.672319 134348.535913 109995.277983 90056.516778 73732.039801 60366.688473 49424.064314 222619.743262
BP 0.000000 9174373.459251 6376202.726918 4945023.429523 3981841.645627 3243851.135454 2651909.544573 2170246.255878 1776616.010236 1454514.043648 1190841.764259 974975.471856 798241.601140 653544.752887 535077.140554 438084.098803 358672.921350 293656.550333 240425.648437 196843.872164 161162.131686 131948.393441 108030.207529 88447.653165 72414.813684 59288.234941 48541.101242 39742.092375 32538.073219 26639.921191 119993.620482
*end

*partition[Annual_part]
year: 2011
time_step: Annual
values {d}
category 0 1 2 3 4 5 6 7 8 9 10 11 12 13 14 15 16 17 18 19 20 21 22 23 24 25 26 27 28 29 30
EN 0.000000 11825545.701330 10613566.678171 8984496.815601 7444109.259212 6120174.777327 5017932.798078 4110310.623454 3365774.589771 2755807.434138 2256302.697309 1847314.547869 1512455.891393 1238294.844935 1013830.251063 830054.051504 679590.790671 556401.882908 455543.333394 372967.336610 305359.828427 250007.482301 204688.814263 167585.027049 137207.015401 112335.603047 91972.612880 75300.806606 61651.086100 50475.640150 227469.581052
HG 0.000000 13219737.202299 11026915.618962 9008601.383366 7354194.690249 6011856.833200 4918865.717204 4026205.550792 3296072.766204 2698507.988853 2209326.690541 1808836.866405 1480948.510548 1212497.589685 992708.931719 812761.296133 665432.658842 544810.179493 446052.847917 365197.183927 298998.165377 244798.993097 200424.463968 164093.672319 134348.535913 109995.277983 90056.516778 73732.039801 60366.688473 49424.064314 222730.631447
BP 0.000000 9174373.459251 6376202.726918 4945023.429523 3981841.645627 3243851.135454 2651909.544573 2170246.255878 1776616.010236 1454514.043648 1190841.764259 974975.471856 798241.601140 653544.752887 535077.140554 438084.098803 358672.921350 293656.550333 240425.648437 196843.872164 161162.131686 131948.393441 108030.207529 88447.653165 72414.813684 59288.234941 48541.101242 39742.092375 32538.073219 26639.921191 120053.390000
*end

*partition[Annual_part]
year: 2012
time_step: Annual
values {d}
category 0 1 2 3 4 5 6 7 8 9 10 11 12 13 14 15 16 17 18 19 20 21 22 23 24 25 26 27 28 29 30
EN 0.000000 11825545.701330 10613566.678171 8984496.815601 7444109.259212 6120174.777327 5017932.798078 4110310.623454 3365774.589771 2755807.434138 2256302.697309 1847314.547869 1512455.891393 1238294.844935 1013830.251063 830054.051504 679590.790671 556401.882908 455543.333394 372967.336610 305359.828427 250007.482301 204688.814263 167585.027049 137207.015401 112335.603047 91972.612880 75300.806606 61651.086100 50475.640150 227562.300270
HG 0.000000 13219737.202299 11026915.618962 9008601.383366 7354194.690249 6011856.833200 4918865.717204 4026205.550792 3296072.766204 2698507.988853 2209326.690541 1808836.866405 1480948.510548 1212497.589685 992708.931719 812761.296133 665432.658842 544810.179493 446052.847917 365197.183927 298998.165377 244798.993097 200424.463968 164093.672319 134348.535913 109995.277983 90056.516778 73732.039801 60366.688473 49424.064314 222821.419014
BP 0.000000 9174373.459251 6376202.726918 4945023.429523 3981841.645627 3243851.135454 2651909.544573 2170246.255878 1776616.010236 1454514.043648 1190841.764259 974975.471856 798241.601140 653544.752887 535077.140554 438084.098803 358672.921350 293656.550333 240425.648437 196843.872164 161162.131686 131948.393441 108030.207529 88447.653165 72414.813684 59288.234941 48541.101242 39742.092375 32538.073219 26639.921191 120102.325142
*end

*partition[Annual_part]
year: 2013
time_step: Annual
values {d}
category 0 1 2 3 4 5 6 7 8 9 10 11 12 13 14 15 16 17 18 19 20 21 22 23 24 25 26 27 28 29 30
EN 0.000000 11825545.701330 10613566.678171 8984496.815601 7444109.259212 6120174.777327 5017932.798078 4110310.623454 3365774.589771 2755807.434138 2256302.697309 1847314.547869 1512455.891393 1238294.844935 1013830.251063 830054.051504 679590.790671 556401.882908 455543.333394 372967.336610 305359.828427 250007.482301 204688.814263 167585.027049 137207.015401 112335.603047 91972.612880 75300.806606 61651.086100 50475.640150 227638.212344
HG 0.000000 13219737.202299 11026915.618962 9008601.383366 7354194.690249 6011856.833200 4918865.717204 4026205.550792 3296072.766204 2698507.988853 2209326.690541 1808836.866405 1480948.510548 1212497.589685 992708.931719 812761.296133 665432.658842 544810.179493 446052.847917 365197.183927 298998.165377 244798.993097 200424.463968 164093.672319 134348.535913 109995.277983 90056.516778 73732.039801 60366.688473 49424.064314 222895.749587
BP 0.000000 9174373.459251 6376202.726918 4945023.429523 3981841.645627 3243851.135454 2651909.544573 2170246.255878 1776616.010236 1454514.043648 1190841.764259 974975.471856 798241.601140 653544.752887 535077.140554 438084.098803 358672.921350 293656.550333 240425.648437 196843.872164 161162.131686 131948.393441 108030.207529 88447.653165 72414.813684 59288.234941 48541.101242 39742.092375 32538.073219 26639.921191 120142.389848
*end

*partition[Annual_part]
year: 2014
time_step: Annual
values {d}
category 0 1 2 3 4 5 6 7 8 9 10 11 12 13 14 15 16 17 18 19 20 21 22 23 24 25 26 27 28 29 30
EN 0.000000 11825545.701330 10613566.678171 8984496.815601 7444109.259212 6120174.777327 5017932.798078 4110310.623454 3365774.589771 2755807.434138 2256302.697309 1847314.547869 1512455.891393 1238294.844935 1013830.251063 830054.051504 679590.790671 556401.882908 455543.333394 372967.336610 305359.828427 250007.482301 204688.814263 167585.027049 137207.015401 112335.603047 91972.612880 75300.806606 61651.086100 50475.640150 227700.363894
HG 0.000000 13219737.202299 11026915.618962 9008601.383366 7354194.690249 6011856.833200 4918865.717204 4026205.550792 3296072.766204 2698507.988853 2209326.690541 1808836.866405 1480948.510548 1212497.589685 992708.931719 812761.296133 665432.658842 544810.179493 446052.847917 365197.183927 298998.165377 244798.993097 200424.463968 164093.672319 134348.535913 109995.277983 90056.516778 73732.039801 60366.688473 49424.064314 222956.606313
BP 0.000000 9174373.459251 6376202.726918 4945023.429523 3981841.645627 3243851.135454 2651909.544573 2170246.255878 1776616.010236 1454514.043648 1190841.764259 974975.471856 798241.601140 653544.752887 535077.140554 438084.098803 358672.921350 293656.550333 240425.648437 196843.872164 161162.131686 131948.393441 108030.207529 88447.653165 72414.813684 59288.234941 48541.101242 39742.092375 32538.073219 26639.921191 120175.192055
*end

*partition[Annual_part]
year: 2015
time_step: Annual
values {d}
category 0 1 2 3 4 5 6 7 8 9 10 11 12 13 14 15 16 17 18 19 20 21 22 23 24 25 26 27 28 29 30
EN 0.000000 11825545.701330 10613566.678171 8984496.815601 7444109.259212 6120174.777327 5017932.798078 4110310.623454 3365774.589771 2755807.434138 2256302.697309 1847314.547869 1512455.891393 1238294.844935 1013830.251063 830054.051504 679590.790671 556401.882908 455543.333394 372967.336610 305359.828427 250007.482301 204688.814263 167585.027049 137207.015401 112335.603047 91972.612880 75300.806606 61651.086100 50475.640150 227751.249280
HG 0.000000 13219737.202299 11026915.618962 9008601.383366 7354194.690249 6011856.833200 4918865.717204 4026205.550792 3296072.766204 2698507.988853 2209326.690541 1808836.866405 1480948.510548 1212497.589685 992708.931719 812761.296133 665432.658842 544810.179493 446052.847917 365197.183927 298998.165377 244798.993097 200424.463968 164093.672319 134348.535913 109995.277983 90056.516778 73732.039801 60366.688473 49424.064314 223006.431586
BP 0.000000 9174373.459251 6376202.726918 4945023.429523 3981841.645627 3243851.135454 2651909.544573 2170246.255878 1776616.010236 1454514.043648 1190841.764259 974975.471856 798241.601140 653544.752887 535077.140554 438084.098803 358672.921350 293656.550333 240425.648437 196843.872164 161162.131686 131948.393441 108030.207529 88447.653165 72414.813684 59288.234941 48541.101242 39742.092375 32538.073219 26639.921191 120202.048231
*end

*partition[Annual_part]
year: 2016
time_step: Annual
values {d}
category 0 1 2 3 4 5 6 7 8 9 10 11 12 13 14 15 16 17 18 19 20 21 22 23 24 25 26 27 28 29 30
EN 0.000000 11825545.701330 10613566.678171 8984496.815601 7444109.259212 6120174.777327 5017932.798078 4110310.623454 3365774.589771 2755807.434138 2256302.697309 1847314.547869 1512455.891393 1238294.844935 1013830.251063 830054.051504 679590.790671 556401.882908 455543.333394 372967.336610 305359.828427 250007.482301 204688.814263 167585.027049 137207.015401 112335.603047 91972.612880 75300.806606 61651.086100 50475.640150 227792.910710
HG 0.000000 13219737.202299 11026915.618962 9008601.383366 7354194.690249 6011856.833200 4918865.717204 4026205.550792 3296072.766204 2698507.988853 2209326.690541 1808836.866405 1480948.510548 1212497.589685 992708.931719 812761.296133 665432.658842 544810.179493 446052.847917 365197.183927 298998.165377 244798.993097 200424.463968 164093.672319 134348.535913 109995.277983 90056.516778 73732.039801 60366.688473 49424.064314 223047.225070
BP 0.000000 9174373.459251 6376202.726918 4945023.429523 3981841.645627 3243851.135454 2651909.544573 2170246.255878 1776616.010236 1454514.043648 1190841.764259 974975.471856 798241.601140 653544.752887 535077.140554 438084.098803 358672.921350 293656.550333 240425.648437 196843.872164 161162.131686 131948.393441 108030.207529 88447.653165 72414.813684 59288.234941 48541.101242 39742.092375 32538.073219 26639.921191 120224.036208
*end

*partition[Annual_part]
year: 2017
time_step: Annual
values {d}
category 0 1 2 3 4 5 6 7 8 9 10 11 12 13 14 15 16 17 18 19 20 21 22 23 24 25 26 27 28 29 30
EN 0.000000 11825545.701330 10613566.678171 8984496.815601 7444109.259212 6120174.777327 5017932.798078 4110310.623454 3365774.589771 2755807.434138 2256302.697309 1847314.547869 1512455.891393 1238294.844935 1013830.251063 830054.051504 679590.790671 556401.882908 455543.333394 372967.336610 305359.828427 250007.482301 204688.814263 167585.027049 137207.015401 112335.603047 91972.612880 75300.806606 61651.086100 50475.640150 227827.020204
HG 0.000000 13219737.202299 11026915.618962 9008601.383366 7354194.690249 6011856.833200 4918865.717204 4026205.550792 3296072.766204 2698507.988853 2209326.690541 1808836.866405 1480948.510548 1212497.589685 992708.931719 812761.296133 665432.658842 544810.179493 446052.847917 365197.183927 298998.165377 244798.993097 200424.463968 164093.672319 134348.535913 109995.277983 90056.516778 73732.039801 60366.688473 49424.064314 223080.623949
BP 0.000000 9174373.459251 6376202.726918 4945023.429523 3981841.645627 3243851.135454 2651909.544573 2170246.255878 1776616.010236 1454514.043648 1190841.764259 974975.471856 798241.601140 653544.752887 535077.140554 438084.098803 358672.921350 293656.550333 240425.648437 196843.872164 161162.131686 131948.393441 108030.207529 88447.653165 72414.813684 59288.234941 48541.101242 39742.092375 32538.073219 26639.921191 120242.038441
*end

*partition[Annual_part]
year: 2018
time_step: Annual
values {d}
category 0 1 2 3 4 5 6 7 8 9 10 11 12 13 14 15 16 17 18 19 20 21 22 23 24 25 26 27 28 29 30
EN 0.000000 11825545.701330 10613566.678171 8984496.815601 7444109.259212 6120174.777327 5017932.798078 4110310.623454 3365774.589771 2755807.434138 2256302.697309 1847314.547869 1512455.891393 1238294.844935 1013830.251063 830054.051504 679590.790671 556401.882908 455543.333394 372967.336610 305359.828427 250007.482301 204688.814263 167585.027049 137207.015401 112335.603047 91972.612880 75300.806606 61651.086100 50475.640150 227854.946695
HG 0.000000 13219737.202299 11026915.618962 9008601.383366 7354194.690249 6011856.833200 4918865.717204 4026205.550792 3296072.766204 2698507.988853 2209326.690541 1808836.866405 1480948.510548 1212497.589685 992708.931719 812761.296133 665432.658842 544810.179493 446052.847917 365197.183927 298998.165377 244798.993097 200424.463968 164093.672319 134348.535913 109995.277983 90056.516778 73732.039801 60366.688473 49424.064314 223107.968639
BP 0.000000 9174373.459251 6376202.726918 4945023.429523 3981841.645627 3243851.135454 2651909.544573 2170246.255878 1776616.010236 1454514.043648 1190841.764259 974975.471856 798241.601140 653544.752887 535077.140554 438084.098803 358672.921350 293656.550333 240425.648437 196843.872164 161162.131686 131948.393441 108030.207529 88447.653165 72414.813684 59288.234941 48541.101242 39742.092375 32538.073219 26639.921191 120256.777423
*end

*partition[Annual_part]
year: 2019
time_step: Annual
values {d}
category 0 1 2 3 4 5 6 7 8 9 10 11 12 13 14 15 16 17 18 19 20 21 22 23 24 25 26 27 28 29 30
EN 0.000000 11825545.701330 10613566.678171 8984496.815601 7444109.259212 6120174.777327 5017932.798078 4110310.623454 3365774.589771 2755807.434138 2256302.697309 1847314.547869 1512455.891393 1238294.844935 1013830.251063 830054.051504 679590.790671 556401.882908 455543.333394 372967.336610 305359.828427 250007.482301 204688.814263 167585.027049 137207.015401 112335.603047 91972.612880 75300.806606 61651.086100 50475.640150 227877.810973
HG 0.000000 13219737.202299 11026915.618962 9008601.383366 7354194.690249 6011856.833200 4918865.717204 4026205.550792 3296072.766204 2698507.988853 2209326.690541 1808836.866405 1480948.510548 1212497.589685 992708.931719 812761.296133 665432.658842 544810.179493 446052.847917 365197.183927 298998.165377 244798.993097 200424.463968 164093.672319 134348.535913 109995.277983 90056.516778 73732.039801 60366.688473 49424.064314 223130.356577
BP 0.000000 9174373.459251 6376202.726918 4945023.429523 3981841.645627 3243851.135454 2651909.544573 2170246.255878 1776616.010236 1454514.043648 1190841.764259 974975.471856 798241.601140 653544.752887 535077.140554 438084.098803 358672.921350 293656.550333 240425.648437 196843.872164 161162.131686 131948.393441 108030.207529 88447.653165 72414.813684 59288.234941 48541.101242 39742.092375 32538.073219 26639.921191 120268.844680
*end

*partition[Annual_part]
year: 2020
time_step: Annual
values {d}
category 0 1 2 3 4 5 6 7 8 9 10 11 12 13 14 15 16 17 18 19 20 21 22 23 24 25 26 27 28 29 30
EN 0.000000 11825545.701330 10613566.678171 8984496.815601 7444109.259212 6120174.777327 5017932.798078 4110310.623454 3365774.589771 2755807.434138 2256302.697309 1847314.547869 1512455.891393 1238294.844935 1013830.251063 830054.051504 679590.790671 556401.882908 455543.333394 372967.336610 305359.828427 250007.482301 204688.814263 167585.027049 137207.015401 112335.603047 91972.612880 75300.806606 61651.086100 50475.640150 227896.530660
HG 0.000000 13219737.202299 11026915.618962 9008601.383366 7354194.690249 6011856.833200 4918865.717204 4026205.550792 3296072.766204 2698507.988853 2209326.690541 1808836.866405 1480948.510548 1212497.589685 992708.931719 812761.296133 665432.658842 544810.179493 446052.847917 365197.183927 298998.165377 244798.993097 200424.463968 164093.672319 134348.535913 109995.277983 90056.516778 73732.039801 60366.688473 49424.064314 223148.686271
BP 0.000000 9174373.459251 6376202.726918 4945023.429523 3981841.645627 3243851.135454 2651909.544573 2170246.255878 1776616.010236 1454514.043648 1190841.764259 974975.471856 798241.601140 653544.752887 535077.140554 438084.098803 358672.921350 293656.550333 240425.648437 196843.872164 161162.131686 131948.393441 108030.207529 88447.653165 72414.813684 59288.234941 48541.101242 39742.092375 32538.073219 26639.921191 120278.724515
*end

*process[Rec_EN]
age: 0
b0: 100000
b0_intialisation_phase: 
categories: EN
label: Recruitment_EN
proportions: 1
r0: 11181918.971012693
ssb: SSB_EN
ssb_offset: 0
standardise_ycs_years: 
steepness: 1
type: recruitment_beverton_holt
ycs_years: 1970 1971 1972 1973 1974 1975 1976 1977 1978 1979 1980 1981 1982 1983 1984 1985 1986 1987 1988 1989 1990 1991 1992 1993 1994 1995 1996 1997 1998 1999 2000 2001 2002 2003 2004 2005 2006 2007 2008 2009 2010 2011 2012 2013 2014 2015 2016 2017 2018 2019 2020 
standardiesed_ycs: 1 1 1 1 1 1 1 1 1 1 1 1 1 1 1 1 1 1 1 1 1 1 1 1 1 1 1 1 1 1 1 1 1 1 1 1 1 1 1 1 1 1 1 1 1 1 1 1 1 1 1 
ycs_values: 1 1 1 1 1 1 1 1 1 1 1 1 1 1 1 1 1 1 1 1 1 1 1 1 1 1 1 1 1 1 1 1 1 1 1 1 1 1 1 1 1 1 1 1 1 1 1 1 1 1 1 
true_ycs: 1 1 1 1 1 1 1 1 1 1 1 1 1 1 1 1 1 1 1 1 1 1 1 1 1 1 1 1 1 1 1 1 1 1 1 1 1 1 1 1 1 1 1 1 1 1 1 1 1 1 1 
Recruits: 1.11819e+007 1.11819e+007 1.11819e+007 1.11819e+007 1.11819e+007 1.11819e+007 1.11819e+007 1.11819e+007 1.11819e+007 1.11819e+007 1.11819e+007 1.11819e+007 1.11819e+007 1.11819e+007 1.11819e+007 1.11819e+007 1.11819e+007 1.11819e+007 1.11819e+007 1.11819e+007 1.11819e+007 1.11819e+007 1.11819e+007 1.11819e+007 1.11819e+007 1.11819e+007 1.11819e+007 1.11819e+007 1.11819e+007 1.11819e+007 1.11819e+007 1.11819e+007 1.11819e+007 1.11819e+007 1.11819e+007 1.11819e+007 1.11819e+007 1.11819e+007 1.11819e+007 1.11819e+007 1.11819e+007 1.11819e+007 1.11819e+007 1.11819e+007 1.11819e+007 1.11819e+007 1.11819e+007 1.11819e+007 1.11819e+007 1.11819e+007 1.11819e+007 
SSB: 112564 117207 118940 119701 120188 120623 121054 121477 121879 122249 122584 122880 123138 123362 123553 123716 123853 123969 124066 124146 124214 124270 124316 124354 124386 124412 124433 124451 124465 124477 124487 124495 124501 124507 124511 124515 124518 124520 124522 124524 124525 124526 124527 124528 124528 124529 124529 124530 124530 124530 124530 
*end

*process[Rec_HG]
age: 0
b0: 120000
b0_intialisation_phase: 
categories: HG
label: Recruitment_HG
proportions: 1
r0: 13693137.991003223
ssb: SSB_HG
ssb_offset: 0
standardise_ycs_years: 
steepness: 1
type: recruitment_beverton_holt
ycs_years: 1970 1971 1972 1973 1974 1975 1976 1977 1978 1979 1980 1981 1982 1983 1984 1985 1986 1987 1988 1989 1990 1991 1992 1993 1994 1995 1996 1997 1998 1999 2000 2001 2002 2003 2004 2005 2006 2007 2008 2009 2010 2011 2012 2013 2014 2015 2016 2017 2018 2019 2020 
standardiesed_ycs: 1 1 1 1 1 1 1 1 1 1 1 1 1 1 1 1 1 1 1 1 1 1 1 1 1 1 1 1 1 1 1 1 1 1 1 1 1 1 1 1 1 1 1 1 1 1 1 1 1 1 1 
ycs_values: 1 1 1 1 1 1 1 1 1 1 1 1 1 1 1 1 1 1 1 1 1 1 1 1 1 1 1 1 1 1 1 1 1 1 1 1 1 1 1 1 1 1 1 1 1 1 1 1 1 1 1 
true_ycs: 1 1 1 1 1 1 1 1 1 1 1 1 1 1 1 1 1 1 1 1 1 1 1 1 1 1 1 1 1 1 1 1 1 1 1 1 1 1 1 1 1 1 1 1 1 1 1 1 1 1 1 
Recruits: 1.36931e+007 1.36931e+007 1.36931e+007 1.36931e+007 1.36931e+007 1.36931e+007 1.36931e+007 1.36931e+007 1.36931e+007 1.36931e+007 1.36931e+007 1.36931e+007 1.36931e+007 1.36931e+007 1.36931e+007 1.36931e+007 1.36931e+007 1.36931e+007 1.36931e+007 1.36931e+007 1.36931e+007 1.36931e+007 1.36931e+007 1.36931e+007 1.36931e+007 1.36931e+007 1.36931e+007 1.36931e+007 1.36931e+007 1.36931e+007 1.36931e+007 1.36931e+007 1.36931e+007 1.36931e+007 1.36931e+007 1.36931e+007 1.36931e+007 1.36931e+007 1.36931e+007 1.36931e+007 1.36931e+007 1.36931e+007 1.36931e+007 1.36931e+007 1.36931e+007 1.36931e+007 1.36931e+007 1.36931e+007 1.36931e+007 1.36931e+007 1.36931e+007 
SSB: 119283 118254 117802 117773 117987 118328 118724 119130 119521 119883 120210 120500 120753 120972 121159 121319 121453 121566 121661 121740 121806 121861 121906 121944 121975 122000 122021 122038 122053 122064 122074 122082 122088 122093 122098 122101 122104 122106 122108 122110 122111 122112 122113 122114 122114 122115 122115 122115 122116 122116 122116 
*end

*process[Rec_BP]
age: 0
b0: 80000
b0_intialisation_phase: 
categories: BP
label: Recruitment_BP
proportions: 1
r0: 16920925.702899188
ssb: SSB_BP
ssb_offset: 0
standardise_ycs_years: 
steepness: 1
type: recruitment_beverton_holt
ycs_years: 1970 1971 1972 1973 1974 1975 1976 1977 1978 1979 1980 1981 1982 1983 1984 1985 1986 1987 1988 1989 1990 1991 1992 1993 1994 1995 1996 1997 1998 1999 2000 2001 2002 2003 2004 2005 2006 2007 2008 2009 2010 2011 2012 2013 2014 2015 2016 2017 2018 2019 2020 
standardiesed_ycs: 1 1 1 1 1 1 1 1 1 1 1 1 1 1 1 1 1 1 1 1 1 1 1 1 1 1 1 1 1 1 1 1 1 1 1 1 1 1 1 1 1 1 1 1 1 1 1 1 1 1 1 
ycs_values: 1 1 1 1 1 1 1 1 1 1 1 1 1 1 1 1 1 1 1 1 1 1 1 1 1 1 1 1 1 1 1 1 1 1 1 1 1 1 1 1 1 1 1 1 1 1 1 1 1 1 1 
true_ycs: 1 1 1 1 1 1 1 1 1 1 1 1 1 1 1 1 1 1 1 1 1 1 1 1 1 1 1 1 1 1 1 1 1 1 1 1 1 1 1 1 1 1 1 1 1 1 1 1 1 1 1 
Recruits: 1.69209e+007 1.69209e+007 1.69209e+007 1.69209e+007 1.69209e+007 1.69209e+007 1.69209e+007 1.69209e+007 1.69209e+007 1.69209e+007 1.69209e+007 1.69209e+007 1.69209e+007 1.69209e+007 1.69209e+007 1.69209e+007 1.69209e+007 1.69209e+007 1.69209e+007 1.69209e+007 1.69209e+007 1.69209e+007 1.69209e+007 1.69209e+007 1.69209e+007 1.69209e+007 1.69209e+007 1.69209e+007 1.69209e+007 1.69209e+007 1.69209e+007 1.69209e+007 1.69209e+007 1.69209e+007 1.69209e+007 1.69209e+007 1.69209e+007 1.69209e+007 1.69209e+007 1.69209e+007 1.69209e+007 1.69209e+007 1.69209e+007 1.69209e+007 1.69209e+007 1.69209e+007 1.69209e+007 1.69209e+007 1.69209e+007 1.69209e+007 1.69209e+007 
SSB: 68215 64756.6 63795.8 63611.5 63690.1 63866.8 64079 64297.9 64508.7 64704 64880.2 65036.4 65172.9 65290.8 65391.8 65477.7 65550.3 65611.3 65662.4 65705.1 65740.6 65770 65794.4 65814.6 65831.3 65845 65856.4 65865.7 65873.3 65879.6 65884.8 65889 65892.4 65895.2 65897.6 65899.4 65901 65902.3 65903.3 65904.2 65904.9 65905.4 65905.9 65906.3 65906.6 65906.8 65907.1 65907.2 65907.4 65907.5 65907.6 
*end

*process[Fishing_EN]
catches: 800 2800 5000 3800 4800 800 1000 800 800 800 800
categories: EN
label: Fishing_EN
penalty: 
selectivities: trawl_selectivity
type: mortality_event_biomass
u_max: 0.90000000000000002
years: 2000 2001 2002 2003 2004 2005 2006 2007 2008 2009 2010
years: 2000 2001 2002 2003 2004 2005 2006 2007 2008 2009 2010 
actual_catches: 
exploitation_rate: 
*end

*process[Fishing_BP]
catches: 887 1500 500 1000 1300 235 523 234 456 767 887
categories: BP
label: Fishing_BP
penalty: 
selectivities: trawl_selectivity
type: mortality_event_biomass
u_max: 0.90000000000000002
years: 2000 2001 2002 2003 2004 2005 2006 2007 2008 2009 2010
years: 2000 2001 2002 2003 2004 2005 2006 2007 2008 2009 2010 
actual_catches: 
exploitation_rate: 
*end

*process[Fishing_HG]
catches: 766 1100 2000 2000 3000 345 234 234 677 675 766
categories: HG
label: Fishing_HG
penalty: 
selectivities: trawl_selectivity
type: mortality_event_biomass
u_max: 0.90000000000000002
years: 2000 2001 2002 2003 2004 2005 2006 2007 2008 2009 2010
years: 2000 2001 2002 2003 2004 2005 2006 2007 2008 2009 2010 
actual_catches: 
exploitation_rate: 
*end

*derived_quantity[derived_quants]
SSB_EN {L} 
type: biomass 
initialisation_phase[1]: 100000 
values {v}
1970 112564
1971 117207
1972 118940
1973 119701
1974 120188
1975 120623
1976 121054
1977 121477
1978 121879
1979 122249
1980 122584
1981 122880
1982 123138
1983 123362
1984 123553
1985 123716
1986 123853
1987 123969
1988 124066
1989 124146
1990 124214
1991 124270
1992 124316
1993 124354
1994 124386
1995 124412
1996 124433
1997 124451
1998 124465
1999 124477
2000 124487
2001 124495
2002 124501
2003 124507
2004 124511
2005 124515
2006 124518
2007 124520
2008 124522
2009 124524
2010 124525
2011 124526
2012 124527
2013 124528
2014 124528
2015 124529
2016 124529
2017 124530
2018 124530
2019 124530
2020 124530
end {L}
SSB_HG {L} 
type: biomass 
initialisation_phase[1]: 120000 
values {v}
1970 119283
1971 118254
1972 117802
1973 117773
1974 117987
1975 118328
1976 118724
1977 119130
1978 119521
1979 119883
1980 120210
1981 120500
1982 120753
1983 120972
1984 121159
1985 121319
1986 121453
1987 121566
1988 121661
1989 121740
1990 121806
1991 121861
1992 121906
1993 121944
1994 121975
1995 122000
1996 122021
1997 122038
1998 122053
1999 122064
2000 122074
2001 122082
2002 122088
2003 122093
2004 122098
2005 122101
2006 122104
2007 122106
2008 122108
2009 122110
2010 122111
2011 122112
2012 122113
2013 122114
2014 122114
2015 122115
2016 122115
2017 122115
2018 122116
2019 122116
2020 122116
end {L}
SSB_BP {L} 
type: biomass 
initialisation_phase[1]: 80000 
values {v}
1970 68215
1971 64756.6
1972 63795.8
1973 63611.5
1974 63690.1
1975 63866.8
1976 64079
1977 64297.9
1978 64508.7
1979 64704
1980 64880.2
1981 65036.4
1982 65172.9
1983 65290.8
1984 65391.8
1985 65477.7
1986 65550.3
1987 65611.3
1988 65662.4
1989 65705.1
1990 65740.6
1991 65770
1992 65794.4
1993 65814.6
1994 65831.3
1995 65845
1996 65856.4
1997 65865.7
1998 65873.3
1999 65879.6
2000 65884.8
2001 65889
2002 65892.4
2003 65895.2
2004 65897.6
2005 65899.4
2006 65901
2007 65902.3
2008 65903.3
2009 65904.2
2010 65904.9
2011 65905.4
2012 65905.9
2013 65906.3
2014 65906.6
2015 65906.8
2016 65907.1
2017 65907.2
2018 65907.4
2019 65907.5
2020 65907.6
end {L}
*end

*warnings[warnings_encounted]
warnings_found: 3
warning_0 {s}
Years to go back is 0 in derived quantity SSB_EN when it shouldn't be
warning_1 {s}
Years to go back is 0 in derived quantity SSB_HG when it shouldn't be
warning_2 {s}
Years to go back is 0 in derived quantity SSB_BP when it shouldn't be
*end

Total elapsed time: 1 second
Completed
