CASAL2
Call: casal2 -r 
Date: Tue Sep 18 18:38:22 2018
Version: 2018-09-03 00:27:50 UTC (rev. 03d096b4)
Copyright (c) 2018 - 2018, NIWA (www.niwa.co.nz)
Environment: machine:DESKTOP-D3MBM6L, user:Dell User, os:Windows_NT, pid:14896

*initialisation_partition[Init]
values {d}
category 0 1 2 3 4 5 6 7 8 9 10 11 12 13 14 15 16 17 18 19 20
EN.EN 7375990.979300 6309271.496434 5853385.534295 5430440.302412 5038055.618459 4674023.283786 4336294.656481 4022969.122351 3732283.398962 3462601.612519 3212406.091766 2980288.827078 2764943.546699 2565158.365516 2379808.965009 2207852.265993 2048320.558551 1900316.056109 1763005.843020 1635617.187221 21000642.218518
EN.HG 600287.265860 513473.423000 476371.623592 441950.670859 410016.856168 380390.467595 352904.778572 327405.109615 303747.957836 281800.189368 261438.290132 242547.670747 225022.021660 208762.714875 193678.248914 179683.733873 166700.413700 154655.222978 143480.375745 133112.984013 1709115.173003
EN.BP 23711.971001 20282.733965 18817.174321 17457.510907 16196.092032 15025.818886 13940.105598 12932.842168 11998.360081 11131.400412 10327.084226 9580.885123 8888.603766 8246.344247 7650.492161 7097.694269 6584.839626 6109.042072 5667.623990 5258.101240 67511.825961
HG.EN 671487.070017 569392.534614 528250.215152 490080.696259 454669.173730 421816.364362 391337.384464 363060.709393 336827.208281 312489.248501 289909.864845 268961.988732 249527.733116 231497.729057 214770.510232 199251.941923 184854.691258 171497.735732 159105.907245 147609.469083 1895243.992603
HG.HG 7311989.873182 6200257.060583 5752248.101518 5336610.707929 4951005.823353 4593263.403390 4261370.203487 3953458.449119 3667795.324641 3402773.221622 3156900.691813 2928794.053816 2717169.606225 2520836.403425 2338689.553378 2169703.999691 2012928.752974 1867481.539015 1732543.833660 1607356.256457 20637783.659450
HG.BP 16511.977132 14001.455769 12989.759389 12051.164662 11180.389518 10372.533550 9623.050438 8927.722362 8282.636269 7684.161848 7128.931103 6613.819395 6135.927864 5692.567108 5281.242055 4899.637916 4545.607162 4217.157436 3912.440342 3629.741043 46604.360474
BP.EN 110882.212396 87645.460043 81312.504661 75437.146556 69986.321345 64929.353760 60237.785022 55885.212685 51847.142051 48100.848322 44625.248718 41400.783824 38409.307521 35633.984867 33059.197353 30670.455007 28454.314856 26398.305265 24490.855760 22721.231906 291731.137180
BP.HG 197123.933148 155814.151187 144555.563841 134110.482766 124420.126835 115429.962239 107089.395595 99351.489218 92172.696979 85512.619239 79333.775498 73601.393464 68283.213371 63349.306431 58771.906405 54525.253346 50585.448632 46930.320471 43539.299129 40393.301166 518633.132764
BP.BP 1773116.459482 1401537.761942 1300267.529485 1206314.730965 1119150.634115 1038284.711020 963261.877604 893659.932575 829087.181440 769180.232179 713601.950217 662039.561145 614202.890544 569822.730986 528649.327035 490450.969708 455012.692510 422135.061673 391633.053818 363335.014711 4665069.986436
*end

*partition_mean_weight[mean_weight_1]
year: 1900
EN.EN {L}
mean_weights {L}
values: 1.62367e-005 5.23507e-005 0.000110967 0.00019011 0.000286401 0.000395998 0.000515116 0.000640294 0.000768526 0.000897292 0.00102455 0.00114871 0.00126855 0.00138321 0.00149207 0.00159479 0.00169117 0.00178118 0.0018649 0.00194249 0.00201418 
end {L}
end {L}
EN.HG {L}
mean_weights {L}
values: 1.62367e-005 5.23507e-005 0.000110967 0.00019011 0.000286401 0.000395998 0.000515116 0.000640294 0.000768526 0.000897292 0.00102455 0.00114871 0.00126855 0.00138321 0.00149207 0.00159479 0.00169117 0.00178118 0.0018649 0.00194249 0.00201418 
end {L}
end {L}
EN.BP {L}
mean_weights {L}
values: 1.62367e-005 5.23507e-005 0.000110967 0.00019011 0.000286401 0.000395998 0.000515116 0.000640294 0.000768526 0.000897292 0.00102455 0.00114871 0.00126855 0.00138321 0.00149207 0.00159479 0.00169117 0.00178118 0.0018649 0.00194249 0.00201418 
end {L}
end {L}
HG.EN {L}
mean_weights {L}
values: 1.42909e-005 4.36339e-005 9.19244e-005 0.000159212 0.000244314 0.000345351 0.000460095 0.000586194 0.000721323 0.000863275 0.00101001 0.00115971 0.00131075 0.00146172 0.00161142 0.00175886 0.00190321 0.00204378 0.00218006 0.00231163 0.00243821 
end {L}
end {L}
HG.HG {L}
mean_weights {L}
values: 1.42909e-005 4.36339e-005 9.19244e-005 0.000159212 0.000244314 0.000345351 0.000460095 0.000586194 0.000721323 0.000863275 0.00101001 0.00115971 0.00131075 0.00146172 0.00161142 0.00175886 0.00190321 0.00204378 0.00218006 0.00231163 0.00243821 
end {L}
end {L}
HG.BP {L}
mean_weights {L}
values: 1.42909e-005 4.36339e-005 9.19244e-005 0.000159212 0.000244314 0.000345351 0.000460095 0.000586194 0.000721323 0.000863275 0.00101001 0.00115971 0.00131075 0.00146172 0.00161142 0.00175886 0.00190321 0.00204378 0.00218006 0.00231163 0.00243821 
end {L}
end {L}
BP.EN {L}
mean_weights {L}
values: 2.70212e-005 7.01815e-005 0.000136229 0.000224441 0.000332884 0.000458981 0.000599881 0.00075269 0.000914621 0.00108309 0.00125575 0.00143054 0.00160565 0.00177955 0.00195096 0.00211881 0.00228226 0.00244063 0.00259341 0.00274024 0.00288086 
end {L}
end {L}
BP.HG {L}
mean_weights {L}
values: 2.70212e-005 7.01815e-005 0.000136229 0.000224441 0.000332884 0.000458981 0.000599881 0.00075269 0.000914621 0.00108309 0.00125575 0.00143054 0.00160565 0.00177955 0.00195096 0.00211881 0.00228226 0.00244063 0.00259341 0.00274024 0.00288086 
end {L}
end {L}
BP.BP {L}
mean_weights {L}
values: 2.70212e-005 7.01815e-005 0.000136229 0.000224441 0.000332884 0.000458981 0.000599881 0.00075269 0.000914621 0.00108309 0.00125575 0.00143054 0.00160565 0.00177955 0.00195096 0.00211881 0.00228226 0.00244063 0.00259341 0.00274024 0.00288086 
end {L}
end {L}
*end

*partition_mean_weight[mean_weight_2]
year: 1900
EN.EN {L}
mean_weights {L}
values: 1.62367e-005 5.23507e-005 0.000110967 0.00019011 0.000286401 0.000395998 0.000515116 0.000640294 0.000768526 0.000897292 0.00102455 0.00114871 0.00126855 0.00138321 0.00149207 0.00159479 0.00169117 0.00178118 0.0018649 0.00194249 0.00201418 
end {L}
end {L}
EN.HG {L}
mean_weights {L}
values: 1.62367e-005 5.23507e-005 0.000110967 0.00019011 0.000286401 0.000395998 0.000515116 0.000640294 0.000768526 0.000897292 0.00102455 0.00114871 0.00126855 0.00138321 0.00149207 0.00159479 0.00169117 0.00178118 0.0018649 0.00194249 0.00201418 
end {L}
end {L}
EN.BP {L}
mean_weights {L}
values: 1.62367e-005 5.23507e-005 0.000110967 0.00019011 0.000286401 0.000395998 0.000515116 0.000640294 0.000768526 0.000897292 0.00102455 0.00114871 0.00126855 0.00138321 0.00149207 0.00159479 0.00169117 0.00178118 0.0018649 0.00194249 0.00201418 
end {L}
end {L}
HG.EN {L}
mean_weights {L}
values: 1.42909e-005 4.36339e-005 9.19244e-005 0.000159212 0.000244314 0.000345351 0.000460095 0.000586194 0.000721323 0.000863275 0.00101001 0.00115971 0.00131075 0.00146172 0.00161142 0.00175886 0.00190321 0.00204378 0.00218006 0.00231163 0.00243821 
end {L}
end {L}
HG.HG {L}
mean_weights {L}
values: 1.42909e-005 4.36339e-005 9.19244e-005 0.000159212 0.000244314 0.000345351 0.000460095 0.000586194 0.000721323 0.000863275 0.00101001 0.00115971 0.00131075 0.00146172 0.00161142 0.00175886 0.00190321 0.00204378 0.00218006 0.00231163 0.00243821 
end {L}
end {L}
HG.BP {L}
mean_weights {L}
values: 1.42909e-005 4.36339e-005 9.19244e-005 0.000159212 0.000244314 0.000345351 0.000460095 0.000586194 0.000721323 0.000863275 0.00101001 0.00115971 0.00131075 0.00146172 0.00161142 0.00175886 0.00190321 0.00204378 0.00218006 0.00231163 0.00243821 
end {L}
end {L}
BP.EN {L}
mean_weights {L}
values: 2.70212e-005 7.01815e-005 0.000136229 0.000224441 0.000332884 0.000458981 0.000599881 0.00075269 0.000914621 0.00108309 0.00125575 0.00143054 0.00160565 0.00177955 0.00195096 0.00211881 0.00228226 0.00244063 0.00259341 0.00274024 0.00288086 
end {L}
end {L}
BP.HG {L}
mean_weights {L}
values: 2.70212e-005 7.01815e-005 0.000136229 0.000224441 0.000332884 0.000458981 0.000599881 0.00075269 0.000914621 0.00108309 0.00125575 0.00143054 0.00160565 0.00177955 0.00195096 0.00211881 0.00228226 0.00244063 0.00259341 0.00274024 0.00288086 
end {L}
end {L}
BP.BP {L}
mean_weights {L}
values: 2.70212e-005 7.01815e-005 0.000136229 0.000224441 0.000332884 0.000458981 0.000599881 0.00075269 0.000914621 0.00108309 0.00125575 0.00143054 0.00160565 0.00177955 0.00195096 0.00211881 0.00228226 0.00244063 0.00259341 0.00274024 0.00288086 
end {L}
end {L}
*end

*process[Rec_EN]
age: 0
b0: 113880
b0_intialisation_phase: 
categories: EN.EN
label: Recruitment_EN
proportions: 1
r0: 8.62306e+006
ssb: SSB_EN
ssb_offset: 0
standardise_ycs_years: 
steepness: 1
type: recruitment_beverton_holt
ycs_years: 1900 1901 1902 1903 1904 1905 1906 1907 1908 1909 1910 1911 1912 1913 1914 1915 1916 1917 1918 1919 1920 1921 1922 1923 1924 1925 1926 1927 1928 1929 1930 1931 1932 1933 1934 1935 1936 1937 1938 1939 1940 1941 1942 1943 1944 1945 1946 1947 1948 1949 1950 1951 1952 1953 1954 1955 1956 1957 1958 1959 1960 1961 1962 1963 1964 1965 1966 1967 1968 1969 1970 1971 1972 1973 1974 1975 1976 1977 1978 1979 1980 1981 1982 1983 1984 1985 1986 1987 1988 1989 1990 1991 1992 1993 1994 1995 1996 1997 1998 1999 2000 2001 2002 2003 2004 2005 2006 2007 2008 2009 2010 2011 2012 2013 
standardiesed_ycs: 1 1 1 1 1 1 1 1 1 1 1 1 1 1 1 1 1 1 1 1 1 1 1 1 1 1 1 1 1 1 1 1 1 1 1 1 1 1 1 1 1 1 1 1 1 1 1 1 1 1 1 1 1 1 1 1 1 1 1 1 1 1 1 1 1 1 1 1 1 1 1 1 1 1 1 1 1 1 1 1 1 1 1 1 1 1 1 1 1 1 1 1 1 1 1 1 1 1 1 1 1 1 1 1 1 1 1 1 1 1 1 1 1 1 
ycs_values: 1 1 1 1 1 1 1 1 1 1 1 1 1 1 1 1 1 1 1 1 1 1 1 1 1 1 1 1 1 1 1 1 1 1 1 1 1 1 1 1 1 1 1 1 1 1 1 1 1 1 1 1 1 1 1 1 1 1 1 1 1 1 1 1 1 1 1 1 1 1 1 1 1 1 1 1 1 1 1 1 1 1 1 1 1 1 1 1 1 1 1 1 1 1 1 1 1 1 1 1 1 1 1 1 1 1 1 1 1 1 1 1 1 1 
true_ycs: 1 1 1 1 1 1 1 1 1 1 1 1 1 1 1 1 1 1 1 1 1 1 1 1 1 1 1 1 1 1 1 1 1 1 1 1 1 1 1 1 1 1 1 1 1 1 1 1 1 1 1 1 1 1 1 1 1 1 1 1 1 1 1 1 1 1 1 1 1 1 1 1 1 1 1 1 1 1 1 1 1 1 1 1 1 1 1 1 1 1 1 1 1 1 1 1 1 1 1 1 1 1 1 1 1 1 1 1 1 1 1 1 1 1 
Recruits: 8.62306e+006 8.62306e+006 8.62306e+006 8.62306e+006 8.62306e+006 8.62306e+006 8.62306e+006 8.62306e+006 8.62306e+006 8.62306e+006 8.62306e+006 8.62306e+006 8.62306e+006 8.62306e+006 8.62306e+006 8.62306e+006 8.62306e+006 8.62306e+006 8.62306e+006 8.62306e+006 8.62306e+006 8.62306e+006 8.62306e+006 8.62306e+006 8.62306e+006 8.62306e+006 8.62306e+006 8.62306e+006 8.62306e+006 8.62306e+006 8.62306e+006 8.62306e+006 8.62306e+006 8.62306e+006 8.62306e+006 8.62306e+006 8.62306e+006 8.62306e+006 8.62306e+006 8.62306e+006 8.62306e+006 8.62306e+006 8.62306e+006 8.62306e+006 8.62306e+006 8.62306e+006 8.62306e+006 8.62306e+006 8.62306e+006 8.62306e+006 8.62306e+006 8.62306e+006 8.62306e+006 8.62306e+006 8.62306e+006 8.62306e+006 8.62306e+006 8.62306e+006 8.62306e+006 8.62306e+006 8.62306e+006 8.62306e+006 8.62306e+006 8.62306e+006 8.62306e+006 8.62306e+006 8.62306e+006 8.62306e+006 8.62306e+006 8.62306e+006 8.62306e+006 8.62306e+006 8.62306e+006 8.62306e+006 8.62306e+006 8.62306e+006 8.62306e+006 8.62306e+006 8.62306e+006 8.62306e+006 8.62306e+006 8.62306e+006 8.62306e+006 8.62306e+006 8.62306e+006 8.62306e+006 8.62306e+006 8.62306e+006 8.62306e+006 8.62306e+006 8.62306e+006 8.62306e+006 8.62306e+006 8.62306e+006 8.62306e+006 8.62306e+006 8.62306e+006 8.62306e+006 8.62306e+006 8.62306e+006 8.62306e+006 8.62306e+006 8.62306e+006 8.62306e+006 8.62306e+006 8.62306e+006 8.62306e+006 8.62306e+006 8.62306e+006 8.62306e+006 8.62306e+006 8.62306e+006 8.62306e+006 8.62306e+006 
SSB: 104997 104753 104435 104199 104086 104024 104008 104034 104098 104192 104313 104454 104613 104784 104963 105149 105337 105462 105328 105270 105328 105304 105230 105116 104882 104546 104094 103889 103517 103462 103278 103058 103102 103141 103104 103003 102730 102304 102013 101653 101346 101189 101096 101127 101101 101005 100937 100815 100631 100302 100123 100071 100156 100327 100511 100591 100645 100648 100565 100503 100343 100027 99611.1 98995.3 98212.4 97297.3 96185.4 94876.2 93426.6 91744.1 90057.5 88974.4 87265.8 85902.6 84786.8 85267.6 86018.8 86923.7 87908.9 88928.2 89713.9 90481 91058.5 91543.9 91217.2 91221.4 91212.5 91342.7 91937.3 92308.4 92553.1 92831.5 93174.3 93451.9 93735.2 93943.2 94084.1 94103.3 94077.4 94255.8 94504.2 94685.4 94879.6 95204.8 95701.7 96093.2 96521 96892.2 97165.3 97457.9 97750.2 98004.6 98192 98427.3 
*end

*process[Rec_HG]
age: 0
b0: 127644
b0_intialisation_phase: 
categories: HG.HG
label: Recruitment_HG
proportions: 1
r0: 8.62306e+006
ssb: SSB_HG
ssb_offset: 0
standardise_ycs_years: 
steepness: 1
type: recruitment_beverton_holt
ycs_years: 1900 1901 1902 1903 1904 1905 1906 1907 1908 1909 1910 1911 1912 1913 1914 1915 1916 1917 1918 1919 1920 1921 1922 1923 1924 1925 1926 1927 1928 1929 1930 1931 1932 1933 1934 1935 1936 1937 1938 1939 1940 1941 1942 1943 1944 1945 1946 1947 1948 1949 1950 1951 1952 1953 1954 1955 1956 1957 1958 1959 1960 1961 1962 1963 1964 1965 1966 1967 1968 1969 1970 1971 1972 1973 1974 1975 1976 1977 1978 1979 1980 1981 1982 1983 1984 1985 1986 1987 1988 1989 1990 1991 1992 1993 1994 1995 1996 1997 1998 1999 2000 2001 2002 2003 2004 2005 2006 2007 2008 2009 2010 2011 2012 2013 
standardiesed_ycs: 1 1 1 1 1 1 1 1 1 1 1 1 1 1 1 1 1 1 1 1 1 1 1 1 1 1 1 1 1 1 1 1 1 1 1 1 1 1 1 1 1 1 1 1 1 1 1 1 1 1 1 1 1 1 1 1 1 1 1 1 1 1 1 1 1 1 1 1 1 1 1 1 1 1 1 1 1 1 1 1 1 1 1 1 1 1 1 1 1 1 1 1 1 1 1 1 1 1 1 1 1 1 1 1 1 1 1 1 1 1 1 1 1 1 
ycs_values: 1 1 1 1 1 1 1 1 1 1 1 1 1 1 1 1 1 1 1 1 1 1 1 1 1 1 1 1 1 1 1 1 1 1 1 1 1 1 1 1 1 1 1 1 1 1 1 1 1 1 1 1 1 1 1 1 1 1 1 1 1 1 1 1 1 1 1 1 1 1 1 1 1 1 1 1 1 1 1 1 1 1 1 1 1 1 1 1 1 1 1 1 1 1 1 1 1 1 1 1 1 1 1 1 1 1 1 1 1 1 1 1 1 1 
true_ycs: 1 1 1 1 1 1 1 1 1 1 1 1 1 1 1 1 1 1 1 1 1 1 1 1 1 1 1 1 1 1 1 1 1 1 1 1 1 1 1 1 1 1 1 1 1 1 1 1 1 1 1 1 1 1 1 1 1 1 1 1 1 1 1 1 1 1 1 1 1 1 1 1 1 1 1 1 1 1 1 1 1 1 1 1 1 1 1 1 1 1 1 1 1 1 1 1 1 1 1 1 1 1 1 1 1 1 1 1 1 1 1 1 1 1 
Recruits: 8.62306e+006 8.62306e+006 8.62306e+006 8.62306e+006 8.62306e+006 8.62306e+006 8.62306e+006 8.62306e+006 8.62306e+006 8.62306e+006 8.62306e+006 8.62306e+006 8.62306e+006 8.62306e+006 8.62306e+006 8.62306e+006 8.62306e+006 8.62306e+006 8.62306e+006 8.62306e+006 8.62306e+006 8.62306e+006 8.62306e+006 8.62306e+006 8.62306e+006 8.62306e+006 8.62306e+006 8.62306e+006 8.62306e+006 8.62306e+006 8.62306e+006 8.62306e+006 8.62306e+006 8.62306e+006 8.62306e+006 8.62306e+006 8.62306e+006 8.62306e+006 8.62306e+006 8.62306e+006 8.62306e+006 8.62306e+006 8.62306e+006 8.62306e+006 8.62306e+006 8.62306e+006 8.62306e+006 8.62306e+006 8.62306e+006 8.62306e+006 8.62306e+006 8.62306e+006 8.62306e+006 8.62306e+006 8.62306e+006 8.62306e+006 8.62306e+006 8.62306e+006 8.62306e+006 8.62306e+006 8.62306e+006 8.62306e+006 8.62306e+006 8.62306e+006 8.62306e+006 8.62306e+006 8.62306e+006 8.62306e+006 8.62306e+006 8.62306e+006 8.62306e+006 8.62306e+006 8.62306e+006 8.62306e+006 8.62306e+006 8.62306e+006 8.62306e+006 8.62306e+006 8.62306e+006 8.62306e+006 8.62306e+006 8.62306e+006 8.62306e+006 8.62306e+006 8.62306e+006 8.62306e+006 8.62306e+006 8.62306e+006 8.62306e+006 8.62306e+006 8.62306e+006 8.62306e+006 8.62306e+006 8.62306e+006 8.62306e+006 8.62306e+006 8.62306e+006 8.62306e+006 8.62306e+006 8.62306e+006 8.62306e+006 8.62306e+006 8.62306e+006 8.62306e+006 8.62306e+006 8.62306e+006 8.62306e+006 8.62306e+006 8.62306e+006 8.62306e+006 8.62306e+006 8.62306e+006 8.62306e+006 8.62306e+006 
SSB: 116667 116207 115606 115089 114700 114373 114107 113901 113750 113650 113597 113586 113613 113672 113759 113870 114001 114027 113587 113296 113231 113025 112732 112376 111804 111048 110082 109577 108769 108550 108104 107595 107581 107567 107416 107156 106586 105737 105134 104410 103783 103435 103204 103206 103112 102893 102727 102464 102090 101455 101092 100965 101089 101376 101690 101820 101905 101900 101738 101616 101313 100986 100724 100335 99866.7 99373.3 98726.2 97911.9 97025.4 95881.1 94405.6 92604.1 90575.1 89025.8 87769.8 89037.3 90456 91879.9 93219.6 94374.8 95199.8 96036.5 96670.8 97194 97230.3 97394.3 97163.8 97466.9 97944.9 97726.7 97322.9 97370.2 97456.1 97161.2 96901.1 96913.5 97041.2 97444.2 97839.7 98263.4 98528.7 98938.1 99244.5 99572.8 99959.8 100550 101219 101925 102673 103328 103854 104394 104862 105250 
*end

*process[Rec_BP]
age: 0
b0: 40000
b0_intialisation_phase: 
categories: BP.BP
label: Recruitment_BP
proportions: 1
r0: 2.24321e+006
ssb: SSB_BP
ssb_offset: 0
standardise_ycs_years: 
steepness: 1
type: recruitment_beverton_holt
ycs_years: 1900 1901 1902 1903 1904 1905 1906 1907 1908 1909 1910 1911 1912 1913 1914 1915 1916 1917 1918 1919 1920 1921 1922 1923 1924 1925 1926 1927 1928 1929 1930 1931 1932 1933 1934 1935 1936 1937 1938 1939 1940 1941 1942 1943 1944 1945 1946 1947 1948 1949 1950 1951 1952 1953 1954 1955 1956 1957 1958 1959 1960 1961 1962 1963 1964 1965 1966 1967 1968 1969 1970 1971 1972 1973 1974 1975 1976 1977 1978 1979 1980 1981 1982 1983 1984 1985 1986 1987 1988 1989 1990 1991 1992 1993 1994 1995 1996 1997 1998 1999 2000 2001 2002 2003 2004 2005 2006 2007 2008 2009 2010 2011 2012 2013 
standardiesed_ycs: 1 1 1 1 1 1 1 1 1 1 1 1 1 1 1 1 1 1 1 1 1 1 1 1 1 1 1 1 1 1 1 1 1 1 1 1 1 1 1 1 1 1 1 1 1 1 1 1 1 1 1 1 1 1 1 1 1 1 1 1 1 1 1 1 1 1 1 1 1 1 1 1 1 1 1 1 1 1 1 1 1 1 1 1 1 1 1 1 1 1 1 1 1 1 1 1 1 1 1 1 1 1 1 1 1 1 1 1 1 1 1 1 1 1 
ycs_values: 1 1 1 1 1 1 1 1 1 1 1 1 1 1 1 1 1 1 1 1 1 1 1 1 1 1 1 1 1 1 1 1 1 1 1 1 1 1 1 1 1 1 1 1 1 1 1 1 1 1 1 1 1 1 1 1 1 1 1 1 1 1 1 1 1 1 1 1 1 1 1 1 1 1 1 1 1 1 1 1 1 1 1 1 1 1 1 1 1 1 1 1 1 1 1 1 1 1 1 1 1 1 1 1 1 1 1 1 1 1 1 1 1 1 
true_ycs: 1 1 1 1 1 1 1 1 1 1 1 1 1 1 1 1 1 1 1 1 1 1 1 1 1 1 1 1 1 1 1 1 1 1 1 1 1 1 1 1 1 1 1 1 1 1 1 1 1 1 1 1 1 1 1 1 1 1 1 1 1 1 1 1 1 1 1 1 1 1 1 1 1 1 1 1 1 1 1 1 1 1 1 1 1 1 1 1 1 1 1 1 1 1 1 1 1 1 1 1 1 1 1 1 1 1 1 1 1 1 1 1 1 1 
Recruits: 2.24321e+006 2.24321e+006 2.24321e+006 2.24321e+006 2.24321e+006 2.24321e+006 2.24321e+006 2.24321e+006 2.24321e+006 2.24321e+006 2.24321e+006 2.24321e+006 2.24321e+006 2.24321e+006 2.24321e+006 2.24321e+006 2.24321e+006 2.24321e+006 2.24321e+006 2.24321e+006 2.24321e+006 2.24321e+006 2.24321e+006 2.24321e+006 2.24321e+006 2.24321e+006 2.24321e+006 2.24321e+006 2.24321e+006 2.24321e+006 2.24321e+006 2.24321e+006 2.24321e+006 2.24321e+006 2.24321e+006 2.24321e+006 2.24321e+006 2.24321e+006 2.24321e+006 2.24321e+006 2.24321e+006 2.24321e+006 2.24321e+006 2.24321e+006 2.24321e+006 2.24321e+006 2.24321e+006 2.24321e+006 2.24321e+006 2.24321e+006 2.24321e+006 2.24321e+006 2.24321e+006 2.24321e+006 2.24321e+006 2.24321e+006 2.24321e+006 2.24321e+006 2.24321e+006 2.24321e+006 2.24321e+006 2.24321e+006 2.24321e+006 2.24321e+006 2.24321e+006 2.24321e+006 2.24321e+006 2.24321e+006 2.24321e+006 2.24321e+006 2.24321e+006 2.24321e+006 2.24321e+006 2.24321e+006 2.24321e+006 2.24321e+006 2.24321e+006 2.24321e+006 2.24321e+006 2.24321e+006 2.24321e+006 2.24321e+006 2.24321e+006 2.24321e+006 2.24321e+006 2.24321e+006 2.24321e+006 2.24321e+006 2.24321e+006 2.24321e+006 2.24321e+006 2.24321e+006 2.24321e+006 2.24321e+006 2.24321e+006 2.24321e+006 2.24321e+006 2.24321e+006 2.24321e+006 2.24321e+006 2.24321e+006 2.24321e+006 2.24321e+006 2.24321e+006 2.24321e+006 2.24321e+006 2.24321e+006 2.24321e+006 2.24321e+006 2.24321e+006 2.24321e+006 2.24321e+006 2.24321e+006 2.24321e+006 
SSB: 34080 33852.9 33555.6 33308.3 33134.7 32993.9 32885 32806 32754.8 32728.7 32725.2 32741.5 32775 32823.3 32884.1 32955.1 33034.1 33059.6 32851.4 32716.3 32692.5 32598.5 32460 32290.7 32013.2 31642.9 31167.9 30921.4 30523.5 30419.3 30200.5 29949.9 29945.3 29939.4 29865.3 29737.1 29454 29031.4 28730.5 28368.4 28054.4 27877.6 27759.3 27756.3 27705.5 27592.7 27506.6 27372.2 27182.5 26861.7 26676.3 26606.4 26661.8 26798.1 26948.1 27008.5 27046.4 27039 26955.1 26889.8 26735.1 26440.4 26052.6 25482.5 24756.2 23906.3 22873.3 21655.8 20302.8 18729.2 17134.3 15079.3 13058.3 11471.9 10194.9 10556.4 11158.8 11904.6 12756.1 13673.4 14478.9 15319.2 16079.6 16793.7 17549.6 18320.2 18910.5 19416.9 20184.3 20982.1 21836.2 22583.4 23176.5 23688.7 24200.2 24660.6 25018.2 25368.2 25751.8 26314.4 26759.6 27145.9 27403.5 27677.4 27942.7 28267.8 28514.4 28768.4 29066.4 29374.8 29764.8 29962.4 30152.6 30326.9 
*end

*process[instantaneous_mort]
categories: EN.EN EN.HG EN.BP HG.EN HG.HG HG.BP BP.EN BP.HG BP.BP
label: instantaneous_mort
m: 0.075 0.075 0.075 0.075 0.075 0.075 0.075 0.075 0.075
selectivities: One One One One One One One One One
time_step_ratio: 1
type: mortality_instantaneous
year: 1900 1901 1902 1903 1904 1905 1906 1907 1908 1909 1910 1911 1912 1913 1914 1915 1916 1917 1918 1919 1920 1921 1922 1923 1924 1925 1926 1927 1928 1929 1930 1931 1932 1933 1934 1935 1936 1937 1938 1939 1940 1941 1942 1943 1944 1945 1946 1947 1948 1949 1950 1951 1952 1953 1954 1955 1956 1957 1958 1959 1960 1961 1962 1963 1964 1965 1966 1967 1968 1969 1970 1971 1972 1973 1974 1975 1976 1977 1978 1979 1980 1981 1982 1983 1984 1985 1986 1987 1988 1989 1990 1991 1992 1993 1994 1995 1996 1997 1998 1999 2000 2001 2002 2003 2004 2005 2006 2007 2008 2009 2010 2011 2012 2013 
fishing_pressure[BP_LL]: 0.00771223 0.0103778 0.0104715 0.0105629 0.0106469 0.0107137 0.0107559 0.010782 0.0107987 0.0108069 0.0108074 0.0108012 0.0107891 0.0107722 0.0107512 0.0107269 0.0127871 0.0211552 0.0190409 0.015175 0.017641 0.0193088 0.020591 0.0247415 0.0286062 0.0331939 0.0257392 0.0320839 0.0218959 0.0267651 0.0286706 0.0198519 0.0202332 0.023176 0.0256338 0.032131 0.0383832 0.0346252 0.037979 0.0370595 0.0323254 0.0305496 0.0262361 0.0285544 0.0315186 0.0308288 0.0332649 0.036104 0.0423472 0.0374226 0.0330107 0.0278848 0.0244654 0.0238189 0.0275658 0.0284815 0.0303976 0.0337167 0.0330762 0.0370991 0.043879 0.0490605 0.0586821 0.0681188 0.0771832 0.0904572 0.106002 0.121816 0.145895 0.162662 0.216179 0.248059 0.251998 0.260157 0.0935323 0.0666056 0.0510233 0.0398467 0.0328881 0.0420344 0.0371233 0.0411982 0.0420205 0.034941 0.0314737 0.040359 0.0434397 0.0239894 0.018182 0.0117657 0.0159461 0.0220322 0.023418 0.0212372 0.0220831 0.0254563 0.0243732 0.0210859 0.0110932 0.0150739 0.0165612 0.0210602 0.0192904 0.01882 0.0153864 0.0180573 0.0169232 0.0142291 0.0129089 0.00852702 0.0158097 0.0153237 0.0153073 0.0152165 
catch[BP_LL]: 211 282 282 282 282 282 282 282 282 282 282 282 282 282 282 282 337 558 499 396 460 502 533 637 730 837 639 790 532 648 689 473 482 552 609 760 899 799 867 835 720 676 578 629 693 675 726 784 913 797 698 588 517 506 589 610 652 723 707 791 930 1028 1211 1374 1511 1708 1912 2076 2325 2383 2885 2895 2525 2269 718 530 431 361 321 442 415 489 525 457 431 578 643 365 288 194 274 392 428 397 422 496 482 423 226 314 351 453 419 413 341 405 383 325 298 199 374 365 367 367 
actual_catch[BP_LL]: 211 282 282 282 282 282 282 282 282 282 282 282 282 282 282 282 337 558 499 396 460 502 533 637 730 837 639 790 532 648 689 473 482 552 609 760 899 799 867 835 720 676 578 629 693 675 726 784 913 797 698 588 517 506 589 610 652 723 707 791 930 1028 1211 1374 1511 1708 1912 2076 2325 2383 2885 2895 2525 2269 718 530 431 361 321 442 415 489 525 457 431 578 643 365 288 194 274 392 428 397 422 496 482 423 226 314 351 453 419 413 341 405 383 325 298 199 374 365 367 367 
fishing_pressure[EN_LL]: 0.0023346 0.00312435 0.00313513 0.00314542 0.00315444 0.00316061 0.00316285 0.0031627 0.0031613 0.00315884 0.00315549 0.00315141 0.00314676 0.00314168 0.00313628 0.00313067 0.0037379 0.00619259 0.00553921 0.00438674 0.00510891 0.00555379 0.00592172 0.00708966 0.00814013 0.00935877 0.00718232 0.00889722 0.00602847 0.00734854 0.0078175 0.00539017 0.00549133 0.00626334 0.00692715 0.00866149 0.010285 0.00915748 0.00999301 0.00965644 0.00836348 0.00785138 0.0067298 0.00734049 0.00808259 0.00786961 0.00847938 0.00917001 0.0106982 0.00937381 0.00822866 0.00694004 0.00608963 0.00593927 0.00691655 0.00715482 0.00762864 0.00847839 0.00828447 0.00928014 0.0111205 0.012485 0.0149035 0.0171203 0.0191167 0.0219026 0.0248863 0.0274962 0.0312871 0.0324313 0.0255926 0.034622 0.0321219 0.0304597 0.0127416 0.00952936 0.00755887 0.00635092 0.00553494 0.00797357 0.00792072 0.0097963 0.010506 0.0201126 0.0159691 0.0155709 0.0141358 0.00819297 0.0100359 0.0111792 0.0109182 0.00987814 0.0100696 0.00980037 0.0107776 0.0115274 0.0131692 0.0136482 0.011097 0.00992399 0.0107314 0.0103222 0.00858723 0.00633559 0.0075842 0.00698353 0.00746862 0.00848104 0.00796934 0.00766792 0.0079134 0.00846477 0.00765494 0.00763455 
catch[EN_LL]: 233 311 311 311 311 311 311 311 311 311 311 311 311 311 311 311 372 617 551 436 508 552 588 703 805 922 704 870 587 715 759 522 532 607 671 838 992 879 956 920 794 744 637 695 765 744 801 865 1007 879 770 649 570 557 650 673 718 798 779 872 1043 1167 1387 1583 1753 1989 2233 2432 2723 2769 2142 2856 2593 2416 996 750 601 511 451 658 660 824 890 1714 1357 1324 1202 698 861 963 943 856 876 855 943 1011 1157 1200 976 875 949 915 763 565 680 629 676 771 727 702 727 780 707 707 
actual_catch[EN_LL]: 233 311 311 311 311 311 311 311 311 311 311 311 311 311 311 311 372 617 551 436 508 552 588 703 805 922 704 870 587 715 759 522 532 607 671 838 992 879 956 920 794 744 637 695 765 744 801 865 1007 879 770 649 570 557 650 673 718 798 779 872 1043 1167 1387 1583 1753 1989 2233 2432 2723 2769 2142 2856 2593 2416 996 750 601 511 451 658 660 824 890 1714 1357 1324 1202 698 861 963 943 856 876 855 943 1011 1157 1200 976 875 949 915 763 565 680 629 676 771 727 702 727 780 707 707 
fishing_pressure[HG_LL]: 0.00434343 0.00581457 0.0058454 0.00587533 0.00590295 0.00592543 0.00594061 0.00595085 0.00595809 0.00596256 0.00596451 0.0059642 0.00596192 0.00595793 0.00595248 0.00594584 0.00708455 0.0117316 0.0105418 0.00838514 0.00974217 0.0106504 0.0113526 0.0136093 0.0156532 0.0180765 0.0139267 0.0172871 0.0117531 0.0143239 0.0152859 0.0105582 0.0107485 0.0123038 0.0136178 0.0170313 0.0202412 0.0181463 0.0198027 0.0192038 0.0166565 0.0156978 0.0134577 0.0146315 0.0161322 0.0157709 0.016987 0.0184026 0.0214765 0.0188964 0.0165781 0.0140065 0.0122907 0.0119798 0.0139355 0.0143911 0.0153575 0.0170635 0.0166906 0.0187065 0.0189227 0.0182035 0.0195506 0.0204342 0.0207771 0.0225752 0.0246254 0.0257345 0.0290344 0.0337382 0.0394102 0.0428975 0.0388566 0.0367286 0.00669954 0.00529768 0.0055021 0.00661556 0.00878953 0.0122939 0.0118297 0.0136888 0.0145437 0.0190543 0.0176284 0.0219836 0.0155483 0.013678 0.0213386 0.0233109 0.0179751 0.0174947 0.0219201 0.0216332 0.0184011 0.0169756 0.0135285 0.0134711 0.013261 0.0150599 0.0131452 0.0141851 0.0139107 0.0132343 0.0105444 0.0093797 0.00859475 0.00764945 0.00836744 0.00944622 0.00887903 0.0092543 0.00985761 0.00982031 
catch[HG_LL]: 474 632 632 632 632 632 632 632 632 632 632 632 632 632 632 632 754 1249 1118 887 1030 1124 1195 1428 1634 1874 1431 1768 1193 1451 1542 1060 1079 1235 1365 1703 2013 1790 1942 1870 1612 1514 1295 1408 1551 1513 1627 1758 2044 1787 1562 1318 1158 1132 1321 1366 1459 1621 1583 1772 1787 1713 1834 1908 1929 2083 2254 2332 2602 2981 3421 3645 3221 2986 536 430 454 555 749 1062 1032 1206 1291 1702 1576 1970 1391 1228 1927 2103 1617 1576 1978 1948 1654 1527 1219 1219 1205 1375 1204 1305 1284 1226 981 878 810 726 800 909 859 900 963 963 
actual_catch[HG_LL]: 474 632 632 632 632 632 632 632 632 632 632 632 632 632 632 632 754 1249 1118 887 1030 1124 1195 1428 1634 1874 1431 1768 1193 1451 1542 1060 1079 1235 1365 1703 2013 1790 1942 1870 1612 1514 1295 1408 1551 1513 1627 1758 2044 1787 1562 1318 1158 1132 1321 1366 1459 1621 1583 1772 1787 1713 1834 1908 1929 2083 2254 2332 2602 2981 3421 3645 3221 2986 536 430 454 555 749 1062 1032 1206 1291 1702 1576 1970 1391 1228 1927 2103 1617 1576 1978 1948 1654 1527 1219 1219 1205 1375 1204 1305 1284 1226 981 878 810 726 800 909 859 900 963 963 
*end

*selectivity[Sel_LL]
alpha: 1 
intervals: 5 
label: Sel_LL 
length_based: 0 
mu: 7.80951 
partition_type: model 
sigma_l: 1.86113 
sigma_r: 100 
type: double_normal 
Values {v}
0 5.00774e-006
1 9.33566e-005
2 0.00116636
3 0.00976577
4 0.054798
5 0.206067
6 0.519321
7 0.877099
8 0.999997
9 0.999902
10 0.999667
11 0.999295
12 0.998784
13 0.998134
14 0.997347
15 0.996423
16 0.995361
17 0.994162
18 0.992828
19 0.991357
20 0.989752
*end

*derived_quantity[derived_quants]
SSB_EN {L} 
type: biomass 
initialisation_phase[1]: 104997 
values {v}
1900 104997
1901 104753
1902 104435
1903 104199
1904 104086
1905 104024
1906 104008
1907 104034
1908 104098
1909 104192
1910 104313
1911 104454
1912 104613
1913 104784
1914 104963
1915 105149
1916 105337
1917 105462
1918 105328
1919 105270
1920 105328
1921 105304
1922 105230
1923 105116
1924 104882
1925 104546
1926 104094
1927 103889
1928 103517
1929 103462
1930 103278
1931 103058
1932 103102
1933 103141
1934 103104
1935 103003
1936 102730
1937 102304
1938 102013
1939 101653
1940 101346
1941 101189
1942 101096
1943 101127
1944 101101
1945 101005
1946 100937
1947 100815
1948 100631
1949 100302
1950 100123
1951 100071
1952 100156
1953 100327
1954 100511
1955 100591
1956 100645
1957 100648
1958 100565
1959 100503
1960 100343
1961 100027
1962 99611.1
1963 98995.3
1964 98212.4
1965 97297.3
1966 96185.4
1967 94876.2
1968 93426.6
1969 91744.1
1970 90057.5
1971 88974.4
1972 87265.8
1973 85902.6
1974 84786.8
1975 85267.6
1976 86018.8
1977 86923.7
1978 87908.9
1979 88928.2
1980 89713.9
1981 90481
1982 91058.5
1983 91543.9
1984 91217.2
1985 91221.4
1986 91212.5
1987 91342.7
1988 91937.3
1989 92308.4
1990 92553.1
1991 92831.5
1992 93174.3
1993 93451.9
1994 93735.2
1995 93943.2
1996 94084.1
1997 94103.3
1998 94077.4
1999 94255.8
2000 94504.2
2001 94685.4
2002 94879.6
2003 95204.8
2004 95701.7
2005 96093.2
2006 96521
2007 96892.2
2008 97165.3
2009 97457.9
2010 97750.2
2011 98004.6
2012 98192
2013 98427.3
end {L}
SSB_HG {L} 
type: biomass 
initialisation_phase[1]: 116667 
values {v}
1900 116667
1901 116207
1902 115606
1903 115089
1904 114700
1905 114373
1906 114107
1907 113901
1908 113750
1909 113650
1910 113597
1911 113586
1912 113613
1913 113672
1914 113759
1915 113870
1916 114001
1917 114027
1918 113587
1919 113296
1920 113231
1921 113025
1922 112732
1923 112376
1924 111804
1925 111048
1926 110082
1927 109577
1928 108769
1929 108550
1930 108104
1931 107595
1932 107581
1933 107567
1934 107416
1935 107156
1936 106586
1937 105737
1938 105134
1939 104410
1940 103783
1941 103435
1942 103204
1943 103206
1944 103112
1945 102893
1946 102727
1947 102464
1948 102090
1949 101455
1950 101092
1951 100965
1952 101089
1953 101376
1954 101690
1955 101820
1956 101905
1957 101900
1958 101738
1959 101616
1960 101313
1961 100986
1962 100724
1963 100335
1964 99866.7
1965 99373.3
1966 98726.2
1967 97911.9
1968 97025.4
1969 95881.1
1970 94405.6
1971 92604.1
1972 90575.1
1973 89025.8
1974 87769.8
1975 89037.3
1976 90456
1977 91879.9
1978 93219.6
1979 94374.8
1980 95199.8
1981 96036.5
1982 96670.8
1983 97194
1984 97230.3
1985 97394.3
1986 97163.8
1987 97466.9
1988 97944.9
1989 97726.7
1990 97322.9
1991 97370.2
1992 97456.1
1993 97161.2
1994 96901.1
1995 96913.5
1996 97041.2
1997 97444.2
1998 97839.7
1999 98263.4
2000 98528.7
2001 98938.1
2002 99244.5
2003 99572.8
2004 99959.8
2005 100550
2006 101219
2007 101925
2008 102673
2009 103328
2010 103854
2011 104394
2012 104862
2013 105250
end {L}
SSB_BP {L} 
type: biomass 
initialisation_phase[1]: 34080 
values {v}
1900 34080
1901 33852.9
1902 33555.6
1903 33308.3
1904 33134.7
1905 32993.9
1906 32885
1907 32806
1908 32754.8
1909 32728.7
1910 32725.2
1911 32741.5
1912 32775
1913 32823.3
1914 32884.1
1915 32955.1
1916 33034.1
1917 33059.6
1918 32851.4
1919 32716.3
1920 32692.5
1921 32598.5
1922 32460
1923 32290.7
1924 32013.2
1925 31642.9
1926 31167.9
1927 30921.4
1928 30523.5
1929 30419.3
1930 30200.5
1931 29949.9
1932 29945.3
1933 29939.4
1934 29865.3
1935 29737.1
1936 29454
1937 29031.4
1938 28730.5
1939 28368.4
1940 28054.4
1941 27877.6
1942 27759.3
1943 27756.3
1944 27705.5
1945 27592.7
1946 27506.6
1947 27372.2
1948 27182.5
1949 26861.7
1950 26676.3
1951 26606.4
1952 26661.8
1953 26798.1
1954 26948.1
1955 27008.5
1956 27046.4
1957 27039
1958 26955.1
1959 26889.8
1960 26735.1
1961 26440.4
1962 26052.6
1963 25482.5
1964 24756.2
1965 23906.3
1966 22873.3
1967 21655.8
1968 20302.8
1969 18729.2
1970 17134.3
1971 15079.3
1972 13058.3
1973 11471.9
1974 10194.9
1975 10556.4
1976 11158.8
1977 11904.6
1978 12756.1
1979 13673.4
1980 14478.9
1981 15319.2
1982 16079.6
1983 16793.7
1984 17549.6
1985 18320.2
1986 18910.5
1987 19416.9
1988 20184.3
1989 20982.1
1990 21836.2
1991 22583.4
1992 23176.5
1993 23688.7
1994 24200.2
1995 24660.6
1996 25018.2
1997 25368.2
1998 25751.8
1999 26314.4
2000 26759.6
2001 27145.9
2002 27403.5
2003 27677.4
2004 27942.7
2005 28267.8
2006 28514.4
2007 28768.4
2008 29066.4
2009 29374.8
2010 29764.8
2011 29962.4
2012 30152.6
2013 30326.9
end {L}
*end

*warnings[warnings_encounted]
warnings_found: 3
warning_0 {s}
Years to go back is 0 in derived quantity SSB_EN when it shouldn't be
warning_1 {s}
Years to go back is 0 in derived quantity SSB_HG when it shouldn't be
warning_2 {s}
Years to go back is 0 in derived quantity SSB_BP when it shouldn't be
*end

Total elapsed time: 1 second
Completed
