Casal2
Call: casal2 -r 
Date: Tue Jun 08 15:58:08 2021
Version: 2021-05-24 00:21:56 UTC (rev. 6891e80d)
Copyright (c) 2020 - 2021, NIWA (www.niwa.co.nz)
Environment: machine:DESKTOP-D3MBM6L, user:Cyril, os:Windows_NT, pid:14016

*initialisation_partition[Init]
values {d}
category 1 2 3 4 5 6 7 8 9 10 11 12 13 14 15 16 17 18 19 20 21 22 23 24 25 26 27 28 29 30
HAK4 4632169.300000 3792499.459374 3105035.938421 2542188.412198 2081367.833185 1704079.853496 1395182.581757 1142278.885844 935218.852432 765692.435344 626895.944215 513258.988509 420220.918186 344047.788806 281682.505224 230622.129631 188817.429869 154590.636551 126568.108282 103625.202609 84841.140170 69462.050584 56870.716985 46561.804945 38121.581627 31211.311234 25553.660351 20921.567583 17129.130783 77366.383894
*end

*partition[Annual_part]
year: 1940
time_step: Annual
values {d_r}
category 1 2 3 4 5 6 7 8 9 10 11 12 13 14 15 16 17 18 19 20 21 22 23 24 25 26 27 28 29 30
HAK4 4632169.300000 3792499.459374 3105035.938421 2542188.412198 2081367.833185 1704079.853496 1395182.581757 1142278.885844 935218.852432 765692.435344 626895.944215 513258.988509 420220.918186 344047.788806 281682.505224 230622.129631 188817.429869 154590.636551 126568.108282 103625.202609 84841.140170 69462.050584 56870.716985 46561.804945 38121.581627 31211.311234 25553.660351 20921.567583 17129.130783 77366.383894
*end

*partition[Annual_part]
year: 1941
time_step: Annual
values {d_r}
category 1 2 3 4 5 6 7 8 9 10 11 12 13 14 15 16 17 18 19 20 21 22 23 24 25 26 27 28 29 30
HAK4 4632169.300000 3792499.459374 3105035.938421 2542188.412198 2081367.833185 1704079.853496 1395182.581757 1142278.885844 935218.852432 765692.435344 626895.944215 513258.988509 420220.918186 344047.788806 281682.505224 230622.129631 188817.429869 154590.636551 126568.108282 103625.202609 84841.140170 69462.050584 56870.716985 46561.804945 38121.581627 31211.311234 25553.660351 20921.567583 17129.130783 77366.383894
*end

*partition[Annual_part]
year: 1942
time_step: Annual
values {d_r}
category 1 2 3 4 5 6 7 8 9 10 11 12 13 14 15 16 17 18 19 20 21 22 23 24 25 26 27 28 29 30
HAK4 4632169.300000 3792499.459374 3105035.938421 2542188.412198 2081367.833185 1704079.853496 1395182.581757 1142278.885844 935218.852432 765692.435344 626895.944215 513258.988509 420220.918186 344047.788806 281682.505224 230622.129631 188817.429869 154590.636551 126568.108282 103625.202609 84841.140170 69462.050584 56870.716985 46561.804945 38121.581627 31211.311234 25553.660351 20921.567583 17129.130783 77366.383894
*end

*partition[Annual_part]
year: 1943
time_step: Annual
values {d_r}
category 1 2 3 4 5 6 7 8 9 10 11 12 13 14 15 16 17 18 19 20 21 22 23 24 25 26 27 28 29 30
HAK4 4632169.300000 3792499.459374 3105035.938421 2542188.412198 2081367.833185 1704079.853496 1395182.581757 1142278.885844 935218.852432 765692.435344 626895.944215 513258.988509 420220.918186 344047.788806 281682.505224 230622.129631 188817.429869 154590.636551 126568.108282 103625.202609 84841.140170 69462.050584 56870.716985 46561.804945 38121.581627 31211.311234 25553.660351 20921.567583 17129.130783 77366.383894
*end

*partition[Annual_part]
year: 1944
time_step: Annual
values {d_r}
category 1 2 3 4 5 6 7 8 9 10 11 12 13 14 15 16 17 18 19 20 21 22 23 24 25 26 27 28 29 30
HAK4 4632169.300000 3792499.459374 3105035.938421 2542188.412198 2081367.833185 1704079.853496 1395182.581757 1142278.885844 935218.852432 765692.435344 626895.944215 513258.988509 420220.918186 344047.788806 281682.505224 230622.129631 188817.429869 154590.636551 126568.108282 103625.202609 84841.140170 69462.050584 56870.716985 46561.804945 38121.581627 31211.311234 25553.660351 20921.567583 17129.130783 77366.383894
*end

*partition[Annual_part]
year: 1945
time_step: Annual
values {d_r}
category 1 2 3 4 5 6 7 8 9 10 11 12 13 14 15 16 17 18 19 20 21 22 23 24 25 26 27 28 29 30
HAK4 4632169.300000 3792499.459374 3105035.938421 2542188.412198 2081367.833185 1704079.853496 1395182.581757 1142278.885844 935218.852432 765692.435344 626895.944215 513258.988509 420220.918186 344047.788806 281682.505224 230622.129631 188817.429869 154590.636551 126568.108282 103625.202609 84841.140170 69462.050584 56870.716985 46561.804945 38121.581627 31211.311234 25553.660351 20921.567583 17129.130783 77366.383894
*end

*partition[Annual_part]
year: 1946
time_step: Annual
values {d_r}
category 1 2 3 4 5 6 7 8 9 10 11 12 13 14 15 16 17 18 19 20 21 22 23 24 25 26 27 28 29 30
HAK4 4632169.300000 3792499.459374 3105035.938421 2542188.412198 2081367.833185 1704079.853496 1395182.581757 1142278.885844 935218.852432 765692.435344 626895.944215 513258.988509 420220.918186 344047.788806 281682.505224 230622.129631 188817.429869 154590.636551 126568.108282 103625.202609 84841.140170 69462.050584 56870.716985 46561.804945 38121.581627 31211.311234 25553.660351 20921.567583 17129.130783 77366.383894
*end

*partition[Annual_part]
year: 1947
time_step: Annual
values {d_r}
category 1 2 3 4 5 6 7 8 9 10 11 12 13 14 15 16 17 18 19 20 21 22 23 24 25 26 27 28 29 30
HAK4 4632169.300000 3792499.459374 3105035.938421 2542188.412198 2081367.833185 1704079.853496 1395182.581757 1142278.885844 935218.852432 765692.435344 626895.944215 513258.988509 420220.918186 344047.788806 281682.505224 230622.129631 188817.429869 154590.636551 126568.108282 103625.202609 84841.140170 69462.050584 56870.716985 46561.804945 38121.581627 31211.311234 25553.660351 20921.567583 17129.130783 77366.383894
*end

*partition[Annual_part]
year: 1948
time_step: Annual
values {d_r}
category 1 2 3 4 5 6 7 8 9 10 11 12 13 14 15 16 17 18 19 20 21 22 23 24 25 26 27 28 29 30
HAK4 4632169.300000 3792499.459374 3105035.938421 2542188.412198 2081367.833185 1704079.853496 1395182.581757 1142278.885844 935218.852432 765692.435344 626895.944215 513258.988509 420220.918186 344047.788806 281682.505224 230622.129631 188817.429869 154590.636551 126568.108282 103625.202609 84841.140170 69462.050584 56870.716985 46561.804945 38121.581627 31211.311234 25553.660351 20921.567583 17129.130783 77366.383894
*end

*partition[Annual_part]
year: 1949
time_step: Annual
values {d_r}
category 1 2 3 4 5 6 7 8 9 10 11 12 13 14 15 16 17 18 19 20 21 22 23 24 25 26 27 28 29 30
HAK4 4632169.300000 3792499.459374 3105035.938421 2542188.412198 2081367.833185 1704079.853496 1395182.581757 1142278.885844 935218.852432 765692.435344 626895.944215 513258.988509 420220.918186 344047.788806 281682.505224 230622.129631 188817.429869 154590.636551 126568.108282 103625.202609 84841.140170 69462.050584 56870.716985 46561.804945 38121.581627 31211.311234 25553.660351 20921.567583 17129.130783 77366.383894
*end

*partition[Annual_part]
year: 1950
time_step: Annual
values {d_r}
category 1 2 3 4 5 6 7 8 9 10 11 12 13 14 15 16 17 18 19 20 21 22 23 24 25 26 27 28 29 30
HAK4 4632169.300000 3792499.459374 3105035.938421 2542188.412198 2081367.833185 1704079.853496 1395182.581757 1142278.885844 935218.852432 765692.435344 626895.944215 513258.988509 420220.918186 344047.788806 281682.505224 230622.129631 188817.429869 154590.636551 126568.108282 103625.202609 84841.140170 69462.050584 56870.716985 46561.804945 38121.581627 31211.311234 25553.660351 20921.567583 17129.130783 77366.383894
*end

*partition[Annual_part]
year: 1951
time_step: Annual
values {d_r}
category 1 2 3 4 5 6 7 8 9 10 11 12 13 14 15 16 17 18 19 20 21 22 23 24 25 26 27 28 29 30
HAK4 4632169.300000 3792499.459374 3105035.938421 2542188.412198 2081367.833185 1704079.853496 1395182.581757 1142278.885844 935218.852432 765692.435344 626895.944215 513258.988509 420220.918186 344047.788806 281682.505224 230622.129631 188817.429869 154590.636551 126568.108282 103625.202609 84841.140170 69462.050584 56870.716985 46561.804945 38121.581627 31211.311234 25553.660351 20921.567583 17129.130783 77366.383894
*end

*partition[Annual_part]
year: 1952
time_step: Annual
values {d_r}
category 1 2 3 4 5 6 7 8 9 10 11 12 13 14 15 16 17 18 19 20 21 22 23 24 25 26 27 28 29 30
HAK4 4632169.300000 3792499.459374 3105035.938421 2542188.412198 2081367.833185 1704079.853496 1395182.581757 1142278.885844 935218.852432 765692.435344 626895.944215 513258.988509 420220.918186 344047.788806 281682.505224 230622.129631 188817.429869 154590.636551 126568.108282 103625.202609 84841.140170 69462.050584 56870.716985 46561.804945 38121.581627 31211.311234 25553.660351 20921.567583 17129.130783 77366.383894
*end

*partition[Annual_part]
year: 1953
time_step: Annual
values {d_r}
category 1 2 3 4 5 6 7 8 9 10 11 12 13 14 15 16 17 18 19 20 21 22 23 24 25 26 27 28 29 30
HAK4 4632169.300000 3792499.459374 3105035.938421 2542188.412198 2081367.833185 1704079.853496 1395182.581757 1142278.885844 935218.852432 765692.435344 626895.944215 513258.988509 420220.918186 344047.788806 281682.505224 230622.129631 188817.429869 154590.636551 126568.108282 103625.202609 84841.140170 69462.050584 56870.716985 46561.804945 38121.581627 31211.311234 25553.660351 20921.567583 17129.130783 77366.383894
*end

*partition[Annual_part]
year: 1954
time_step: Annual
values {d_r}
category 1 2 3 4 5 6 7 8 9 10 11 12 13 14 15 16 17 18 19 20 21 22 23 24 25 26 27 28 29 30
HAK4 4632169.300000 3792499.459374 3105035.938421 2542188.412198 2081367.833185 1704079.853496 1395182.581757 1142278.885844 935218.852432 765692.435344 626895.944215 513258.988509 420220.918186 344047.788806 281682.505224 230622.129631 188817.429869 154590.636551 126568.108282 103625.202609 84841.140170 69462.050584 56870.716985 46561.804945 38121.581627 31211.311234 25553.660351 20921.567583 17129.130783 77366.383894
*end

*partition[Annual_part]
year: 1955
time_step: Annual
values {d_r}
category 1 2 3 4 5 6 7 8 9 10 11 12 13 14 15 16 17 18 19 20 21 22 23 24 25 26 27 28 29 30
HAK4 4632169.300000 3792499.459374 3105035.938421 2542188.412198 2081367.833185 1704079.853496 1395182.581757 1142278.885844 935218.852432 765692.435344 626895.944215 513258.988509 420220.918186 344047.788806 281682.505224 230622.129631 188817.429869 154590.636551 126568.108282 103625.202609 84841.140170 69462.050584 56870.716985 46561.804945 38121.581627 31211.311234 25553.660351 20921.567583 17129.130783 77366.383894
*end

*partition[Annual_part]
year: 1956
time_step: Annual
values {d_r}
category 1 2 3 4 5 6 7 8 9 10 11 12 13 14 15 16 17 18 19 20 21 22 23 24 25 26 27 28 29 30
HAK4 4632169.300000 3792499.459374 3105035.938421 2542188.412198 2081367.833185 1704079.853496 1395182.581757 1142278.885844 935218.852432 765692.435344 626895.944215 513258.988509 420220.918186 344047.788806 281682.505224 230622.129631 188817.429869 154590.636551 126568.108282 103625.202609 84841.140170 69462.050584 56870.716985 46561.804945 38121.581627 31211.311234 25553.660351 20921.567583 17129.130783 77366.383894
*end

*partition[Annual_part]
year: 1957
time_step: Annual
values {d_r}
category 1 2 3 4 5 6 7 8 9 10 11 12 13 14 15 16 17 18 19 20 21 22 23 24 25 26 27 28 29 30
HAK4 4632169.300000 3792499.459374 3105035.938421 2542188.412198 2081367.833185 1704079.853496 1395182.581757 1142278.885844 935218.852432 765692.435344 626895.944215 513258.988509 420220.918186 344047.788806 281682.505224 230622.129631 188817.429869 154590.636551 126568.108282 103625.202609 84841.140170 69462.050584 56870.716985 46561.804945 38121.581627 31211.311234 25553.660351 20921.567583 17129.130783 77366.383894
*end

*partition[Annual_part]
year: 1958
time_step: Annual
values {d_r}
category 1 2 3 4 5 6 7 8 9 10 11 12 13 14 15 16 17 18 19 20 21 22 23 24 25 26 27 28 29 30
HAK4 4632169.300000 3792499.459374 3105035.938421 2542188.412198 2081367.833185 1704079.853496 1395182.581757 1142278.885844 935218.852432 765692.435344 626895.944215 513258.988509 420220.918186 344047.788806 281682.505224 230622.129631 188817.429869 154590.636551 126568.108282 103625.202609 84841.140170 69462.050584 56870.716985 46561.804945 38121.581627 31211.311234 25553.660351 20921.567583 17129.130783 77366.383894
*end

*partition[Annual_part]
year: 1959
time_step: Annual
values {d_r}
category 1 2 3 4 5 6 7 8 9 10 11 12 13 14 15 16 17 18 19 20 21 22 23 24 25 26 27 28 29 30
HAK4 4632169.300000 3792499.459374 3105035.938421 2542188.412198 2081367.833185 1704079.853496 1395182.581757 1142278.885844 935218.852432 765692.435344 626895.944215 513258.988509 420220.918186 344047.788806 281682.505224 230622.129631 188817.429869 154590.636551 126568.108282 103625.202609 84841.140170 69462.050584 56870.716985 46561.804945 38121.581627 31211.311234 25553.660351 20921.567583 17129.130783 77366.383894
*end

*partition[Annual_part]
year: 1960
time_step: Annual
values {d_r}
category 1 2 3 4 5 6 7 8 9 10 11 12 13 14 15 16 17 18 19 20 21 22 23 24 25 26 27 28 29 30
HAK4 4632169.300000 3792499.459374 3105035.938421 2542188.412198 2081367.833185 1704079.853496 1395182.581757 1142278.885844 935218.852432 765692.435344 626895.944215 513258.988509 420220.918186 344047.788806 281682.505224 230622.129631 188817.429869 154590.636551 126568.108282 103625.202609 84841.140170 69462.050584 56870.716985 46561.804945 38121.581627 31211.311234 25553.660351 20921.567583 17129.130783 77366.383894
*end

*partition[Annual_part]
year: 1961
time_step: Annual
values {d_r}
category 1 2 3 4 5 6 7 8 9 10 11 12 13 14 15 16 17 18 19 20 21 22 23 24 25 26 27 28 29 30
HAK4 4632169.300000 3792499.459374 3105035.938421 2542188.412198 2081367.833185 1704079.853496 1395182.581757 1142278.885844 935218.852432 765692.435344 626895.944215 513258.988509 420220.918186 344047.788806 281682.505224 230622.129631 188817.429869 154590.636551 126568.108282 103625.202609 84841.140170 69462.050584 56870.716985 46561.804945 38121.581627 31211.311234 25553.660351 20921.567583 17129.130783 77366.383894
*end

*partition[Annual_part]
year: 1962
time_step: Annual
values {d_r}
category 1 2 3 4 5 6 7 8 9 10 11 12 13 14 15 16 17 18 19 20 21 22 23 24 25 26 27 28 29 30
HAK4 4632169.300000 3792499.459374 3105035.938421 2542188.412198 2081367.833185 1704079.853496 1395182.581757 1142278.885844 935218.852432 765692.435344 626895.944215 513258.988509 420220.918186 344047.788806 281682.505224 230622.129631 188817.429869 154590.636551 126568.108282 103625.202609 84841.140170 69462.050584 56870.716985 46561.804945 38121.581627 31211.311234 25553.660351 20921.567583 17129.130783 77366.383894
*end

*partition[Annual_part]
year: 1963
time_step: Annual
values {d_r}
category 1 2 3 4 5 6 7 8 9 10 11 12 13 14 15 16 17 18 19 20 21 22 23 24 25 26 27 28 29 30
HAK4 4632169.300000 3792499.459374 3105035.938421 2542188.412198 2081367.833185 1704079.853496 1395182.581757 1142278.885844 935218.852432 765692.435344 626895.944215 513258.988509 420220.918186 344047.788806 281682.505224 230622.129631 188817.429869 154590.636551 126568.108282 103625.202609 84841.140170 69462.050584 56870.716985 46561.804945 38121.581627 31211.311234 25553.660351 20921.567583 17129.130783 77366.383894
*end

*partition[Annual_part]
year: 1964
time_step: Annual
values {d_r}
category 1 2 3 4 5 6 7 8 9 10 11 12 13 14 15 16 17 18 19 20 21 22 23 24 25 26 27 28 29 30
HAK4 4632169.300000 3792499.459374 3105035.938421 2542188.412198 2081367.833185 1704079.853496 1395182.581757 1142278.885844 935218.852432 765692.435344 626895.944215 513258.988509 420220.918186 344047.788806 281682.505224 230622.129631 188817.429869 154590.636551 126568.108282 103625.202609 84841.140170 69462.050584 56870.716985 46561.804945 38121.581627 31211.311234 25553.660351 20921.567583 17129.130783 77366.383894
*end

*partition[Annual_part]
year: 1965
time_step: Annual
values {d_r}
category 1 2 3 4 5 6 7 8 9 10 11 12 13 14 15 16 17 18 19 20 21 22 23 24 25 26 27 28 29 30
HAK4 4632169.300000 3792499.459374 3105035.938421 2542188.412198 2081367.833185 1704079.853496 1395182.581757 1142278.885844 935218.852432 765692.435344 626895.944215 513258.988509 420220.918186 344047.788806 281682.505224 230622.129631 188817.429869 154590.636551 126568.108282 103625.202609 84841.140170 69462.050584 56870.716985 46561.804945 38121.581627 31211.311234 25553.660351 20921.567583 17129.130783 77366.383894
*end

*partition[Annual_part]
year: 1966
time_step: Annual
values {d_r}
category 1 2 3 4 5 6 7 8 9 10 11 12 13 14 15 16 17 18 19 20 21 22 23 24 25 26 27 28 29 30
HAK4 4632169.300000 3792499.459374 3105035.938421 2542188.412198 2081367.833185 1704079.853496 1395182.581757 1142278.885844 935218.852432 765692.435344 626895.944215 513258.988509 420220.918186 344047.788806 281682.505224 230622.129631 188817.429869 154590.636551 126568.108282 103625.202609 84841.140170 69462.050584 56870.716985 46561.804945 38121.581627 31211.311234 25553.660351 20921.567583 17129.130783 77366.383894
*end

*partition[Annual_part]
year: 1967
time_step: Annual
values {d_r}
category 1 2 3 4 5 6 7 8 9 10 11 12 13 14 15 16 17 18 19 20 21 22 23 24 25 26 27 28 29 30
HAK4 4632169.300000 3792499.459374 3105035.938421 2542188.412198 2081367.833185 1704079.853496 1395182.581757 1142278.885844 935218.852432 765692.435344 626895.944215 513258.988509 420220.918186 344047.788806 281682.505224 230622.129631 188817.429869 154590.636551 126568.108282 103625.202609 84841.140170 69462.050584 56870.716985 46561.804945 38121.581627 31211.311234 25553.660351 20921.567583 17129.130783 77366.383894
*end

*partition[Annual_part]
year: 1968
time_step: Annual
values {d_r}
category 1 2 3 4 5 6 7 8 9 10 11 12 13 14 15 16 17 18 19 20 21 22 23 24 25 26 27 28 29 30
HAK4 4632169.300000 3792499.459374 3105035.938421 2542188.412198 2081367.833185 1704079.853496 1395182.581757 1142278.885844 935218.852432 765692.435344 626895.944215 513258.988509 420220.918186 344047.788806 281682.505224 230622.129631 188817.429869 154590.636551 126568.108282 103625.202609 84841.140170 69462.050584 56870.716985 46561.804945 38121.581627 31211.311234 25553.660351 20921.567583 17129.130783 77366.383894
*end

*partition[Annual_part]
year: 1969
time_step: Annual
values {d_r}
category 1 2 3 4 5 6 7 8 9 10 11 12 13 14 15 16 17 18 19 20 21 22 23 24 25 26 27 28 29 30
HAK4 4632169.300000 3792499.459374 3105035.938421 2542188.412198 2081367.833185 1704079.853496 1395182.581757 1142278.885844 935218.852432 765692.435344 626895.944215 513258.988509 420220.918186 344047.788806 281682.505224 230622.129631 188817.429869 154590.636551 126568.108282 103625.202609 84841.140170 69462.050584 56870.716985 46561.804945 38121.581627 31211.311234 25553.660351 20921.567583 17129.130783 77366.383894
*end

*partition[Annual_part]
year: 1970
time_step: Annual
values {d_r}
category 1 2 3 4 5 6 7 8 9 10 11 12 13 14 15 16 17 18 19 20 21 22 23 24 25 26 27 28 29 30
HAK4 4632169.300000 3685169.067920 2995818.898183 2434701.990106 1979059.190176 1609697.838301 1310477.445873 1067983.067986 871232.915765 711352.946496 581228.747131 475172.032163 388629.903379 317946.873832 260176.860046 212936.888282 174293.502474 142674.117749 116797.281819 95617.343235 78280.214547 64087.783935 52469.145262 42957.255593 35169.945973 28794.444156 23574.742685 19301.279411 15802.501488 71374.301439
*end

*partition[Annual_part]
year: 1971
time_step: Annual
values {d_r}
category 1 2 3 4 5 6 7 8 9 10 11 12 13 14 15 16 17 18 19 20 21 22 23 24 25 26 27 28 29 30
HAK4 4632169.300000 3792499.459374 3017161.246198 2452769.062595 1993365.393880 1620316.621159 1317909.123380 1072928.186151 874390.581527 713305.181230 582406.533589 475869.849849 389037.955735 318183.253462 260312.883451 213014.796559 174337.978901 142699.450537 116811.687869 95625.526501 78284.859434 64090.419007 52470.639604 42958.102814 35170.426222 28794.716352 23574.896948 19301.366832 15802.551028 71374.329511
*end

*partition[Annual_part]
year: 1972
time_step: Annual
values {d_r}
category 1 2 3 4 5 6 7 8 9 10 11 12 13 14 15 16 17 18 19 20 21 22 23 24 25 26 27 28 29 30
HAK4 4632169.300000 3792499.459374 3105035.938421 2470242.699257 2008157.461744 1632029.550091 1326603.047466 1079012.729073 878439.301846 715890.459298 584004.888203 476834.139843 389609.280534 318517.338474 260506.414724 213126.163104 174401.764803 142735.864756 116832.428602 95637.321178 78291.559326 64094.221919 52472.797019 42959.326277 35171.119867 28795.109547 23575.119804 19301.493132 15802.622602 71374.393054
*end

*partition[Annual_part]
year: 1973
time_step: Annual
values {d_r}
category 1 2 3 4 5 6 7 8 9 10 11 12 13 14 15 16 17 18 19 20 21 22 23 24 25 26 27 28 29 30
HAK4 4632169.300000 3792499.459374 3105035.938421 2542188.412198 2022463.665448 1644140.270953 1336192.782591 1086130.712087 883420.904255 719205.271134 586121.534862 478142.761920 390398.774407 318985.099658 260779.940398 213284.613109 174492.944019 142788.088236 116862.242043 95654.302253 78301.215990 64099.707326 52475.910580 42961.092620 35172.121555 28795.677456 23575.441724 19301.675591 15802.726008 71374.503679
*end

*partition[Annual_part]
year: 1974
time_step: Annual
values {d_r}
category 1 2 3 4 5 6 7 8 9 10 11 12 13 14 15 16 17 18 19 20 21 22 23 24 25 26 27 28 29 30
HAK4 4632169.300000 3792499.459374 3105035.938421 2542188.412198 2081367.833185 1655853.199885 1346108.202203 1093982.123148 889248.615848 723283.862225 588835.473253 479875.725633 391470.183545 319631.482571 261162.910863 213508.556989 174622.671910 142862.739463 116904.999012 95678.711434 78315.118919 64107.613534 52480.401651 42963.641788 35173.567713 28796.497568 23575.906689 19301.939157 15802.875392 71374.678913
*end

*partition[Annual_part]
year: 1975
time_step: Annual
values {d_r}
category 1 2 3 4 5 6 7 8 9 10 11 12 13 14 15 16 17 18 19 20 21 22 23 24 25 26 27 28 29 30
HAK4 4632169.300000 3792499.459374 3105035.938421 2542188.412198 2081367.833185 1704079.853496 1355697.937329 1102100.182114 895676.807539 728055.188927 592174.741209 482097.710455 392889.014231 320508.678182 261692.124433 213822.106687 174806.021652 142968.951678 116966.118268 95713.717879 78335.103466 64118.996290 52486.874707 42967.318766 35175.654796 28797.681582 23576.578140 19302.319838 15803.091182 71374.944688
*end

*partition[Annual_part]
year: 1976
time_step: Annual
values {d_r}
category 1 2 3 4 5 6 7 8 9 10 11 12 13 14 15 16 17 18 19 20 21 22 23 24 25 26 27 28 29 30
HAK4 4632169.300000 3792499.459374 3105035.938421 2542188.412198 2081367.833185 1704079.853496 1395182.581757 1109951.593175 902323.312070 733318.147151 596081.173113 484831.671824 394708.221538 321670.318498 262410.311456 214255.390111 175062.734433 143119.065750 117053.077474 95763.758094 78363.764319 64135.358253 52496.194119 42972.618456 35178.665251 28799.390341 23577.547529 19302.869575 15803.402857 71375.338959
*end

*partition[Annual_part]
year: 1977
time_step: Annual
values {d_r}
category 1 2 3 4 5 6 7 8 9 10 11 12 13 14 15 16 17 18 19 20 21 22 23 24 25 26 27 28 29 30
HAK4 4632169.300000 3792499.459374 3105035.938421 2542188.412198 2081367.833185 1704079.853496 1395182.581757 1142278.885844 908751.503761 738759.844811 600390.118863 488029.987758 396946.599788 323159.759466 263361.382106 214843.391914 175417.476897 143329.244398 117175.980481 95834.954270 78404.733782 64158.823775 52509.590161 42980.248545 35183.004270 28801.855093 23578.946542 19303.663244 15803.852944 71375.916940
*end

*partition[Annual_part]
year: 1978
time_step: Annual
values {d_r}
category 1 2 3 4 5 6 7 8 9 10 11 12 13 14 15 16 17 18 19 20 21 22 23 24 25 26 27 28 29 30
HAK4 4632169.300000 3792499.459374 3105035.938421 2542188.412198 2081367.833185 1704079.853496 1395182.581757 1142278.885844 935218.852432 744022.803035 604845.404086 491557.854157 399565.159402 324992.388576 264580.833232 215622.062704 175898.892055 143619.682963 117348.060204 95935.578742 78463.024281 64192.366734 52528.802106 42991.216297 35189.251259 28805.407581 23580.964511 19304.808659 15804.502745 71376.758650
*end

*partition[Annual_part]
year: 1979
time_step: Annual
values {d_r}
category 1 2 3 4 5 6 7 8 9 10 11 12 13 14 15 16 17 18 19 20 21 22 23 24 25 26 27 28 29 30
HAK4 4632169.300000 3792499.459374 3105035.938421 2542188.412198 2081367.833185 1704079.853496 1395182.581757 1142278.885844 935218.852432 765692.435344 609154.349836 495205.533183 402453.532115 327136.283861 266081.263044 216620.464842 176536.413778 144013.832358 117585.851189 96076.465703 78545.408631 64240.090958 52556.264758 43006.945707 35198.230894 28810.522183 23583.873042 19306.460832 15805.440532 71377.979796
*end

*partition[Annual_part]
year: 1980
time_step: Annual
values {d_r}
category 1 2 3 4 5 6 7 8 9 10 11 12 13 14 15 16 17 18 19 20 21 22 23 24 25 26 27 28 29 30
HAK4 4632169.300000 3792499.459374 3105035.938421 2542188.412198 2081367.833185 1704079.853496 1395182.581757 1142278.885844 935218.852432 765692.435344 626895.944215 498733.399582 405439.999111 329501.083428 267836.536044 217848.912872 177353.836312 144535.790998 117908.553420 96271.152495 78660.757118 64307.541559 52595.338048 43029.430224 35211.109046 28817.874087 23588.060524 19308.842136 15806.793216 71379.747381
*end

*partition[Annual_part]
year: 1981
time_step: Annual
values {d_r}
category 1 2 3 4 5 6 7 8 9 10 11 12 13 14 15 16 17 18 19 20 21 22 23 24 25 26 27 28 29 30
HAK4 4632169.300000 3596571.882386 2905664.355315 2345976.007172 1894607.268371 1531789.048460 1240556.554521 1006654.675628 818414.941045 666497.750218 543532.200252 443732.687798 352292.217709 285975.877470 232174.785937 188589.160395 153315.163505 124772.575038 101659.724759 82917.453292 67693.392504 55306.122514 45211.897893 36976.115345 30250.182302 24753.354014 20258.659935 16582.009141 13573.707248 61290.031443
*end

*partition[Annual_part]
year: 1982
time_step: Annual
values {d_r}
category 1 2 3 4 5 6 7 8 9 10 11 12 13 14 15 16 17 18 19 20 21 22 23 24 25 26 27 28 29 30
HAK4 4632169.300000 3623726.947429 2781757.184115 2220791.388271 1772263.489112 1416078.443430 1134394.240243 911802.531676 735510.122694 595286.752267 483175.344081 393080.501579 320351.131195 254024.418397 206028.458344 167167.024580 135727.962316 110308.857649 89754.442826 73118.009846 59631.924517 48679.897674 39770.051941 32510.341907 26587.670382 21751.049562 17798.425313 14566.492602 11922.825274 53828.463674
*end

*partition[Annual_part]
year: 1983
time_step: Annual
values {d_r}
category 1 2 3 4 5 6 7 8 9 10 11 12 13 14 15 16 17 18 19 20 21 22 23 24 25 26 27 28 29 30
HAK4 4632169.300000 3557035.569765 2737916.553921 2066254.766188 1622158.938967 1274699.319488 1004965.133711 796238.108055 634470.021102 508430.164113 409490.267818 331190.319701 268749.637072 218629.143942 173143.007919 140303.956045 113768.861935 92332.429781 75017.880047 61026.683037 49707.893293 40535.570579 33088.491444 27031.029516 22095.992153 18070.170346 14782.750594 12096.279588 9899.697150 44685.733352
*end

*partition[Annual_part]
year: 1984
time_step: Annual
values {d_r}
category 1 2 3 4 5 6 7 8 9 10 11 12 13 14 15 16 17 18 19 20 21 22 23 24 25 26 27 28 29 30
HAK4 4632169.300000 3747449.281472 2869258.526948 2201834.998033 1656803.361142 1297236.364045 1017040.450646 800333.359515 633183.621724 503986.666634 403539.559474 324819.926694 262599.548776 213027.114986 173262.318954 137194.721669 111162.420037 90132.334689 73145.906919 59427.255530 48342.637142 39375.744883 32109.590362 26210.301324 21411.902618 17502.679353 14313.707522 11709.661876 9581.651622 43237.932848
*end

*partition[Annual_part]
year: 1985
time_step: Annual
values {d_r}
category 1 2 3 4 5 6 7 8 9 10 11 12 13 14 15 16 17 18 19 20 21 22 23 24 25 26 27 28 29 30
HAK4 4632169.300000 3736209.458539 3011552.917217 2297058.894254 1756237.326440 1317073.713909 1028269.341251 804278.255715 631745.411211 499112.093271 396864.977922 317532.186910 255454.826975 206444.103049 167428.286035 136150.082050 107794.172896 87332.718546 70806.412262 57459.686415 46681.617939 37973.581329 30929.561610 25221.762232 20587.787886 16818.639447 13747.974068 11243.080352 9197.649248 41488.429376
*end

*partition[Annual_part]
year: 1986
time_step: Annual
values {d_r}
category 1 2 3 4 5 6 7 8 9 10 11 12 13 14 15 16 17 18 19 20 21 22 23 24 25 26 27 28 29 30
HAK4 4632169.300000 3747393.799913 3013732.305703 2421839.722382 1841823.293292 1404417.341333 1050815.737244 818864.041181 639554.010730 501803.417998 396128.445725 314792.705403 251759.964296 202480.647477 163599.074695 132661.067570 107866.885365 85395.425594 69182.273905 56088.722179 45515.139733 36976.974381 30078.908561 24499.140451 19977.913743 16307.325739 13321.796117 10889.547618 8905.450683 40147.536696
*end

*partition[Annual_part]
year: 1987
time_step: Annual
values {d_r}
category 1 2 3 4 5 6 7 8 9 10 11 12 13 14 15 16 17 18 19 20 21 22 23 24 25 26 27 28 29 30
HAK4 4632169.300000 3747832.494379 3023195.008579 2424018.763242 1942273.186693 1473199.586383 1120787.421312 837047.619497 651339.964942 508157.774374 398386.786656 314306.857721 249667.120744 199615.911081 160509.919072 129668.991572 105136.810888 85480.853989 67669.671296 54820.064884 44443.682338 36064.779794 29299.072318 23833.134983 19411.879824 15829.429083 12921.018156 10555.431526 8628.245791 38866.708004
*end

*partition[Annual_part]
year: 1988
time_step: Annual
values {d_r}
category 1 2 3 4 5 6 7 8 9 10 11 12 13 14 15 16 17 18 19 20 21 22 23 24 25 26 27 28 29 30
HAK4 4632169.300000 3748406.090463 3024125.727921 2432189.136522 1944542.083011 1554016.062204 1176070.057669 893103.881905 666054.107245 517724.559092 403593.543222 316228.081987 249385.173810 198039.408248 158305.675443 127274.376227 102809.166721 83352.822974 67766.240659 53644.358617 43456.970489 35230.835796 28588.499021 23225.153132 18892.244940 15387.511192 12547.723118 10242.256365 8367.088549 37648.308885
*end

*partition[Annual_part]
year: 1989
time_step: Annual
values {d_r}
category 1 2 3 4 5 6 7 8 9 10 11 12 13 14 15 16 17 18 19 20 21 22 23 24 25 26 27 28 29 30
HAK4 4632169.300000 3749054.015057 3025240.210846 2433569.867600 1951687.222992 1556363.713711 1241052.976240 937534.135522 710961.107344 529653.874867 411378.161220 320509.079189 251027.057063 197909.272407 157130.156322 125586.547951 100958.962185 81546.627581 66111.015019 53746.795440 42545.467815 34465.279828 27940.909555 22672.825490 18419.192678 14982.834754 12203.311814 9951.155095 8122.761194 36493.108420
*end

*partition[Annual_part]
year: 1990
time_step: Annual
values {d_r}
category 1 2 3 4 5 6 7 8 9 10 11 12 13 14 15 16 17 18 19 20 21 22 23 24 25 26 27 28 29 30
HAK4 4632169.300000 3739029.446987 3015679.210596 2424685.565388 1943647.910431 1553816.542839 1235702.235554 983164.342391 741425.058811 561506.180556 417906.633900 324356.797523 252582.871196 197755.983680 155871.475032 123732.577441 98881.409638 79483.967070 64197.047124 52043.333053 42308.880435 33490.661430 27129.782835 21993.834529 17846.917833 14498.604636 11793.650335 9605.744387 7832.964560 35118.954501
*end

*partition[Annual_part]
year: 1991
time_step: Annual
values {d_r}
category 1 2 3 4 5 6 7 8 9 10 11 12 13 14 15 16 17 18 19 20 21 22 23 24 25 26 27 28 29 30
HAK4 4632169.300000 3792499.459374 3061258.394913 2469029.311133 1985164.638928 1591324.317426 1272157.388264 1011707.421895 804946.882445 607027.496751 459722.378064 342153.013089 265560.885102 206797.364349 161908.905444 127616.770136 101303.666309 80957.250978 65075.968217 52560.096737 42609.477263 34639.581540 27419.834454 22211.987532 18007.028707 14611.820477 11870.453492 9655.824221 7864.518336 35166.057038
*end

*partition[Annual_part]
year: 1992
time_step: Annual
values {d_r}
category 1 2 3 4 5 6 7 8 9 10 11 12 13 14 15 16 17 18 19 20 21 22 23 24 25 26 27 28 29 30
HAK4 4632169.300000 3792499.459374 3105035.938421 2506346.391033 2021470.227275 1625315.339813 1302866.156797 1041554.376527 828315.979423 659034.767252 496992.079554 376388.848800 280131.194074 217422.863448 169311.361848 132559.800084 104483.774319 82940.427007 66282.191060 53279.696465 43032.567583 34885.689408 28360.490681 22449.461712 18185.637279 14742.908174 11963.146783 9718.705327 7905.520236 35230.455382
*end

*process[Rec]
age: 1
b0: 37896.5
b0_initialisation_phase: 
categories: HAK4
label: Recruitment
proportions: 1
r0: 4.63217e+06
ssb: SSB
ssb_offset: 1
standardise_ycs_years: 
steepness: 1
type: recruitment_beverton_holt
ycs_years: 1939 1940 1941 1942 1943 1944 1945 1946 1947 1948 1949 1950 1951 1952 1953 1954 1955 1956 1957 1958 1959 1960 1961 1962 1963 1964 1965 1966 1967 1968 1969 1970 1971 1972 1973 1974 1975 1976 1977 1978 1979 1980 1981 1982 1983 1984 1985 1986 1987 1988 1989 1990 1991 
standardised_ycs: 1 1 1 1 1 1 1 1 1 1 1 1 1 1 1 1 1 1 1 1 1 1 1 1 1 1 1 1 1 1 1 1 1 1 1 1 1 1 1 1 1 1 1 1 1 1 1 1 1 1 1 1 1 
ycs_values: 1 1 1 1 1 1 1 1 1 1 1 1 1 1 1 1 1 1 1 1 1 1 1 1 1 1 1 1 1 1 1 1 1 1 1 1 1 1 1 1 1 1 1 1 1 1 1 1 1 1 1 1 1 
true_ycs: 1 1 1 1 1 1 1 1 1 1 1 1 1 1 1 1 1 1 1 1 1 1 1 1 1 1 1 1 1 1 1 1 1 1 1 1 1 1 1 1 1 1 1 1 1 1 1 1 1 1 1 1 1 
Recruits: 4.63217e+06 4.63217e+06 4.63217e+06 4.63217e+06 4.63217e+06 4.63217e+06 4.63217e+06 4.63217e+06 4.63217e+06 4.63217e+06 4.63217e+06 4.63217e+06 4.63217e+06 4.63217e+06 4.63217e+06 4.63217e+06 4.63217e+06 4.63217e+06 4.63217e+06 4.63217e+06 4.63217e+06 4.63217e+06 4.63217e+06 4.63217e+06 4.63217e+06 4.63217e+06 4.63217e+06 4.63217e+06 4.63217e+06 4.63217e+06 4.63217e+06 4.63217e+06 4.63217e+06 4.63217e+06 4.63217e+06 4.63217e+06 4.63217e+06 4.63217e+06 4.63217e+06 4.63217e+06 4.63217e+06 4.63217e+06 4.63217e+06 4.63217e+06 4.63217e+06 4.63217e+06 4.63217e+06 4.63217e+06 4.63217e+06 4.63217e+06 4.63217e+06 4.63217e+06 4.63217e+06 
SSB: 37896.5 37896.5 37896.5 37896.5 37896.5 37896.5 37896.5 37896.5 37896.5 37896.5 37896.5 37896.5 37896.5 37896.5 37896.5 37896.5 37896.5 37896.5 37896.5 37896.5 37896.5 37896.5 37896.5 37896.5 37896.5 37896.5 37896.5 37896.5 37896.5 37896.5 37896.5 35280.9 35379.8 35502.4 35652.5 35829.4 36025.8 36230.5 36432.8 36624.9 36801.9 36961.6 32439.7 29194.8 25176.2 25054.1 24887.6 25050.4 25339 25717.4 26145.2 26405.6 27571.8 
*end

*process[Mort]
catches: 2800 5000 3800 4800 800 1000 800 800 800 800 1000
categories: HAK4
label: Fishing
penalty: 
selectivities: trawl_selectivity
type: mortality_event_biomass
u_max: 0.9
years: 1970 1981 1982 1983 1984 1985 1986 1987 1988 1989 1990
years: 1970 1981 1982 1983 1984 1985 1986 1987 1988 1989 1990 
actual_catches: 2800 5000 3800 4800 800 1000 800 800 800 800 1000 
exploitation_rate: 0.0774552 0.141392 0.121795 0.169923 0.0325106 0.0406218 0.0325506 0.032234 0.0318201 0.0313525 0.0385868 
*end

*derived_quantity[derived_quants]
SSB {L} 
type: biomass 
initialisation_phase[1]: 37896.5 
values {v}
1940 37896.5
1941 37896.5
1942 37896.5
1943 37896.5
1944 37896.5
1945 37896.5
1946 37896.5
1947 37896.5
1948 37896.5
1949 37896.5
1950 37896.5
1951 37896.5
1952 37896.5
1953 37896.5
1954 37896.5
1955 37896.5
1956 37896.5
1957 37896.5
1958 37896.5
1959 37896.5
1960 37896.5
1961 37896.5
1962 37896.5
1963 37896.5
1964 37896.5
1965 37896.5
1966 37896.5
1967 37896.5
1968 37896.5
1969 37896.5
1970 35280.9
1971 35379.8
1972 35502.4
1973 35652.5
1974 35829.4
1975 36025.8
1976 36230.5
1977 36432.8
1978 36624.9
1979 36801.9
1980 36961.6
1981 32439.7
1982 29194.8
1983 25176.2
1984 25054.1
1985 24887.6
1986 25050.4
1987 25339
1988 25717.4
1989 26145.2
1990 26405.6
1991 27571.8
1992 28713.5
end {L}
*end

Total elapsed time: 1 second
Completed
