CASAL2
Call: casal2 -r 
Date: Wed Jul 18 19:47:45 2018
Version: 2018-05-29 23:33:21 UTC (rev. 454fcfb5)
Copyright (c) 2018 - 2018, NIWA (www.niwa.co.nz)
Environment: machine:DESKTOP-D3MBM6L, user:Dell User, os:Windows_NT, pid:4692

*initialisation_partition[Init]
values {d}
category 0 1 2 3 4 5 6 7 8 9 10 11 12 13 14 15 16 17 18 19 20 21 22 23 24 25 26 27 28 29 30
HAK4 3997375.220255 3272774.024415 2679520.741663 2193806.034710 1796136.466905 1470552.162180 1203986.279182 985740.593050 807056.138088 660761.679713 540985.907636 442921.799564 362633.698511 296899.361074 243080.637480 199017.593383 162941.824106 133405.482358 109223.171036 89424.369076 73214.481037 59942.947196 49077.134299 40180.959124 32897.386923 26934.102370 22051.777916 18054.468740 14781.748788 12102.272317 54661.795624
*end

*partition[Annual_part]
year: 1940
time_step: Annual
values {d}
category 0 1 2 3 4 5 6 7 8 9 10 11 12 13 14 15 16 17 18 19 20 21 22 23 24 25 26 27 28 29 30
HAK4 3997375.220255 3272774.024415 2679520.741663 2193806.034710 1796136.466905 1470552.162180 1203986.279182 985740.593050 807056.138088 660761.679713 540985.907636 442921.799564 362633.698511 296899.361074 243080.637480 199017.593383 162941.824106 133405.482358 109223.171036 89424.369076 73214.481037 59942.947196 49077.134299 40180.959124 32897.386923 26934.102370 22051.777916 18054.468740 14781.748788 12102.272317 54661.795624
*end

*partition[Annual_part]
year: 1941
time_step: Annual
values {d}
category 0 1 2 3 4 5 6 7 8 9 10 11 12 13 14 15 16 17 18 19 20 21 22 23 24 25 26 27 28 29 30
HAK4 3997375.220255 3272774.024415 2679520.741663 2193806.034710 1796136.466905 1470552.162180 1203986.279182 985740.593050 807056.138088 660761.679713 540985.907636 442921.799564 362633.698511 296899.361074 243080.637480 199017.593383 162941.824106 133405.482358 109223.171036 89424.369076 73214.481037 59942.947196 49077.134299 40180.959124 32897.386923 26934.102370 22051.777916 18054.468740 14781.748788 12102.272317 54661.795624
*end

*partition[Annual_part]
year: 1942
time_step: Annual
values {d}
category 0 1 2 3 4 5 6 7 8 9 10 11 12 13 14 15 16 17 18 19 20 21 22 23 24 25 26 27 28 29 30
HAK4 3997375.220255 3272774.024415 2679520.741663 2193806.034710 1796136.466905 1470552.162180 1203986.279182 985740.593050 807056.138088 660761.679713 540985.907636 442921.799564 362633.698511 296899.361074 243080.637480 199017.593383 162941.824106 133405.482358 109223.171036 89424.369076 73214.481037 59942.947196 49077.134299 40180.959124 32897.386923 26934.102370 22051.777916 18054.468740 14781.748788 12102.272317 54661.795624
*end

*partition[Annual_part]
year: 1943
time_step: Annual
values {d}
category 0 1 2 3 4 5 6 7 8 9 10 11 12 13 14 15 16 17 18 19 20 21 22 23 24 25 26 27 28 29 30
HAK4 3997375.220255 3272774.024415 2679520.741663 2193806.034710 1796136.466905 1470552.162180 1203986.279182 985740.593050 807056.138088 660761.679713 540985.907636 442921.799564 362633.698511 296899.361074 243080.637480 199017.593383 162941.824106 133405.482358 109223.171036 89424.369076 73214.481037 59942.947196 49077.134299 40180.959124 32897.386923 26934.102370 22051.777916 18054.468740 14781.748788 12102.272317 54661.795624
*end

*partition[Annual_part]
year: 1944
time_step: Annual
values {d}
category 0 1 2 3 4 5 6 7 8 9 10 11 12 13 14 15 16 17 18 19 20 21 22 23 24 25 26 27 28 29 30
HAK4 3997375.220255 3272774.024415 2679520.741663 2193806.034710 1796136.466905 1470552.162180 1203986.279182 985740.593050 807056.138088 660761.679713 540985.907636 442921.799564 362633.698511 296899.361074 243080.637480 199017.593383 162941.824106 133405.482358 109223.171036 89424.369076 73214.481037 59942.947196 49077.134299 40180.959124 32897.386923 26934.102370 22051.777916 18054.468740 14781.748788 12102.272317 54661.795624
*end

*partition[Annual_part]
year: 1945
time_step: Annual
values {d}
category 0 1 2 3 4 5 6 7 8 9 10 11 12 13 14 15 16 17 18 19 20 21 22 23 24 25 26 27 28 29 30
HAK4 3997375.220255 3272774.024415 2679520.741663 2193806.034710 1796136.466905 1470552.162180 1203986.279182 985740.593050 807056.138088 660761.679713 540985.907636 442921.799564 362633.698511 296899.361074 243080.637480 199017.593383 162941.824106 133405.482358 109223.171036 89424.369076 73214.481037 59942.947196 49077.134299 40180.959124 32897.386923 26934.102370 22051.777916 18054.468740 14781.748788 12102.272317 54661.795624
*end

*partition[Annual_part]
year: 1946
time_step: Annual
values {d}
category 0 1 2 3 4 5 6 7 8 9 10 11 12 13 14 15 16 17 18 19 20 21 22 23 24 25 26 27 28 29 30
HAK4 3997375.220255 3272774.024415 2679520.741663 2193806.034710 1796136.466905 1470552.162180 1203986.279182 985740.593050 807056.138088 660761.679713 540985.907636 442921.799564 362633.698511 296899.361074 243080.637480 199017.593383 162941.824106 133405.482358 109223.171036 89424.369076 73214.481037 59942.947196 49077.134299 40180.959124 32897.386923 26934.102370 22051.777916 18054.468740 14781.748788 12102.272317 54661.795624
*end

*partition[Annual_part]
year: 1947
time_step: Annual
values {d}
category 0 1 2 3 4 5 6 7 8 9 10 11 12 13 14 15 16 17 18 19 20 21 22 23 24 25 26 27 28 29 30
HAK4 3997375.220255 3272774.024415 2679520.741663 2193806.034710 1796136.466905 1470552.162180 1203986.279182 985740.593050 807056.138088 660761.679713 540985.907636 442921.799564 362633.698511 296899.361074 243080.637480 199017.593383 162941.824106 133405.482358 109223.171036 89424.369076 73214.481037 59942.947196 49077.134299 40180.959124 32897.386923 26934.102370 22051.777916 18054.468740 14781.748788 12102.272317 54661.795624
*end

*partition[Annual_part]
year: 1948
time_step: Annual
values {d}
category 0 1 2 3 4 5 6 7 8 9 10 11 12 13 14 15 16 17 18 19 20 21 22 23 24 25 26 27 28 29 30
HAK4 3997375.220255 3272774.024415 2679520.741663 2193806.034710 1796136.466905 1470552.162180 1203986.279182 985740.593050 807056.138088 660761.679713 540985.907636 442921.799564 362633.698511 296899.361074 243080.637480 199017.593383 162941.824106 133405.482358 109223.171036 89424.369076 73214.481037 59942.947196 49077.134299 40180.959124 32897.386923 26934.102370 22051.777916 18054.468740 14781.748788 12102.272317 54661.795624
*end

*partition[Annual_part]
year: 1949
time_step: Annual
values {d}
category 0 1 2 3 4 5 6 7 8 9 10 11 12 13 14 15 16 17 18 19 20 21 22 23 24 25 26 27 28 29 30
HAK4 3997375.220255 3272774.024415 2679520.741663 2193806.034710 1796136.466905 1470552.162180 1203986.279182 985740.593050 807056.138088 660761.679713 540985.907636 442921.799564 362633.698511 296899.361074 243080.637480 199017.593383 162941.824106 133405.482358 109223.171036 89424.369076 73214.481037 59942.947196 49077.134299 40180.959124 32897.386923 26934.102370 22051.777916 18054.468740 14781.748788 12102.272317 54661.795624
*end

*partition[Annual_part]
year: 1950
time_step: Annual
values {d}
category 0 1 2 3 4 5 6 7 8 9 10 11 12 13 14 15 16 17 18 19 20 21 22 23 24 25 26 27 28 29 30
HAK4 3997375.220255 3272774.024415 2679520.741663 2193806.034710 1796136.466905 1470552.162180 1203986.279182 985740.593050 807056.138088 660761.679713 540985.907636 442921.799564 362633.698511 296899.361074 243080.637480 199017.593383 162941.824106 133405.482358 109223.171036 89424.369076 73214.481037 59942.947196 49077.134299 40180.959124 32897.386923 26934.102370 22051.777916 18054.468740 14781.748788 12102.272317 54661.795624
*end

*partition[Annual_part]
year: 1951
time_step: Annual
values {d}
category 0 1 2 3 4 5 6 7 8 9 10 11 12 13 14 15 16 17 18 19 20 21 22 23 24 25 26 27 28 29 30
HAK4 3997375.220255 3272774.024415 2679520.741663 2193806.034710 1796136.466905 1470552.162180 1203986.279182 985740.593050 807056.138088 660761.679713 540985.907636 442921.799564 362633.698511 296899.361074 243080.637480 199017.593383 162941.824106 133405.482358 109223.171036 89424.369076 73214.481037 59942.947196 49077.134299 40180.959124 32897.386923 26934.102370 22051.777916 18054.468740 14781.748788 12102.272317 54661.795624
*end

*partition[Annual_part]
year: 1952
time_step: Annual
values {d}
category 0 1 2 3 4 5 6 7 8 9 10 11 12 13 14 15 16 17 18 19 20 21 22 23 24 25 26 27 28 29 30
HAK4 3997375.220255 3272774.024415 2679520.741663 2193806.034710 1796136.466905 1470552.162180 1203986.279182 985740.593050 807056.138088 660761.679713 540985.907636 442921.799564 362633.698511 296899.361074 243080.637480 199017.593383 162941.824106 133405.482358 109223.171036 89424.369076 73214.481037 59942.947196 49077.134299 40180.959124 32897.386923 26934.102370 22051.777916 18054.468740 14781.748788 12102.272317 54661.795624
*end

*partition[Annual_part]
year: 1953
time_step: Annual
values {d}
category 0 1 2 3 4 5 6 7 8 9 10 11 12 13 14 15 16 17 18 19 20 21 22 23 24 25 26 27 28 29 30
HAK4 3997375.220255 3272774.024415 2679520.741663 2193806.034710 1796136.466905 1470552.162180 1203986.279182 985740.593050 807056.138088 660761.679713 540985.907636 442921.799564 362633.698511 296899.361074 243080.637480 199017.593383 162941.824106 133405.482358 109223.171036 89424.369076 73214.481037 59942.947196 49077.134299 40180.959124 32897.386923 26934.102370 22051.777916 18054.468740 14781.748788 12102.272317 54661.795624
*end

*partition[Annual_part]
year: 1954
time_step: Annual
values {d}
category 0 1 2 3 4 5 6 7 8 9 10 11 12 13 14 15 16 17 18 19 20 21 22 23 24 25 26 27 28 29 30
HAK4 3997375.220255 3272774.024415 2679520.741663 2193806.034710 1796136.466905 1470552.162180 1203986.279182 985740.593050 807056.138088 660761.679713 540985.907636 442921.799564 362633.698511 296899.361074 243080.637480 199017.593383 162941.824106 133405.482358 109223.171036 89424.369076 73214.481037 59942.947196 49077.134299 40180.959124 32897.386923 26934.102370 22051.777916 18054.468740 14781.748788 12102.272317 54661.795624
*end

*partition[Annual_part]
year: 1955
time_step: Annual
values {d}
category 0 1 2 3 4 5 6 7 8 9 10 11 12 13 14 15 16 17 18 19 20 21 22 23 24 25 26 27 28 29 30
HAK4 3997375.220255 3272774.024415 2679520.741663 2193806.034710 1796136.466905 1470552.162180 1203986.279182 985740.593050 807056.138088 660761.679713 540985.907636 442921.799564 362633.698511 296899.361074 243080.637480 199017.593383 162941.824106 133405.482358 109223.171036 89424.369076 73214.481037 59942.947196 49077.134299 40180.959124 32897.386923 26934.102370 22051.777916 18054.468740 14781.748788 12102.272317 54661.795624
*end

*partition[Annual_part]
year: 1956
time_step: Annual
values {d}
category 0 1 2 3 4 5 6 7 8 9 10 11 12 13 14 15 16 17 18 19 20 21 22 23 24 25 26 27 28 29 30
HAK4 3997375.220255 3272774.024415 2679520.741663 2193806.034710 1796136.466905 1470552.162180 1203986.279182 985740.593050 807056.138088 660761.679713 540985.907636 442921.799564 362633.698511 296899.361074 243080.637480 199017.593383 162941.824106 133405.482358 109223.171036 89424.369076 73214.481037 59942.947196 49077.134299 40180.959124 32897.386923 26934.102370 22051.777916 18054.468740 14781.748788 12102.272317 54661.795624
*end

*partition[Annual_part]
year: 1957
time_step: Annual
values {d}
category 0 1 2 3 4 5 6 7 8 9 10 11 12 13 14 15 16 17 18 19 20 21 22 23 24 25 26 27 28 29 30
HAK4 3997375.220255 3272774.024415 2679520.741663 2193806.034710 1796136.466905 1470552.162180 1203986.279182 985740.593050 807056.138088 660761.679713 540985.907636 442921.799564 362633.698511 296899.361074 243080.637480 199017.593383 162941.824106 133405.482358 109223.171036 89424.369076 73214.481037 59942.947196 49077.134299 40180.959124 32897.386923 26934.102370 22051.777916 18054.468740 14781.748788 12102.272317 54661.795624
*end

*partition[Annual_part]
year: 1958
time_step: Annual
values {d}
category 0 1 2 3 4 5 6 7 8 9 10 11 12 13 14 15 16 17 18 19 20 21 22 23 24 25 26 27 28 29 30
HAK4 3997375.220255 3272774.024415 2679520.741663 2193806.034710 1796136.466905 1470552.162180 1203986.279182 985740.593050 807056.138088 660761.679713 540985.907636 442921.799564 362633.698511 296899.361074 243080.637480 199017.593383 162941.824106 133405.482358 109223.171036 89424.369076 73214.481037 59942.947196 49077.134299 40180.959124 32897.386923 26934.102370 22051.777916 18054.468740 14781.748788 12102.272317 54661.795624
*end

*partition[Annual_part]
year: 1959
time_step: Annual
values {d}
category 0 1 2 3 4 5 6 7 8 9 10 11 12 13 14 15 16 17 18 19 20 21 22 23 24 25 26 27 28 29 30
HAK4 3997375.220255 3272774.024415 2679520.741663 2193806.034710 1796136.466905 1470552.162180 1203986.279182 985740.593050 807056.138088 660761.679713 540985.907636 442921.799564 362633.698511 296899.361074 243080.637480 199017.593383 162941.824106 133405.482358 109223.171036 89424.369076 73214.481037 59942.947196 49077.134299 40180.959124 32897.386923 26934.102370 22051.777916 18054.468740 14781.748788 12102.272317 54661.795624
*end

*partition[Annual_part]
year: 1960
time_step: Annual
values {d}
category 0 1 2 3 4 5 6 7 8 9 10 11 12 13 14 15 16 17 18 19 20 21 22 23 24 25 26 27 28 29 30
HAK4 3997375.220255 3272774.024415 2679520.741663 2193806.034710 1796136.466905 1470552.162180 1203986.279182 985740.593050 807056.138088 660761.679713 540985.907636 442921.799564 362633.698511 296899.361074 243080.637480 199017.593383 162941.824106 133405.482358 109223.171036 89424.369076 73214.481037 59942.947196 49077.134299 40180.959124 32897.386923 26934.102370 22051.777916 18054.468740 14781.748788 12102.272317 54661.795624
*end

*partition[Annual_part]
year: 1961
time_step: Annual
values {d}
category 0 1 2 3 4 5 6 7 8 9 10 11 12 13 14 15 16 17 18 19 20 21 22 23 24 25 26 27 28 29 30
HAK4 3997375.220255 3272774.024415 2679520.741663 2193806.034710 1796136.466905 1470552.162180 1203986.279182 985740.593050 807056.138088 660761.679713 540985.907636 442921.799564 362633.698511 296899.361074 243080.637480 199017.593383 162941.824106 133405.482358 109223.171036 89424.369076 73214.481037 59942.947196 49077.134299 40180.959124 32897.386923 26934.102370 22051.777916 18054.468740 14781.748788 12102.272317 54661.795624
*end

*partition[Annual_part]
year: 1962
time_step: Annual
values {d}
category 0 1 2 3 4 5 6 7 8 9 10 11 12 13 14 15 16 17 18 19 20 21 22 23 24 25 26 27 28 29 30
HAK4 3997375.220255 3272774.024415 2679520.741663 2193806.034710 1796136.466905 1470552.162180 1203986.279182 985740.593050 807056.138088 660761.679713 540985.907636 442921.799564 362633.698511 296899.361074 243080.637480 199017.593383 162941.824106 133405.482358 109223.171036 89424.369076 73214.481037 59942.947196 49077.134299 40180.959124 32897.386923 26934.102370 22051.777916 18054.468740 14781.748788 12102.272317 54661.795624
*end

*partition[Annual_part]
year: 1963
time_step: Annual
values {d}
category 0 1 2 3 4 5 6 7 8 9 10 11 12 13 14 15 16 17 18 19 20 21 22 23 24 25 26 27 28 29 30
HAK4 3997375.220255 3272774.024415 2679520.741663 2193806.034710 1796136.466905 1470552.162180 1203986.279182 985740.593050 807056.138088 660761.679713 540985.907636 442921.799564 362633.698511 296899.361074 243080.637480 199017.593383 162941.824106 133405.482358 109223.171036 89424.369076 73214.481037 59942.947196 49077.134299 40180.959124 32897.386923 26934.102370 22051.777916 18054.468740 14781.748788 12102.272317 54661.795624
*end

*partition[Annual_part]
year: 1964
time_step: Annual
values {d}
category 0 1 2 3 4 5 6 7 8 9 10 11 12 13 14 15 16 17 18 19 20 21 22 23 24 25 26 27 28 29 30
HAK4 3997375.220255 3272774.024415 2679520.741663 2193806.034710 1796136.466905 1470552.162180 1203986.279182 985740.593050 807056.138088 660761.679713 540985.907636 442921.799564 362633.698511 296899.361074 243080.637480 199017.593383 162941.824106 133405.482358 109223.171036 89424.369076 73214.481037 59942.947196 49077.134299 40180.959124 32897.386923 26934.102370 22051.777916 18054.468740 14781.748788 12102.272317 54661.795624
*end

*partition[Annual_part]
year: 1965
time_step: Annual
values {d}
category 0 1 2 3 4 5 6 7 8 9 10 11 12 13 14 15 16 17 18 19 20 21 22 23 24 25 26 27 28 29 30
HAK4 3997375.220255 3272774.024415 2679520.741663 2193806.034710 1796136.466905 1470552.162180 1203986.279182 985740.593050 807056.138088 660761.679713 540985.907636 442921.799564 362633.698511 296899.361074 243080.637480 199017.593383 162941.824106 133405.482358 109223.171036 89424.369076 73214.481037 59942.947196 49077.134299 40180.959124 32897.386923 26934.102370 22051.777916 18054.468740 14781.748788 12102.272317 54661.795624
*end

*partition[Annual_part]
year: 1966
time_step: Annual
values {d}
category 0 1 2 3 4 5 6 7 8 9 10 11 12 13 14 15 16 17 18 19 20 21 22 23 24 25 26 27 28 29 30
HAK4 3997375.220255 3272774.024415 2679520.741663 2193806.034710 1796136.466905 1470552.162180 1203986.279182 985740.593050 807056.138088 660761.679713 540985.907636 442921.799564 362633.698511 296899.361074 243080.637480 199017.593383 162941.824106 133405.482358 109223.171036 89424.369076 73214.481037 59942.947196 49077.134299 40180.959124 32897.386923 26934.102370 22051.777916 18054.468740 14781.748788 12102.272317 54661.795624
*end

*partition[Annual_part]
year: 1967
time_step: Annual
values {d}
category 0 1 2 3 4 5 6 7 8 9 10 11 12 13 14 15 16 17 18 19 20 21 22 23 24 25 26 27 28 29 30
HAK4 3997375.220255 3272774.024415 2679520.741663 2193806.034710 1796136.466905 1470552.162180 1203986.279182 985740.593050 807056.138088 660761.679713 540985.907636 442921.799564 362633.698511 296899.361074 243080.637480 199017.593383 162941.824106 133405.482358 109223.171036 89424.369076 73214.481037 59942.947196 49077.134299 40180.959124 32897.386923 26934.102370 22051.777916 18054.468740 14781.748788 12102.272317 54661.795624
*end

*partition[Annual_part]
year: 1968
time_step: Annual
values {d}
category 0 1 2 3 4 5 6 7 8 9 10 11 12 13 14 15 16 17 18 19 20 21 22 23 24 25 26 27 28 29 30
HAK4 3997375.220255 3272774.024415 2679520.741663 2193806.034710 1796136.466905 1470552.162180 1203986.279182 985740.593050 807056.138088 660761.679713 540985.907636 442921.799564 362633.698511 296899.361074 243080.637480 199017.593383 162941.824106 133405.482358 109223.171036 89424.369076 73214.481037 59942.947196 49077.134299 40180.959124 32897.386923 26934.102370 22051.777916 18054.468740 14781.748788 12102.272317 54661.795624
*end

*partition[Annual_part]
year: 1969
time_step: Annual
values {d}
category 0 1 2 3 4 5 6 7 8 9 10 11 12 13 14 15 16 17 18 19 20 21 22 23 24 25 26 27 28 29 30
HAK4 3997375.220255 3272774.024415 2679520.741663 2193806.034710 1796136.466905 1470552.162180 1203986.279182 985740.593050 807056.138088 660761.679713 540985.907636 442921.799564 362633.698511 296899.361074 243080.637480 199017.593383 162941.824106 133405.482358 109223.171036 89424.369076 73214.481037 59942.947196 49077.134299 40180.959124 32897.386923 26934.102370 22051.777916 18054.468740 14781.748788 12102.272317 54661.795624
*end

*partition[Annual_part]
year: 1970
time_step: Annual
values {d}
category 0 1 2 3 4 5 6 7 8 9 10 11 12 13 14 15 16 17 18 19 20 21 22 23 24 25 26 27 28 29 30
HAK4 3997375.220255 3181909.181406 2584121.402496 2096729.770258 1700598.441765 1379616.344263 1120095.949920 910451.442624 741019.185921 603888.542558 492686.900649 402331.055744 328780.561324 268820.064098 219881.150304 179902.556993 147222.508124 120496.062605 98631.315332 80739.686433 66096.790678 54111.346656 44300.281444 36268.674560 29693.526194 24310.576199 19903.574421 16295.531359 13341.574958 10923.113680 49335.804553
*end

*partition[Annual_part]
year: 1971
time_step: Annual
values {d}
category 0 1 2 3 4 5 6 7 8 9 10 11 12 13 14 15 16 17 18 19 20 21 22 23 24 25 26 27 28 29 30
HAK4 3997375.220255 3272774.024415 2605126.900319 2115699.661910 1716657.143804 1392332.242909 1129534.328498 917057.000598 745414.595260 606695.196134 494422.121224 403377.917200 329400.808256 269182.756570 220091.253521 180023.459776 147291.755968 120535.594947 98653.832079 80752.491079 66104.064277 54115.475208 44302.623597 36270.002788 29694.279236 24311.003062 19903.816359 16295.668474 13341.652662 10923.157713 49335.829505
*end

*partition[Annual_part]
year: 1972
time_step: Annual
values {d}
category 0 1 2 3 4 5 6 7 8 9 10 11 12 13 14 15 16 17 18 19 20 21 22 23 24 25 26 27 28 29 30
HAK4 3997375.220255 3272774.024415 2679520.741663 2132897.508962 1732188.377483 1405479.996124 1139945.225772 924784.491398 750822.768715 610293.852933 496720.014820 404798.595648 330257.905924 269690.571808 220388.201002 180195.477741 147390.742794 120592.290286 98686.198423 80770.926232 66114.547834 54121.430327 44306.003770 36271.920381 29695.366697 24311.619601 19904.165845 16295.866557 13341.764922 10923.221331 49335.885985
*end

*partition[Annual_part]
year: 1973
time_step: Annual
values {d}
category 0 1 2 3 4 5 6 7 8 9 10 11 12 13 14 15 16 17 18 19 20 21 22 23 24 25 26 27 28 29 30
HAK4 3997375.220255 3272774.024415 2679520.741663 2193806.034710 1746268.783750 1418195.894769 1150709.695662 933308.213164 757149.503077 614721.690858 499666.345811 406679.951802 331421.059060 270392.304027 220803.964955 180438.597776 147531.579192 120673.333845 98732.616641 80797.425554 66129.641261 54130.013538 44310.879409 36274.687833 29696.936689 24312.509939 19904.670624 16296.152692 13341.927098 10923.313242 49335.984312
*end

*partition[Annual_part]
year: 1974
time_step: Annual
values {d}
category 0 1 2 3 4 5 6 7 8 9 10 11 12 13 14 15 16 17 18 19 20 21 22 23 24 25 26 27 28 29 30
HAK4 3997375.220255 3272774.024415 2679520.741663 2193806.034710 1796136.466905 1429723.956396 1161120.592937 942121.415704 764128.136217 619901.582847 503291.552889 409092.203593 332961.383201 271344.613270 221378.494703 180778.996510 147730.629041 120788.640935 98798.969495 80835.429576 66151.337070 54142.370990 44317.906748 36278.679668 29699.202487 24313.795340 19905.399571 16296.565970 13342.161366 10923.446021 49336.140067
*end

*partition[Annual_part]
year: 1975
time_step: Annual
values {d}
category 0 1 2 3 4 5 6 7 8 9 10 11 12 13 14 15 16 17 18 19 20 21 22 23 24 25 26 27 28 29 30
HAK4 3997375.220255 3272774.024415 2679520.741663 2193806.034710 1796136.466905 1470552.162180 1170558.971514 950645.137469 771343.776170 625615.204413 507532.489759 412060.272115 334936.367926 272605.724014 222158.179566 181249.381683 148009.323953 120951.609168 98893.374956 80889.754698 66182.452132 54160.134017 44328.024174 36284.433166 29702.470725 24315.650418 19906.451969 16297.162781 13342.499729 10923.637823 49336.376297
*end

*partition[Annual_part]
year: 1976
time_step: Annual
values {d}
category 0 1 2 3 4 5 6 7 8 9 10 11 12 13 14 15 16 17 18 19 20 21 22 23 24 25 26 27 28 29 30
HAK4 3997375.220255 3272774.024415 2679520.741663 2193806.034710 1796136.466905 1470552.162180 1203986.279182 958372.628270 778322.409310 631522.870746 512210.407446 415532.457552 337366.416902 274222.704745 223190.689715 181887.733659 148394.442760 121179.785263 99026.802060 80967.047352 66226.929780 54185.608875 44342.567310 36292.716615 29707.181291 24318.326225 19907.970778 16298.024411 13342.988357 10923.914851 49336.726741
*end

*partition[Annual_part]
year: 1977
time_step: Annual
values {d}
category 0 1 2 3 4 5 6 7 8 9 10 11 12 13 14 15 16 17 18 19 20 21 22 23 24 25 26 27 28 29 30
HAK4 3997375.220255 3272774.024415 2679520.741663 2193806.034710 1796136.466905 1470552.162180 1203986.279182 985740.593050 784649.143673 637236.492312 517047.195552 419362.412623 340209.201900 276212.260574 224514.561567 182733.081471 148917.081154 121495.093874 99213.616846 81076.288225 66290.211653 54222.024093 44363.424360 36304.623527 29713.963205 24322.182911 19910.161544 16299.267908 13343.693800 10924.314906 49337.240472
*end

*partition[Annual_part]
year: 1978
time_step: Annual
values {d}
category 0 1 2 3 4 5 6 7 8 9 10 11 12 13 14 15 16 17 18 19 20 21 22 23 24 25 26 27 28 29 30
HAK4 3997375.220255 3272774.024415 2679520.741663 2193806.034710 1796136.466905 1470552.162180 1203986.279182 985740.593050 807056.138088 642416.384301 521725.113239 423322.439791 343344.903899 278539.736075 226143.472109 183816.976069 149609.193405 121922.993999 99471.769703 81229.239236 66379.650516 54273.834908 44393.238619 36321.699835 29723.711761 24327.735472 19913.319131 16301.061555 13344.711889 10924.892474 49337.988616
*end

*partition[Annual_part]
year: 1979
time_step: Annual
values {d}
category 0 1 2 3 4 5 6 7 8 9 10 11 12 13 14 15 16 17 18 19 20 21 22 23 24 25 26 27 28 29 30
HAK4 3997375.220255 3272774.024415 2679520.741663 2193806.034710 1796136.466905 1470552.162180 1203986.279182 985740.593050 807056.138088 660761.679713 525966.050109 427152.394862 346587.099925 281107.031735 228049.047879 185150.615223 150496.611245 122489.647584 99822.104695 81440.596919 66504.876212 54347.061256 44435.657727 36346.109686 29737.692659 24335.716914 19917.865184 16303.646768 13346.180403 10925.726014 49339.074017
*end

*partition[Annual_part]
year: 1980
time_step: Annual
values {d}
category 0 1 2 3 4 5 6 7 8 9 10 11 12 13 14 15 16 17 18 19 20 21 22 23 24 25 26 27 28 29 30
HAK4 3997375.220255 3272774.024415 2679520.741663 2193806.034710 1796136.466905 1470552.162180 1203986.279182 985740.593050 807056.138088 660761.679713 540985.907636 430624.580299 349722.801925 283761.517328 230150.971788 186710.768709 151588.502635 123216.203861 100286.041410 81727.426950 66677.921246 54449.587384 44495.610389 36380.839514 29757.677755 24347.163506 19924.399836 16307.368762 13348.296997 10926.928332 49340.645114
*end

*partition[Annual_part]
year: 1981
time_step: Annual
values {d}
category 0 1 2 3 4 5 6 7 8 9 10 11 12 13 14 15 16 17 18 19 20 21 22 23 24 25 26 27 28 29 30
HAK4 3997375.220255 3106198.547815 2504632.524583 2015843.640431 1620994.007575 1303846.572781 1050196.638258 847718.826878 685995.710136 556500.563822 452443.080269 368509.933837 292228.287883 236685.906120 191676.409778 155253.483137 125830.826435 102093.298042 82946.721063 67489.034392 54987.542853 44855.097667 36625.039550 29927.376206 24468.199105 20013.035481 16373.882412 13399.271353 10966.668876 8976.626864 40529.250915
*end

*partition[Annual_part]
year: 1982
time_step: Annual
values {d}
category 0 1 2 3 4 5 6 7 8 9 10 11 12 13 14 15 16 17 18 19 20 21 22 23 24 25 26 27 28 29 30
HAK4 3997375.220255 3124911.511458 2395800.243734 1902959.915442 1507577.644789 1193609.069472 946461.727313 752961.268041 601639.336939 482979.789020 389429.738762 315187.341533 255876.889840 202434.697166 163686.380540 132403.738797 107156.077021 86798.857477 70396.527400 57178.538820 46513.995670 37892.819465 30907.532956 25234.974944 20619.313185 16857.541909 13787.832324 11280.499141 9231.099175 7555.164235 34105.453532
*end

*partition[Annual_part]
year: 1983
time_step: Annual
values {d}
category 0 1 2 3 4 5 6 7 8 9 10 11 12 13 14 15 16 17 18 19 20 21 22 23 24 25 26 27 28 29 30
HAK4 3997375.220255 3060974.158162 2346138.238324 1759196.492040 1364842.785687 1056388.223479 818527.477947 636940.330718 498894.343285 393755.026253 313139.449612 250729.814020 201900.896624 163311.619624 128868.600466 104011.905934 84026.463709 67943.116591 55001.319600 44588.515087 36205.521624 29446.605845 23985.348415 19561.860904 15970.507856 13048.761352 10667.802636 8725.026822 7138.257484 5841.340787 26362.192952
*end

*partition[Annual_part]
year: 1984
time_step: Annual
values {d}
category 0 1 2 3 4 5 6 7 8 9 10 11 12 13 14 15 16 17 18 19 20 21 22 23 24 25 26 27 28 29 30
HAK4 3997375.220255 3230501.417401 2464603.732316 1881312.247370 1404666.804719 1085291.689447 836861.389129 646340.993380 501631.458785 392104.214091 308989.286320 245446.347953 196364.806115 158029.374628 127771.487139 100794.192971 81335.766340 65697.963045 53117.504634 42996.688716 34854.903781 28300.956407 23017.144654 18748.012731 15290.248031 12483.022019 10199.243874 8338.195103 6819.660247 5579.398835 25170.868175
*end

*partition[Annual_part]
year: 1985
time_step: Annual
values {d}
category 0 1 2 3 4 5 6 7 8 9 10 11 12 13 14 15 16 17 18 19 20 21 22 23 24 25 26 27 28 29 30
HAK4 3997375.220255 3220028.942831 2590248.876824 1966015.925340 1492730.037452 1108762.450331 852622.844283 654786.763891 504044.637219 390181.246793 304390.551149 239521.339635 190064.808097 151943.826562 122215.590851 98778.079479 77902.009656 62851.488666 50761.078717 41037.259425 33216.139356 26925.242862 21861.708644 17779.748123 14481.824512 11810.773374 9642.299364 7878.196724 6440.646944 5267.677844 23752.246208
*end

*partition[Annual_part]
year: 1986
time_step: Annual
values {d}
category 0 1 2 3 4 5 6 7 8 9 10 11 12 13 14 15 16 17 18 19 20 21 22 23 24 25 26 27 28 29 30
HAK4 3997375.220255 3230513.545373 2592682.358118 2077071.266432 1569817.484215 1186994.786962 878360.229840 673271.131350 515692.527101 396156.810020 306188.660112 238591.796024 187589.075732 148767.142011 118879.155840 95591.844023 77244.033096 60910.245957 49137.567739 39682.464832 32079.318297 25964.583714 21046.590097 17088.314254 13897.474356 11319.577168 9231.726703 7536.741275 6157.844320 5034.201644 22682.809884
*end

*partition[Annual_part]
year: 1987
time_step: Annual
values {d}
category 0 1 2 3 4 5 6 7 8 9 10 11 12 13 14 15 16 17 18 19 20 21 22 23 24 25 26 27 28 29 30
HAK4 3997375.220255 3231066.219818 2601697.045783 2079593.947864 1659042.740174 1248776.891038 940747.653264 693928.667498 530524.659304 405532.575149 311054.020605 240140.950255 186971.990550 146917.690271 116464.458186 93039.085897 74798.334343 60433.008469 47649.310281 38437.049767 31039.470338 25091.488234 20308.259119 16461.377599 13365.305177 10869.566697 8853.281340 7220.302869 5894.608772 4816.142463 21677.864479
*end

*partition[Annual_part]
year: 1988
time_step: Annual
values {d}
category 0 1 2 3 4 5 6 7 8 9 10 11 12 13 14 15 16 17 18 19 20 21 22 23 24 25 26 27 28 29 30
HAK4 3997375.220255 3231766.727418 2602868.235531 2087551.298038 1661755.900066 1320402.393295 990261.999704 743669.967488 547160.789403 417484.554253 318644.201031 244136.733713 188327.481760 146546.008159 115105.092219 91219.861962 72857.515310 58565.265971 47312.963913 37302.093718 30088.897275 24297.210066 19640.780602 15896.380247 12885.077380 10461.560827 8508.002080 6929.757930 5651.557314 4613.887077 20737.629191
*end

*partition[Annual_part]
year: 1989
time_step: Annual
values {d}
category 0 1 2 3 4 5 6 7 8 9 10 11 12 13 14 15 16 17 18 19 20 21 22 23 24 25 26 27 28 29 30
HAK4 3997375.220255 3232544.629760 2604239.036579 2089298.342391 1668892.731627 1323282.013251 1047704.848549 783341.668795 586808.178119 430906.087566 328296.633618 250298.713287 191620.871591 147733.265116 114911.924730 90232.639869 71494.590613 57095.069298 45890.517255 37070.993025 29225.860864 23573.633981 19035.622496 15387.312613 12453.679241 10094.464369 8195.784458 6665.306195 5428.871042 4427.503024 19860.682272
*end

*partition[Annual_part]
year: 1990
time_step: Annual
values {d}
category 0 1 2 3 4 5 6 7 8 9 10 11 12 13 14 15 16 17 18 19 20 21 22 23 24 25 26 27 28 29 30
HAK4 3997375.220255 3223480.211065 2595466.104157 2080986.694812 1661212.819207 1320536.336435 1042459.180088 822245.812544 612876.918884 458004.448206 335708.802001 255423.548401 194548.934961 148836.613408 114691.321979 89179.778916 70009.876446 55461.952276 44286.290963 35592.463373 28750.447233 22665.252762 18281.335538 14761.831538 11932.467071 9657.421818 7827.878488 6355.495788 5168.656902 4209.846102 18834.371627
*end

*partition[Annual_part]
year: 1991
time_step: Annual
values {d}
category 0 1 2 3 4 5 6 7 8 9 10 11 12 13 14 15 16 17 18 19 20 21 22 23 24 25 26 27 28 29 30
HAK4 3997375.220255 3272774.024415 2639162.380738 2124987.918045 1703767.803789 1360086.022492 1081163.709196 853493.389567 673197.933319 501781.181342 374982.326792 274855.120277 209123.114136 159283.196031 121857.112582 93901.312415 73014.227551 57319.238866 45408.405954 36258.548351 29140.644342 23538.875314 18556.739462 14967.491612 12085.965452 9769.477751 7906.828238 6408.924850 5203.439853 4231.738358 18867.009736
*end

*partition[Annual_part]
year: 1992
time_step: Annual
values {d}
category 0 1 2 3 4 5 6 7 8 9 10 11 12 13 14 15 16 17 18 19 20 21 22 23 24 25 26 27 28 29 30
HAK4 3997375.220255 3272774.024415 2679520.741663 2160763.403476 1739792.958422 1394927.097066 1113544.253446 885181.977831 698781.285587 551167.850917 410823.684480 307009.562806 225032.339612 171215.524723 130410.051039 99768.165552 76879.892229 59778.993509 46929.023602 37177.258403 29685.988597 23858.341687 19272.001112 15192.973275 12254.345679 9895.151596 7998.571877 6473.563437 5247.183869 4260.216230 18911.655422
*end

*process[Rec]
age: 0
b0: 29892.900000000001
b0_intialisation_phase: 
categories: HAK4
label: Recruitment
proportions: 1
r0: 3997375.2202554015
ssb: SSB
ssb_offset: 0
standardise_ycs_years: 
steepness: 1
type: recruitment_beverton_holt
ycs_years: 1940 1941 1942 1943 1944 1945 1946 1947 1948 1949 1950 1951 1952 1953 1954 1955 1956 1957 1958 1959 1960 1961 1962 1963 1964 1965 1966 1967 1968 1969 1970 1971 1972 1973 1974 1975 1976 1977 1978 1979 1980 1981 1982 1983 1984 1985 1986 1987 1988 1989 1990 1991 1992 
standardiesed_ycs: 1 1 1 1 1 1 1 1 1 1 1 1 1 1 1 1 1 1 1 1 1 1 1 1 1 1 1 1 1 1 1 1 1 1 1 1 1 1 1 1 1 1 1 1 1 1 1 1 1 1 1 1 1 
ycs_values: 1 1 1 1 1 1 1 1 1 1 1 1 1 1 1 1 1 1 1 1 1 1 1 1 1 1 1 1 1 1 1 1 1 1 1 1 1 1 1 1 1 1 1 1 1 1 1 1 1 1 1 1 1 
true_ycs: 1 1 1 1 1 1 1 1 1 1 1 1 1 1 1 1 1 1 1 1 1 1 1 1 1 1 1 1 1 1 1 1 1 1 1 1 1 1 1 1 1 1 1 1 1 1 1 1 1 1 1 1 1 
Recruits: 3.99738e+006 3.99738e+006 3.99738e+006 3.99738e+006 3.99738e+006 3.99738e+006 3.99738e+006 3.99738e+006 3.99738e+006 3.99738e+006 3.99738e+006 3.99738e+006 3.99738e+006 3.99738e+006 3.99738e+006 3.99738e+006 3.99738e+006 3.99738e+006 3.99738e+006 3.99738e+006 3.99738e+006 3.99738e+006 3.99738e+006 3.99738e+006 3.99738e+006 3.99738e+006 3.99738e+006 3.99738e+006 3.99738e+006 3.99738e+006 3.99738e+006 3.99738e+006 3.99738e+006 3.99738e+006 3.99738e+006 3.99738e+006 3.99738e+006 3.99738e+006 3.99738e+006 3.99738e+006 3.99738e+006 3.99738e+006 3.99738e+006 3.99738e+006 3.99738e+006 3.99738e+006 3.99738e+006 3.99738e+006 3.99738e+006 3.99738e+006 3.99738e+006 3.99738e+006 3.99738e+006 
SSB: 29892.9 29892.9 29892.9 29892.9 29892.9 29892.9 29892.9 29892.9 29892.9 29892.9 29892.9 29892.9 29892.9 29892.9 29892.9 29892.9 29892.9 29892.9 29892.9 29892.9 29892.9 29892.9 29892.9 29892.9 29892.9 29892.9 29892.9 29892.9 29892.9 29892.9 27353 27461.4 27590.1 27740.5 27912.5 28101.8 28299.2 28494.8 28680.5 28851.4 29004.9 24617.4 21499.1 17653.6 17560.1 17410.4 17561.7 17826.8 18178.2 18579.9 18824.4 19931.8 21020.2 
*end

*process[Mort]
catches: 2800 5000 3800 4800 800 1000 800 800 800 800 1000
categories: HAK4
label: Fishing
penalty: 
selectivities: trawl_selectivity
type: mortality_event_biomass
u_max: 0.90000000000000002
years: 1970 1981 1982 1983 1984 1985 1986 1987 1988 1989 1990
years: 1970 1981 1982 1983 1984 1985 1986 1987 1988 1989 1990 
actual_catches: 2800 5000 3800 4800 800 1000 800 800 800 800 1000 
exploitation_rate: 0.097441 0.178631 0.158564 0.227128 0.045332 0.0565624 0.045319 0.0447263 0.0439751 0.0431409 0.0528614 
*end

*derived_quantity[derived_quants]
SSB {L} 
type: biomass 
initialisation_phase[1]: 29892.9 
values {v}
1940 29892.9
1941 29892.9
1942 29892.9
1943 29892.9
1944 29892.9
1945 29892.9
1946 29892.9
1947 29892.9
1948 29892.9
1949 29892.9
1950 29892.9
1951 29892.9
1952 29892.9
1953 29892.9
1954 29892.9
1955 29892.9
1956 29892.9
1957 29892.9
1958 29892.9
1959 29892.9
1960 29892.9
1961 29892.9
1962 29892.9
1963 29892.9
1964 29892.9
1965 29892.9
1966 29892.9
1967 29892.9
1968 29892.9
1969 29892.9
1970 27353
1971 27461.4
1972 27590.1
1973 27740.5
1974 27912.5
1975 28101.8
1976 28299.2
1977 28494.8
1978 28680.5
1979 28851.4
1980 29004.9
1981 24617.4
1982 21499.1
1983 17653.6
1984 17560.1
1985 17410.4
1986 17561.7
1987 17826.8
1988 18178.2
1989 18579.9
1990 18824.4
1991 19931.8
1992 21020.2
end {L}
*end

*warnings[warnings_encounted]
warnings_found: 1
warning_0 {s}
Years to go back is 0 in derived quantity SSB when it shouldn't be
*end

Total elapsed time: 1 second
Completed
