CASAL2
Call: ibm -r --loglevel trace 
Date: Tue Jul 24 18:40:44 2018
Version: 2018-07-23 08:44:34 UTC (rev. 6171b24)
Copyright (c) 2018 - 2018, NIWA (www.niwa.co.nz)
Environment: machine:DESKTOP-D3MBM6L, user:Dell User, os:Windows_NT, pid:3468

*initialisation_partition[init_1]
ewuilibrium_shortcut: 1899
values {d}
row-col 0 1 2 3 4 5 6 7 8 9 10 11 12 13 14 15 16 17 18 19 20 21 22 23 24 25 26 27 28 29 30
1-1 18120 14659 12291 9923 8137 6739 5596 4453 3571 2984 2463 1960 1666 1393 1073 916 714 597 484 381 317 298 238 184 151 132 100 69 71 60 260
*end

*initialisation_partition[init_2]
year: 1939
values {d}
row-col 0 1 2 3 4 5 6 7 8 9 10 11 12 13 14 15 16 17 18 19 20 21 22 23 24 25 26 27 28 29 30
1-1 18126 14784 12145 9956 8020 6511 5458 4539 3637 2941 2441 2065 1697 1384 1102 902 747 607 463 411 370 253 203 180 152 116 97 96 61 54 240
*end

*world_age_frequency[total_age_freq]
year: 1940
time_step: Annual
values {d}
0 1 2 3 4 5 6 7 8 9 10 11 12 13 14 15 16 17 18 19 20 21 22 23 24 25 26 27 28 29 30 
18126 14887 12075 10084 8087 6607 5338 4464 3690 2986 2396 1945 1723 1394 1125 932 760 618 514 384 325 313 211 157 140 125 93 81 79 45 240 
*end

*summarise_agents[agents]
year: 1940
time_step: Annual
values {d}
row-col agent_ndx age length weight scalar sex mature
1-1 74157 1 15.1415 0.0151855 0.240171 0 0
1-1 4938 15 92.6977 5.87154 0.240171 0 1
1-1 70810 1 15.1397 0.0151794 0.240171 0 0
1-1 107 30 101.377 7.8806 0.240171 0 1
1-1 9989 11 84.4847 4.32789 0.240171 0 1
1-1 39198 4 48.3352 0.690063 0.240171 0 1
1-1 38908 4 48.3374 0.690166 0.240171 0 1
1-1 18585 8 73.7203 2.76475 0.240171 0 1
1-1 35385 5 56.2902 1.13882 0.240171 0 1
1-1 96766 0 0 0 0.240171 0 0
*end

*world_age_frequency[total_age_freq]
year: 1941
time_step: Annual
values {d}
0 1 2 3 4 5 6 7 8 9 10 11 12 13 14 15 16 17 18 19 20 21 22 23 24 25 26 27 28 29 30 
18126 14811 12221 9904 8258 6748 5362 4353 3656 2979 2443 1953 1574 1403 1124 903 771 619 511 431 301 260 251 180 140 120 100 79 65 61 242 
*end

*summarise_agents[agents]
year: 1941
time_step: Annual
values {d}
row-col agent_ndx age length weight scalar sex mature
1-1 41726 4 48.3325 0.689938 0.240171 0 1
1-1 49708 3 39.0003 0.34077 0.240171 0 1
1-1 57611 2 28.0217 0.114919 0.240171 0 0
1-1 64263 2 28.0244 0.114955 0.240171 0 0
1-1 71488 1 15.1408 0.0151831 0.240171 0 1
1-1 49989 3 38.9993 0.340742 0.240171 0 1
1-1 73603 1 15.1396 0.015179 0.240171 0 0
1-1 13359 10 81.4558 3.83833 0.240171 0 1
1-1 64493 2 28.0293 0.115021 0.240171 0 0
1-1 1928 19 97.0287 6.82272 0.240171 0 1
*end

*world_age_frequency[total_age_freq]
year: 1942
time_step: Annual
values {d}
0 1 2 3 4 5 6 7 8 9 10 11 12 13 14 15 16 17 18 19 20 21 22 23 24 25 26 27 28 29 30 
18126 14783 12051 9996 8074 6783 5520 4409 3565 2943 2473 2015 1557 1279 1160 906 736 627 507 426 360 249 215 200 149 116 100 78 62 47 246 
*end

*summarise_agents[agents]
year: 1942
time_step: Annual
values {d}
row-col agent_ndx age length weight scalar sex mature
1-1 72254 1 15.1396 0.0151789 0.240171 0 1
1-1 74187 1 15.1368 0.0151697 0.240171 0 0
1-1 76880 1 15.1419 0.0151868 0.240171 0 0
1-1 53792 3 38.9972 0.340682 0.240171 0 0
1-1 91436 0 0 0 0.240171 0 0
1-1 40171 4 48.3514 0.690825 0.240171 0 1
1-1 33568 5 56.284 1.1384 0.240171 0 1
1-1 1348 21 98.355 7.13419 0.240171 0 1
1-1 22860 7 68.8143 2.20454 0.240171 0 1
1-1 97400 0 0 0 0.240171 0 0
*end

*world_age_frequency[total_age_freq]
year: 1943
time_step: Annual
values {d}
0 1 2 3 4 5 6 7 8 9 10 11 12 13 14 15 16 17 18 19 20 21 22 23 24 25 26 27 28 29 30 
18126 14885 12178 9786 8208 6654 5613 4522 3655 2910 2420 2031 1669 1272 1070 937 753 599 511 422 364 297 208 162 160 124 94 81 67 56 235 
*end

*summarise_agents[agents]
year: 1943
time_step: Annual
values {d}
row-col agent_ndx age length weight scalar sex mature
1-1 19075 8 73.7052 2.7629 0.240171 0 1
1-1 53804 3 39.0023 0.340828 0.240171 0 1
1-1 2158 19 97.0256 6.822 0.240171 0 1
1-1 77685 1 15.139 0.0151771 0.240171 0 1
1-1 44545 4 48.3381 0.690197 0.240171 0 0
1-1 6649 13 89.2362 5.18095 0.240171 0 1
1-1 32198 5 56.2855 1.1385 0.240171 0 1
1-1 3218 17 95.2027 6.40957 0.240171 0 1
1-1 27893 6 63.0551 1.6539 0.240171 0 1
1-1 77581 1 15.1374 0.0151718 0.240171 0 0
*end

*world_age_frequency[total_age_freq]
year: 1944
time_step: Annual
values {d}
0 1 2 3 4 5 6 7 8 9 10 11 12 13 14 15 16 17 18 19 20 21 22 23 24 25 26 27 28 29 30 
18126 14839 12234 9948 7971 6715 5454 4615 3634 2958 2392 1992 1655 1376 1048 877 758 612 477 428 344 293 247 164 133 140 99 79 66 52 234 
*end

*summarise_agents[agents]
year: 1944
time_step: Annual
values {d}
row-col agent_ndx age length weight scalar sex mature
1-1 18417 8 73.7203 2.76475 0.240171 0 1
1-1 84685 0 0 0 0.240171 0 0
1-1 36537 5 56.281 1.1382 0.240171 0 1
1-1 68050 1 15.135 0.015164 0.240171 0 0
1-1 32428 5 56.2754 1.13783 0.240171 0 1
1-1 59168 2 28.0254 0.114969 0.240171 0 0
1-1 17156 8 73.7258 2.76544 0.240171 0 1
1-1 69669 1 15.1393 0.015178 0.240171 0 0
1-1 22430 7 68.8123 2.20432 0.240171 0 1
1-1 57617 2 28.0284 0.11501 0.240171 0 0
*end

*world_age_frequency[total_age_freq]
year: 1945
time_step: Annual
values {d}
0 1 2 3 4 5 6 7 8 9 10 11 12 13 14 15 16 17 18 19 20 21 22 23 24 25 26 27 28 29 30 
18126 14791 12141 10040 8143 6578 5475 4498 3728 2981 2412 1984 1605 1348 1105 875 734 609 494 393 360 290 238 200 133 113 117 81 65 54 238 
*end

*summarise_agents[agents]
year: 1945
time_step: Annual
values {d}
row-col agent_ndx age length weight scalar sex mature
1-1 5959 14 91.1171 5.54875 0.240171 0 1
1-1 49339 3 38.9871 0.34039 0.240171 0 0
1-1 30179 5 56.2865 1.13857 0.240171 0 1
1-1 38820 4 48.3364 0.69012 0.240171 0 1
1-1 19343 8 73.73 2.76595 0.240171 0 1
1-1 82708 0 0 0 0.240171 0 0
1-1 29701 6 63.0615 1.65445 0.240171 0 1
1-1 19108 8 73.7215 2.76491 0.240171 0 1
1-1 68695 1 15.1404 0.0151817 0.240171 0 0
1-1 53270 3 38.9936 0.340579 0.240171 0 1
*end

*world_age_frequency[total_age_freq]
year: 1946
time_step: Annual
values {d}
0 1 2 3 4 5 6 7 8 9 10 11 12 13 14 15 16 17 18 19 20 21 22 23 24 25 26 27 28 29 30 
18126 14826 12084 9869 8202 6640 5380 4510 3645 3016 2388 1968 1612 1318 1100 910 715 602 501 411 323 294 229 200 163 111 88 97 69 51 246 
*end

*summarise_agents[agents]
year: 1946
time_step: Annual
values {d}
row-col agent_ndx age length weight scalar sex mature
1-1 1456 21 98.3345 7.1293 0.240171 0 1
1-1 75015 1 15.1369 0.0151703 0.240171 0 0
1-1 4989 15 92.6965 5.8713 0.240171 0 1
1-1 14225 9 77.8958 3.31382 0.240171 0 1
1-1 52403 3 38.9852 0.340338 0.240171 0 1
1-1 13549 9 77.8959 3.31384 0.240171 0 1
1-1 49751 3 38.9929 0.340556 0.240171 0 1
1-1 8991 12 87.0692 4.77864 0.240171 0 1
1-1 12796 10 81.4498 3.83739 0.240171 0 1
1-1 8368 12 87.0555 4.77618 0.240171 0 1
*end

*world_age_frequency[total_age_freq]
year: 1947
time_step: Annual
values {d}
0 1 2 3 4 5 6 7 8 9 10 11 12 13 14 15 16 17 18 19 20 21 22 23 24 25 26 27 28 29 30 
18126 14897 12079 9900 8091 6729 5469 4446 3713 2987 2462 1940 1644 1300 1067 887 737 565 494 415 335 263 236 194 164 132 92 77 81 59 249 
*end

*summarise_agents[agents]
year: 1947
time_step: Annual
values {d}
row-col agent_ndx age length weight scalar sex mature
1-1 79427 1 15.1367 0.0151697 0.240171 0 0
1-1 5418 14 91.1227 5.54985 0.240171 0 1
1-1 38051 4 48.3368 0.69014 0.240171 0 1
1-1 95409 0 0 0 0.240171 0 0
1-1 18594 8 73.7145 2.76403 0.240171 0 1
1-1 16342 9 77.9096 3.31575 0.240171 0 1
1-1 4143 15 92.7003 5.8721 0.240171 0 1
1-1 97563 0 0 0 0.240171 0 0
1-1 43081 4 48.3396 0.690271 0.240171 0 0
1-1 81302 1 15.14 0.0151803 0.240171 0 0
*end

*world_age_frequency[total_age_freq]
year: 1948
time_step: Annual
values {d}
0 1 2 3 4 5 6 7 8 9 10 11 12 13 14 15 16 17 18 19 20 21 22 23 24 25 26 27 28 29 30 
18126 14892 12167 9882 8125 6629 5521 4451 3661 3040 2436 2029 1554 1341 1071 862 711 583 465 399 346 273 220 183 160 132 106 71 60 66 263 
*end

*summarise_agents[agents]
year: 1948
time_step: Annual
values {d}
row-col agent_ndx age length weight scalar sex mature
1-1 70730 1 15.139 0.0151772 0.240171 0 0
1-1 76853 1 15.1387 0.0151762 0.240171 0 0
1-1 34504 5 56.2891 1.13874 0.240171 0 1
1-1 22611 7 68.8161 2.20473 0.240171 0 1
1-1 44405 4 48.343 0.69043 0.240171 0 0
1-1 86779 0 0 0 0.240171 0 0
1-1 63801 2 28.0289 0.115017 0.240171 0 0
1-1 88647 0 0 0 0.240171 0 0
1-1 15686 9 77.895 3.3137 0.240171 0 1
1-1 32292 5 56.2853 1.13849 0.240171 0 1
*end

*world_age_frequency[total_age_freq]
year: 1949
time_step: Annual
values {d}
0 1 2 3 4 5 6 7 8 9 10 11 12 13 14 15 16 17 18 19 20 21 22 23 24 25 26 27 28 29 30 
18126 14830 12207 9946 8129 6623 5377 4553 3684 3018 2464 1997 1671 1232 1138 876 703 575 469 373 313 274 236 185 153 130 116 88 61 51 259 
*end

*summarise_agents[agents]
year: 1949
time_step: Annual
values {d}
row-col agent_ndx age length weight scalar sex mature
1-1 47622 3 38.9951 0.34062 0.240171 0 0
1-1 20056 8 73.723 2.76508 0.240171 0 1
1-1 76980 1 15.1377 0.0151728 0.240171 0 0
1-1 71988 1 15.1363 0.0151683 0.240171 0 0
1-1 29499 6 63.0434 1.65289 0.240171 0 1
1-1 92457 0 0 0 0.240171 0 0
1-1 32356 5 56.2785 1.13804 0.240171 0 1
1-1 49995 3 38.9926 0.340549 0.240171 0 1
1-1 81153 1 15.1397 0.0151796 0.240171 0 0
1-1 72726 1 15.1384 0.0151751 0.240171 0 0
*end

*world_age_frequency[total_age_freq]
year: 1950
time_step: Annual
values {d}
0 1 2 3 4 5 6 7 8 9 10 11 12 13 14 15 16 17 18 19 20 21 22 23 24 25 26 27 28 29 30 
18126 14866 12134 10002 8155 6602 5435 4383 3708 2991 2457 2035 1646 1365 1004 936 694 554 461 375 313 247 210 184 148 123 98 94 76 55 263 
*end

*summarise_agents[agents]
year: 1950
time_step: Annual
values {d}
row-col agent_ndx age length weight scalar sex mature
1-1 26868 6 63.0493 1.6534 0.240171 0 1
1-1 85771 0 0 0 0.240171 0 0
1-1 56015 2 28.0305 0.115037 0.240171 0 1
1-1 69950 1 15.1391 0.0151774 0.240171 0 0
1-1 16708 8 73.7105 2.76355 0.240171 0 1
1-1 2359 18 96.1903 6.63081 0.240171 0 1
1-1 5389 14 91.1246 5.55025 0.240171 0 1
1-1 36506 4 48.3188 0.689293 0.240171 0 0
1-1 97267 0 0 0 0.240171 0 0
1-1 96303 0 0 0 0.240171 0 0
*end

*world_age_frequency[total_age_freq]
year: 1951
time_step: Annual
values {d}
0 1 2 3 4 5 6 7 8 9 10 11 12 13 14 15 16 17 18 19 20 21 22 23 24 25 26 27 28 29 30 
18126 14898 12143 9923 8085 6616 5397 4446 3601 3025 2461 2028 1666 1338 1099 833 734 555 444 376 307 254 205 169 155 122 100 86 69 61 267 
*end

*summarise_agents[agents]
year: 1951
time_step: Annual
values {d}
row-col agent_ndx age length weight scalar sex mature
1-1 5781 14 91.1008 5.54547 0.240171 0 1
1-1 80840 1 15.1397 0.0151794 0.240171 0 0
1-1 31118 5 56.2817 1.13825 0.240171 0 1
1-1 61783 2 28.0232 0.114939 0.240171 0 0
1-1 45587 3 38.9904 0.340485 0.240171 0 1
1-1 42803 4 48.3323 0.689927 0.240171 0 0
1-1 85337 0 0 0 0.240171 0 0
1-1 59294 2 28.023 0.114936 0.240171 0 0
1-1 48058 3 38.9889 0.340444 0.240171 0 1
1-1 70806 1 15.1375 0.0151721 0.240171 0 0
*end

*world_age_frequency[total_age_freq]
year: 1952
time_step: Annual
values {d}
0 1 2 3 4 5 6 7 8 9 10 11 12 13 14 15 16 17 18 19 20 21 22 23 24 25 26 27 28 29 30 
18126 14801 12204 9864 8069 6605 5432 4390 3677 2944 2493 2004 1685 1395 1108 905 657 616 437 363 318 248 197 170 145 127 99 84 68 56 270 
*end

*summarise_agents[agents]
year: 1952
time_step: Annual
values {d}
row-col agent_ndx age length weight scalar sex mature
1-1 27395 6 63.0633 1.65461 0.240171 0 1
1-1 39605 4 48.335 0.690053 0.240171 0 1
1-1 36679 4 48.3364 0.690121 0.240171 0 0
1-1 71751 1 15.1361 0.0151675 0.240171 0 1
1-1 63927 2 28.0327 0.115068 0.240171 0 0
1-1 32904 5 56.2973 1.13929 0.240171 0 1
1-1 3860 15 92.7237 5.87697 0.240171 0 1
1-1 99337 0 0 0 0.240171 0 0
1-1 59528 2 28.0294 0.115022 0.240171 0 0
1-1 81918 0 0 0 0.240171 0 0
*end

*world_age_frequency[total_age_freq]
year: 1953
time_step: Annual
values {d}
0 1 2 3 4 5 6 7 8 9 10 11 12 13 14 15 16 17 18 19 20 21 22 23 24 25 26 27 28 29 30 
18126 14938 12008 10011 8115 6630 5427 4459 3582 2986 2416 2046 1614 1375 1145 893 728 554 500 354 296 261 210 163 138 120 110 84 67 58 260 
*end

*summarise_agents[agents]
year: 1953
time_step: Annual
values {d}
row-col agent_ndx age length weight scalar sex mature
1-1 56375 2 28.0228 0.114934 0.240171 0 0
1-1 72827 1 15.1403 0.0151813 0.240171 0 0
1-1 96085 0 0 0 0.240171 0 0
1-1 5725 14 91.11 5.54732 0.240171 0 1
1-1 93598 0 0 0 0.240171 0 0
1-1 57291 2 28.0277 0.115001 0.240171 0 0
1-1 71629 1 15.1388 0.0151766 0.240171 0 0
1-1 89645 0 0 0 0.240171 0 0
1-1 32081 5 56.2971 1.13928 0.240171 0 1
1-1 70285 1 15.1388 0.0151764 0.240171 0 0
*end

*world_age_frequency[total_age_freq]
year: 1954
time_step: Annual
values {d}
0 1 2 3 4 5 6 7 8 9 10 11 12 13 14 15 16 17 18 19 20 21 22 23 24 25 26 27 28 29 30 
18126 14841 12192 9780 8169 6632 5430 4495 3685 2927 2478 1988 1658 1320 1135 939 732 594 464 425 284 237 220 179 138 119 99 93 67 57 257 
*end

*summarise_agents[agents]
year: 1954
time_step: Annual
values {d}
row-col agent_ndx age length weight scalar sex mature
1-1 84287 0 0 0 0.240171 0 0
1-1 56464 2 28.0249 0.114962 0.240171 0 1
1-1 70565 1 15.1367 0.0151695 0.240171 0 0
1-1 64876 2 28.0254 0.114969 0.240171 0 1
1-1 90758 0 0 0 0.240171 0 0
1-1 64309 2 28.0272 0.114994 0.240171 0 0
1-1 41957 4 48.3341 0.69001 0.240171 0 1
1-1 26664 6 63.0515 1.6536 0.240171 0 1
1-1 41267 4 48.3377 0.690181 0.240171 0 1
1-1 33136 5 56.2844 1.13843 0.240171 0 1
*end

*world_age_frequency[total_age_freq]
year: 1955
time_step: Annual
values {d}
0 1 2 3 4 5 6 7 8 9 10 11 12 13 14 15 16 17 18 19 20 21 22 23 24 25 26 27 28 29 30 
18126 14800 12134 9899 7952 6704 5407 4448 3709 3022 2443 2053 1637 1349 1098 958 785 586 478 396 357 228 193 186 141 112 97 83 80 55 251 
*end

*summarise_agents[agents]
year: 1955
time_step: Annual
values {d}
row-col agent_ndx age length weight scalar sex mature
1-1 69333 1 15.1356 0.0151658 0.240171 0 0
1-1 30959 5 56.2911 1.13887 0.240171 0 1
1-1 82067 0 0 0 0.240171 0 0
1-1 82390 0 0 0 0.240171 0 0
1-1 93403 0 0 0 0.240171 0 0
1-1 1506 20 97.7322 6.98674 0.240171 0 1
1-1 28659 6 63.0373 1.65236 0.240171 0 1
1-1 82465 0 0 0 0.240171 0 0
1-1 40801 4 48.3458 0.69056 0.240171 0 1
1-1 46239 3 38.9906 0.340491 0.240171 0 0
*end

*world_age_frequency[total_age_freq]
year: 1956
time_step: Annual
values {d}
0 1 2 3 4 5 6 7 8 9 10 11 12 13 14 15 16 17 18 19 20 21 22 23 24 25 26 27 28 29 30 
18126 14821 12184 9990 8121 6538 5461 4403 3641 3027 2473 2007 1684 1360 1102 916 768 654 476 390 321 279 186 145 153 112 87 78 69 68 258 
*end

*summarise_agents[agents]
year: 1956
time_step: Annual
values {d}
row-col agent_ndx age length weight scalar sex mature
1-1 95720 0 0 0 0.240171 0 0
1-1 3187 17 95.2002 6.40901 0.240171 0 1
1-1 33250 5 56.2848 1.13845 0.240171 0 1
1-1 10607 11 84.4801 4.32711 0.240171 0 1
1-1 9680 11 84.4719 4.32574 0.240171 0 1
1-1 9303 11 84.4803 4.32716 0.240171 0 1
1-1 92954 0 0 0 0.240171 0 0
1-1 94200 0 0 0 0.240171 0 0
1-1 71038 1 15.1394 0.0151785 0.240171 0 0
1-1 64336 2 28.0275 0.114998 0.240171 0 0
*end

*world_age_frequency[total_age_freq]
year: 1957
time_step: Annual
values {d}
0 1 2 3 4 5 6 7 8 9 10 11 12 13 14 15 16 17 18 19 20 21 22 23 24 25 26 27 28 29 30 
18126 14902 12066 10083 8177 6649 5278 4462 3576 2947 2499 2015 1643 1400 1126 884 754 629 531 386 317 266 230 150 130 118 91 68 67 55 259 
*end

*summarise_agents[agents]
year: 1957
time_step: Annual
values {d}
row-col agent_ndx age length weight scalar sex mature
1-1 57997 2 28.0328 0.115069 0.240171 0 0
1-1 35443 5 56.2795 1.1381 0.240171 0 1
1-1 7011 13 89.2591 5.18531 0.240171 0 1
1-1 99561 0 0 0 0.240171 0 0
1-1 62776 2 28.0294 0.115023 0.240171 0 0
1-1 69846 1 15.137 0.0151707 0.240171 0 0
1-1 51612 3 38.9975 0.340689 0.240171 0 1
1-1 67569 1 15.142 0.015187 0.240171 0 0
1-1 1296 21 98.3457 7.13197 0.240171 0 1
1-1 96825 0 0 0 0.240171 0 0
*end

*world_age_frequency[total_age_freq]
year: 1958
time_step: Annual
values {d}
0 1 2 3 4 5 6 7 8 9 10 11 12 13 14 15 16 17 18 19 20 21 22 23 24 25 26 27 28 29 30 
18126 14896 12190 9828 8274 6669 5411 4314 3631 2961 2424 2050 1639 1340 1130 935 692 598 509 446 322 262 215 193 134 112 89 77 59 53 263 
*end

*summarise_agents[agents]
year: 1958
time_step: Annual
values {d}
row-col agent_ndx age length weight scalar sex mature
1-1 31089 5 56.2898 1.13879 0.240171 0 1
1-1 61161 2 28.0263 0.114981 0.240171 0 0
1-1 82221 0 0 0 0.240171 0 0
1-1 17138 8 73.7286 2.76578 0.240171 0 1
1-1 80501 1 15.135 0.015164 0.240171 0 0
1-1 76680 1 15.1398 0.0151799 0.240171 0 0
1-1 63445 2 28.0234 0.114942 0.240171 0 0
1-1 49413 3 39.001 0.340791 0.240171 0 1
1-1 37563 4 48.3309 0.689862 0.240171 0 1
1-1 83754 0 0 0 0.240171 0 0
*end

*world_age_frequency[total_age_freq]
year: 1959
time_step: Annual
values {d}
0 1 2 3 4 5 6 7 8 9 10 11 12 13 14 15 16 17 18 19 20 21 22 23 24 25 26 27 28 29 30 
18126 14855 12260 9936 8055 6691 5486 4454 3516 3031 2420 1996 1653 1340 1113 924 763 582 498 424 368 255 207 175 170 110 87 72 58 49 251 
*end

*summarise_agents[agents]
year: 1959
time_step: Annual
values {d}
row-col agent_ndx age length weight scalar sex mature
1-1 10343 11 84.4766 4.32653 0.240171 0 1
1-1 56002 2 28.032 0.115058 0.240171 0 0
1-1 81495 1 15.1393 0.015178 0.240171 0 0
1-1 28138 6 63.0478 1.65327 0.240171 0 1
1-1 21815 7 68.8185 2.20499 0.240171 0 1
1-1 53108 3 38.9986 0.34072 0.240171 0 0
1-1 67157 1 15.1372 0.015171 0.240171 0 0
1-1 50668 3 38.9946 0.340607 0.240171 0 0
1-1 13055 10 81.4728 3.84096 0.240171 0 1
1-1 13072 10 81.4255 3.83363 0.240171 0 1
*end

*world_age_frequency[total_age_freq]
year: 1960
time_step: Annual
values {d}
0 1 2 3 4 5 6 7 8 9 10 11 12 13 14 15 16 17 18 19 20 21 22 23 24 25 26 27 28 29 30 
18126 14852 12100 9932 8148 6627 5460 4519 3644 2848 2501 2006 1614 1350 1076 907 747 617 473 412 348 295 202 171 138 138 90 64 58 43 242 
*end

*summarise_agents[agents]
year: 1960
time_step: Annual
values {d}
row-col agent_ndx age length weight scalar sex mature
1-1 60467 2 28.0243 0.114954 0.240171 0 0
1-1 41028 4 48.3357 0.690084 0.240171 0 1
1-1 77245 1 15.1398 0.0151799 0.240171 0 1
1-1 18415 8 73.7069 2.7631 0.240171 0 1
1-1 17616 8 73.7281 2.76572 0.240171 0 1
1-1 20656 7 68.8115 2.20425 0.240171 0 1
1-1 34045 5 56.28 1.13814 0.240171 0 1
1-1 73165 1 15.1422 0.0151876 0.240171 0 0
1-1 87526 0 0 0 0.240171 0 0
1-1 56687 2 28.0295 0.115025 0.240171 0 1
*end

*world_age_frequency[total_age_freq]
year: 1961
time_step: Annual
values {d}
0 1 2 3 4 5 6 7 8 9 10 11 12 13 14 15 16 17 18 19 20 21 22 23 24 25 26 27 28 29 30 
18126 14872 12275 9851 8157 6718 5462 4444 3684 2973 2329 2109 1637 1328 1118 878 737 600 508 380 331 288 235 154 136 111 116 76 56 43 224 
*end

*summarise_agents[agents]
year: 1961
time_step: Annual
values {d}
row-col agent_ndx age length weight scalar sex mature
1-1 76946 1 15.1381 0.0151743 0.240171 0 0
1-1 92377 0 0 0 0.240171 0 0
1-1 28383 6 63.0559 1.65397 0.240171 0 1
1-1 54553 3 39.0025 0.340834 0.240171 0 0
1-1 34216 5 56.2885 1.1387 0.240171 0 1
1-1 33081 5 56.294 1.13907 0.240171 0 1
1-1 61069 2 28.0273 0.114995 0.240171 0 1
1-1 57378 2 28.0277 0.115 0.240171 0 0
1-1 86745 0 0 0 0.240171 0 0
1-1 36147 5 56.3018 1.13959 0.240171 0 1
*end

*world_age_frequency[total_age_freq]
year: 1962
time_step: Annual
values {d}
0 1 2 3 4 5 6 7 8 9 10 11 12 13 14 15 16 17 18 19 20 21 22 23 24 25 26 27 28 29 30 
18126 14920 12167 10094 8070 6726 5593 4456 3637 3054 2456 1903 1717 1346 1091 915 712 602 495 421 316 271 228 192 126 110 82 101 69 50 214 
*end

*summarise_agents[agents]
year: 1962
time_step: Annual
values {d}
row-col agent_ndx age length weight scalar sex mature
1-1 81160 1 15.1329 0.0151569 0.240171 0 0
1-1 53328 3 38.9979 0.340701 0.240171 0 1
1-1 70910 1 15.1386 0.0151759 0.240171 0 0
1-1 53640 3 38.9985 0.340718 0.240171 0 0
1-1 80211 1 15.1399 0.0151799 0.240171 0 0
1-1 71699 1 15.1385 0.0151753 0.240171 0 0
1-1 39210 4 48.3403 0.690303 0.240171 0 1
1-1 7697 12 87.0465 4.77456 0.240171 0 1
1-1 79039 1 15.1368 0.0151699 0.240171 0 0
1-1 56981 2 28.0256 0.114972 0.240171 0 0
*end

*world_age_frequency[total_age_freq]
year: 1963
time_step: Annual
values {d}
0 1 2 3 4 5 6 7 8 9 10 11 12 13 14 15 16 17 18 19 20 21 22 23 24 25 26 27 28 29 30 
18126 14831 12208 9893 8240 6578 5495 4549 3679 2996 2495 1996 1560 1426 1119 886 733 590 479 408 331 248 217 191 149 101 93 67 90 59 218 
*end

*summarise_agents[agents]
year: 1963
time_step: Annual
values {d}
row-col agent_ndx age length weight scalar sex mature
1-1 91428 0 0 0 0.240171 0 0
1-1 31838 5 56.2901 1.13881 0.240171 0 0
1-1 9422 11 84.4819 4.32742 0.240171 0 1
1-1 24862 6 63.0521 1.65365 0.240171 0 1
1-1 78179 1 15.1402 0.015181 0.240171 0 0
1-1 69441 1 15.1379 0.0151735 0.240171 0 0
1-1 11213 10 81.4653 3.8398 0.240171 0 1
1-1 56296 2 28.0318 0.115055 0.240171 0 0
1-1 53016 3 39.0004 0.340772 0.240171 0 0
1-1 24773 6 63.0553 1.65392 0.240171 0 1
*end

*world_age_frequency[total_age_freq]
year: 1964
time_step: Annual
values {d}
0 1 2 3 4 5 6 7 8 9 10 11 12 13 14 15 16 17 18 19 20 21 22 23 24 25 26 27 28 29 30 
18126 14833 12137 10040 8084 6762 5339 4491 3707 3010 2416 2046 1657 1257 1166 901 718 608 490 379 335 283 199 179 154 121 86 81 51 71 223 
*end

*summarise_agents[agents]
year: 1964
time_step: Annual
values {d}
row-col agent_ndx age length weight scalar sex mature
1-1 58812 2 28.0288 0.115015 0.240171 0 1
1-1 69290 1 15.1344 0.0151621 0.240171 0 0
1-1 99201 0 0 0 0.240171 0 0
1-1 98138 0 0 0 0.240171 0 0
1-1 28189 6 63.0552 1.65391 0.240171 0 1
1-1 75837 1 15.1403 0.0151814 0.240171 0 0
1-1 86237 0 0 0 0.240171 0 0
1-1 16450 8 73.7316 2.76615 0.240171 0 1
1-1 92771 0 0 0 0.240171 0 0
1-1 49753 3 39.0065 0.340948 0.240171 0 1
*end

*world_age_frequency[total_age_freq]
year: 1965
time_step: Annual
values {d}
0 1 2 3 4 5 6 7 8 9 10 11 12 13 14 15 16 17 18 19 20 21 22 23 24 25 26 27 28 29 30 
18126 14802 12156 9938 8209 6615 5494 4360 3678 3039 2476 1953 1656 1354 1058 952 740 592 494 407 312 269 226 162 136 127 99 68 64 42 240 
*end

*summarise_agents[agents]
year: 1965
time_step: Annual
values {d}
row-col agent_ndx age length weight scalar sex mature
1-1 15842 9 77.886 3.31245 0.240171 0 1
1-1 55421 2 28.0215 0.114916 0.240171 0 0
1-1 32597 5 56.3022 1.13961 0.240171 0 0
1-1 55184 2 28.0301 0.115032 0.240171 0 0
1-1 73303 1 15.1394 0.0151784 0.240171 0 0
1-1 98268 0 0 0 0.240171 0 0
1-1 11968 10 81.4678 3.84019 0.240171 0 1
1-1 11685 10 81.4567 3.83846 0.240171 0 1
1-1 81092 1 15.1389 0.0151768 0.240171 0 0
1-1 54624 3 38.985 0.340332 0.240171 0 0
*end

*world_age_frequency[total_age_freq]
year: 1966
time_step: Annual
values {d}
0 1 2 3 4 5 6 7 8 9 10 11 12 13 14 15 16 17 18 19 20 21 22 23 24 25 26 27 28 29 30 
18126 14797 12085 9935 8088 6723 5400 4515 3563 3024 2452 1977 1631 1323 1144 870 787 601 483 399 336 256 221 190 131 111 107 81 62 58 245 
*end

*summarise_agents[agents]
year: 1966
time_step: Annual
values {d}
row-col agent_ndx age length weight scalar sex mature
1-1 70024 1 15.1411 0.0151841 0.240171 0 0
1-1 83529 0 0 0 0.240171 0 0
1-1 71346 1 15.14 0.0151804 0.240171 0 0
1-1 75760 1 15.1394 0.0151783 0.240171 0 0
1-1 10754 11 84.4893 4.32866 0.240171 0 1
1-1 76050 1 15.1396 0.0151791 0.240171 0 0
1-1 68279 1 15.1429 0.01519 0.240171 0 0
1-1 57395 2 28.0269 0.114989 0.240171 0 0
1-1 67219 1 15.1392 0.0151778 0.240171 0 0
1-1 69366 1 15.1362 0.015168 0.240171 0 0
*end

*world_age_frequency[total_age_freq]
year: 1967
time_step: Annual
values {d}
0 1 2 3 4 5 6 7 8 9 10 11 12 13 14 15 16 17 18 19 20 21 22 23 24 25 26 27 28 29 30 
18126 14671 12170 9904 8091 6660 5596 4420 3680 2906 2485 2003 1639 1348 1095 925 702 626 502 399 335 288 209 182 155 113 95 89 69 48 246 
*end

*summarise_agents[agents]
year: 1967
time_step: Annual
values {d}
row-col agent_ndx age length weight scalar sex mature
1-1 36724 5 56.2953 1.13916 0.240171 0 1
1-1 66231 2 28.0273 0.114995 0.240171 0 1
1-1 20176 7 68.8099 2.20407 0.240171 0 1
1-1 43619 4 48.3361 0.690107 0.240171 0 1
1-1 15502 9 77.8953 3.31374 0.240171 0 1
1-1 71800 1 15.1356 0.0151658 0.240171 0 0
1-1 58372 2 28.0245 0.114957 0.240171 0 0
1-1 84612 0 0 0 0.240171 0 0
1-1 63227 2 28.0219 0.114922 0.240171 0 0
1-1 53896 3 38.9965 0.34066 0.240171 0 0
*end

*world_age_frequency[total_age_freq]
year: 1968
time_step: Annual
values {d}
0 1 2 3 4 5 6 7 8 9 10 11 12 13 14 15 16 17 18 19 20 21 22 23 24 25 26 27 28 29 30 
18126 14830 12052 9988 8097 6608 5474 4587 3665 2992 2382 2024 1644 1342 1128 906 756 591 532 417 335 285 228 166 142 125 93 73 76 56 238 
*end

*summarise_agents[agents]
year: 1968
time_step: Annual
values {d}
row-col agent_ndx age length weight scalar sex mature
1-1 86947 0 0 0 0.240171 0 0
1-1 53364 3 39.0001 0.340765 0.240171 0 0
1-1 60008 2 28.0177 0.114865 0.240171 0 0
1-1 59680 2 28.0219 0.114921 0.240171 0 0
1-1 349 28 100.672 7.70172 0.240171 0 1
1-1 55432 2 28.0229 0.114935 0.240171 0 1
1-1 24227 7 68.808 2.20387 0.240171 0 1
1-1 36775 5 56.2892 1.13875 0.240171 0 1
1-1 36862 5 56.2831 1.13834 0.240171 0 1
1-1 22927 7 68.8264 2.20581 0.240171 0 1
*end

*world_age_frequency[total_age_freq]
year: 1969
time_step: Annual
values {d}
0 1 2 3 4 5 6 7 8 9 10 11 12 13 14 15 16 17 18 19 20 21 22 23 24 25 26 27 28 29 30 
18126 14843 12144 9846 8209 6658 5440 4487 3759 3033 2446 1936 1655 1319 1115 944 740 606 465 426 342 274 223 184 143 115 107 83 63 66 242 
*end

*summarise_agents[agents]
year: 1969
time_step: Annual
values {d}
row-col agent_ndx age length weight scalar sex mature
1-1 70119 1 15.136 0.0151673 0.240171 0 0
1-1 30871 5 56.2803 1.13815 0.240171 0 1
1-1 79933 1 15.1423 0.015188 0.240171 0 1
1-1 86332 0 0 0 0.240171 0 0
1-1 43125 4 48.3358 0.690092 0.240171 0 1
1-1 23381 7 68.81 2.20408 0.240171 0 1
1-1 36293 5 56.2821 1.13827 0.240171 0 1
1-1 60110 2 28.0277 0.115 0.240171 0 0
1-1 50735 3 38.9998 0.340755 0.240171 0 1
1-1 82900 0 0 0 0.240171 0 0
*end

*world_age_frequency[total_age_freq]
year: 1970
time_step: Annual
values {d}
0 1 2 3 4 5 6 7 8 9 10 11 12 13 14 15 16 17 18 19 20 21 22 23 24 25 26 27 28 29 30 
18126 14385 11678 9424 7539 6212 5039 4027 3300 2756 2272 1791 1431 1195 976 836 690 534 438 341 329 251 188 164 130 111 82 81 54 39 224 
*end

*summarise_agents[agents]
year: 1970
time_step: Annual
values {d}
row-col agent_ndx age length weight scalar sex mature
1-1 45675 3 38.9959 0.340645 0.240171 0 0
1-1 39045 4 48.3435 0.690454 0.240171 0 1
1-1 72297 1 15.1366 0.0151693 0.240171 0 0
1-1 9242 11 84.4736 4.32602 0.240171 0 1
1-1 52313 2 28.0219 0.114922 0.240171 0 0
1-1 86100 0 0 0 0.240171 0 0
1-1 57036 2 28.0272 0.114993 0.240171 0 0
1-1 82658 0 0 0 0.240171 0 0
1-1 14243 9 77.9024 3.31474 0.240171 0 1
1-1 22414 6 63.0609 1.65441 0.240171 0 1
*end

*world_age_frequency[total_age_freq]
year: 1971
time_step: Annual
values {d}
0 1 2 3 4 5 6 7 8 9 10 11 12 13 14 15 16 17 18 19 20 21 22 23 24 25 26 27 28 29 30 
18126 14883 11842 9554 7660 6155 5114 4139 3283 2707 2210 1857 1452 1162 1014 788 688 572 443 355 287 260 192 156 135 104 89 67 71 48 220 
*end

*summarise_agents[agents]
year: 1971
time_step: Annual
values {d}
row-col agent_ndx age length weight scalar sex mature
1-1 15835 8 73.7189 2.76458 0.240171 0 1
1-1 37100 4 48.3397 0.690274 0.240171 0 1
1-1 53686 2 28.0272 0.114993 0.240171 0 0
1-1 57207 2 28.0251 0.114965 0.240171 0 0
1-1 71372 1 15.1375 0.0151721 0.240171 0 0
1-1 71453 1 15.1344 0.0151621 0.240171 0 0
1-1 72206 1 15.1399 0.01518 0.240171 0 0
1-1 83936 0 0 0 0.240171 0 0
1-1 26629 6 63.0549 1.65389 0.240171 0 1
1-1 27697 5 56.2951 1.13914 0.240171 0 1
*end

*world_age_frequency[total_age_freq]
year: 1972
time_step: Annual
values {d}
0 1 2 3 4 5 6 7 8 9 10 11 12 13 14 15 16 17 18 19 20 21 22 23 24 25 26 27 28 29 30 
18126 14818 12127 9603 7853 6219 5049 4196 3399 2692 2232 1825 1499 1181 964 813 665 565 479 363 282 236 216 160 125 109 85 75 54 57 219 
*end

*summarise_agents[agents]
year: 1972
time_step: Annual
values {d}
row-col agent_ndx age length weight scalar sex mature
1-1 39583 4 48.3329 0.689953 0.240171 0 1
1-1 77001 1 15.1365 0.0151688 0.240171 0 0
1-1 6433 13 89.2307 5.17989 0.240171 0 1
1-1 33055 5 56.2933 1.13902 0.240171 0 1
1-1 35060 4 48.3433 0.690441 0.240171 0 0
1-1 36252 4 48.3386 0.690222 0.240171 0 0
1-1 64032 1 15.1385 0.0151753 0.240171 0 0
1-1 8737 11 84.4633 4.32429 0.240171 0 1
1-1 29959 5 56.2842 1.13841 0.240171 0 1
1-1 52625 2 28.0265 0.114984 0.240171 0 0
*end

*world_age_frequency[total_age_freq]
year: 1973
time_step: Annual
values {d}
0 1 2 3 4 5 6 7 8 9 10 11 12 13 14 15 16 17 18 19 20 21 22 23 24 25 26 27 28 29 30 
18126 14777 12060 9884 7918 6428 5080 4115 3400 2840 2212 1851 1499 1228 961 795 667 536 465 372 292 235 194 182 134 100 88 69 61 43 220 
*end

*summarise_agents[agents]
year: 1973
time_step: Annual
values {d}
row-col agent_ndx age length weight scalar sex mature
1-1 96498 0 0 0 0.240171 0 0
1-1 49801 3 38.9989 0.340729 0.240171 0 1
1-1 45979 3 39 0.340762 0.240171 0 1
1-1 55150 2 28.0198 0.114894 0.240171 0 0
1-1 68429 1 15.1401 0.0151809 0.240171 0 0
1-1 54478 2 28.0271 0.114992 0.240171 0 0
1-1 49347 3 38.9923 0.340542 0.240171 0 0
1-1 54168 2 28.0225 0.11493 0.240171 0 0
1-1 85745 0 0 0 0.240171 0 0
1-1 39782 4 48.3346 0.690036 0.240171 0 0
*end

*world_age_frequency[total_age_freq]
year: 1974
time_step: Annual
values {d}
0 1 2 3 4 5 6 7 8 9 10 11 12 13 14 15 16 17 18 19 20 21 22 23 24 25 26 27 28 29 30 
18126 14929 12074 9869 8096 6412 5220 4167 3373 2776 2349 1836 1544 1225 969 788 651 535 441 364 305 232 195 159 146 113 79 67 54 50 220 
*end

*summarise_agents[agents]
year: 1974
time_step: Annual
values {d}
row-col agent_ndx age length weight scalar sex mature
1-1 71779 1 15.1331 0.0151578 0.240171 0 0
1-1 15541 8 73.7165 2.76428 0.240171 0 1
1-1 23398 6 63.0511 1.65356 0.240171 0 1
1-1 48976 3 38.9924 0.340544 0.240171 0 0
1-1 2275 18 96.1917 6.63111 0.240171 0 1
1-1 8981 11 84.4719 4.32574 0.240171 0 1
1-1 51251 3 38.9993 0.340742 0.240171 0 1
1-1 28734 5 56.2928 1.13899 0.240171 0 1
1-1 19238 7 68.8316 2.20636 0.240171 0 1
1-1 47649 3 38.9964 0.340657 0.240171 0 0
*end

*world_age_frequency[total_age_freq]
year: 1975
time_step: Annual
values {d}
0 1 2 3 4 5 6 7 8 9 10 11 12 13 14 15 16 17 18 19 20 21 22 23 24 25 26 27 28 29 30 
18126 14875 12180 9861 8061 6623 5272 4280 3445 2786 2327 1883 1503 1283 1009 788 633 543 435 369 308 242 195 159 128 123 89 66 56 42 222 
*end

*summarise_agents[agents]
year: 1975
time_step: Annual
values {d}
row-col agent_ndx age length weight scalar sex mature
1-1 50587 3 39.0021 0.340821 0.240171 0 0
1-1 37688 4 48.3277 0.68971 0.240171 0 1
1-1 14255 9 77.8813 3.31179 0.240171 0 1
1-1 71911 1 15.1382 0.0151743 0.240171 0 0
1-1 62610 2 28.0243 0.114954 0.240171 0 1
1-1 68440 1 15.1393 0.015178 0.240171 0 0
1-1 76450 1 15.1373 0.0151714 0.240171 0 0
1-1 41434 4 48.3347 0.690041 0.240171 0 0
1-1 63475 2 28.0246 0.114959 0.240171 0 0
1-1 23600 6 63.0595 1.65428 0.240171 0 1
*end

*world_age_frequency[total_age_freq]
year: 1976
time_step: Annual
values {d}
0 1 2 3 4 5 6 7 8 9 10 11 12 13 14 15 16 17 18 19 20 21 22 23 24 25 26 27 28 29 30 
18126 14805 12181 9905 8080 6541 5379 4321 3493 2788 2276 1905 1552 1255 1083 814 630 510 447 343 299 252 198 169 124 103 102 69 54 45 228 
*end

*summarise_agents[agents]
year: 1976
time_step: Annual
values {d}
row-col agent_ndx age length weight scalar sex mature
1-1 91532 0 0 0 0.240171 0 0
1-1 36297 4 48.346 0.69057 0.240171 0 0
1-1 55735 2 28.0217 0.114919 0.240171 0 0
1-1 21879 7 68.8275 2.20593 0.240171 0 1
1-1 227 30 100.989 7.78191 0.240171 0 1
1-1 46967 3 38.9906 0.340491 0.240171 0 1
1-1 8744 11 84.4701 4.32543 0.240171 0 1
1-1 86578 0 0 0 0.240171 0 0
1-1 58067 2 28.0209 0.114908 0.240171 0 0
1-1 14571 9 77.8979 3.31411 0.240171 0 1
*end

*world_age_frequency[total_age_freq]
year: 1977
time_step: Annual
values {d}
0 1 2 3 4 5 6 7 8 9 10 11 12 13 14 15 16 17 18 19 20 21 22 23 24 25 26 27 28 29 30 
18126 14934 12183 9915 8097 6622 5303 4425 3526 2876 2282 1865 1565 1274 1035 899 662 515 420 363 292 246 217 164 138 105 89 90 57 45 222 
*end

*summarise_agents[agents]
year: 1977
time_step: Annual
values {d}
row-col agent_ndx age length weight scalar sex mature
1-1 7657 12 87.0594 4.77689 0.240171 0 1
1-1 97585 0 0 0 0.240171 0 0
1-1 60719 2 28.0243 0.114954 0.240171 0 0
1-1 89464 0 0 0 0.240171 0 0
1-1 88336 0 0 0 0.240171 0 0
1-1 16979 8 73.7435 2.76762 0.240171 0 1
1-1 81051 0 0 0 0.240171 0 0
1-1 43843 3 39.0031 0.340851 0.240171 0 1
1-1 9500 11 84.4777 4.32672 0.240171 0 1
1-1 93065 0 0 0 0.240171 0 0
*end

*world_age_frequency[total_age_freq]
year: 1978
time_step: Annual
values {d}
0 1 2 3 4 5 6 7 8 9 10 11 12 13 14 15 16 17 18 19 20 21 22 23 24 25 26 27 28 29 30 
18126 14852 12233 9981 8098 6644 5413 4333 3657 2873 2345 1875 1523 1287 1034 843 732 548 433 362 290 234 201 184 129 105 89 81 78 44 228 
*end

*summarise_agents[agents]
year: 1978
time_step: Annual
values {d}
row-col agent_ndx age length weight scalar sex mature
1-1 57903 2 28.02 0.114897 0.240171 0 0
1-1 51857 3 38.9995 0.340746 0.240171 0 1
1-1 14029 9 77.906 3.31524 0.240171 0 1
1-1 55642 2 28.0222 0.114926 0.240171 0 0
1-1 83871 0 0 0 0.240171 0 0
1-1 38806 4 48.3371 0.690151 0.240171 0 1
1-1 41744 4 48.3461 0.690575 0.240171 0 1
1-1 67861 1 15.1388 0.0151765 0.240171 0 0
1-1 21620 7 68.8179 2.20492 0.240171 0 1
1-1 96452 0 0 0 0.240171 0 0
*end

*world_age_frequency[total_age_freq]
year: 1979
time_step: Annual
values {d}
0 1 2 3 4 5 6 7 8 9 10 11 12 13 14 15 16 17 18 19 20 21 22 23 24 25 26 27 28 29 30 
18126 14776 12218 9971 8204 6710 5461 4438 3572 3021 2344 1916 1515 1257 1054 822 683 585 443 354 289 243 197 167 155 101 87 80 66 66 214 
*end

*summarise_agents[agents]
year: 1979
time_step: Annual
values {d}
row-col agent_ndx age length weight scalar sex mature
1-1 67721 1 15.1402 0.015181 0.240171 0 0
1-1 52809 3 38.9992 0.340738 0.240171 0 1
1-1 84998 0 0 0 0.240171 0 0
1-1 57362 2 28.0307 0.11504 0.240171 0 0
1-1 8894 11 84.4829 4.32759 0.240171 0 1
1-1 4660 14 91.1169 5.5487 0.240171 0 1
1-1 23104 7 68.8243 2.20559 0.240171 0 1
1-1 98743 0 0 0 0.240171 0 0
1-1 74777 1 15.1392 0.0151779 0.240171 0 0
1-1 9098 11 84.4708 4.32555 0.240171 0 1
*end

*world_age_frequency[total_age_freq]
year: 1980
time_step: Annual
values {d}
0 1 2 3 4 5 6 7 8 9 10 11 12 13 14 15 16 17 18 19 20 21 22 23 24 25 26 27 28 29 30 
18126 14770 12080 9927 8155 6720 5522 4454 3653 2956 2464 1943 1540 1246 1012 870 667 547 483 363 304 237 197 160 134 125 88 75 69 56 225 
*end

*summarise_agents[agents]
year: 1980
time_step: Annual
values {d}
row-col agent_ndx age length weight scalar sex mature
1-1 23979 6 63.0575 1.65411 0.240171 0 1
1-1 23795 7 68.8185 2.20498 0.240171 0 1
1-1 33810 5 56.2708 1.13752 0.240171 0 1
1-1 71691 1 15.1394 0.0151785 0.240171 0 0
1-1 86409 0 0 0 0.240171 0 0
1-1 36831 4 48.3383 0.69021 0.240171 0 1
1-1 69901 1 15.141 0.0151839 0.240171 0 0
1-1 7381 12 87.0497 4.77512 0.240171 0 1
1-1 92770 0 0 0 0.240171 0 0
1-1 97445 0 0 0 0.240171 0 0
*end

*world_age_frequency[total_age_freq]
year: 1981
time_step: Annual
values {d}
0 1 2 3 4 5 6 7 8 9 10 11 12 13 14 15 16 17 18 19 20 21 22 23 24 25 26 27 28 29 30 
18126 14059 11209 8896 7298 5930 4744 3837 3046 2487 2026 1636 1351 1039 816 693 565 462 364 330 235 196 149 123 106 91 84 57 48 44 185 
*end

*summarise_agents[agents]
year: 1981
time_step: Annual
values {d}
row-col agent_ndx age length weight scalar sex mature
1-1 76773 0 0 0 0.240171 0 0
1-1 26872 5 56.2873 1.13862 0.240171 0 1
1-1 9773 10 81.4416 3.83613 0.240171 0 1
1-1 9575 10 81.4674 3.84013 0.240171 0 1
1-1 29406 5 56.2725 1.13764 0.240171 0 1
1-1 2830 16 94.0505 6.15802 0.240171 0 1
1-1 23279 6 63.0612 1.65443 0.240171 0 1
1-1 82786 0 0 0 0.240171 0 0
1-1 62835 1 15.138 0.0151739 0.240171 0 1
1-1 32264 4 48.3324 0.689929 0.240171 0 0
*end

*world_age_frequency[total_age_freq]
year: 1982
time_step: Annual
values {d}
0 1 2 3 4 5 6 7 8 9 10 11 12 13 14 15 16 17 18 19 20 21 22 23 24 25 26 27 28 29 30 
18126 14129 10795 8464 6540 5328 4270 3362 2648 2100 1724 1389 1135 939 719 560 489 414 306 255 221 161 137 90 89 75 65 56 41 34 158 
*end

*summarise_agents[agents]
year: 1982
time_step: Annual
values {d}
row-col agent_ndx age length weight scalar sex mature
1-1 58773 1 15.1402 0.015181 0.240171 0 0
1-1 7405 10 81.4566 3.83846 0.240171 0 1
1-1 40522 3 38.9913 0.340513 0.240171 0 1
1-1 58798 1 15.1355 0.0151655 0.240171 0 0
1-1 53115 1 15.139 0.015177 0.240171 0 0
1-1 82969 0 0 0 0.240171 0 0
1-1 74496 0 0 0 0.240171 0 0
1-1 66255 1 15.1381 0.0151741 0.240171 0 0
1-1 51280 2 28.0294 0.115024 0.240171 0 1
1-1 56473 1 15.1368 0.0151697 0.240171 0 0
*end

*world_age_frequency[total_age_freq]
year: 1983
time_step: Annual
values {d}
0 1 2 3 4 5 6 7 8 9 10 11 12 13 14 15 16 17 18 19 20 21 22 23 24 25 26 27 28 29 30 
18126 13675 10340 7807 5987 4513 3533 2792 2124 1718 1348 1110 848 694 583 439 344 309 232 189 174 136 109 88 54 53 43 46 27 22 117 
*end

*summarise_agents[agents]
year: 1983
time_step: Annual
values {d}
row-col agent_ndx age length weight scalar sex mature
1-1 75363 0 0 0 0.240171 0 0
1-1 47019 1 15.1382 0.0151745 0.240171 0 0
1-1 41474 2 28.0279 0.115003 0.240171 0 0
1-1 21313 5 56.275 1.1378 0.240171 0 1
1-1 40124 2 28.0217 0.114918 0.240171 0 1
1-1 3859 12 87.0507 4.7753 0.240171 0 1
1-1 56379 1 15.1365 0.0151689 0.240171 0 0
1-1 33610 3 39.0013 0.340799 0.240171 0 1
1-1 62142 0 0 0 0.240171 0 0
1-1 39616 2 28.0203 0.1149 0.240171 0 0
*end

*world_age_frequency[total_age_freq]
year: 1984
time_step: Annual
values {d}
0 1 2 3 4 5 6 7 8 9 10 11 12 13 14 15 16 17 18 19 20 21 22 23 24 25 26 27 28 29 30 
18126 14710 11063 8274 6246 4764 3565 2824 2184 1662 1379 1040 852 652 532 449 359 256 235 179 139 137 105 87 61 46 40 36 32 19 112 
*end

*summarise_agents[agents]
year: 1984
time_step: Annual
values {d}
row-col agent_ndx age length weight scalar sex mature
1-1 32671 3 38.9957 0.340638 0.240171 0 1
1-1 956 19 97.0348 6.82415 0.240171 0 1
1-1 35181 3 38.9961 0.340649 0.240171 0 1
1-1 71720 0 0 0 0.240171 0 0
1-1 79682 0 0 0 0.240171 0 0
1-1 57247 1 15.1401 0.0151806 0.240171 0 0
1-1 56677 1 15.1375 0.0151723 0.240171 0 0
1-1 11134 7 68.811 2.20419 0.240171 0 1
1-1 14422 6 63.0607 1.65438 0.240171 0 1
1-1 58583 1 15.1381 0.0151743 0.240171 0 0
*end

*world_age_frequency[total_age_freq]
year: 1985
time_step: Annual
values {d}
0 1 2 3 4 5 6 7 8 9 10 11 12 13 14 15 16 17 18 19 20 21 22 23 24 25 26 27 28 29 30 
18126 14560 11780 8760 6498 4852 3669 2747 2199 1698 1296 1070 805 655 488 390 340 274 182 182 140 111 105 81 69 49 36 33 27 21 105 
*end

*summarise_agents[agents]
year: 1985
time_step: Annual
values {d}
row-col agent_ndx age length weight scalar sex mature
1-1 11280 7 68.8139 2.2045 0.240171 0 1
1-1 45647 2 28.0264 0.114983 0.240171 0 0
1-1 32076 3 39.0078 0.340986 0.240171 0 1
1-1 40455 2 28.0306 0.11504 0.240171 0 0
1-1 69230 0 0 0 0.240171 0 0
1-1 55410 1 15.1403 0.0151815 0.240171 0 0
1-1 17711 5 56.284 1.1384 0.240171 0 1
1-1 59454 1 15.1347 0.0151629 0.240171 0 0
1-1 37006 2 28.0277 0.115 0.240171 0 0
1-1 66138 0 0 0 0.240171 0 0
*end

*world_age_frequency[total_age_freq]
year: 1986
time_step: Annual
values {d}
0 1 2 3 4 5 6 7 8 9 10 11 12 13 14 15 16 17 18 19 20 21 22 23 24 25 26 27 28 29 30 
18126 14573 11622 9422 6919 5105 3894 2876 2165 1698 1329 1003 827 648 478 383 307 272 212 140 140 105 85 80 63 55 39 28 23 26 99 
*end

*summarise_agents[agents]
year: 1986
time_step: Annual
values {d}
row-col agent_ndx age length weight scalar sex mature
1-1 40754 2 28.0284 0.115009 0.240171 0 0
1-1 72443 0 0 0 0.240171 0 0
1-1 80082 0 0 0 0.240171 0 0
1-1 82423 0 0 0 0.240171 0 0
1-1 59637 1 15.1391 0.0151774 0.240171 0 0
1-1 38009 3 38.9942 0.340596 0.240171 0 1
1-1 34732 3 38.9951 0.340621 0.240171 0 1
1-1 71326 0 0 0 0.240171 0 0
1-1 39540 2 28.0234 0.114942 0.240171 0 0
1-1 65479 0 0 0 0.240171 0 0
*end

*world_age_frequency[total_age_freq]
year: 1987
time_step: Annual
values {d}
0 1 2 3 4 5 6 7 8 9 10 11 12 13 14 15 16 17 18 19 20 21 22 23 24 25 26 27 28 29 30 
18126 14564 11661 9340 7510 5490 4019 3108 2274 1677 1344 1039 790 635 506 362 288 244 201 169 113 110 89 63 65 53 47 31 24 20 104 
*end

*summarise_agents[agents]
year: 1987
time_step: Annual
values {d}
row-col agent_ndx age length weight scalar sex mature
1-1 58274 1 15.1371 0.0151709 0.240171 0 0
1-1 49990 2 28.023 0.114936 0.240171 0 0
1-1 80362 0 0 0 0.240171 0 0
1-1 16551 6 63.0526 1.65369 0.240171 0 1
1-1 66408 0 0 0 0.240171 0 0
1-1 77171 0 0 0 0.240171 0 0
1-1 33923 3 38.9976 0.340693 0.240171 0 1
1-1 28041 4 48.3347 0.690038 0.240171 0 1
1-1 4420 11 84.4884 4.32851 0.240171 0 1
1-1 64740 1 15.1382 0.0151745 0.240171 0 0
*end

*world_age_frequency[total_age_freq]
year: 1988
time_step: Annual
values {d}
0 1 2 3 4 5 6 7 8 9 10 11 12 13 14 15 16 17 18 19 20 21 22 23 24 25 26 27 28 29 30 
18126 14531 11715 9360 7435 5984 4334 3123 2417 1788 1325 1048 784 619 513 391 283 220 185 165 130 85 88 68 53 49 39 35 21 18 96 
*end

*summarise_agents[agents]
year: 1988
time_step: Annual
values {d}
row-col agent_ndx age length weight scalar sex mature
1-1 74831 0 0 0 0.240171 0 0
1-1 19208 5 56.2911 1.13888 0.240171 0 1
1-1 65164 1 15.1386 0.0151758 0.240171 0 0
1-1 47461 2 28.0221 0.114925 0.240171 0 0
1-1 11354 7 68.8232 2.20548 0.240171 0 1
1-1 1040 17 95.213 6.41185 0.240171 0 1
1-1 26597 4 48.3425 0.690404 0.240171 0 1
1-1 50035 2 28.0307 0.11504 0.240171 0 0
1-1 50390 2 28.0238 0.114947 0.240171 0 0
1-1 84314 0 0 0 0.240171 0 0
*end

*world_age_frequency[total_age_freq]
year: 1989
time_step: Annual
values {d}
0 1 2 3 4 5 6 7 8 9 10 11 12 13 14 15 16 17 18 19 20 21 22 23 24 25 26 27 28 29 30 
18126 14677 11699 9428 7443 5887 4717 3441 2467 1862 1401 1025 811 613 496 390 303 208 166 133 125 97 66 69 52 42 36 30 30 15 82 
*end

*summarise_agents[agents]
year: 1989
time_step: Annual
values {d}
row-col agent_ndx age length weight scalar sex mature
1-1 57735 1 15.1406 0.0151824 0.240171 0 0
1-1 83400 0 0 0 0.240171 0 0
1-1 56972 1 15.1375 0.0151722 0.240171 0 1
1-1 72496 0 0 0 0.240171 0 0
1-1 47026 2 28.0277 0.115 0.240171 0 0
1-1 31018 4 48.3274 0.689697 0.240171 0 0
1-1 40777 3 38.9964 0.340659 0.240171 0 0
1-1 8939 8 73.7131 2.76387 0.240171 0 1
1-1 80042 0 0 0 0.240171 0 0
1-1 55441 1 15.1378 0.015173 0.240171 0 0
*end

*world_age_frequency[total_age_freq]
year: 1990
time_step: Annual
values {d}
0 1 2 3 4 5 6 7 8 9 10 11 12 13 14 15 16 17 18 19 20 21 22 23 24 25 26 27 28 29 30 
18126 14552 11732 9258 7451 5888 4571 3693 2651 1885 1429 1088 763 635 473 378 291 231 158 122 107 98 73 47 53 42 30 29 23 24 73 
*end

*summarise_agents[agents]
year: 1990
time_step: Annual
values {d}
row-col agent_ndx age length weight scalar sex mature
1-1 83285 0 0 0 0.240171 0 0
1-1 29205 4 48.3396 0.690268 0.240171 0 0
1-1 15826 6 63.0454 1.65307 0.240171 0 1
1-1 17032 6 63.0583 1.65418 0.240171 0 1
1-1 75231 0 0 0 0.240171 0 0
1-1 67238 1 15.1371 0.0151709 0.240171 0 0
1-1 75795 0 0 0 0.240171 0 0
1-1 10451 8 73.736 2.76669 0.240171 0 1
1-1 72701 0 0 0 0.240171 0 0
1-1 82392 0 0 0 0.240171 0 0
*end

*world_age_frequency[total_age_freq]
year: 1991
time_step: Annual
values {d}
0 1 2 3 4 5 6 7 8 9 10 11 12 13 14 15 16 17 18 19 20 21 22 23 24 25 26 27 28 29 30 
18126 14787 11869 9655 7578 6124 4786 3696 3037 2162 1549 1178 877 619 524 383 308 236 192 129 97 84 83 58 36 45 35 25 23 15 77 
*end

*summarise_agents[agents]
year: 1991
time_step: Annual
values {d}
row-col agent_ndx age length weight scalar sex mature
1-1 4041 11 84.4605 4.32381 0.240171 0 1
1-1 10972 8 73.722 2.76497 0.240171 0 1
1-1 49560 2 28.0224 0.114929 0.240171 0 0
1-1 32521 4 48.3368 0.690138 0.240171 0 1
1-1 77744 0 0 0 0.240171 0 0
1-1 62742 1 15.1388 0.0151764 0.240171 0 0
1-1 56521 1 15.135 0.0151639 0.240171 0 1
1-1 72192 0 0 0 0.240171 0 0
1-1 47385 2 28.0253 0.114968 0.240171 0 0
1-1 14944 7 68.8157 2.20468 0.240171 0 1
*end

*world_age_frequency[total_age_freq]
year: 1992
time_step: Annual
values {d}
0 1 2 3 4 5 6 7 8 9 10 11 12 13 14 15 16 17 18 19 20 21 22 23 24 25 26 27 28 29 30 
18126 14841 12208 9711 7946 6199 5018 3911 3048 2503 1775 1275 979 715 505 427 311 245 191 154 108 75 73 69 47 31 33 27 21 20 78 
*end

*summarise_agents[agents]
year: 1992
time_step: Annual
values {d}
row-col agent_ndx age length weight scalar sex mature
1-1 21546 6 63.0624 1.65453 0.240171 0 1
1-1 20841 6 63.0478 1.65327 0.240171 0 1
1-1 55747 2 28.024 0.114949 0.240171 0 0
1-1 61060 1 15.1427 0.0151894 0.240171 0 0
1-1 15021 7 68.8131 2.20441 0.240171 0 1
1-1 12659 8 73.7198 2.76469 0.240171 0 1
1-1 19232 6 63.0508 1.65353 0.240171 0 1
1-1 84226 0 0 0 0.240171 0 0
1-1 7148 10 81.4493 3.83732 0.240171 0 1
1-1 85288 0 0 0 0.240171 0 0
*end

*process[M_report]
cv: 9.99999975e-005
distribution: lognormal
label: natural_mort
m: 0.200000003
m_multiplier_layer_label: M_layer
selectivity_label: One
type: mortality_constant_rate
year: 1940 1941 1942 1943 1944 1945 1946 1947 1948 1949 1950 1951 1952 1953 1954 1955 1956 1957 1958 1959 1960 1961 1962 1963 1964 1965 1966 1967 1968 1969 1970 1971 1972 1973 1974 1975 1976 1977 1978 1979 1980 1981 1982 1983 1984 1985 1986 1987 1988 1989 1990 1991 1992 
agents_removed: 17940 18121 18317 17815 18235 18137 18381 17990 18131 18094 18243 18277 18158 18009 18040 18119 17995 18140 18168 18043 18303 17918 17822 18335 18227 18232 18249 18070 17945 18045 18355 17136 17473 17580 17594 17578 17961 17651 17823 17846 18093 17748 16117 15377 13836 14768 14883 14900 15262 15420 15719 15707 15849 
*end

*process[mature_report]
label: Maturation
type: maturation
year: 1940 1941 1942 1943 1944 1945 1946 1947 1948 1949 1950 1951 1952 1953 1954 1955 1956 1957 1958 1959 1960 1961 1962 1963 1964 1965 1966 1967 1968 1969 1970 1971 1972 1973 1974 1975 1976 1977 1978 1979 1980 1981 1982 1983 1984 1985 1986 1987 1988 1989 1990 1991 1992 
agents_mature: 11482 11556 11516 11573 11409 11422 11455 11580 11523 11636 11396 11552 11538 11572 11440 11318 11631 11606 11485 11708 11315 11617 11569 11523 11626 11524 11492 11526 11399 11400 11593 11097 11110 11252 11307 11470 11457 11550 11462 11418 11564 11622 10824 10433 9616 10404 10616 10932 10884 11167 11196 11153 11098 
*end

*process[fishing]
catch_layers: catch_1970 catch_1981 catch_1982 catch_1983 catch_1984 catch_1985 catch_1986 catch_1987 catch_1988 catch_1989 catch_1990
label: fishing
selectivity: trawl_selectivity
type: mortality_event_biomass
years: 1970 1981 1982 1983 1984 1985 1986 1987 1988 1989 1990
year: 1970 1981 1982 1983 1984 1985 1986 1987 1988 1989 1990 
biomass_removed: 2800.24 5000.39 3800.85 4800.96 800.217 1000.61 800.183 800.188 800.238 800.331 1000.05 
catch_input_removed: 2800 5000 3800 4800 800 1000 800 800 800 800 1000 
age_frequency {d}
year 0 1 2 3 4 5 6 7 8 9 10 11 12 13 14 15 16 17 18 19 20 21 22 23 24 25 26 27 28 29 30 
1970 0 463 537 495 470 474 404 367 329 305 210 191 154 152 109 72 92 65 52 43 23 29 26 16 16 13 12 5 9 10 24 
1981 0 878 879 951 873 820 747 699 582 513 416 367 271 223 186 149 152 102 83 80 62 47 43 41 24 20 20 15 16 9 46 
1982 0 798 739 750 743 650 583 519 470 366 327 276 235 182 142 115 103 59 73 49 50 38 23 31 15 14 12 14 8 5 33 
1983 0 1163 1214 1041 964 826 808 718 613 432 389 310 287 227 189 147 114 105 91 65 39 47 31 29 21 23 18 9 20 10 38 
1984 0 213 203 199 157 148 116 122 107 79 59 50 38 39 38 30 16 16 23 7 14 9 5 3 4 1 3 0 2 0 4 
1985 0 243 274 240 238 184 174 146 122 102 91 62 60 45 44 21 24 14 22 15 9 5 10 6 2 5 1 2 3 3 8 
1986 0 216 216 244 188 182 132 137 96 100 67 50 48 37 29 23 19 9 12 8 3 7 4 5 2 2 2 1 5 0 5 
1987 0 238 237 197 235 197 162 115 94 76 57 69 44 47 33 24 21 10 12 8 3 5 1 6 5 2 1 0 1 0 2 
1988 0 222 229 231 197 201 169 145 121 70 54 58 43 23 21 20 16 17 14 7 8 2 6 3 2 3 5 5 1 1 8 
1989 0 183 218 208 189 183 153 133 107 86 62 52 57 30 19 28 17 17 10 10 7 4 3 3 2 3 3 4 0 2 4 
1990 0 263 291 297 249 207 229 171 150 116 83 60 45 50 33 27 22 21 12 9 5 5 9 2 2 1 1 3 3 0 4 
*end

*derived_quantity[derived_quants]
SSB {L} 
type: mature_biomass 
initialisation_phase[1]: 124598 
values {v}
1940 29940.8
1941 29850
1942 29777.1
1943 29925.6
1944 29853.4
1945 29845.8
1946 29747.4
1947 29757.3
1948 29666.9
1949 29685.4
1950 29527.6
1951 29468.9
1952 29580.7
1953 29582.7
1954 29746
1955 29895.9
1956 29845.4
1957 29776.2
1958 29752.7
1959 29808.2
1960 29684.1
1961 29685.2
1962 29806.4
1963 29793.5
1964 29733
1965 29719.2
1966 29755.9
1967 29871.1
1968 29992.1
1969 29976.4
1970 27060.1
1971 27132.1
1972 27283
1973 27422.1
1974 27527.8
1975 27822.5
1976 27980.1
1977 28274.3
1978 28494.1
1979 28630.1
1980 28811
1981 24213.1
1982 20980.1
1983 16763.2
1984 16577.6
1985 16322
1986 16416.5
1987 16723
1988 17026.1
1989 17323
1990 17475
1991 18593
1992 19772.8
end {L}
*end

*model_attributes[model_attributes]
global_scalar: 0.240171
*end

Total elapsed time: 38 seconds
Completed
