IBM
Call: ibm -r -g 123 
Seed: 123
Date: Fri Nov 01 12:54:29 2019
Version: 2019-10-07 02:58:21 UTC (rev. 2006f9b)
Environment: machine:DESKTOP-D3MBM6L, user:Dell User, os:Windows_NT, pid:13904

*initialisation_partition[init_1]
equilibrium_shortcut: 1889
values {d_r}
row-col 0 1 2 3 4 5 6 7 8 9 10 11 12 13 14 15 16 17 18 19 20
1-1 51531 44680 39285 34636 30586 26602 23623 20273 18020 15746 13988 12211 10771 9289 8244 7099 6290 5565 4907 4303 31323
2-1 56817 49708 43468 38496 33666 29382 25937 22880 19961 17769 15422 13690 11704 10573 9356 8101 7010 6323 5384 4951 34636
3-1 14078 12289 10993 9499 8430 7395 6370 5709 5007 4368 3866 3353 2928 2554 2364 1977 1796 1549 1382 1251 8635
*end

*initialisation_partition[init_2]
year: 1989
values {d_r}
row-col 0 1 2 3 4 5 6 7 8 9 10 11 12 13 14 15 16 17 18 19 20
1-1 1.8993e+007 1.67369e+007 1.46949e+007 1.28866e+007 1.14384e+007 1.00614e+007 8.83816e+006 7.78469e+006 6.80777e+006 5.99559e+006 5.33174e+006 4.65631e+006 4.17773e+006 3.69269e+006 3.23642e+006 2.85751e+006 2.51804e+006 2.16814e+006 1.9638e+006 1.71886e+006 1.34785e+007
2-1 1.94151e+007 1.71157e+007 1.49684e+007 1.31602e+007 1.16417e+007 1.02418e+007 9.01208e+006 7.90046e+006 7.00077e+006 6.14471e+006 5.44868e+006 4.78285e+006 4.20241e+006 3.68262e+006 3.26399e+006 2.88678e+006 2.57886e+006 2.2358e+006 1.96579e+006 1.78241e+006 1.38383e+007
3-1 4.19905e+006 3.63003e+006 3.24215e+006 2.82314e+006 2.49211e+006 2.17258e+006 1.93593e+006 1.7145e+006 1.50354e+006 1.28519e+006 1.18807e+006 1.05047e+006 890187 827956 698551 615726 548228 494185 401787 384214 2.96625e+006
*end

*age_frequency_by_cell[Jan_Mar_age_freq]
year: 1990
time_step: Jan_Mar
values {d}
row-col 0 1 2 3 4 5 6 7 8 9 10 11 12 13 14 15 16 17 18 19 20
1-1 0 1.86062e+007 1.63913e+007 1.43853e+007 1.25941e+007 1.12052e+007 9.88014e+006 8.65135e+006 7.59547e+006 6.64873e+006 5.83468e+006 5.21836e+006 4.55453e+006 4.11241e+006 3.6048e+006 3.18407e+006 2.78047e+006 2.46931e+006 2.11236e+006 1.88717e+006 1.48544e+007
2-1 0 1.92093e+007 1.69194e+007 1.47958e+007 1.30362e+007 1.14964e+007 1.00926e+007 8.91255e+006 7.83732e+006 6.9327e+006 6.11396e+006 5.37916e+006 4.73063e+006 4.13924e+006 3.65146e+006 3.20861e+006 2.86938e+006 2.55457e+006 2.21534e+006 1.97933e+006 1.54675e+007
3-1 0 4.7913e+006 4.17127e+006 3.72401e+006 3.2393e+006 2.87022e+006 2.50278e+006 2.22198e+006 1.96659e+006 1.73042e+006 1.47666e+006 1.37079e+006 1.20434e+006 1.01866e+006 946994 806270 710174 621244 570427 464878 3.84584e+006
*end

*age_frequency_by_cell[Apr_Dec_age_freq]
year: 1990
time_step: Apr_Dec
values {d}
row-col 0 1 2 3 4 5 6 7 8 9 10 11 12 13 14 15 16 17 18 19 20
1-1 6.52062e+007 1.66504e+007 1.47253e+007 1.29772e+007 1.13393e+007 1.00528e+007 8.89456e+006 7.81929e+006 6.83052e+006 5.97914e+006 5.26478e+006 4.68534e+006 4.10745e+006 3.68012e+006 3.26808e+006 2.85659e+006 2.47538e+006 2.24725e+006 1.93348e+006 1.68591e+006 1.34858e+007
2-1 2.26426e+007 1.70353e+007 1.49664e+007 1.31157e+007 1.15363e+007 1.02489e+007 8.93914e+006 7.90378e+006 6.96866e+006 6.17337e+006 5.42134e+006 4.80244e+006 4.19559e+006 3.69569e+006 3.27539e+006 2.87694e+006 2.56876e+006 2.27449e+006 1.95669e+006 1.75538e+006 1.38263e+007
3-1 4.17151e+006 3.71357e+006 3.16765e+006 2.85194e+006 2.49988e+006 2.20102e+006 1.94449e+006 1.71987e+006 1.51245e+006 1.31569e+006 1.1334e+006 1.04714e+006 920674 788485 724523 620799 558028 475922 443465 345908 2.95599e+006
*end

*age_frequency_by_cell[Jan_Mar_age_freq]
year: 1991
time_step: Jan_Mar
values {d}
row-col 0 1 2 3 4 5 6 7 8 9 10 11 12 13 14 15 16 17 18 19 20
1-1 0 6.86244e+007 1.63387e+007 1.43964e+007 1.26908e+007 1.10824e+007 9.84119e+006 8.69415e+006 7.66481e+006 6.68383e+006 5.84923e+006 5.14303e+006 4.57807e+006 4.00926e+006 3.63476e+006 3.20633e+006 2.79374e+006 2.44107e+006 2.18897e+006 1.86748e+006 1.48158e+007
2-1 0 1.88134e+007 1.68438e+007 1.48186e+007 1.29719e+007 1.14365e+007 1.01418e+007 8.86014e+006 7.82432e+006 6.90236e+006 6.1053e+006 5.37916e+006 4.75072e+006 4.15539e+006 3.63334e+006 3.22476e+006 2.85401e+006 2.53172e+006 2.25749e+006 1.95372e+006 1.54427e+007
3-1 0 4.57909e+006 4.21624e+006 3.64388e+006 3.28164e+006 2.85621e+006 2.51939e+006 2.22361e+006 1.95356e+006 1.72521e+006 1.51347e+006 1.29718e+006 1.20596e+006 1.05905e+006 896177 836890 706590 629388 551208 512442 3.796e+006
*end

*age_frequency_by_cell[Apr_Dec_age_freq]
year: 1991
time_step: Apr_Dec
values {d}
row-col 0 1 2 3 4 5 6 7 8 9 10 11 12 13 14 15 16 17 18 19 20
1-1 8.73305e+006 5.7144e+007 1.47024e+007 1.29374e+007 1.1368e+007 1.00155e+007 8.89552e+006 7.80829e+006 6.90094e+006 6.00177e+006 5.22528e+006 4.62433e+006 4.1272e+006 3.60897e+006 3.31056e+006 2.88486e+006 2.51736e+006 2.21737e+006 1.98227e+006 1.6789e+006 1.344e+007
2-1 6.09403e+006 2.00731e+007 1.49683e+007 1.31168e+007 1.15676e+007 1.01556e+007 8.95538e+006 7.9164e+006 6.95226e+006 6.18121e+006 5.43362e+006 4.81276e+006 4.24681e+006 3.73794e+006 3.18673e+006 2.91502e+006 2.5472e+006 2.23913e+006 2.00888e+006 1.7671e+006 1.38011e+007
3-1 2.79303e+006 3.65046e+006 3.24009e+006 2.79539e+006 2.5102e+006 2.21542e+006 1.94676e+006 1.71529e+006 1.49653e+006 1.32677e+006 1.15851e+006 986506 920512 797215 696407 637124 540792 488991 420599 385275 2.91031e+006
*end

*process[M_report]
cv: 0.150000006
distribution: lognormal
label: natural_mort
m: 0.129999995
m_multiplier_layer_label: M_layer
selectivity_label: HalfOne HalfOne
time_step_ratio: 1
type: mortality_constant_rate
update_mortality_parameters: 0
year: 1990 1991 
agents_removed: 138709 127229 
*end

*process[mature_report]
label: Maturation
type: maturation
year: 1990 1991 
agents_mature: 68347 67854 
*end

*process[Jump_One]
label: Jump_One
movement_type: markovian
origin_cell: 1-1 2-1 3-1
probability_layers: EN_jump_one HG_jump_one BP_jump_one
selectivity_label: One One
type: movement_box_transfer
year-area-1990_1-1 {L}
initial_numbers_in_cell: 548781
destination_values {m}
506127 
40964 
1690 
end {L}
year-area-1990_2-1 {L}
initial_numbers_in_cell: 464516
destination_values {m}
39038 
424510 
968 
end {L}
year-area-1990_3-1 {L}
initial_numbers_in_cell: 139574
destination_values {m}
7364 
13069 
119141 
end {L}
year-area-1991_1-1 {L}
initial_numbers_in_cell: 506321
destination_values {m}
466461 
38343 
1517 
end {L}
year-area-1991_2-1 {L}
initial_numbers_in_cell: 424689
destination_values {m}
35720 
388098 
871 
end {L}
year-area-1991_3-1 {L}
initial_numbers_in_cell: 134127
destination_values {m}
7285 
12775 
114067 
end {L}
*end

*process[Movement_home]
label: Movement_home
movement_type: natal_homing
origin_cell: 1-1 2-1 3-1
probability_layers: EN_home HG_home BP_home
selectivity_label: One One
type: movement_box_transfer
year-area-1990_1-1 {L}
initial_numbers_in_cell: 378187
destination_values {m}
337242 
34384 
6561 
end {L}
year-area-1990_2-1 {L}
initial_numbers_in_cell: 414058
destination_values {m}
27497 
374753 
11808 
end {L}
year-area-1990_3-1 {L}
initial_numbers_in_cell: 107125
destination_values {m}
1051 
873 
105201 
end {L}
year-area-1991_1-1 {L}
initial_numbers_in_cell: 486233
destination_values {m}
445298 
34431 
6504 
end {L}
year-area-1991_2-1 {L}
initial_numbers_in_cell: 420782
destination_values {m}
36066 
373204 
11512 
end {L}
year-area-1991_3-1 {L}
initial_numbers_in_cell: 107147
destination_values {m}
1500 
853 
104794 
end {L}
*end

*process[Rec_EN]
b0: 113880
label: Recruitment_EN
proportion_male: 1 1
recruitment_layer_label: recruitment_EN
ssb: SSB_EN
steepness: 0.75
type: recruitment_beverton_holt
ycs_values: 3.68975139 0.473009706
initial_recruits: 49588
years: 1990 1991 
recruits: 182991 23457 
ssb: 114059 113981 
ssb_ratio: 1.00157 1.00089 
SR: 1.00013 1.00007 
true_ycs: 3.69023 0.473045 
*end

*process[Rec_HG]
b0: 127644
label: Recruitment_HG
proportion_male: 1 1
recruitment_layer_label: recruitment_HG
ssb: SSB_HG
steepness: 0.75
type: recruitment_beverton_holt
ycs_values: 0.980555475 0.291484803
initial_recruits: 55581
years: 1990 1991 
recruits: 54506 16201 
ssb: 127825 127673 
ssb_ratio: 1.00142 1.00023 
SR: 1.00012 1.00002 
true_ycs: 0.980671 0.29149 
*end

*process[Rec_BP]
b0: 38440.8008
label: Recruitment_BP
proportion_male: 1 1
recruitment_layer_label: recruitment_BP
ssb: SSB_BP
steepness: 0.75
type: recruitment_beverton_holt
ycs_values: 0.955990314 0.676142871
initial_recruits: 16738
years: 1990 1991 
recruits: 16004 11317 
ssb: 38520.1 38453.6 
ssb_ratio: 1.00206 1.00033 
SR: 1.00017 1.00003 
true_ycs: 0.956154 0.676162 
*end

*derived_quantity[derived_quants]
SSB_HG {L} 
type: mature_biomass 
initialisation_phase[1]: 324.673 
values {v}
1990 127825
1991 127673
end {L}
SSB_BP {L} 
type: mature_biomass 
initialisation_phase[1]: 118.073 
values {v}
1990 38520.1
1991 38453.6
end {L}
SSB_EN {L} 
type: mature_biomass 
initialisation_phase[1]: 266.775 
values {v}
1990 114059
1991 113981
end {L}
*end

*model_attributes[model_attributes]
Recruitment_BP: 325.77
Recruitment_EN: 428.12
Recruitment_HG: 393.963
length_mid_points: 3 5 7 9 11 13 15 17 19 21 23 25 27 29 31 33 35 37 39 41 43 45 47 49 51 53 55 57 59 61 63 65 67 69 71 73 75 77 79 
length_bins: 2 4 6 8 10 12 14 16 18 20 22 24 26 28 30 32 34 36 38 40 42 44 46 48 50 52 54 56 58 60 62 64 66 68 70 72 74 76 78 80 
*end

Total elapsed time: 50 seconds
Completed
