IBM
Call: ibm -r 
Seed: 123
Date: Tue Sep 18 12:13:39 2018
Version: 2018-09-07 08:59:53 UTC (rev. b192816)
Environment: machine:DESKTOP-D3MBM6L, user:Dell User, os:Windows_NT, pid:1012

*initialisation_partition[init_1]
ewuilibrium_shortcut: 1959
values {d}
row-col 0 1 2 3 4 5 6 7 8 9 10 11 12 13 14 15 16 17 18 19 20
1-1 24109 22275 20615 19255 17716 16312 15424 14283 13304 12134 11580 10654 9898 9062 8492 7767 7238 6754 6310 5918 74233
2-1 24135 22151 20796 19384 17942 16419 15328 14293 13368 12072 11371 10644 9840 9121 8398 7984 7338 6655 6094 5801 74199
3-1 24344 22365 20779 18998 17689 16857 15297 14357 13175 12363 11273 10603 9663 9110 8348 7732 7294 6788 6146 5812 74340
*end

*initialisation_partition[init_2]
year: 1999
values {d}
row-col 0 1 2 3 4 5 6 7 8 9 10 11 12 13 14 15 16 17 18 19 20
1-1 28158 25974 24347 22389 21033 19200 17895 16471 15531 14421 13235 12381 11473 10584 9493 9272 8586 7795 7177 6783 84849
2-1 31263 29182 26870 25094 23168 21605 19799 18490 17074 15950 14623 13782 12852 11913 10918 9981 9521 8815 8270 7563 94307
3-1 7768 7229 6672 6256 5773 5323 4926 4598 4260 3992 3639 3436 3173 2916 2795 2596 2355 2123 2021 1900 31953
*end

*age_frequency_by_cell[age_freq]
year: 2000
time_step: half_M
values {d}
row-col 0 1 2 3 4 5 6 7 8 9 10 11 12 13 14 15 16 17 18 19 20
1-1 27953 26042 24200 22600 20963 19407 17651 16366 15086 14189 13175 12199 11394 10464 9767 8817 8437 7868 7143 6631 84082
2-1 31350 29127 27018 24976 23124 21511 19932 18239 17059 15601 14658 13325 12617 11704 10835 9947 9290 8796 8070 7590 93194
3-1 7746 7176 6696 6129 5799 5277 4971 4546 4167 4000 3598 3392 3177 3049 2696 2521 2363 2176 1993 1876 31383
*end

*age_frequency_by_cell[age_freq]
year: 2001
time_step: half_M
values {d}
row-col 0 1 2 3 4 5 6 7 8 9 10 11 12 13 14 15 16 17 18 19 20
1-1 28185 26190 24196 22543 20762 19394 17839 16267 15007 13806 12997 11998 11147 10424 9601 8979 8106 7719 7154 6545 82875
2-1 31231 28801 26935 24882 23385 21313 19718 18263 16669 15508 14375 13450 12310 11534 10735 9891 9009 8488 8091 7436 92731
3-1 7797 7202 6659 6256 5696 5374 4942 4507 4267 3921 3604 3352 3107 2904 2782 2484 2347 2190 2020 1795 30448
*end

*process[mature_report]
label: Maturation
type: maturation
year: 
agents_mature: 
*end

*process[fishing]
catch_layers: 1900_catch 1901_catch 1902_catch 1903_catch 1904_catch 1905_catch 1906_catch 1907_catch 1908_catch 1909_catch 1910_catch 1911_catch 1912_catch 1913_catch 1914_catch 1915_catch 1916_catch 1917_catch 1918_catch 1919_catch 1920_catch 1921_catch 1922_catch 1923_catch 1924_catch 1925_catch 1926_catch 1927_catch 1928_catch 1929_catch 1930_catch 1931_catch 1932_catch 1933_catch 1934_catch 1935_catch 1936_catch 1937_catch 1938_catch 1939_catch 1940_catch 1941_catch 1942_catch 1943_catch 1944_catch 1945_catch 1946_catch 1947_catch 1948_catch 1949_catch 1950_catch 1951_catch 1952_catch 1953_catch 1954_catch 1955_catch 1956_catch 1957_catch 1958_catch 1959_catch 1960_catch 1961_catch 1962_catch 1963_catch 1964_catch 1965_catch 1966_catch 1967_catch 1968_catch 1969_catch 1970_catch 1971_catch 1972_catch 1973_catch 1974_catch 1975_catch 1976_catch 1977_catch 1978_catch 1979_catch 1980_catch 1981_catch 1982_catch 1983_catch 1984_catch 1985_catch 1986_catch 1987_catch 1988_catch 1989_catch 1990_catch 1991_catch 1992_catch 1993_catch 1994_catch 1995_catch 1996_catch 1997_catch 1998_catch 1999_catch 2000_catch 2001_catch 2002_catch 2003_catch 2004_catch 2005_catch 2006_catch 2007_catch 2008_catch 2009_catch 2010_catch 2011_catch 2012_catch 2013_catch
handling_mortality: 1
label: fishing
minimum_legel_length: 0
selectivity: Sel_LL Sel_LL
type: mortality_event_biomass
years: 1900 1901 1902 1903 1904 1905 1906 1907 1908 1909 1910 1911 1912 1913 1914 1915 1916 1917 1918 1919 1920 1921 1922 1923 1924 1925 1926 1927 1928 1929 1930 1931 1932 1933 1934 1935 1936 1937 1938 1939 1940 1941 1942 1943 1944 1945 1946 1947 1948 1949 1950 1951 1952 1953 1954 1955 1956 1957 1958 1959 1960 1961 1962 1963 1964 1965 1966 1967 1968 1969 1970 1971 1972 1973 1974 1975 1976 1977 1978 1979 1980 1981 1982 1983 1984 1985 1986 1987 1988 1989 1990 1991 1992 1993 1994 1995 1996 1997 1998 1999 2000 2001 2002 2003 2004 2005 2006 2007 2008 2009 2010 2011 2012 2013

biomass_removed: 2524.36 2696.98 
catch_input_removed: 2504 2673 
age_frequency {d}
year 0 1 2 3 4 5 6 7 8 9 10 11 12 13 14 15 16 17 18 19 20 
2000 0 0 2 9 21 99 252 351 424 388 353 340 271 286 267 234 201 189 181 197 2204 
2001 0 0 0 9 44 145 285 446 441 437 429 397 368 349 278 256 279 249 228 209 2653 
*end

*process[Jump_One]
label: Jump_One
movement_type: markovian
origin_cell: 1-1 2-1 3-1
probability_layers: EN_jump_one HG_jump_one BP_jump_one
type: movement_box_transfer
initial_numbers_in_cell: 403185
2000_1-1_destination {m}
370695 
31352 
1138 
initial_numbers_in_cell: 450162
2000_2-1_destination {m}
38345 
410890 
927 
initial_numbers_in_cell: 152878
2000_3-1_destination {m}
8240 
22613 
122025 
initial_numbers_in_cell: 400769
2001_1-1_destination {m}
368218 
31400 
1151 
initial_numbers_in_cell: 447265
2001_2-1_destination {m}
38456 
407806 
1003 
initial_numbers_in_cell: 151528
2001_3-1_destination {m}
8084 
22403 
121041 
*end

*process[Movement_home]
label: Movement_home
movement_type: natal_homing
origin_cell: 1-1 2-1 3-1
probability_layers: EN_home HG_home BP_home
type: movement_box_transfer
initial_numbers_in_cell: 387047
2000_1-1_destination {m}
343304 
36060 
7683 
initial_numbers_in_cell: 431040
2000_2-1_destination {m}
29444 
380412 
21184 
initial_numbers_in_cell: 115704
2000_3-1_destination {m}
1136 
848 
113720 
initial_numbers_in_cell: 384434
2001_1-1_destination {m}
341588 
35249 
7597 
initial_numbers_in_cell: 427963
2001_2-1_destination {m}
28838 
378316 
20809 
initial_numbers_in_cell: 114731
2001_3-1_destination {m}
1042 
858 
112831 
*end

*process[Rec_EN]
b0: 113880
label: Recruitment_EN
recruitment_layer_label: recruitment_EN
ssb: SSB_EN
type: recruitment_constant
r0: 29301
years: 2000 2001 
recruits: 29301 29301 
*end

*process[Rec_HG]
b0: 127644
label: Recruitment_HG
recruitment_layer_label: recruitment_HG
ssb: SSB_HG
type: recruitment_constant
r0: 32842
years: 2000 2001 
recruits: 32842 32842 
*end

*process[Rec_BP]
b0: 40000
label: Recruitment_BP
recruitment_layer_label: recruitment_BP
ssb: SSB_BP
type: recruitment_constant
r0: 10291
years: 2000 2001 
recruits: 10291 10291 
*end

*derived_quantity[derived_quants]
SSB_HG {L} 
type: mature_biomass 
initialisation_phase[1]: 16.3435 
values {v}
2000 88857.3
2001 81682.7
end {L}
SSB_BP {L} 
type: mature_biomass 
initialisation_phase[1]: 18.8799 
values {v}
2000 102527
2001 94422.7
end {L}
SSB_EN {L} 
type: mature_biomass 
initialisation_phase[1]: 14.9058 
values {v}
2000 81035.9
2001 74362.7
end {L}
*end

*model_attributes[model_attributes]
global_scalar: 5865.08
*end

Total elapsed time: 5.983 minutes
Completed
