IBM
Call: ibm -r --loglevel trace 
Seed: 123
Date: Tue Sep 18 18:25:36 2018
Version: 2018-09-07 08:59:53 UTC (rev. b192816)
Environment: machine:DESKTOP-D3MBM6L, user:Dell User, os:Windows_NT, pid:452

*initialisation_partition[init_1]
ewuilibrium_shortcut: 1969
values {d}
row-col 0 1 2 3 4 5 6 7 8 9 10 11 12 13 14 15 16 17 18 19 20
1-1 24109 22275 20615 19255 17716 16312 15424 14283 13304 12134 11580 10654 9898 9062 8492 7767 7238 6754 6310 5918 74233
2-1 24135 22151 20796 19384 17942 16419 15328 14293 13368 12072 11371 10644 9840 9121 8398 7984 7338 6655 6094 5801 74199
3-1 24344 22365 20779 18998 17689 16857 15297 14357 13175 12363 11273 10603 9663 9110 8348 7732 7294 6788 6146 5812 74340
*end

*initialisation_partition[init_2]
year: 1999
values {d}
row-col 0 1 2 3 4 5 6 7 8 9 10 11 12 13 14 15 16 17 18 19 20
1-1 28109 26147 24129 22543 20766 19254 18033 16530 15469 14294 13344 12373 11439 10593 9887 9161 8473 7814 7187 6819 82910
2-1 31222 29120 27136 24955 23155 21595 19991 18623 17183 15984 14856 13832 12683 11884 10962 10227 9409 8574 8190 7574 91222
3-1 7801 7151 6624 6073 5768 5359 4919 4531 4290 4007 3657 3332 3198 2940 2764 2564 2337 2203 2014 1807 40469
*end

*age_frequency_by_cell[age_freq]
year: 2000
time_step: half_M
values {d}
row-col 0 1 2 3 4 5 6 7 8 9 10 11 12 13 14 15 16 17 18 19 20
1-1 28153 26156 24156 22388 20868 19087 17768 16592 15235 14089 13184 12177 11206 10458 9732 9040 8430 7710 7168 6550 82285
2-1 31280 29052 26988 25074 23134 21488 19881 18260 16858 15740 14570 13610 12793 11681 10886 9971 9295 8663 7883 7505 90392
3-1 7825 7125 6664 6277 5716 5344 4946 4573 4215 4005 3691 3386 3072 2920 2679 2592 2375 2190 1994 1904 38893
*end

*age_frequency_by_cell[age_freq]
year: 2001
time_step: half_M
values {d}
row-col 0 1 2 3 4 5 6 7 8 9 10 11 12 13 14 15 16 17 18 19 20
1-1 28142 25988 24136 22493 20820 19347 17652 16330 15231 13859 12873 12092 11177 10345 9700 8922 8311 7681 7117 6586 81529
2-1 31396 29247 26894 24934 23210 21494 19683 18221 16679 15584 14443 13299 12416 11620 10553 9939 9154 8530 7910 7141 89480
3-1 7772 7216 6711 6220 5805 5235 5027 4547 4138 3790 3687 3371 3091 2872 2738 2498 2330 2192 2032 1887 37639
*end

*process[mature_report]
label: Maturation
type: maturation
year: 
agents_mature: 
*end

*process[fishing]
catch_layers: 1900_catch 1901_catch 1902_catch 1903_catch 1904_catch 1905_catch 1906_catch 1907_catch 1908_catch 1909_catch 1910_catch 1911_catch 1912_catch 1913_catch 1914_catch 1915_catch 1916_catch 1917_catch 1918_catch 1919_catch 1920_catch 1921_catch 1922_catch 1923_catch 1924_catch 1925_catch 1926_catch 1927_catch 1928_catch 1929_catch 1930_catch 1931_catch 1932_catch 1933_catch 1934_catch 1935_catch 1936_catch 1937_catch 1938_catch 1939_catch 1940_catch 1941_catch 1942_catch 1943_catch 1944_catch 1945_catch 1946_catch 1947_catch 1948_catch 1949_catch 1950_catch 1951_catch 1952_catch 1953_catch 1954_catch 1955_catch 1956_catch 1957_catch 1958_catch 1959_catch 1960_catch 1961_catch 1962_catch 1963_catch 1964_catch 1965_catch 1966_catch 1967_catch 1968_catch 1969_catch 1970_catch 1971_catch 1972_catch 1973_catch 1974_catch 1975_catch 1976_catch 1977_catch 1978_catch 1979_catch 1980_catch 1981_catch 1982_catch 1983_catch 1984_catch 1985_catch 1986_catch 1987_catch 1988_catch 1989_catch 1990_catch 1991_catch 1992_catch 1993_catch 1994_catch 1995_catch 1996_catch 1997_catch 1998_catch 1999_catch 2000_catch 2001_catch 2002_catch 2003_catch 2004_catch 2005_catch 2006_catch 2007_catch 2008_catch 2009_catch 2010_catch 2011_catch 2012_catch 2013_catch
handling_mortality: 1
label: fishing
minimum_legel_length: 0
selectivity: Sel_LL Sel_LL
type: mortality_event_biomass
years: 1900 1901 1902 1903 1904 1905 1906 1907 1908 1909 1910 1911 1912 1913 1914 1915 1916 1917 1918 1919 1920 1921 1922 1923 1924 1925 1926 1927 1928 1929 1930 1931 1932 1933 1934 1935 1936 1937 1938 1939 1940 1941 1942 1943 1944 1945 1946 1947 1948 1949 1950 1951 1952 1953 1954 1955 1956 1957 1958 1959 1960 1961 1962 1963 1964 1965 1966 1967 1968 1969 1970 1971 1972 1973 1974 1975 1976 1977 1978 1979 1980 1981 1982 1983 1984 1985 1986 1987 1988 1989 1990 1991 1992 1993 1994 1995 1996 1997 1998 1999 2000 2001 2002 2003 2004 2005 2006 2007 2008 2009 2010 2011 2012 2013

biomass_removed: 2510.25 2674.98 
catch_input_removed: 2504 2673 
age_frequency {d}
year 0 1 2 3 4 5 6 7 8 9 10 11 12 13 14 15 16 17 18 19 20 
2000 0 0 0 8 33 136 282 462 474 449 395 398 355 303 284 270 247 243 224 220 2493 
2001 0 0 1 4 33 132 296 445 493 444 367 394 350 335 321 269 241 215 208 211 2568 
*end

*process[Jump_One]
label: Jump_One
movement_type: markovian
origin_cell: 1-1 2-1 3-1
probability_layers: EN_jump_one HG_jump_one BP_jump_one
type: movement_box_transfer
initial_numbers_in_cell: 400786
2000_1-1_destination {m}
368371 
31252 
1163 
initial_numbers_in_cell: 445951
2000_2-1_destination {m}
38273 
406717 
961 
initial_numbers_in_cell: 163156
2000_3-1_destination {m}
8688 
24255 
130213 
initial_numbers_in_cell: 398417
2001_1-1_destination {m}
365909 
31303 
1205 
initial_numbers_in_cell: 442825
2001_2-1_destination {m}
38097 
403800 
928 
initial_numbers_in_cell: 161014
2001_3-1_destination {m}
8720 
23860 
128434 
*end

*process[Movement_home]
label: Movement_home
movement_type: natal_homing
origin_cell: 1-1 2-1 3-1
probability_layers: EN_home HG_home BP_home
type: movement_box_transfer
initial_numbers_in_cell: 385274
2000_1-1_destination {m}
341496 
35527 
8251 
initial_numbers_in_cell: 428377
2000_2-1_destination {m}
28898 
376755 
22724 
initial_numbers_in_cell: 123808
2000_3-1_destination {m}
1091 
827 
121890 
initial_numbers_in_cell: 382432
2001_1-1_destination {m}
339289 
35153 
7990 
initial_numbers_in_cell: 425004
2001_2-1_destination {m}
28753 
373947 
22304 
initial_numbers_in_cell: 122386
2001_3-1_destination {m}
1074 
883 
120429 
*end

*process[Rec_EN]
b0: 113880
label: Recruitment_EN
recruitment_layer_label: recruitment_EN
ssb: SSB_EN
type: recruitment_constant
r0: 29301
years: 2000 2001 
recruits: 29301 29301 
*end

*process[Rec_HG]
b0: 127644
label: Recruitment_HG
recruitment_layer_label: recruitment_HG
ssb: SSB_HG
type: recruitment_constant
r0: 32842
years: 2000 2001 
recruits: 32842 32842 
*end

*process[Rec_BP]
b0: 40000
label: Recruitment_BP
recruitment_layer_label: recruitment_BP
ssb: SSB_BP
type: recruitment_constant
r0: 10291
years: 2000 2001 
recruits: 10291 10291 
*end

*derived_quantity[derived_quants]
SSB_HG {L} 
type: mature_biomass 
initialisation_phase[1]: 34.2446 
values {v}
2000 85822.2
2001 78606.9
end {L}
SSB_BP {L} 
type: mature_biomass 
initialisation_phase[1]: 39.7352 
values {v}
2000 99655.4
2001 91794.7
end {L}
SSB_EN {L} 
type: mature_biomass 
initialisation_phase[1]: 31.6831 
values {v}
2000 79568.7
2001 73156.9
end {L}
*end

*model_attributes[model_attributes]
global_scalar: 2706.96
*end

Total elapsed time: 6.333 minutes
Completed
