IBM
Call: ibm -r 
Seed: 123
Date: Tue Sep 18 19:34:14 2018
Version: 2018-09-07 08:59:53 UTC (rev. b192816)
Environment: machine:DESKTOP-D3MBM6L, user:Dell User, os:Windows_NT, pid:14080

*initialisation_partition[init_1]
ewuilibrium_shortcut: 1919
values {d}
row-col 0 1 2 3 4 5 6 7 8 9 10 11 12 13 14 15 16 17 18 19 20
1-1 24109 22275 20615 19255 17716 16312 15424 14283 13304 12134 11580 10654 9898 9062 8492 7767 7238 6754 6310 5918 74233
2-1 24135 22151 20796 19384 17942 16419 15328 14293 13368 12072 11371 10644 9840 9121 8398 7984 7338 6655 6094 5801 74199
3-1 24344 22365 20779 18998 17689 16857 15297 14357 13175 12363 11273 10603 9663 9110 8348 7732 7294 6788 6146 5812 74340
*end

*initialisation_partition[init_2]
year: 1999
values {d}
row-col 0 1 2 3 4 5 6 7 8 9 10 11 12 13 14 15 16 17 18 19 20
1-1 28163 25962 24125 22480 20754 19410 17695 16586 15537 14309 13237 12321 11266 10752 9924 9109 8404 7896 7382 6729 86819
2-1 31362 29021 26961 24933 23276 21506 20120 18661 17186 15942 14866 13815 12719 11796 10922 10123 9303 8775 8101 7678 96383
3-1 7637 7226 6702 6178 5759 5290 4968 4533 4299 4023 3673 3438 3158 2947 2722 2418 2282 2217 2054 1934 24396
*end

*age_frequency_by_cell[age_freq]
year: 2000
time_step: half_M
values {d}
row-col 0 1 2 3 4 5 6 7 8 9 10 11 12 13 14 15 16 17 18 19 20
1-1 28250 26068 24078 22340 20893 19226 18023 16466 15438 14339 13291 12380 11539 10484 9877 9191 8390 7857 7317 6845 86815
2-1 31265 28974 26828 25075 23015 21659 19924 18591 17261 16056 14862 13723 12743 11739 11120 10113 9381 8594 8171 7487 96648
3-1 7798 7242 6709 6165 5790 5285 4886 4602 4205 3988 3670 3393 3192 2942 2651 2535 2257 2104 2021 1951 24321
*end

*age_frequency_by_cell[age_freq]
year: 2001
time_step: half_M
values {d}
row-col 0 1 2 3 4 5 6 7 8 9 10 11 12 13 14 15 16 17 18 19 20
1-1 28145 26290 24160 22408 20899 19277 17919 16724 15167 14294 13385 12414 11535 10697 9703 9215 8489 7779 7313 6818 86854
2-1 31372 29090 26958 24884 23187 21530 20035 18478 17269 15990 14817 13745 12683 11822 10962 10172 9496 8758 7986 7544 96722
3-1 7693 7194 6667 6213 5660 5343 4920 4577 4323 3874 3681 3440 3138 2967 2731 2502 2311 2082 1921 1891 24325
*end

*process[mature_report]
label: Maturation
type: maturation
year: 
agents_mature: 
*end

*process[fishing]
catch_layers: 1900_catch 1901_catch 1902_catch 1903_catch 1904_catch 1905_catch 1906_catch 1907_catch 1908_catch 1909_catch 1910_catch 1911_catch 1912_catch 1913_catch 1914_catch 1915_catch 1916_catch 1917_catch 1918_catch 1919_catch 1920_catch 1921_catch 1922_catch 1923_catch 1924_catch 1925_catch 1926_catch 1927_catch 1928_catch 1929_catch 1930_catch 1931_catch 1932_catch 1933_catch 1934_catch 1935_catch 1936_catch 1937_catch 1938_catch 1939_catch 1940_catch 1941_catch 1942_catch 1943_catch 1944_catch 1945_catch 1946_catch 1947_catch 1948_catch 1949_catch 1950_catch 1951_catch 1952_catch 1953_catch 1954_catch 1955_catch 1956_catch 1957_catch 1958_catch 1959_catch 1960_catch 1961_catch 1962_catch 1963_catch 1964_catch 1965_catch 1966_catch 1967_catch 1968_catch 1969_catch 1970_catch 1971_catch 1972_catch 1973_catch 1974_catch 1975_catch 1976_catch 1977_catch 1978_catch 1979_catch 1980_catch 1981_catch 1982_catch 1983_catch 1984_catch 1985_catch 1986_catch 1987_catch 1988_catch 1989_catch 1990_catch 1991_catch 1992_catch 1993_catch 1994_catch 1995_catch 1996_catch 1997_catch 1998_catch 1999_catch 2000_catch 2001_catch 2002_catch 2003_catch 2004_catch 2005_catch 2006_catch 2007_catch 2008_catch 2009_catch 2010_catch 2011_catch 2012_catch 2013_catch
handling_mortality: 1
label: fishing
minimum_legel_length: 0
selectivity: Sel_LL Sel_LL
type: mortality_event_biomass
years: 1900 1901 1902 1903 1904 1905 1906 1907 1908 1909 1910 1911 1912 1913 1914 1915 1916 1917 1918 1919 1920 1921 1922 1923 1924 1925 1926 1927 1928 1929 1930 1931 1932 1933 1934 1935 1936 1937 1938 1939 1940 1941 1942 1943 1944 1945 1946 1947 1948 1949 1950 1951 1952 1953 1954 1955 1956 1957 1958 1959 1960 1961 1962 1963 1964 1965 1966 1967 1968 1969 1970 1971 1972 1973 1974 1975 1976 1977 1978 1979 1980 1981 1982 1983 1984 1985 1986 1987 1988 1989 1990 1991 1992 1993 1994 1995 1996 1997 1998 1999 2000 2001 2002 2003 2004 2005 2006 2007 2008 2009 2010 2011 2012 2013

biomass_removed: nan nan 
catch_input_removed: 2504 2673 
age_frequency {d}
year 0 1 2 3 4 5 6 7 8 9 10 11 12 13 14 15 16 17 18 19 20 
2000 0 0 0 0 0 0 0 0 0 0 0 2 0 0 1 0 0 0 0 0 0 
2001 0 0 0 0 0 0 0 0 0 0 1 0 0 1 0 0 0 0 0 0 1 
*end

*process[Jump_One]
label: Jump_One
movement_type: markovian
origin_cell: 1-1 2-1 3-1
probability_layers: EN_jump_one HG_jump_one BP_jump_one
type: movement_box_transfer
initial_numbers_in_cell: 405546
2000_1-1_destination {m}
372733 
31622 
1191 
initial_numbers_in_cell: 454295
2000_2-1_destination {m}
39204 
414196 
895 
initial_numbers_in_cell: 142756
2000_3-1_destination {m}
7643 
21259 
113854 
initial_numbers_in_cell: 405325
2001_1-1_destination {m}
372611 
31543 
1171 
initial_numbers_in_cell: 454304
2001_2-1_destination {m}
38995 
414378 
931 
initial_numbers_in_cell: 142848
2001_3-1_destination {m}
7689 
21252 
113907 
*end

*process[Movement_home]
label: Movement_home
movement_type: natal_homing
origin_cell: 1-1 2-1 3-1
probability_layers: EN_home HG_home BP_home
type: movement_box_transfer
initial_numbers_in_cell: 388860
2000_1-1_destination {m}
345750 
36136 
6974 
initial_numbers_in_cell: 433449
2000_2-1_destination {m}
29367 
384428 
19654 
initial_numbers_in_cell: 107854
2000_3-1_destination {m}
1128 
889 
105837 
initial_numbers_in_cell: 389107
2001_1-1_destination {m}
345601 
36413 
7093 
initial_numbers_in_cell: 433229
2001_2-1_destination {m}
29313 
384218 
19698 
initial_numbers_in_cell: 107707
2001_3-1_destination {m}
1110 
831 
105766 
*end

*process[Rec_EN]
b0: 113880
label: Recruitment_EN
recruitment_layer_label: recruitment_EN
ssb: SSB_EN
type: recruitment_constant
r0: 29301
years: 2000 2001 
recruits: 29301 29301 
*end

*process[Rec_HG]
b0: 127644
label: Recruitment_HG
recruitment_layer_label: recruitment_HG
ssb: SSB_HG
type: recruitment_constant
r0: 32842
years: 2000 2001 
recruits: 32842 32842 
*end

*process[Rec_BP]
b0: 40000
label: Recruitment_BP
recruitment_layer_label: recruitment_BP
ssb: SSB_BP
type: recruitment_constant
r0: 10291
years: 2000 2001 
recruits: 10291 10291 
*end

*derived_quantity[derived_quants]
SSB_HG {L} 
type: mature_biomass 
initialisation_phase[1]: 0.864193 
values {v}
2000 inf
2001 inf
end {L}
SSB_BP {L} 
type: mature_biomass 
initialisation_phase[1]: 0.938336 
values {v}
2000 inf
2001 inf
end {L}
SSB_EN {L} 
type: mature_biomass 
initialisation_phase[1]: 0.722679 
values {v}
2000 inf
2001 inf
end {L}
*end

*model_attributes[model_attributes]
global_scalar: inf
*end

Total elapsed time: 57 seconds
Completed
