IBM
Call: ibm -r 
Seed: 123
Date: Tue Sep 18 19:37:46 2018
Version: 2018-09-07 08:59:53 UTC (rev. b192816)
Environment: machine:DESKTOP-D3MBM6L, user:Dell User, os:Windows_NT, pid:10780

*initialisation_partition[init_1]
ewuilibrium_shortcut: 1899
values {d}
row-col 0 1 2 3 4 5 6 7 8 9 10 11 12 13 14 15 16 17 18 19 20
1-1 24109 22275 20615 19255 17716 16312 15424 14283 13304 12134 11580 10654 9898 9062 8492 7767 7238 6754 6310 5918 74233
2-1 24135 22151 20796 19384 17942 16419 15328 14293 13368 12072 11371 10644 9840 9121 8398 7984 7338 6655 6094 5801 74199
3-1 24344 22365 20779 18998 17689 16857 15297 14357 13175 12363 11273 10603 9663 9110 8348 7732 7294 6788 6146 5812 74340
*end

*initialisation_partition[init_2]
year: 1999
values {d}
row-col 0 1 2 3 4 5 6 7 8 9 10 11 12 13 14 15 16 17 18 19 20
1-1 28097 26114 24141 22605 20783 19369 17952 16635 15460 14213 13186 12173 11528 10636 9675 9105 8568 7880 7324 6861 86631
2-1 31371 29106 26815 24853 23085 21421 19883 18511 17131 15963 14831 13682 12615 11447 10990 10129 9446 8717 8111 7487 96287
3-1 7715 7153 6666 6255 5855 5335 5019 4606 4297 3945 3475 3397 3134 2901 2738 2526 2346 2174 2047 1926 23982
*end

*age_frequency_by_cell[age_freq]
year: 2000
time_step: half_M
values {d}
row-col 0 1 2 3 4 5 6 7 8 9 10 11 12 13 14 15 16 17 18 19 20
1-1 28345 26101 24075 22424 20897 19232 17958 16606 15494 14374 13131 12270 11278 10556 9822 9034 8486 8061 7298 6800 86854
2-1 31123 29164 26961 24959 23142 21516 19976 18510 17203 15882 14882 13677 12718 11759 10735 10217 9331 8729 8084 7639 96070
3-1 7677 7153 6728 6193 5787 5415 4905 4627 4316 3971 3710 3275 3126 2964 2691 2486 2364 2112 2060 1859 24069
*end

*age_frequency_by_cell[age_freq]
year: 2001
time_step: half_M
values {d}
row-col 0 1 2 3 4 5 6 7 8 9 10 11 12 13 14 15 16 17 18 19 20
1-1 28069 26134 24191 22399 20789 19440 17833 16755 15386 14425 13257 12256 11385 10474 9796 9087 8317 7910 7423 6711 86945
2-1 31359 28970 27145 24989 23129 21379 20073 18530 17139 15944 14803 13716 12732 11808 10922 9980 9479 8661 8172 7505 96258
3-1 7767 7192 6572 6180 5804 5415 5031 4551 4325 3960 3642 3435 3026 2914 2717 2450 2338 2153 1934 1901 24073
*end

*process[mature_report]
label: Maturation
type: maturation
year: 
agents_mature: 
*end

*process[fishing]
catch_layers: 1900_catch 1901_catch 1902_catch 1903_catch 1904_catch 1905_catch 1906_catch 1907_catch 1908_catch 1909_catch 1910_catch 1911_catch 1912_catch 1913_catch 1914_catch 1915_catch 1916_catch 1917_catch 1918_catch 1919_catch 1920_catch 1921_catch 1922_catch 1923_catch 1924_catch 1925_catch 1926_catch 1927_catch 1928_catch 1929_catch 1930_catch 1931_catch 1932_catch 1933_catch 1934_catch 1935_catch 1936_catch 1937_catch 1938_catch 1939_catch 1940_catch 1941_catch 1942_catch 1943_catch 1944_catch 1945_catch 1946_catch 1947_catch 1948_catch 1949_catch 1950_catch 1951_catch 1952_catch 1953_catch 1954_catch 1955_catch 1956_catch 1957_catch 1958_catch 1959_catch 1960_catch 1961_catch 1962_catch 1963_catch 1964_catch 1965_catch 1966_catch 1967_catch 1968_catch 1969_catch 1970_catch 1971_catch 1972_catch 1973_catch 1974_catch 1975_catch 1976_catch 1977_catch 1978_catch 1979_catch 1980_catch 1981_catch 1982_catch 1983_catch 1984_catch 1985_catch 1986_catch 1987_catch 1988_catch 1989_catch 1990_catch 1991_catch 1992_catch 1993_catch 1994_catch 1995_catch 1996_catch 1997_catch 1998_catch 1999_catch 2000_catch 2001_catch 2002_catch 2003_catch 2004_catch 2005_catch 2006_catch 2007_catch 2008_catch 2009_catch 2010_catch 2011_catch 2012_catch 2013_catch
handling_mortality: 1
label: fishing
minimum_legel_length: 0
selectivity: Sel_LL Sel_LL
type: mortality_event_biomass
years: 1900 1901 1902 1903 1904 1905 1906 1907 1908 1909 1910 1911 1912 1913 1914 1915 1916 1917 1918 1919 1920 1921 1922 1923 1924 1925 1926 1927 1928 1929 1930 1931 1932 1933 1934 1935 1936 1937 1938 1939 1940 1941 1942 1943 1944 1945 1946 1947 1948 1949 1950 1951 1952 1953 1954 1955 1956 1957 1958 1959 1960 1961 1962 1963 1964 1965 1966 1967 1968 1969 1970 1971 1972 1973 1974 1975 1976 1977 1978 1979 1980 1981 1982 1983 1984 1985 1986 1987 1988 1989 1990 1991 1992 1993 1994 1995 1996 1997 1998 1999 2000 2001 2002 2003 2004 2005 2006 2007 2008 2009 2010 2011 2012 2013

biomass_removed: nan nan 
catch_input_removed: 2504 2673 
age_frequency {d}
year 0 1 2 3 4 5 6 7 8 9 10 11 12 13 14 15 16 17 18 19 20 
2000 0 0 0 0 0 0 0 0 1 0 0 1 0 0 0 0 0 0 1 0 0 
2001 0 0 0 0 0 0 0 0 0 0 0 0 0 0 0 0 0 0 0 0 3 
*end

*process[Jump_One]
label: Jump_One
movement_type: markovian
origin_cell: 1-1 2-1 3-1
probability_layers: EN_jump_one HG_jump_one BP_jump_one
type: movement_box_transfer
initial_numbers_in_cell: 405450
2000_1-1_destination {m}
372595 
31645 
1210 
initial_numbers_in_cell: 452851
2000_2-1_destination {m}
39126 
412841 
884 
initial_numbers_in_cell: 142442
2000_3-1_destination {m}
7703 
21040 
113699 
initial_numbers_in_cell: 405544
2001_1-1_destination {m}
372762 
31586 
1196 
initial_numbers_in_cell: 453246
2001_2-1_destination {m}
38986 
413295 
965 
initial_numbers_in_cell: 142505
2001_3-1_destination {m}
7705 
21261 
113539 
*end

*process[Movement_home]
label: Movement_home
movement_type: natal_homing
origin_cell: 1-1 2-1 3-1
probability_layers: EN_home HG_home BP_home
type: movement_box_transfer
initial_numbers_in_cell: 388936
2000_1-1_destination {m}
345772 
36109 
7055 
initial_numbers_in_cell: 431881
2000_2-1_destination {m}
29264 
383040 
19577 
initial_numbers_in_cell: 107492
2000_3-1_destination {m}
1113 
860 
105519 
initial_numbers_in_cell: 389096
2001_1-1_destination {m}
345699 
36233 
7164 
initial_numbers_in_cell: 432277
2001_2-1_destination {m}
29426 
383344 
19507 
initial_numbers_in_cell: 107488
2001_3-1_destination {m}
1118 
827 
105543 
*end

*process[Rec_EN]
b0: 113880
label: Recruitment_EN
recruitment_layer_label: recruitment_EN
ssb: SSB_EN
type: recruitment_constant
r0: 29301
years: 2000 2001 
recruits: 29301 29301 
*end

*process[Rec_HG]
b0: 127644
label: Recruitment_HG
recruitment_layer_label: recruitment_HG
ssb: SSB_HG
type: recruitment_constant
r0: 32842
years: 2000 2001 
recruits: 32842 32842 
*end

*process[Rec_BP]
b0: 40000
label: Recruitment_BP
recruitment_layer_label: recruitment_BP
ssb: SSB_BP
type: recruitment_constant
r0: 10291
years: 2000 2001 
recruits: 10291 10291 
*end

*derived_quantity[derived_quants]
SSB_HG {L} 
type: mature_biomass 
initialisation_phase[1]: 0.196939 
values {v}
2000 inf
2001 inf
end {L}
SSB_BP {L} 
type: mature_biomass 
initialisation_phase[1]: 0.217506 
values {v}
2000 inf
2001 inf
end {L}
SSB_EN {L} 
type: mature_biomass 
initialisation_phase[1]: 0.162176 
values {v}
2000 inf
2001 inf
end {L}
*end

*model_attributes[model_attributes]
global_scalar: inf
*end

Total elapsed time: 1.183 minutes
Completed
