IBM
Call: ibm -r 
Seed: 123
Date: Tue Sep 18 11:46:27 2018
Version: 2018-09-07 08:59:53 UTC (rev. b192816)
Environment: machine:DESKTOP-D3MBM6L, user:Dell User, os:Windows_NT, pid:13256

*initialisation_partition[init_1]
ewuilibrium_shortcut: 1868
values {d}
row-col 0 1 2 3 4 5 6 7 8 9 10 11 12 13 14 15 16 17 18 19 20 21 22 23 24 25 26 27 28 29 30
1-1 24109 22275 20615 19255 17716 16312 15424 14283 13304 12134 11580 10654 9898 9062 8492 7767 7238 6754 6310 5918 5380 4846 4622 4175 3949 3746 3436 3219 2994 2792 35074
2-1 24135 22151 20796 19384 17942 16419 15328 14293 13368 12072 11371 10644 9840 9121 8398 7984 7338 6655 6094 5801 5372 4973 4659 4196 3968 3734 3410 3178 2919 2708 35082
3-1 24344 22365 20779 18998 17689 16857 15297 14357 13175 12363 11273 10603 9663 9110 8348 7732 7294 6788 6146 5812 5377 5055 4676 4261 4004 3576 3513 3152 2944 2647 35135
*end

*initialisation_partition[init_2]
year: 1898
values {d}
row-col 0 1 2 3 4 5 6 7 8 9 10 11 12 13 14 15 16 17 18 19 20 21 22 23 24 25 26 27 28 29 30
1-1 28005 26100 24173 22352 20876 19109 17918 16668 15549 14254 13345 12225 11335 10618 9894 9131 8380 7842 7250 6778 6150 5856 5397 5002 4647 4249 3998 3645 3538 3113 37118
2-1 31283 28965 26959 24920 23021 21589 19945 18507 17117 15877 14857 13791 12717 11839 11002 10154 9423 8781 8043 7469 6936 6397 5983 5459 5229 4732 4373 4122 3855 3555 39832
3-1 7755 7221 6581 6174 5800 5277 4951 4581 4231 4000 3662 3359 3179 2944 2692 2470 2267 2149 2024 1844 1710 1581 1496 1324 1283 1287 1049 1021 960 858 28284
*end

*age_frequency_by_cell[age_freq]
year: 1899
time_step: half_M
values {d}
row-col 0 1 2 3 4 5 6 7 8 9 10 11 12 13 14 15 16 17 18 19 20 21 22 23 24 25 26 27 28 29 30
1-1 28059 25935 24178 22419 20696 19427 17784 16675 15365 14398 13224 12457 11435 10493 9896 9177 8451 7805 7255 6691 6322 5650 5463 5035 4572 4346 3959 3629 3376 3270 37358
2-1 31185 29025 26925 25009 23088 21362 19900 18408 17275 15970 14777 13655 12680 11698 10927 10175 9454 8620 8141 7530 6890 6509 5914 5509 5110 4807 4439 4073 3778 3580 40242
3-1 7799 7163 6693 6190 5703 5272 4944 4585 4260 3864 3693 3454 3124 2967 2773 2499 2314 2179 2026 1860 1692 1563 1448 1368 1217 1221 1160 1009 967 892 26994
*end

*age_frequency_by_cell[age_freq]
year: 1900
time_step: half_M
values {d}
row-col 0 1 2 3 4 5 6 7 8 9 10 11 12 13 14 15 16 17 18 19 20 21 22 23 24 25 26 27 28 29 30
1-1 28010 25844 24134 22490 20849 19264 17864 16481 15437 14269 13253 12308 11459 10460 9747 9163 8517 7804 7233 6778 6261 5843 5302 5007 4615 4258 3932 3653 3424 3125 37576
2-1 31231 29143 26986 24895 23172 21344 19811 18365 16962 15923 14733 13557 12631 11776 10828 10149 9375 8727 7958 7456 6895 6427 5916 5479 5085 4702 4466 4065 3715 3496 40405
3-1 7785 7158 6570 6245 5772 5219 4926 4574 4226 3940 3626 3401 3206 2907 2729 2575 2341 2151 1956 1835 1744 1536 1478 1333 1287 1130 1157 1079 932 903 25677
*end

*age_frequency_by_cell[age_freq]
year: 1901
time_step: half_M
values {d}
row-col 0 1 2 3 4 5 6 7 8 9 10 11 12 13 14 15 16 17 18 19 20 21 22 23 24 25 26 27 28 29 30
1-1 28105 26018 24082 22414 20933 19316 17790 16463 15161 14204 13220 12199 11339 10512 9655 8981 8449 7776 7267 6703 6184 5755 5386 4844 4590 4251 3951 3626 3358 3130 37459
2-1 31246 29007 26804 25027 23022 21485 19739 18284 16900 15683 14751 13523 12513 11712 10805 10000 9337 8708 8029 7346 6889 6398 5923 5545 5074 4771 4316 4158 3749 3509 40616
3-1 7651 7202 6698 6074 5745 5349 4824 4559 4228 3904 3599 3398 3155 2963 2678 2505 2380 2179 1949 1853 1741 1606 1408 1339 1240 1179 1022 1039 998 846 24501
*end

*age_frequency_by_cell[age_freq]
year: 1902
time_step: half_M
values {d}
row-col 0 1 2 3 4 5 6 7 8 9 10 11 12 13 14 15 16 17 18 19 20 21 22 23 24 25 26 27 28 29 30
1-1 28068 25888 24173 22241 20568 19311 17858 16472 15239 13941 13130 12229 11395 10467 9797 8978 8335 7841 7224 6699 6131 5692 5344 4988 4523 4243 3906 3625 3424 3103 37598
2-1 31289 29060 26924 24821 23340 21415 19884 18164 16805 15616 14502 13498 12400 11558 10702 9917 9229 8560 7964 7399 6845 6376 5827 5413 5074 4645 4397 3924 3751 3457 40552
3-1 7686 7173 6629 6226 5665 5260 4931 4480 4203 3881 3547 3335 3068 2917 2712 2445 2316 2200 2021 1828 1663 1574 1481 1323 1242 1104 1097 952 953 910 23452
*end

*age_frequency_by_cell[age_freq]
year: 1903
time_step: half_M
values {d}
row-col 0 1 2 3 4 5 6 7 8 9 10 11 12 13 14 15 16 17 18 19 20 21 22 23 24 25 26 27 28 29 30
1-1 28137 25995 24009 22420 20675 19224 17843 16499 15243 14116 12841 12166 11291 10592 9619 8998 8263 7624 7259 6690 6103 5649 5179 4871 4588 4135 3887 3605 3333 3109 37303
2-1 31267 28927 26943 24917 22941 21390 19720 18281 16588 15445 14310 13215 12503 11417 10619 9869 9150 8563 7829 7328 6876 6221 5823 5386 5012 4699 4297 4022 3622 3473 40614
3-1 7742 7113 6686 6266 5764 5239 4873 4581 4172 3867 3526 3296 3082 2841 2722 2547 2230 2124 2046 1857 1661 1525 1504 1376 1223 1120 1027 998 852 917 22463
*end

*age_frequency_by_cell[age_freq]
year: 1904
time_step: half_M
values {d}
row-col 0 1 2 3 4 5 6 7 8 9 10 11 12 13 14 15 16 17 18 19 20 21 22 23 24 25 26 27 28 29 30
1-1 27866 25979 24021 22356 20867 19095 17848 16440 15232 13947 13037 11676 11234 10364 9714 8864 8234 7660 7098 6676 6173 5646 5223 4829 4550 4249 3870 3628 3365 3102 37430
2-1 31343 29162 26893 24936 23099 21333 19725 18191 16863 15394 14205 13193 12078 11547 10643 9779 9082 8343 7850 7212 6727 6312 5740 5348 4944 4599 4315 3933 3691 3275 40697
3-1 7759 7061 6574 6154 5812 5398 4818 4427 4221 3857 3506 3341 3115 2852 2636 2480 2379 2077 1981 1860 1730 1551 1415 1309 1250 1117 1013 917 884 789 21362
*end

*age_frequency_by_cell[age_freq]
year: 1905
time_step: half_M
values {d}
row-col 0 1 2 3 4 5 6 7 8 9 10 11 12 13 14 15 16 17 18 19 20 21 22 23 24 25 26 27 28 29 30
1-1 27918 25996 24175 22214 20597 19278 17694 16312 15089 14000 12911 12048 10866 10281 9668 9081 8243 7584 7097 6548 6082 5688 5253 4767 4487 4125 3897 3574 3333 3078 37186
2-1 31374 28980 26878 25075 23100 21321 19707 18324 16650 15565 14102 12961 11977 11210 10497 9625 8925 8288 7619 7248 6638 6192 5763 5346 4821 4553 4248 3966 3612 3386 40346
3-1 7756 7135 6645 6048 5754 5426 4921 4466 4132 3838 3537 3257 3075 2832 2608 2429 2267 2206 1907 1827 1741 1580 1409 1329 1261 1138 1046 921 850 858 20422
*end

*age_frequency_by_cell[age_freq]
year: 1906
time_step: half_M
values {d}
row-col 0 1 2 3 4 5 6 7 8 9 10 11 12 13 14 15 16 17 18 19 20 21 22 23 24 25 26 27 28 29 30
1-1 28099 25890 24035 22397 20551 19065 17863 16440 15154 13793 12949 11884 11096 9993 9505 8872 8388 7542 7001 6531 6080 5648 5228 4809 4363 4075 3794 3661 3283 3099 37283
2-1 31404 29078 26797 24931 23316 21313 19637 17943 16624 15354 14203 12996 11850 10960 10243 9632 8825 8262 7596 6990 6599 6123 5667 5260 4911 4440 4195 3857 3617 3266 39803
3-1 7602 7218 6723 6187 5632 5255 4965 4602 4132 3789 3523 3259 2974 2804 2588 2392 2239 2068 2055 1770 1674 1556 1461 1293 1238 1148 1087 952 852 791 19718
*end

*age_frequency_by_cell[age_freq]
year: 1907
time_step: half_M
values {d}
row-col 0 1 2 3 4 5 6 7 8 9 10 11 12 13 14 15 16 17 18 19 20 21 22 23 24 25 26 27 28 29 30
1-1 27847 26095 24192 22258 20788 19063 17524 16455 15035 14031 12845 11919 10837 10218 9187 8831 8172 7617 6938 6436 6038 5552 5117 4829 4411 4053 3779 3558 3355 3005 37062
2-1 31396 29102 26866 24839 23126 21469 19762 18095 16567 15146 13931 13061 11991 10905 10089 9345 8873 8202 7563 7009 6454 6141 5693 5196 4812 4544 4056 3826 3509 3262 39618
3-1 7805 7192 6644 6209 5685 5196 4798 4528 4190 3847 3418 3258 3013 2724 2546 2405 2201 2044 1945 1884 1613 1531 1430 1327 1177 1107 1062 962 882 820 18771
*end

