IBM
Call: ibm -r -g 1 --loglevel finest 
Date: Wed Aug 01 12:02:20 2018
Version: 2018-07-31 21:57:11 UTC (rev. 8201a27)
Environment: machine:DESKTOP-D3MBM6L, user:Dell User, os:Windows_NT, pid:11276

*initialisation_partition[init_1]
ewuilibrium_shortcut: 1899
values {d}
row-col 0 1 2 3 4 5 6 7 8 9 10 11 12 13 14 15 16 17 18 19 20 21 22 23 24 25 26 27 28 29 30
1-1 18221 14956 12173 9796 8210 6669 5399 4470 3612 3010 2448 2027 1646 1368 1118 906 738 609 489 404 316 260 201 197 142 86 83 100 67 40 239
*end

*initialisation_partition[init_2]
year: 1939
values {d}
row-col 0 1 2 3 4 5 6 7 8 9 10 11 12 13 14 15 16 17 18 19 20 21 22 23 24 25 26 27 28 29 30
1-1 18126 6709 2398 846 318 124 45 17 8 1 2 0 1 2 0 0 0 0 0 0 0 0 0 0 0 0 0 0 0 0 0
*end

*world_age_frequency[total_age_freq]
year: 1940
time_step: Annual
values {d}
0 1 2 3 4 5 6 7 8 9 10 11 12 13 14 15 16 17 18 19 20 21 22 23 24 25 26 27 28 29 30 
18126 6580 2447 897 321 121 42 17 8 4 0 1 0 1 1 0 0 0 0 0 0 0 0 0 0 0 0 0 0 0 0 
*end

*summarise_agents[agents]
year: 1940
time_step: Annual
values {d}
row-col agent_ndx age age_index length length_index weight scalar sex mature
1-1 3609 2 2 28.0252 5 0.114967 43.4319 0 0
1-1 19738 0 0 0 0 0 43.4319 0 0
1-1 23078 0 0 0 0 0 43.4319 0 0
1-1 25189 0 0 0 0 0 43.4319 0 0
1-1 16974 0 0 0 0 0 43.4319 0 0
1-1 8241 1 1 15.1366 3 0.0151694 43.4319 0 0
1-1 10473 0 0 0 0 0 43.4319 0 0
1-1 7137 1 1 15.1417 3 0.0151861 43.4319 0 1
1-1 13703 0 0 0 0 0 43.4319 0 0
1-1 19377 0 0 0 0 0 43.4319 0 0
*end

*world_age_frequency[total_age_freq]
year: 1941
time_step: Annual
values {d}
0 1 2 3 4 5 6 7 8 9 10 11 12 13 14 15 16 17 18 19 20 21 22 23 24 25 26 27 28 29 30 
18126 6584 2430 881 344 119 48 10 9 3 2 0 0 0 0 0 0 0 0 0 0 0 0 0 0 0 0 0 0 0 0 
*end

*summarise_agents[agents]
year: 1941
time_step: Annual
values {d}
row-col agent_ndx age age_index length length_index weight scalar sex mature
1-1 496 4 4 48.3395 9 0.690263 43.4319 0 1
1-1 1073 3 3 38.9958 7 0.34064 43.4319 0 1
1-1 18585 0 0 0 0 0 43.4319 0 0
1-1 5861 1 1 15.1379 3 0.0151734 43.4319 0 0
1-1 25735 0 0 0 0 0 43.4319 0 0
1-1 9362 1 1 15.1377 3 0.0151729 43.4319 0 0
1-1 15065 0 0 0 0 0 43.4319 0 0
1-1 7341 1 1 15.1393 3 0.015178 43.4319 0 0
1-1 7218 1 1 15.1364 3 0.0151684 43.4319 0 1
1-1 13583 0 0 0 0 0 43.4319 0 0
*end

*world_age_frequency[total_age_freq]
year: 1942
time_step: Annual
values {d}
0 1 2 3 4 5 6 7 8 9 10 11 12 13 14 15 16 17 18 19 20 21 22 23 24 25 26 27 28 29 30 
18126 6625 2432 888 317 142 45 20 1 6 1 0 0 0 0 0 0 0 0 0 0 0 0 0 0 0 0 0 0 0 0 
*end

*summarise_agents[agents]
year: 1942
time_step: Annual
values {d}
row-col agent_ndx age age_index length length_index weight scalar sex mature
1-1 16965 0 0 0 0 0 43.4319 0 0
1-1 1280 3 3 38.998 7 0.340704 43.4319 0 1
1-1 16407 0 0 0 0 0 43.4319 0 0
1-1 24285 0 0 0 0 0 43.4319 0 0
1-1 22200 0 0 0 0 0 43.4319 0 0
1-1 7193 1 1 15.1376 3 0.0151725 43.4319 0 0
1-1 3328 2 2 28.0316 5 0.115053 43.4319 0 1
1-1 9638 1 1 15.1391 3 0.0151773 43.4319 0 0
1-1 1124 3 3 38.9923 7 0.340539 43.4319 0 1
1-1 22309 0 0 0 0 0 43.4319 0 0
*end

*world_age_frequency[total_age_freq]
year: 1943
time_step: Annual
values {d}
0 1 2 3 4 5 6 7 8 9 10 11 12 13 14 15 16 17 18 19 20 21 22 23 24 25 26 27 28 29 30 
18126 6657 2463 912 336 108 43 13 7 0 3 1 0 0 0 0 0 0 0 0 0 0 0 0 0 0 0 0 0 0 0 
*end

*summarise_agents[agents]
year: 1943
time_step: Annual
values {d}
row-col agent_ndx age age_index length length_index weight scalar sex mature
1-1 18929 0 0 0 0 0 43.4319 0 0
1-1 6103 1 1 15.1373 3 0.0151715 43.4319 0 0
1-1 13391 0 0 0 0 0 43.4319 0 0
1-1 19301 0 0 0 0 0 43.4319 0 0
1-1 17265 0 0 0 0 0 43.4319 0 0
1-1 19196 0 0 0 0 0 43.4319 0 0
1-1 6391 1 1 15.1385 3 0.0151755 43.4319 0 0
1-1 882 3 3 38.9931 7 0.340565 43.4319 0 1
1-1 101 5 5 56.2799 11 1.13813 43.4319 0 1
1-1 10091 1 1 15.1367 3 0.0151695 43.4319 0 1
*end

*world_age_frequency[total_age_freq]
year: 1944
time_step: Annual
values {d}
0 1 2 3 4 5 6 7 8 9 10 11 12 13 14 15 16 17 18 19 20 21 22 23 24 25 26 27 28 29 30 
18126 6779 2454 921 332 134 45 14 4 1 0 0 1 0 0 0 0 0 0 0 0 0 0 0 0 0 0 0 0 0 0 
*end

*summarise_agents[agents]
year: 1944
time_step: Annual
values {d}
row-col agent_ndx age age_index length length_index weight scalar sex mature
1-1 10315 1 1 15.1393 3 0.015178 43.4319 0 0
1-1 8293 1 1 15.1339 3 0.0151604 43.4319 0 0
1-1 26979 0 0 0 0 0 43.4319 0 0
1-1 13693 0 0 0 0 0 43.4319 0 0
1-1 16541 0 0 0 0 0 43.4319 0 0
1-1 17800 0 0 0 0 0 43.4319 0 0
1-1 9710 1 1 15.1382 3 0.0151746 43.4319 0 0
1-1 17859 0 0 0 0 0 43.4319 0 0
1-1 15670 0 0 0 0 0 43.4319 0 0
1-1 8574 1 1 15.1384 3 0.0151751 43.4319 0 0
*end

*world_age_frequency[total_age_freq]
year: 1945
time_step: Annual
values {d}
0 1 2 3 4 5 6 7 8 9 10 11 12 13 14 15 16 17 18 19 20 21 22 23 24 25 26 27 28 29 30 
18126 6672 2588 895 335 127 42 14 4 1 1 0 0 1 0 0 0 0 0 0 0 0 0 0 0 0 0 0 0 0 0 
*end

*summarise_agents[agents]
year: 1945
time_step: Annual
values {d}
row-col agent_ndx age age_index length length_index weight scalar sex mature
1-1 15207 0 0 0 0 0 43.4319 0 0
1-1 22160 0 0 0 0 0 43.4319 0 0
1-1 8222 1 1 15.1426 3 0.0151889 43.4319 0 0
1-1 831 3 3 38.993 7 0.34056 43.4319 0 1
1-1 10310 1 1 15.1377 3 0.0151729 43.4319 0 0
1-1 14459 0 0 0 0 0 43.4319 0 0
1-1 14611 0 0 0 0 0 43.4319 0 0
1-1 3273 2 2 28.0232 5 0.11494 43.4319 0 0
1-1 26123 0 0 0 0 0 43.4319 0 0
1-1 5493 1 1 15.1329 3 0.015157 43.4319 0 0
*end

*world_age_frequency[total_age_freq]
year: 1946
time_step: Annual
values {d}
0 1 2 3 4 5 6 7 8 9 10 11 12 13 14 15 16 17 18 19 20 21 22 23 24 25 26 27 28 29 30 
18126 6740 2563 959 327 123 40 18 5 1 1 1 0 0 1 0 0 0 0 0 0 0 0 0 0 0 0 0 0 0 0 
*end

*summarise_agents[agents]
year: 1946
time_step: Annual
values {d}
row-col agent_ndx age age_index length length_index weight scalar sex mature
1-1 6794 1 1 15.14 3 0.0151804 43.4319 0 0
1-1 27072 0 0 0 0 0 43.4319 0 0
1-1 4612 1 1 15.1374 3 0.0151718 43.4319 0 1
1-1 9744 1 1 15.1379 3 0.0151734 43.4319 0 0
1-1 7940 1 1 15.1397 3 0.0151795 43.4319 0 0
1-1 3151 2 2 28.03 5 0.115031 43.4319 0 1
1-1 7466 1 1 15.1406 3 0.0151823 43.4319 0 0
1-1 1910 2 2 28.024 5 0.11495 43.4319 0 0
1-1 20525 0 0 0 0 0 43.4319 0 0
1-1 6827 1 1 15.1412 3 0.0151845 43.4319 0 0
*end

*world_age_frequency[total_age_freq]
year: 1947
time_step: Annual
values {d}
0 1 2 3 4 5 6 7 8 9 10 11 12 13 14 15 16 17 18 19 20 21 22 23 24 25 26 27 28 29 30 
18126 6690 2444 969 366 120 40 15 4 0 0 0 0 0 0 0 0 0 0 0 0 0 0 0 0 0 0 0 0 0 0 
*end

*summarise_agents[agents]
year: 1947
time_step: Annual
values {d}
row-col agent_ndx age age_index length length_index weight scalar sex mature
1-1 12155 0 0 0 0 0 43.4319 0 0
1-1 10986 0 0 0 0 0 43.4319 0 0
1-1 22386 0 0 0 0 0 43.4319 0 0
1-1 13757 0 0 0 0 0 43.4319 0 0
1-1 25396 0 0 0 0 0 43.4319 0 0
1-1 19633 0 0 0 0 0 43.4319 0 0
1-1 21272 0 0 0 0 0 43.4319 0 0
1-1 9357 1 1 15.141 3 0.0151837 43.4319 0 1
1-1 26331 0 0 0 0 0 43.4319 0 0
1-1 21188 0 0 0 0 0 43.4319 0 0
*end

*world_age_frequency[total_age_freq]
year: 1948
time_step: Annual
values {d}
0 1 2 3 4 5 6 7 8 9 10 11 12 13 14 15 16 17 18 19 20 21 22 23 24 25 26 27 28 29 30 
18126 6707 2485 899 366 138 46 16 8 1 0 0 0 0 0 0 0 0 0 0 0 0 0 0 0 0 0 0 0 0 0 
*end

*summarise_agents[agents]
year: 1948
time_step: Annual
values {d}
row-col agent_ndx age age_index length length_index weight scalar sex mature
1-1 2360 2 2 28.0307 5 0.11504 43.4319 0 0
1-1 23569 0 0 0 0 0 43.4319 0 0
1-1 28011 0 0 0 0 0 43.4319 0 0
1-1 5796 1 1 15.141 3 0.0151838 43.4319 0 0
1-1 6312 1 1 15.1403 3 0.0151813 43.4319 0 0
1-1 21939 0 0 0 0 0 43.4319 0 0
1-1 8160 1 1 15.1416 3 0.0151857 43.4319 0 0
1-1 22263 0 0 0 0 0 43.4319 0 0
1-1 26439 0 0 0 0 0 43.4319 0 0
1-1 20977 0 0 0 0 0 43.4319 0 0
*end

*world_age_frequency[total_age_freq]
year: 1949
time_step: Annual
values {d}
0 1 2 3 4 5 6 7 8 9 10 11 12 13 14 15 16 17 18 19 20 21 22 23 24 25 26 27 28 29 30 
18126 6662 2498 924 347 131 45 10 4 2 1 0 0 0 0 0 0 0 0 0 0 0 0 0 0 0 0 0 0 0 0 
*end

*summarise_agents[agents]
year: 1949
time_step: Annual
values {d}
row-col agent_ndx age age_index length length_index weight scalar sex mature
1-1 8893 1 1 15.1365 3 0.015169 43.4319 0 0
1-1 7474 1 1 15.1392 3 0.0151779 43.4319 0 0
1-1 23932 0 0 0 0 0 43.4319 0 0
1-1 20880 0 0 0 0 0 43.4319 0 0
1-1 21112 0 0 0 0 0 43.4319 0 0
1-1 16324 0 0 0 0 0 43.4319 0 0
1-1 18886 0 0 0 0 0 43.4319 0 0
1-1 25058 0 0 0 0 0 43.4319 0 0
1-1 23976 0 0 0 0 0 43.4319 0 0
1-1 15325 0 0 0 0 0 43.4319 0 0
*end

*world_age_frequency[total_age_freq]
year: 1950
time_step: Annual
values {d}
0 1 2 3 4 5 6 7 8 9 10 11 12 13 14 15 16 17 18 19 20 21 22 23 24 25 26 27 28 29 30 
18126 6614 2440 876 338 127 59 19 3 1 0 0 0 0 0 0 0 0 0 0 0 0 0 0 0 0 0 0 0 0 0 
*end

*summarise_agents[agents]
year: 1950
time_step: Annual
values {d}
row-col agent_ndx age age_index length length_index weight scalar sex mature
1-1 26612 0 0 0 0 0 43.4319 0 0
1-1 1634 2 2 28.0241 5 0.114952 43.4319 0 0
1-1 5221 1 1 15.1365 3 0.015169 43.4319 0 1
1-1 20785 0 0 0 0 0 43.4319 0 0
1-1 14572 0 0 0 0 0 43.4319 0 0
1-1 3257 2 2 28.0276 5 0.114999 43.4319 0 0
1-1 23609 0 0 0 0 0 43.4319 0 0
1-1 1768 2 2 28.0229 5 0.114936 43.4319 0 1
1-1 12157 0 0 0 0 0 43.4319 0 0
1-1 12216 0 0 0 0 0 43.4319 0 0
*end

*world_age_frequency[total_age_freq]
year: 1951
time_step: Annual
values {d}
0 1 2 3 4 5 6 7 8 9 10 11 12 13 14 15 16 17 18 19 20 21 22 23 24 25 26 27 28 29 30 
18126 6611 2446 857 343 124 46 24 9 1 1 0 0 0 0 0 0 0 0 0 0 0 0 0 0 0 0 0 0 0 0 
*end

*summarise_agents[agents]
year: 1951
time_step: Annual
values {d}
row-col agent_ndx age age_index length length_index weight scalar sex mature
1-1 18873 0 0 0 0 0 43.4319 0 0
1-1 6788 1 1 15.1387 3 0.0151762 43.4319 0 1
1-1 19584 0 0 0 0 0 43.4319 0 0
1-1 19036 0 0 0 0 0 43.4319 0 0
1-1 16397 0 0 0 0 0 43.4319 0 0
1-1 19076 0 0 0 0 0 43.4319 0 0
1-1 3105 2 2 28.0249 5 0.114963 43.4319 0 1
1-1 6086 1 1 15.1339 3 0.0151604 43.4319 0 0
1-1 9987 1 1 15.1445 3 0.0151951 43.4319 0 1
1-1 13231 0 0 0 0 0 43.4319 0 0
*end

*world_age_frequency[total_age_freq]
year: 1952
time_step: Annual
values {d}
0 1 2 3 4 5 6 7 8 9 10 11 12 13 14 15 16 17 18 19 20 21 22 23 24 25 26 27 28 29 30 
18126 6668 2436 912 316 148 41 22 5 3 0 0 0 0 0 0 0 0 0 0 0 0 0 0 0 0 0 0 0 0 0 
*end

*summarise_agents[agents]
year: 1952
time_step: Annual
values {d}
row-col agent_ndx age age_index length length_index weight scalar sex mature
1-1 7328 1 1 15.1401 3 0.0151809 43.4319 0 0
1-1 10855 0 0 0 0 0 43.4319 0 0
1-1 15633 0 0 0 0 0 43.4319 0 0
1-1 14390 0 0 0 0 0 43.4319 0 0
1-1 21157 0 0 0 0 0 43.4319 0 0
1-1 5553 1 1 15.1373 3 0.0151714 43.4319 0 1
1-1 4186 1 1 15.1379 3 0.0151733 43.4319 0 0
1-1 755 3 3 39.0012 7 0.340796 43.4319 0 1
1-1 25295 0 0 0 0 0 43.4319 0 0
1-1 1695 2 2 28.0248 5 0.114961 43.4319 0 0
*end

*world_age_frequency[total_age_freq]
year: 1953
time_step: Annual
values {d}
0 1 2 3 4 5 6 7 8 9 10 11 12 13 14 15 16 17 18 19 20 21 22 23 24 25 26 27 28 29 30 
18126 6710 2416 906 352 106 44 16 7 2 2 0 0 0 0 0 0 0 0 0 0 0 0 0 0 0 0 0 0 0 0 
*end

*summarise_agents[agents]
year: 1953
time_step: Annual
values {d}
row-col agent_ndx age age_index length length_index weight scalar sex mature
1-1 20636 0 0 0 0 0 43.4319 0 0
1-1 24193 0 0 0 0 0 43.4319 0 0
1-1 4929 1 1 15.1416 3 0.0151858 43.4319 0 0
1-1 2056 2 2 28.0255 5 0.11497 43.4319 0 0
1-1 7660 1 1 15.1416 3 0.0151856 43.4319 0 0
1-1 7602 1 1 15.139 3 0.0151771 43.4319 0 0
1-1 9764 1 1 15.1398 3 0.0151799 43.4319 0 0
1-1 4058 1 1 15.1392 3 0.0151779 43.4319 0 0
1-1 478 4 4 48.3428 9 0.690419 43.4319 0 1
1-1 14116 0 0 0 0 0 43.4319 0 0
*end

*world_age_frequency[total_age_freq]
year: 1954
time_step: Annual
values {d}
0 1 2 3 4 5 6 7 8 9 10 11 12 13 14 15 16 17 18 19 20 21 22 23 24 25 26 27 28 29 30 
18126 6578 2541 900 332 122 39 17 5 1 1 0 0 0 0 0 0 0 0 0 0 0 0 0 0 0 0 0 0 0 0 
*end

*summarise_agents[agents]
year: 1954
time_step: Annual
values {d}
row-col agent_ndx age age_index length length_index weight scalar sex mature
1-1 14409 0 0 0 0 0 43.4319 0 0
1-1 11052 0 0 0 0 0 43.4319 0 0
1-1 12717 0 0 0 0 0 43.4319 0 0
1-1 1870 2 2 28.0305 5 0.115037 43.4319 0 0
1-1 26825 0 0 0 0 0 43.4319 0 0
1-1 9128 1 1 15.1373 3 0.0151716 43.4319 0 0
1-1 2204 2 2 28.0281 5 0.115005 43.4319 0 1
1-1 5708 1 1 15.1395 3 0.0151788 43.4319 0 0
1-1 13924 0 0 0 0 0 43.4319 0 0
1-1 22997 0 0 0 0 0 43.4319 0 0
*end

*world_age_frequency[total_age_freq]
year: 1955
time_step: Annual
values {d}
0 1 2 3 4 5 6 7 8 9 10 11 12 13 14 15 16 17 18 19 20 21 22 23 24 25 26 27 28 29 30 
18126 6665 2408 980 351 120 42 17 2 3 1 1 0 0 0 0 0 0 0 0 0 0 0 0 0 0 0 0 0 0 0 
*end

*summarise_agents[agents]
year: 1955
time_step: Annual
values {d}
row-col agent_ndx age age_index length length_index weight scalar sex mature
1-1 15840 0 0 0 0 0 43.4319 0 0
1-1 23668 0 0 0 0 0 43.4319 0 0
1-1 13543 0 0 0 0 0 43.4319 0 0
1-1 8950 1 1 15.1422 3 0.0151877 43.4319 0 0
1-1 4864 1 1 15.1385 3 0.0151755 43.4319 0 0
1-1 25047 0 0 0 0 0 43.4319 0 0
1-1 2086 2 2 28.0265 5 0.114984 43.4319 0 0
1-1 4371 1 1 15.1375 3 0.0151721 43.4319 0 0
1-1 2194 2 2 28.0245 5 0.114957 43.4319 0 0
1-1 28581 0 0 0 0 0 43.4319 0 0
*end

*world_age_frequency[total_age_freq]
year: 1956
time_step: Annual
values {d}
0 1 2 3 4 5 6 7 8 9 10 11 12 13 14 15 16 17 18 19 20 21 22 23 24 25 26 27 28 29 30 
18126 6617 2446 858 343 130 48 11 4 1 3 0 0 0 0 0 0 0 0 0 0 0 0 0 0 0 0 0 0 0 0 
*end

*summarise_agents[agents]
year: 1956
time_step: Annual
values {d}
row-col agent_ndx age age_index length length_index weight scalar sex mature
1-1 21399 0 0 0 0 0 43.4319 0 0
1-1 5746 1 1 15.1358 3 0.0151665 43.4319 0 0
1-1 10886 0 0 0 0 0 43.4319 0 0
1-1 10452 1 1 15.1381 3 0.0151742 43.4319 0 0
1-1 21534 0 0 0 0 0 43.4319 0 0
1-1 27181 0 0 0 0 0 43.4319 0 0
1-1 26784 0 0 0 0 0 43.4319 0 0
1-1 14142 0 0 0 0 0 43.4319 0 0
1-1 26443 0 0 0 0 0 43.4319 0 0
1-1 679 3 3 39.0025 7 0.340833 43.4319 0 1
*end

*world_age_frequency[total_age_freq]
year: 1957
time_step: Annual
values {d}
0 1 2 3 4 5 6 7 8 9 10 11 12 13 14 15 16 17 18 19 20 21 22 23 24 25 26 27 28 29 30 
18126 6631 2412 945 322 126 50 16 6 1 0 1 0 0 0 0 0 0 0 0 0 0 0 0 0 0 0 0 0 0 0 
*end

*summarise_agents[agents]
year: 1957
time_step: Annual
values {d}
row-col agent_ndx age age_index length length_index weight scalar sex mature
1-1 27850 0 0 0 0 0 43.4319 0 0
1-1 3918 1 1 15.1323 3 0.015155 43.4319 0 0
1-1 17550 0 0 0 0 0 43.4319 0 0
1-1 20385 0 0 0 0 0 43.4319 0 0
1-1 4577 1 1 15.1388 3 0.0151766 43.4319 0 0
1-1 18225 0 0 0 0 0 43.4319 0 0
1-1 17296 0 0 0 0 0 43.4319 0 0
1-1 1517 2 2 28.0238 5 0.114948 43.4319 0 0
1-1 23763 0 0 0 0 0 43.4319 0 0
1-1 334 4 4 48.3352 9 0.690064 43.4319 0 1
*end

*world_age_frequency[total_age_freq]
year: 1958
time_step: Annual
values {d}
0 1 2 3 4 5 6 7 8 9 10 11 12 13 14 15 16 17 18 19 20 21 22 23 24 25 26 27 28 29 30 
18126 6605 2400 891 340 115 47 19 9 2 0 0 0 0 0 0 0 0 0 0 0 0 0 0 0 0 0 0 0 0 0 
*end

*summarise_agents[agents]
year: 1958
time_step: Annual
values {d}
row-col agent_ndx age age_index length length_index weight scalar sex mature
1-1 3113 2 2 28.0248 5 0.11496 43.4319 0 1
1-1 20772 0 0 0 0 0 43.4319 0 0
1-1 25156 0 0 0 0 0 43.4319 0 0
1-1 11605 0 0 0 0 0 43.4319 0 0
1-1 11485 0 0 0 0 0 43.4319 0 0
1-1 16384 0 0 0 0 0 43.4319 0 0
1-1 7155 1 1 15.1355 3 0.0151655 43.4319 0 0
1-1 21706 0 0 0 0 0 43.4319 0 0
1-1 18024 0 0 0 0 0 43.4319 0 0
1-1 28033 0 0 0 0 0 43.4319 0 0
*end

*world_age_frequency[total_age_freq]
year: 1959
time_step: Annual
values {d}
0 1 2 3 4 5 6 7 8 9 10 11 12 13 14 15 16 17 18 19 20 21 22 23 24 25 26 27 28 29 30 
18126 6683 2446 859 304 136 38 13 7 4 0 0 0 0 0 0 0 0 0 0 0 0 0 0 0 0 0 0 0 0 0 
*end

*summarise_agents[agents]
year: 1959
time_step: Annual
values {d}
row-col agent_ndx age age_index length length_index weight scalar sex mature
1-1 21370 0 0 0 0 0 43.4319 0 0
1-1 1403 2 2 28.0258 5 0.114974 43.4319 0 0
1-1 11817 0 0 0 0 0 43.4319 0 0
1-1 27594 0 0 0 0 0 43.4319 0 0
1-1 12435 0 0 0 0 0 43.4319 0 0
1-1 13027 0 0 0 0 0 43.4319 0 0
1-1 4226 1 1 15.1413 3 0.0151846 43.4319 0 0
1-1 8079 1 1 15.1381 3 0.0151743 43.4319 0 0
1-1 10170 1 1 15.136 3 0.0151672 43.4319 0 0
1-1 14406 0 0 0 0 0 43.4319 0 0
*end

*world_age_frequency[total_age_freq]
year: 1960
time_step: Annual
values {d}
0 1 2 3 4 5 6 7 8 9 10 11 12 13 14 15 16 17 18 19 20 21 22 23 24 25 26 27 28 29 30 
18126 6622 2397 894 308 110 53 17 5 2 1 0 0 0 0 0 0 0 0 0 0 0 0 0 0 0 0 0 0 0 0 
*end

*summarise_agents[agents]
year: 1960
time_step: Annual
values {d}
row-col agent_ndx age age_index length length_index weight scalar sex mature
1-1 16807 0 0 0 0 0 43.4319 0 0
1-1 11371 0 0 0 0 0 43.4319 0 0
1-1 24149 0 0 0 0 0 43.4319 0 0
1-1 3347 2 2 28.0316 5 0.115052 43.4319 0 0
1-1 12543 0 0 0 0 0 43.4319 0 0
1-1 25563 0 0 0 0 0 43.4319 0 0
1-1 19662 0 0 0 0 0 43.4319 0 0
1-1 11588 0 0 0 0 0 43.4319 0 0
1-1 25947 0 0 0 0 0 43.4319 0 0
1-1 12262 0 0 0 0 0 43.4319 0 0
*end

*world_age_frequency[total_age_freq]
year: 1961
time_step: Annual
values {d}
0 1 2 3 4 5 6 7 8 9 10 11 12 13 14 15 16 17 18 19 20 21 22 23 24 25 26 27 28 29 30 
18126 6696 2431 860 339 118 40 20 5 1 0 0 0 0 0 0 0 0 0 0 0 0 0 0 0 0 0 0 0 0 0 
*end

*summarise_agents[agents]
year: 1961
time_step: Annual
values {d}
row-col agent_ndx age age_index length length_index weight scalar sex mature
1-1 24774 0 0 0 0 0 43.4319 0 0
1-1 6862 1 1 15.1359 3 0.015167 43.4319 0 0
1-1 5371 1 1 15.1403 3 0.0151813 43.4319 0 0
1-1 22697 0 0 0 0 0 43.4319 0 0
1-1 6562 1 1 15.1416 3 0.0151857 43.4319 0 0
1-1 2001 2 2 28.0236 5 0.114945 43.4319 0 0
1-1 8308 1 1 15.1398 3 0.0151798 43.4319 0 0
1-1 16207 0 0 0 0 0 43.4319 0 0
1-1 1323 3 3 38.9915 7 0.340517 43.4319 0 0
1-1 7248 1 1 15.1352 3 0.0151645 43.4319 0 0
*end

*world_age_frequency[total_age_freq]
year: 1962
time_step: Annual
values {d}
0 1 2 3 4 5 6 7 8 9 10 11 12 13 14 15 16 17 18 19 20 21 22 23 24 25 26 27 28 29 30 
18126 6691 2467 894 310 134 52 14 8 3 0 0 0 0 0 0 0 0 0 0 0 0 0 0 0 0 0 0 0 0 0 
*end

*summarise_agents[agents]
year: 1962
time_step: Annual
values {d}
row-col agent_ndx age age_index length length_index weight scalar sex mature
1-1 16173 0 0 0 0 0 43.4319 0 0
1-1 19017 0 0 0 0 0 43.4319 0 0
1-1 3774 2 2 28.0279 5 0.115003 43.4319 0 1
1-1 19494 0 0 0 0 0 43.4319 0 0
1-1 1360 3 3 39.0096 7 0.341037 43.4319 0 1
1-1 17748 0 0 0 0 0 43.4319 0 0
1-1 7459 1 1 15.1375 3 0.0151722 43.4319 0 1
1-1 23597 0 0 0 0 0 43.4319 0 0
1-1 4869 1 1 15.1369 3 0.01517 43.4319 0 0
1-1 22643 0 0 0 0 0 43.4319 0 0
*end

*world_age_frequency[total_age_freq]
year: 1963
time_step: Annual
values {d}
0 1 2 3 4 5 6 7 8 9 10 11 12 13 14 15 16 17 18 19 20 21 22 23 24 25 26 27 28 29 30 
18126 6655 2439 887 345 140 54 20 3 5 1 0 0 0 0 0 0 0 0 0 0 0 0 0 0 0 0 0 0 0 0 
*end

*summarise_agents[agents]
year: 1963
time_step: Annual
values {d}
row-col agent_ndx age age_index length length_index weight scalar sex mature
1-1 10103 1 1 15.1379 3 0.0151735 43.4319 0 0
1-1 23892 0 0 0 0 0 43.4319 0 0
1-1 13659 0 0 0 0 0 43.4319 0 0
1-1 4770 1 1 15.1405 3 0.015182 43.4319 0 0
1-1 4491 1 1 15.141 3 0.0151838 43.4319 0 1
1-1 26639 0 0 0 0 0 43.4319 0 0
1-1 869 3 3 38.9995 7 0.340747 43.4319 0 0
1-1 3308 2 2 28.0222 5 0.114925 43.4319 0 1
1-1 7221 1 1 15.1393 3 0.0151782 43.4319 0 0
1-1 16289 0 0 0 0 0 43.4319 0 0
*end

*world_age_frequency[total_age_freq]
year: 1964
time_step: Annual
values {d}
0 1 2 3 4 5 6 7 8 9 10 11 12 13 14 15 16 17 18 19 20 21 22 23 24 25 26 27 28 29 30 
18126 6742 2446 920 334 128 51 22 9 0 0 1 0 0 0 0 0 0 0 0 0 0 0 0 0 0 0 0 0 0 0 
*end

*summarise_agents[agents]
year: 1964
time_step: Annual
values {d}
row-col agent_ndx age age_index length length_index weight scalar sex mature
1-1 22490 0 0 0 0 0 43.4319 0 0
1-1 16957 0 0 0 0 0 43.4319 0 0
1-1 15998 0 0 0 0 0 43.4319 0 0
1-1 12102 0 0 0 0 0 43.4319 0 0
1-1 20356 0 0 0 0 0 43.4319 0 0
1-1 24504 0 0 0 0 0 43.4319 0 0
1-1 27322 0 0 0 0 0 43.4319 0 0
1-1 20603 0 0 0 0 0 43.4319 0 0
1-1 3599 2 2 28.0199 5 0.114895 43.4319 0 0
1-1 19581 0 0 0 0 0 43.4319 0 0
*end

*world_age_frequency[total_age_freq]
year: 1965
time_step: Annual
values {d}
0 1 2 3 4 5 6 7 8 9 10 11 12 13 14 15 16 17 18 19 20 21 22 23 24 25 26 27 28 29 30 
18126 6707 2575 884 350 119 50 17 7 3 0 0 0 0 0 0 0 0 0 0 0 0 0 0 0 0 0 0 0 0 0 
*end

*summarise_agents[agents]
year: 1965
time_step: Annual
values {d}
row-col agent_ndx age age_index length length_index weight scalar sex mature
1-1 6344 1 1 15.1404 3 0.0151816 43.4319 0 0
1-1 9246 1 1 15.141 3 0.0151836 43.4319 0 0
1-1 17590 0 0 0 0 0 43.4319 0 0
1-1 12681 0 0 0 0 0 43.4319 0 0
1-1 1554 2 2 28.0326 5 0.115066 43.4319 0 0
1-1 22123 0 0 0 0 0 43.4319 0 0
1-1 12776 0 0 0 0 0 43.4319 0 0
1-1 1738 2 2 28.0291 5 0.115019 43.4319 0 0
1-1 22561 0 0 0 0 0 43.4319 0 0
1-1 24901 0 0 0 0 0 43.4319 0 0
*end

*world_age_frequency[total_age_freq]
year: 1966
time_step: Annual
values {d}
0 1 2 3 4 5 6 7 8 9 10 11 12 13 14 15 16 17 18 19 20 21 22 23 24 25 26 27 28 29 30 
18126 6628 2426 953 303 132 39 27 4 4 1 0 0 0 0 0 0 0 0 0 0 0 0 0 0 0 0 0 0 0 0 
*end

*summarise_agents[agents]
year: 1966
time_step: Annual
values {d}
row-col agent_ndx age age_index length length_index weight scalar sex mature
1-1 5437 1 1 15.1403 3 0.0151813 43.4319 0 0
1-1 26014 0 0 0 0 0 43.4319 0 0
1-1 3101 2 2 28.0251 5 0.114964 43.4319 0 0
1-1 20976 0 0 0 0 0 43.4319 0 0
1-1 24103 0 0 0 0 0 43.4319 0 0
1-1 15904 0 0 0 0 0 43.4319 0 0
1-1 20972 0 0 0 0 0 43.4319 0 0
1-1 8258 1 1 15.1395 3 0.0151787 43.4319 0 0
1-1 6667 1 1 15.1388 3 0.0151766 43.4319 0 0
1-1 9165 1 1 15.1404 3 0.0151817 43.4319 0 1
*end

*world_age_frequency[total_age_freq]
year: 1967
time_step: Annual
values {d}
0 1 2 3 4 5 6 7 8 9 10 11 12 13 14 15 16 17 18 19 20 21 22 23 24 25 26 27 28 29 30 
18126 6594 2456 919 333 99 40 17 6 3 1 1 0 0 0 0 0 0 0 0 0 0 0 0 0 0 0 0 0 0 0 
*end

*summarise_agents[agents]
year: 1967
time_step: Annual
values {d}
row-col agent_ndx age age_index length length_index weight scalar sex mature
1-1 5151 1 1 15.1408 3 0.015183 43.4319 0 0
1-1 25649 0 0 0 0 0 43.4319 0 0
1-1 26394 0 0 0 0 0 43.4319 0 0
1-1 16442 0 0 0 0 0 43.4319 0 0
1-1 11612 0 0 0 0 0 43.4319 0 0
1-1 5041 1 1 15.1382 3 0.0151745 43.4319 0 0
1-1 25975 0 0 0 0 0 43.4319 0 0
1-1 11724 0 0 0 0 0 43.4319 0 0
1-1 3490 2 2 28.0215 5 0.114917 43.4319 0 1
1-1 27423 0 0 0 0 0 43.4319 0 0
*end

*world_age_frequency[total_age_freq]
year: 1968
time_step: Annual
values {d}
0 1 2 3 4 5 6 7 8 9 10 11 12 13 14 15 16 17 18 19 20 21 22 23 24 25 26 27 28 29 30 
18126 6621 2486 910 315 118 36 13 4 3 1 0 1 0 0 0 0 0 0 0 0 0 0 0 0 0 0 0 0 0 0 
*end

*summarise_agents[agents]
year: 1968
time_step: Annual
values {d}
row-col agent_ndx age age_index length length_index weight scalar sex mature
1-1 24239 0 0 0 0 0 43.4319 0 0
1-1 15015 0 0 0 0 0 43.4319 0 0
1-1 11616 0 0 0 0 0 43.4319 0 0
1-1 274 4 4 48.3294 9 0.689789 43.4319 0 1
1-1 8631 1 1 15.1386 3 0.0151759 43.4319 0 0
1-1 16817 0 0 0 0 0 43.4319 0 0
1-1 10413 1 1 15.1382 3 0.0151745 43.4319 0 0
1-1 144 5 5 56.2821 11 1.13828 43.4319 0 1
1-1 8516 1 1 15.1404 3 0.0151818 43.4319 0 0
1-1 26139 0 0 0 0 0 43.4319 0 0
*end

*world_age_frequency[total_age_freq]
year: 1969
time_step: Annual
values {d}
0 1 2 3 4 5 6 7 8 9 10 11 12 13 14 15 16 17 18 19 20 21 22 23 24 25 26 27 28 29 30 
18126 6747 2385 903 346 108 42 11 6 2 2 0 0 0 0 0 0 0 0 0 0 0 0 0 0 0 0 0 0 0 0 
*end

*summarise_agents[agents]
year: 1969
time_step: Annual
values {d}
row-col agent_ndx age age_index length length_index weight scalar sex mature
1-1 535 3 3 39.0001 7 0.340765 43.4319 0 0
1-1 3742 2 2 28.0287 5 0.115014 43.4319 0 0
1-1 1355 3 3 38.9882 7 0.340422 43.4319 0 0
1-1 7717 1 1 15.1377 3 0.0151727 43.4319 0 0
1-1 25783 0 0 0 0 0 43.4319 0 0
1-1 19350 0 0 0 0 0 43.4319 0 0
1-1 25685 0 0 0 0 0 43.4319 0 0
1-1 17313 0 0 0 0 0 43.4319 0 0
1-1 18068 0 0 0 0 0 43.4319 0 0
1-1 8029 1 1 15.1383 3 0.0151748 43.4319 0 0
*end

*world_age_frequency[total_age_freq]
year: 1970
time_step: Annual
values {d}
0 1 2 3 4 5 6 7 8 9 10 11 12 13 14 15 16 17 18 19 20 21 22 23 24 25 26 27 28 29 30 
18126 6541 2370 824 336 122 32 12 5 1 1 1 0 0 0 0 0 0 0 0 0 0 0 0 0 0 0 0 0 0 0 
*end

*summarise_agents[agents]
year: 1970
time_step: Annual
values {d}
row-col agent_ndx age age_index length length_index weight scalar sex mature
1-1 21580 0 0 0 0 0 43.4319 0 0
1-1 20305 0 0 0 0 0 43.4319 0 0
1-1 22303 0 0 0 0 0 43.4319 0 0
1-1 6566 1 1 15.1376 3 0.0151725 43.4319 0 0
1-1 18635 0 0 0 0 0 43.4319 0 0
1-1 16211 0 0 0 0 0 43.4319 0 0
1-1 15408 0 0 0 0 0 43.4319 0 0
1-1 22634 0 0 0 0 0 43.4319 0 0
1-1 21140 0 0 0 0 0 43.4319 0 0
1-1 11851 0 0 0 0 0 43.4319 0 0
*end

*world_age_frequency[total_age_freq]
year: 1971
time_step: Annual
values {d}
0 1 2 3 4 5 6 7 8 9 10 11 12 13 14 15 16 17 18 19 20 21 22 23 24 25 26 27 28 29 30 
18126 6518 2369 872 299 121 46 13 3 3 1 0 0 0 0 0 0 0 0 0 0 0 0 0 0 0 0 0 0 0 0 
*end

*summarise_agents[agents]
year: 1971
time_step: Annual
values {d}
row-col agent_ndx age age_index length length_index weight scalar sex mature
1-1 10009 1 1 15.1426 3 0.015189 43.4319 0 0
1-1 2176 2 2 28.0265 5 0.114984 43.4319 0 0
1-1 25179 0 0 0 0 0 43.4319 0 0
1-1 11909 0 0 0 0 0 43.4319 0 0
1-1 14487 0 0 0 0 0 43.4319 0 0
1-1 21828 0 0 0 0 0 43.4319 0 0
1-1 8001 1 1 15.1364 3 0.0151685 43.4319 0 0
1-1 24738 0 0 0 0 0 43.4319 0 0
1-1 24544 0 0 0 0 0 43.4319 0 0
1-1 946 3 3 38.9949 7 0.340614 43.4319 0 0
*end

*world_age_frequency[total_age_freq]
year: 1972
time_step: Annual
values {d}
0 1 2 3 4 5 6 7 8 9 10 11 12 13 14 15 16 17 18 19 20 21 22 23 24 25 26 27 28 29 30 
18126 6679 2376 882 314 117 43 24 7 3 1 1 0 0 0 0 0 0 0 0 0 0 0 0 0 0 0 0 0 0 0 
*end

*summarise_agents[agents]
year: 1972
time_step: Annual
values {d}
row-col agent_ndx age age_index length length_index weight scalar sex mature
1-1 4206 1 1 15.14 3 0.0151803 43.4319 0 0
1-1 25693 0 0 0 0 0 43.4319 0 0
1-1 17630 0 0 0 0 0 43.4319 0 0
1-1 23061 0 0 0 0 0 43.4319 0 0
1-1 27191 0 0 0 0 0 43.4319 0 0
1-1 18782 0 0 0 0 0 43.4319 0 0
1-1 6322 1 1 15.1392 3 0.0151777 43.4319 0 0
1-1 27117 0 0 0 0 0 43.4319 0 0
1-1 20957 0 0 0 0 0 43.4319 0 0
1-1 5745 1 1 15.1375 3 0.0151723 43.4319 0 0
*end

*world_age_frequency[total_age_freq]
year: 1973
time_step: Annual
values {d}
0 1 2 3 4 5 6 7 8 9 10 11 12 13 14 15 16 17 18 19 20 21 22 23 24 25 26 27 28 29 30 
18126 6543 2436 876 342 105 49 13 8 1 1 1 1 0 0 0 0 0 0 0 0 0 0 0 0 0 0 0 0 0 0 
*end

*summarise_agents[agents]
year: 1973
time_step: Annual
values {d}
row-col agent_ndx age age_index length length_index weight scalar sex mature
1-1 26394 0 0 0 0 0 43.4319 0 0
1-1 21186 0 0 0 0 0 43.4319 0 0
1-1 13227 0 0 0 0 0 43.4319 0 0
1-1 12673 0 0 0 0 0 43.4319 0 0
1-1 9193 1 1 15.1355 3 0.0151656 43.4319 0 0
1-1 1934 2 2 28.0215 5 0.114916 43.4319 0 1
1-1 27342 0 0 0 0 0 43.4319 0 0
1-1 20761 0 0 0 0 0 43.4319 0 0
1-1 6687 1 1 15.1373 3 0.0151717 43.4319 0 0
1-1 6138 1 1 15.1378 3 0.0151733 43.4319 0 0
*end

*world_age_frequency[total_age_freq]
year: 1974
time_step: Annual
values {d}
0 1 2 3 4 5 6 7 8 9 10 11 12 13 14 15 16 17 18 19 20 21 22 23 24 25 26 27 28 29 30 
18126 6607 2370 951 342 116 35 17 2 5 0 1 1 0 0 0 0 0 0 0 0 0 0 0 0 0 0 0 0 0 0 
*end

*summarise_agents[agents]
year: 1974
time_step: Annual
values {d}
row-col agent_ndx age age_index length length_index weight scalar sex mature
1-1 15311 0 0 0 0 0 43.4319 0 0
1-1 9569 1 1 15.1421 3 0.0151872 43.4319 0 0
1-1 25313 0 0 0 0 0 43.4319 0 0
1-1 3560 2 2 28.0253 5 0.114968 43.4319 0 0
1-1 21690 0 0 0 0 0 43.4319 0 0
1-1 16903 0 0 0 0 0 43.4319 0 0
1-1 1014 3 3 38.9919 7 0.340529 43.4319 0 0
1-1 20637 0 0 0 0 0 43.4319 0 0
1-1 18526 0 0 0 0 0 43.4319 0 0
1-1 19089 0 0 0 0 0 43.4319 0 0
*end

*world_age_frequency[total_age_freq]
year: 1975
time_step: Annual
values {d}
0 1 2 3 4 5 6 7 8 9 10 11 12 13 14 15 16 17 18 19 20 21 22 23 24 25 26 27 28 29 30 
18126 6645 2371 860 362 125 37 11 5 2 1 0 0 1 0 0 0 0 0 0 0 0 0 0 0 0 0 0 0 0 0 
*end

*summarise_agents[agents]
year: 1975
time_step: Annual
values {d}
row-col agent_ndx age age_index length length_index weight scalar sex mature
1-1 23320 0 0 0 0 0 43.4319 0 0
1-1 19329 0 0 0 0 0 43.4319 0 0
1-1 22041 0 0 0 0 0 43.4319 0 0
1-1 8413 1 1 15.1456 3 0.0151989 43.4319 0 0
1-1 26326 0 0 0 0 0 43.4319 0 0
1-1 21810 0 0 0 0 0 43.4319 0 0
1-1 27693 0 0 0 0 0 43.4319 0 0
1-1 2500 2 2 28.0246 5 0.114958 43.4319 0 0
1-1 9456 1 1 15.1384 3 0.0151752 43.4319 0 0
1-1 19073 0 0 0 0 0 43.4319 0 0
*end

*world_age_frequency[total_age_freq]
year: 1976
time_step: Annual
values {d}
0 1 2 3 4 5 6 7 8 9 10 11 12 13 14 15 16 17 18 19 20 21 22 23 24 25 26 27 28 29 30 
18126 6635 2451 869 322 140 61 13 4 2 0 0 0 0 1 0 0 0 0 0 0 0 0 0 0 0 0 0 0 0 0 
*end

*summarise_agents[agents]
year: 1976
time_step: Annual
values {d}
row-col agent_ndx age age_index length length_index weight scalar sex mature
1-1 12619 0 0 0 0 0 43.4319 0 0
1-1 19618 0 0 0 0 0 43.4319 0 0
1-1 27623 0 0 0 0 0 43.4319 0 0
1-1 25204 0 0 0 0 0 43.4319 0 0
1-1 15806 0 0 0 0 0 43.4319 0 0
1-1 22110 0 0 0 0 0 43.4319 0 0
1-1 24772 0 0 0 0 0 43.4319 0 0
1-1 25322 0 0 0 0 0 43.4319 0 0
1-1 26061 0 0 0 0 0 43.4319 0 0
1-1 18078 0 0 0 0 0 43.4319 0 0
*end

*world_age_frequency[total_age_freq]
year: 1977
time_step: Annual
values {d}
0 1 2 3 4 5 6 7 8 9 10 11 12 13 14 15 16 17 18 19 20 21 22 23 24 25 26 27 28 29 30 
18126 6745 2427 898 312 126 52 17 7 0 1 0 0 0 0 1 0 0 0 0 0 0 0 0 0 0 0 0 0 0 0 
*end

*summarise_agents[agents]
year: 1977
time_step: Annual
values {d}
row-col agent_ndx age age_index length length_index weight scalar sex mature
1-1 24039 0 0 0 0 0 43.4319 0 0
1-1 18044 0 0 0 0 0 43.4319 0 0
1-1 19934 0 0 0 0 0 43.4319 0 0
1-1 26077 0 0 0 0 0 43.4319 0 0
1-1 2926 2 2 28.0228 5 0.114934 43.4319 0 0
1-1 7483 1 1 15.1367 3 0.0151694 43.4319 0 0
1-1 23759 0 0 0 0 0 43.4319 0 0
1-1 22083 0 0 0 0 0 43.4319 0 0
1-1 8702 1 1 15.1398 3 0.0151798 43.4319 0 0
1-1 17331 0 0 0 0 0 43.4319 0 0
*end

*world_age_frequency[total_age_freq]
year: 1978
time_step: Annual
values {d}
0 1 2 3 4 5 6 7 8 9 10 11 12 13 14 15 16 17 18 19 20 21 22 23 24 25 26 27 28 29 30 
18126 6731 2445 913 340 128 41 19 7 3 0 0 0 0 0 0 1 0 0 0 0 0 0 0 0 0 0 0 0 0 0 
*end

*summarise_agents[agents]
year: 1978
time_step: Annual
values {d}
row-col agent_ndx age age_index length length_index weight scalar sex mature
1-1 17882 0 0 0 0 0 43.4319 0 0
1-1 2666 2 2 28.0277 5 0.115 43.4319 0 0
1-1 20710 0 0 0 0 0 43.4319 0 0
1-1 18361 0 0 0 0 0 43.4319 0 0
1-1 20570 0 0 0 0 0 43.4319 0 0
1-1 3438 2 2 28.0231 5 0.114938 43.4319 0 0
1-1 9364 1 1 15.1361 3 0.0151676 43.4319 0 0
1-1 27729 0 0 0 0 0 43.4319 0 0
1-1 26338 0 0 0 0 0 43.4319 0 0
1-1 8677 1 1 15.1385 3 0.0151756 43.4319 0 0
*end

*world_age_frequency[total_age_freq]
year: 1979
time_step: Annual
values {d}
0 1 2 3 4 5 6 7 8 9 10 11 12 13 14 15 16 17 18 19 20 21 22 23 24 25 26 27 28 29 30 
18126 6635 2437 905 348 127 46 11 4 2 2 0 0 0 0 0 0 0 0 0 0 0 0 0 0 0 0 0 0 0 0 
*end

*summarise_agents[agents]
year: 1979
time_step: Annual
values {d}
row-col agent_ndx age age_index length length_index weight scalar sex mature
1-1 15549 0 0 0 0 0 43.4319 0 0
1-1 3946 1 1 15.1366 3 0.0151691 43.4319 0 0
1-1 21393 0 0 0 0 0 43.4319 0 0
1-1 23176 0 0 0 0 0 43.4319 0 0
1-1 5257 1 1 15.1362 3 0.015168 43.4319 0 0
1-1 6246 1 1 15.1388 3 0.0151766 43.4319 0 0
1-1 3215 2 2 28.0183 5 0.114873 43.4319 0 0
1-1 2155 2 2 28.0223 5 0.114927 43.4319 0 0
1-1 1420 3 3 38.9994 7 0.340743 43.4319 0 1
1-1 23032 0 0 0 0 0 43.4319 0 0
*end

*world_age_frequency[total_age_freq]
year: 1980
time_step: Annual
values {d}
0 1 2 3 4 5 6 7 8 9 10 11 12 13 14 15 16 17 18 19 20 21 22 23 24 25 26 27 28 29 30 
18126 6635 2459 871 327 124 52 18 5 2 0 0 0 0 0 0 0 0 0 0 0 0 0 0 0 0 0 0 0 0 0 
*end

*summarise_agents[agents]
year: 1980
time_step: Annual
values {d}
row-col agent_ndx age age_index length length_index weight scalar sex mature
1-1 15750 0 0 0 0 0 43.4319 0 0
1-1 12126 0 0 0 0 0 43.4319 0 0
1-1 19084 0 0 0 0 0 43.4319 0 0
1-1 11072 0 0 0 0 0 43.4319 0 0
1-1 20307 0 0 0 0 0 43.4319 0 0
1-1 6569 1 1 15.14 3 0.0151806 43.4319 0 0
1-1 17149 0 0 0 0 0 43.4319 0 0
1-1 11971 0 0 0 0 0 43.4319 0 0
1-1 17592 0 0 0 0 0 43.4319 0 0
1-1 14919 0 0 0 0 0 43.4319 0 0
*end

*world_age_frequency[total_age_freq]
year: 1981
time_step: Annual
values {d}
0 1 2 3 4 5 6 7 8 9 10 11 12 13 14 15 16 17 18 19 20 21 22 23 24 25 26 27 28 29 30 
18126 6290 2237 782 290 89 45 17 5 2 0 0 0 0 0 0 0 0 0 0 0 0 0 0 0 0 0 0 0 0 0 
*end

*summarise_agents[agents]
year: 1981
time_step: Annual
values {d}
row-col agent_ndx age age_index length length_index weight scalar sex mature
1-1 15457 0 0 0 0 0 43.4319 0 0
1-1 15383 0 0 0 0 0 43.4319 0 0
1-1 24707 0 0 0 0 0 43.4319 0 0
1-1 13309 0 0 0 0 0 43.4319 0 0
1-1 26308 0 0 0 0 0 43.4319 0 0
1-1 9467 1 1 15.1369 3 0.0151702 43.4319 0 0
1-1 19899 0 0 0 0 0 43.4319 0 0
1-1 6956 1 1 15.1425 3 0.0151887 43.4319 0 0
1-1 12119 0 0 0 0 0 43.4319 0 0
1-1 22784 0 0 0 0 0 43.4319 0 0
*end

*world_age_frequency[total_age_freq]
year: 1982
time_step: Annual
values {d}
0 1 2 3 4 5 6 7 8 9 10 11 12 13 14 15 16 17 18 19 20 21 22 23 24 25 26 27 28 29 30 
18126 6458 2125 745 246 93 31 14 7 3 2 0 0 0 0 0 0 0 0 0 0 0 0 0 0 0 0 0 0 0 0 
*end

*summarise_agents[agents]
year: 1982
time_step: Annual
values {d}
row-col agent_ndx age age_index length length_index weight scalar sex mature
1-1 10421 0 0 0 0 0 43.4319 0 0
1-1 3675 1 1 15.1389 3 0.0151769 43.4319 0 0
1-1 5500 1 1 15.1398 3 0.0151797 43.4319 0 1
1-1 24888 0 0 0 0 0 43.4319 0 0
1-1 1041 3 3 38.9983 7 0.340711 43.4319 0 0
1-1 11854 0 0 0 0 0 43.4319 0 0
1-1 11429 0 0 0 0 0 43.4319 0 0
1-1 21988 0 0 0 0 0 43.4319 0 0
1-1 10860 0 0 0 0 0 43.4319 0 0
1-1 2043 2 2 28.0235 5 0.114944 43.4319 0 0
*end

*world_age_frequency[total_age_freq]
year: 1983
time_step: Annual
values {d}
0 1 2 3 4 5 6 7 8 9 10 11 12 13 14 15 16 17 18 19 20 21 22 23 24 25 26 27 28 29 30 
18126 6296 2169 719 251 80 26 9 7 2 2 0 0 0 0 0 0 0 0 0 0 0 0 0 0 0 0 0 0 0 0 
*end

*summarise_agents[agents]
year: 1983
time_step: Annual
values {d}
row-col agent_ndx age age_index length length_index weight scalar sex mature
1-1 22864 0 0 0 0 0 43.4319 0 0
1-1 20317 0 0 0 0 0 43.4319 0 0
1-1 12087 0 0 0 0 0 43.4319 0 0
1-1 16435 0 0 0 0 0 43.4319 0 0
1-1 12103 0 0 0 0 0 43.4319 0 0
1-1 11189 0 0 0 0 0 43.4319 0 0
1-1 19002 0 0 0 0 0 43.4319 0 0
1-1 20228 0 0 0 0 0 43.4319 0 0
1-1 8038 1 1 15.1375 3 0.0151723 43.4319 0 1
1-1 5259 1 1 15.1379 3 0.0151736 43.4319 0 0
*end

*world_age_frequency[total_age_freq]
year: 1984
time_step: Annual
values {d}
0 1 2 3 4 5 6 7 8 9 10 11 12 13 14 15 16 17 18 19 20 21 22 23 24 25 26 27 28 29 30 
18126 6583 2292 784 251 88 29 8 3 2 0 1 0 0 0 0 0 0 0 0 0 0 0 0 0 0 0 0 0 0 0 
*end

*summarise_agents[agents]
year: 1984
time_step: Annual
values {d}
row-col agent_ndx age age_index length length_index weight scalar sex mature
1-1 18879 0 0 0 0 0 43.4319 0 0
1-1 17642 0 0 0 0 0 43.4319 0 0
1-1 16533 0 0 0 0 0 43.4319 0 0
1-1 16427 0 0 0 0 0 43.4319 0 0
1-1 16113 0 0 0 0 0 43.4319 0 0
1-1 26514 0 0 0 0 0 43.4319 0 0
1-1 14895 0 0 0 0 0 43.4319 0 0
1-1 5481 1 1 15.1385 3 0.0151754 43.4319 0 0
1-1 27406 0 0 0 0 0 43.4319 0 0
1-1 14135 0 0 0 0 0 43.4319 0 0
*end

*world_age_frequency[total_age_freq]
year: 1985
time_step: Annual
values {d}
0 1 2 3 4 5 6 7 8 9 10 11 12 13 14 15 16 17 18 19 20 21 22 23 24 25 26 27 28 29 30 
18126 6543 2388 811 283 95 24 11 3 1 1 0 0 0 0 0 0 0 0 0 0 0 0 0 0 0 0 0 0 0 0 
*end

*summarise_agents[agents]
year: 1985
time_step: Annual
values {d}
row-col agent_ndx age age_index length length_index weight scalar sex mature
1-1 4564 1 1 15.1379 3 0.0151734 43.4319 0 0
1-1 17878 0 0 0 0 0 43.4319 0 0
1-1 9966 1 1 15.1396 3 0.015179 43.4319 0 0
1-1 43 5 5 56.2746 11 1.13778 43.4319 0 1
1-1 24807 0 0 0 0 0 43.4319 0 0
1-1 19767 0 0 0 0 0 43.4319 0 0
1-1 4937 1 1 15.1365 3 0.0151689 43.4319 0 0
1-1 22249 0 0 0 0 0 43.4319 0 0
1-1 20463 0 0 0 0 0 43.4319 0 0
1-1 10520 0 0 0 0 0 43.4319 0 0
*end

*world_age_frequency[total_age_freq]
year: 1986
time_step: Annual
values {d}
0 1 2 3 4 5 6 7 8 9 10 11 12 13 14 15 16 17 18 19 20 21 22 23 24 25 26 27 28 29 30 
18126 6653 2321 873 299 107 33 9 5 1 0 0 0 0 0 0 0 0 0 0 0 0 0 0 0 0 0 0 0 0 0 
*end

*summarise_agents[agents]
year: 1986
time_step: Annual
values {d}
row-col agent_ndx age age_index length length_index weight scalar sex mature
1-1 1327 3 3 38.9949 7 0.340615 43.4319 0 0
1-1 3210 2 2 28.025 5 0.114964 43.4319 0 0
1-1 25941 0 0 0 0 0 43.4319 0 0
1-1 21673 0 0 0 0 0 43.4319 0 0
1-1 4011 1 1 15.1389 3 0.0151767 43.4319 0 0
1-1 23184 0 0 0 0 0 43.4319 0 0
1-1 20952 0 0 0 0 0 43.4319 0 0
1-1 9700 1 1 15.1368 3 0.01517 43.4319 0 0
1-1 27919 0 0 0 0 0 43.4319 0 0
1-1 6348 1 1 15.1412 3 0.0151844 43.4319 0 0
*end

*world_age_frequency[total_age_freq]
year: 1987
time_step: Annual
values {d}
0 1 2 3 4 5 6 7 8 9 10 11 12 13 14 15 16 17 18 19 20 21 22 23 24 25 26 27 28 29 30 
18126 6584 2475 837 343 112 31 11 2 3 1 0 0 0 0 0 0 0 0 0 0 0 0 0 0 0 0 0 0 0 0 
*end

*summarise_agents[agents]
year: 1987
time_step: Annual
values {d}
row-col agent_ndx age age_index length length_index weight scalar sex mature
1-1 7014 1 1 15.1351 3 0.0151642 43.4319 0 0
1-1 20408 0 0 0 0 0 43.4319 0 0
1-1 16894 0 0 0 0 0 43.4319 0 0
1-1 16740 0 0 0 0 0 43.4319 0 0
1-1 22841 0 0 0 0 0 43.4319 0 0
1-1 16581 0 0 0 0 0 43.4319 0 0
1-1 3623 2 2 28.0211 5 0.114911 43.4319 0 0
1-1 12091 0 0 0 0 0 43.4319 0 0
1-1 22668 0 0 0 0 0 43.4319 0 0
1-1 139 5 5 56.29 11 1.1388 43.4319 0 1
*end

*world_age_frequency[total_age_freq]
year: 1988
time_step: Annual
values {d}
0 1 2 3 4 5 6 7 8 9 10 11 12 13 14 15 16 17 18 19 20 21 22 23 24 25 26 27 28 29 30 
18126 6656 2394 896 319 122 49 13 5 0 1 0 0 0 0 0 0 0 0 0 0 0 0 0 0 0 0 0 0 0 0 
*end

*summarise_agents[agents]
year: 1988
time_step: Annual
values {d}
row-col agent_ndx age age_index length length_index weight scalar sex mature
1-1 14895 0 0 0 0 0 43.4319 0 0
1-1 20435 0 0 0 0 0 43.4319 0 0
1-1 18051 0 0 0 0 0 43.4319 0 0
1-1 2095 2 2 28.025 5 0.114964 43.4319 0 1
1-1 25776 0 0 0 0 0 43.4319 0 0
1-1 8369 1 1 15.1367 3 0.0151695 43.4319 0 0
1-1 11613 0 0 0 0 0 43.4319 0 0
1-1 22902 0 0 0 0 0 43.4319 0 0
1-1 27351 0 0 0 0 0 43.4319 0 0
1-1 1508 2 2 28.0284 5 0.115009 43.4319 0 0
*end

*world_age_frequency[total_age_freq]
year: 1989
time_step: Annual
values {d}
0 1 2 3 4 5 6 7 8 9 10 11 12 13 14 15 16 17 18 19 20 21 22 23 24 25 26 27 28 29 30 
18126 6716 2447 880 309 106 35 18 4 1 0 1 0 0 0 0 0 0 0 0 0 0 0 0 0 0 0 0 0 0 0 
*end

*summarise_agents[agents]
year: 1989
time_step: Annual
values {d}
row-col agent_ndx age age_index length length_index weight scalar sex mature
1-1 9246 1 1 15.1379 3 0.0151734 43.4319 0 0
1-1 4388 1 1 15.1383 3 0.015175 43.4319 0 1
1-1 470 4 4 48.3339 9 0.690002 43.4319 0 1
1-1 4057 1 1 15.1375 3 0.015172 43.4319 0 0
1-1 9500 1 1 15.1366 3 0.0151691 43.4319 0 0
1-1 3578 2 2 28.0299 5 0.11503 43.4319 0 0
1-1 13860 0 0 0 0 0 43.4319 0 0
1-1 16463 0 0 0 0 0 43.4319 0 0
1-1 7838 1 1 15.1393 3 0.0151781 43.4319 0 0
1-1 11448 0 0 0 0 0 43.4319 0 0
*end

*world_age_frequency[total_age_freq]
year: 1990
time_step: Annual
values {d}
0 1 2 3 4 5 6 7 8 9 10 11 12 13 14 15 16 17 18 19 20 21 22 23 24 25 26 27 28 29 30 
18126 6570 2453 868 334 114 41 11 7 2 1 0 0 0 0 0 0 0 0 0 0 0 0 0 0 0 0 0 0 0 0 
*end

*summarise_agents[agents]
year: 1990
time_step: Annual
values {d}
row-col agent_ndx age age_index length length_index weight scalar sex mature
1-1 23742 0 0 0 0 0 43.4319 0 0
1-1 20948 0 0 0 0 0 43.4319 0 0
1-1 8414 1 1 15.1375 3 0.0151723 43.4319 0 0
1-1 10587 0 0 0 0 0 43.4319 0 0
1-1 13522 0 0 0 0 0 43.4319 0 0
1-1 26550 0 0 0 0 0 43.4319 0 0
1-1 26631 0 0 0 0 0 43.4319 0 0
1-1 16171 0 0 0 0 0 43.4319 0 0
1-1 19292 0 0 0 0 0 43.4319 0 0
1-1 6221 1 1 15.1397 3 0.0151794 43.4319 0 0
*end

*world_age_frequency[total_age_freq]
year: 1991
time_step: Annual
values {d}
0 1 2 3 4 5 6 7 8 9 10 11 12 13 14 15 16 17 18 19 20 21 22 23 24 25 26 27 28 29 30 
18126 6778 2423 888 325 132 41 15 4 4 0 0 0 0 0 0 0 0 0 0 0 0 0 0 0 0 0 0 0 0 0 
*end

*summarise_agents[agents]
year: 1991
time_step: Annual
values {d}
row-col agent_ndx age age_index length length_index weight scalar sex mature
1-1 28431 0 0 0 0 0 43.4319 0 0
1-1 26235 0 0 0 0 0 43.4319 0 0
1-1 11299 0 0 0 0 0 43.4319 0 0
1-1 4191 1 1 15.14 3 0.0151803 43.4319 0 0
1-1 2627 2 2 28.0284 5 0.115009 43.4319 0 0
1-1 22022 0 0 0 0 0 43.4319 0 0
1-1 19811 0 0 0 0 0 43.4319 0 0
1-1 12323 0 0 0 0 0 43.4319 0 0
1-1 20 7 7 68.8114 13 2.20423 43.4319 0 1
1-1 20199 0 0 0 0 0 43.4319 0 0
*end

*world_age_frequency[total_age_freq]
year: 1992
time_step: Annual
values {d}
0 1 2 3 4 5 6 7 8 9 10 11 12 13 14 15 16 17 18 19 20 21 22 23 24 25 26 27 28 29 30 
18126 6640 2494 896 323 117 45 14 6 2 3 0 0 0 0 0 0 0 0 0 0 0 0 0 0 0 0 0 0 0 0 
*end

*summarise_agents[agents]
year: 1992
time_step: Annual
values {d}
row-col agent_ndx age age_index length length_index weight scalar sex mature
1-1 26699 0 0 0 0 0 43.4319 0 0
1-1 8096 1 1 15.1388 3 0.0151766 43.4319 0 1
1-1 25758 0 0 0 0 0 43.4319 0 0
1-1 19387 0 0 0 0 0 43.4319 0 0
1-1 7845 1 1 15.1385 3 0.0151754 43.4319 0 0
1-1 5595 1 1 15.1372 3 0.0151713 43.4319 0 1
1-1 26144 0 0 0 0 0 43.4319 0 0
1-1 22835 0 0 0 0 0 43.4319 0 0
1-1 699 3 3 38.996 7 0.340647 43.4319 0 0
1-1 10218 1 1 15.1445 3 0.0151954 43.4319 0 0
*end

*process[M_report]
cv: 9.99999975e-005
distribution: lognormal
label: natural_mort
m: 0.200000003
m_multiplier_layer_label: M_layer
selectivity_label: One One
type: mortality_constant_rate
update_mortality_parameters: 0
year: 1940 1941 1942 1943 1944 1945 1946 1947 1948 1949 1950 1951 1952 1953 1954 1955 1956 1957 1958 1959 1960 1961 1962 1963 1964 1965 1966 1967 1968 1969 1970 1971 1972 1973 1974 1975 1976 1977 1978 1979 1980 1981 1982 1983 1984 1985 1986 1987 1988 1989 1990 1991 1992 
agents_removed: 18157 18136 18079 18060 17984 18131 18027 18257 18108 18168 18273 18141 18037 18116 18151 18072 18255 18077 18208 18064 18207 18025 18063 18150 18022 18067 18321 18174 18087 18082 18052 18126 17924 18197 18055 18153 18048 18038 18084 18237 18150 18115 17537 17602 17511 17852 17859 17905 17976 18002 18137 17917 18196 
*end

*process[mature_report]
label: Maturation
type: maturation
year: 1940 1941 1942 1943 1944 1945 1946 1947 1948 1949 1950 1951 1952 1953 1954 1955 1956 1957 1958 1959 1960 1961 1962 1963 1964 1965 1966 1967 1968 1969 1970 1971 1972 1973 1974 1975 1976 1977 1978 1979 1980 1981 1982 1983 1984 1985 1986 1987 1988 1989 1990 1991 1992 
agents_mature: 3863 3657 3745 3778 3868 3789 3800 3808 3870 3779 3810 3717 3746 3799 3768 3850 3766 3724 3733 3727 3794 3739 3824 3798 3780 3769 3867 3808 3826 3699 3805 3760 3657 3756 3748 3731 3776 3680 3728 3781 3799 3762 3672 3609 3509 3705 3707 3817 3654 3745 3805 3746 3751 
*end

*process[fishing]
catch_layers: catch_1970 catch_1981 catch_1982 catch_1983 catch_1984 catch_1985 catch_1986 catch_1987 catch_1988 catch_1989 catch_1990
handling_mortality: 1
label: fishing
minimum_legel_length: 0
selectivity: trawl_selectivity trawl_selectivity
type: mortality_event_biomass
years: 1970 1981 1982 1983 1984 1985 1986 1987 1988 1989 1990
year: 1970 1981 1982 1983 1984 1985 1986 1987 1988 1989 1990 
biomass_removed: 0 0 0 0 0 0 0 0 0 0 0 
catch_input_removed: 0 0 0 0 0 0 0 0 0 0 0 
age_frequency {d}
year 0 1 2 3 4 5 6 7 8 9 10 11 12 13 14 15 16 17 18 19 20 21 22 23 24 25 26 27 28 29 30 
1970 0 191 102 53 20 13 2 0 0 0 0 0 0 0 0 0 0 0 0 0 0 0 0 0 0 0 0 0 0 0 0 
1981 0 378 217 98 35 13 4 1 0 1 0 0 0 0 0 0 0 0 0 0 0 0 0 0 0 0 0 0 0 0 0 
1982 0 341 178 59 28 11 2 3 0 0 0 0 0 0 0 0 0 0 0 0 0 0 0 0 0 0 0 0 0 0 0 
1983 0 377 189 66 28 14 9 3 0 0 1 0 0 0 0 0 0 0 0 0 0 0 0 0 0 0 0 0 0 0 0 
1984 0 67 44 12 12 0 0 0 0 0 0 0 0 0 0 0 0 0 0 0 0 0 0 0 0 0 0 0 0 0 0 
1985 0 80 44 22 4 3 2 0 0 0 0 0 0 0 0 0 0 0 0 0 0 0 0 0 0 0 0 0 0 0 0 
1986 0 69 29 20 4 4 0 0 0 0 0 0 0 0 0 0 0 0 0 0 0 0 0 0 0 0 0 0 0 0 0 
1987 0 64 31 18 6 3 1 0 0 0 0 0 0 0 0 0 0 0 0 0 0 0 0 0 0 0 0 0 0 0 0 
1988 0 48 25 10 5 4 1 1 0 0 0 0 0 0 0 0 0 0 0 0 0 0 0 0 0 0 0 0 0 0 0 
1989 0 26 12 14 6 1 1 1 1 0 0 0 0 0 0 0 0 0 0 0 0 0 0 0 0 0 0 0 0 0 0 
1990 0 53 21 16 9 4 1 0 1 0 0 0 0 0 0 0 0 0 0 0 0 0 0 0 0 0 0 0 0 0 0 
*end

*derived_quantity[derived_quants]
SSB {L} 
type: mature_biomass 
initialisation_phase[1]: 689.94 
values {v}
1940 29708.5
1941 29109.5
1942 29052.5
1943 28432.2
1944 29649.1
1945 29309.7
1946 29661.4
1947 29446
1948 30433
1949 29011
1950 29551.6
1951 30318.1
1952 30518.3
1953 30104.4
1954 28471.4
1955 29987.7
1956 28872.2
1957 29819.1
1958 29532.1
1959 28321.4
1960 28171.9
1961 27892.5
1962 30131.8
1963 31607.4
1964 31454.3
1965 30004.2
1966 30027.3
1967 28613.8
1968 28255.9
1969 28213.6
1970 27006.4
1971 27862.7
1972 29479.5
1973 29481.6
1974 29079.9
1975 28617.2
1976 30631.7
1977 29206.8
1978 30150.1
1979 29376.1
1980 30304.8
1981 25469.8
1982 23825.4
1983 22481.1
1984 21955
1985 23941.5
1986 25616.7
1987 27324.5
1988 28347.2
1989 26941.3
1990 28548.2
1991 29001.6
1992 29259.6
end {L}
*end

*model_attributes[model_attributes]
global_scalar: 43.4319
*end

Total elapsed time: 36 seconds
Completed
