CASAL2
Call: casal2 -r --loglevel trace 
Date: Fri Sep 21 15:01:02 2018
Version: 2018-09-21 02:23:07 UTC (rev. 8dc3baa6)
Copyright (c) 2018 - 2018, NIWA (www.niwa.co.nz)
Environment: machine:DESKTOP-D3MBM6L, user:Dell User, os:Windows_NT, pid:10976

*initialisation_partition[Init]
values {d}
category 1 2 3 4 5 6 7 8 9 10 11 12 13 14 15 16 17 18 19 20
EN.EN 6843027.586264 6348574.269923 5889848.426394 5464268.513050 5069439.520532 4703139.494510 4363307.031326 4048029.677165 3755533.165454 3484171.431941 3232417.351235 2998854.142704 2782167.397343 2581137.680761 2394633.670643 2221605.790082 2061080.300938 1912153.823996 1773988.255070 22777268.994020
EN.HG 556912.600827 516672.037872 479339.117704 444703.744192 412571.002020 382760.059772 355103.152280 329444.636503 305640.115621 283555.626429 263066.885431 244058.589427 226423.766624 210063.174635 194884.741985 180803.049962 167738.851910 155618.627264 144374.167795 1853704.074008
EN.BP 21998.626644 20409.082577 18934.393423 17566.260166 16296.983448 15119.420240 14026.943645 13013.405600 12073.102280 11200.742000 10391.415433 9640.567982 8943.974149 8297.713759 7698.149891 7141.908418 6625.859015 6147.097543 5702.929705 73223.237851
HG.EN 622967.755362 577954.277230 536193.316096 497449.856421 461505.864069 428159.059293 397221.778371 368519.917512 341891.953054 317188.032474 294269.131069 273006.269577 253279.788327 234978.673839 217999.934080 202248.018863 187634.282123 174076.483052 161498.323274 2073571.085255
HG.HG 6783650.976945 6293488.007387 5838742.505140 5416855.327493 5025452.246466 4662330.587514 4325446.833677 4012905.125404 3722946.591348 3453939.450072 3204369.826978 2972833.234766 2758026.669495 2558741.277745 2373855.553628 2202329.027363 2043196.409888 1895562.160564 1758595.447394 22579631.766146
HG.BP 15318.879230 14211.990424 13185.081543 12232.373519 11348.504854 10528.501458 9767.748648 9061.965185 8407.179173 7799.705717 7236.126174 6713.268924 6228.191516 5778.164111 5360.654117 4973.311939 4613.957757 4280.569255 3971.270244 50989.452916
BP.EN 98860.367943 91717.062415 85089.907241 78941.607195 73237.561876 67945.670985 63036.153680 58481.380980 54255.720276 50335.391082 46698.331208 43324.072601 40193.626157 37289.374859 34594.974634 32095.262377 29776.170612 27624.648333 25628.587553 329060.370590
BP.HG 175751.765232 163052.555405 151270.946206 140340.635014 130200.110001 120792.303973 112064.273209 103966.899520 96454.613824 89485.139701 83019.255481 77020.573512 71455.335389 66292.221971 61502.177128 57058.244225 52935.414421 49110.485926 45561.933428 584996.214381
BP.BP 1580875.253146 1466646.718804 1360671.940116 1262354.529472 1171141.192155 1086518.612593 1008010.565608 935175.236393 867602.734140 804912.785319 746752.593642 692794.854650 642735.913764 596294.057424 553207.927711 513235.051520 476150.476003 441745.502624 409826.512674 5262001.421589
*end

*partition_mean_weight[mean_weight_1]
year: 1900
EN.EN {L}
mean_weights {L}
values: 5.23507e-005 0.000110967 0.00019011 0.000286401 0.000395998 0.000515116 0.000640294 0.000768526 0.000897292 0.00102455 0.00114871 0.00126855 0.00138321 0.00149207 0.00159479 0.00169117 0.00178118 0.0018649 0.00194249 0.00201418 
end {L}
end {L}
EN.HG {L}
mean_weights {L}
values: 5.23507e-005 0.000110967 0.00019011 0.000286401 0.000395998 0.000515116 0.000640294 0.000768526 0.000897292 0.00102455 0.00114871 0.00126855 0.00138321 0.00149207 0.00159479 0.00169117 0.00178118 0.0018649 0.00194249 0.00201418 
end {L}
end {L}
EN.BP {L}
mean_weights {L}
values: 5.23507e-005 0.000110967 0.00019011 0.000286401 0.000395998 0.000515116 0.000640294 0.000768526 0.000897292 0.00102455 0.00114871 0.00126855 0.00138321 0.00149207 0.00159479 0.00169117 0.00178118 0.0018649 0.00194249 0.00201418 
end {L}
end {L}
HG.EN {L}
mean_weights {L}
values: 4.36339e-005 9.19244e-005 0.000159212 0.000244314 0.000345351 0.000460095 0.000586194 0.000721323 0.000863275 0.00101001 0.00115971 0.00131075 0.00146172 0.00161142 0.00175886 0.00190321 0.00204378 0.00218006 0.00231163 0.00243821 
end {L}
end {L}
HG.HG {L}
mean_weights {L}
values: 4.36339e-005 9.19244e-005 0.000159212 0.000244314 0.000345351 0.000460095 0.000586194 0.000721323 0.000863275 0.00101001 0.00115971 0.00131075 0.00146172 0.00161142 0.00175886 0.00190321 0.00204378 0.00218006 0.00231163 0.00243821 
end {L}
end {L}
HG.BP {L}
mean_weights {L}
values: 4.36339e-005 9.19244e-005 0.000159212 0.000244314 0.000345351 0.000460095 0.000586194 0.000721323 0.000863275 0.00101001 0.00115971 0.00131075 0.00146172 0.00161142 0.00175886 0.00190321 0.00204378 0.00218006 0.00231163 0.00243821 
end {L}
end {L}
BP.EN {L}
mean_weights {L}
values: 7.01815e-005 0.000136229 0.000224441 0.000332884 0.000458981 0.000599881 0.00075269 0.000914621 0.00108309 0.00125575 0.00143054 0.00160565 0.00177955 0.00195096 0.00211881 0.00228226 0.00244063 0.00259341 0.00274024 0.00288086 
end {L}
end {L}
BP.HG {L}
mean_weights {L}
values: 7.01815e-005 0.000136229 0.000224441 0.000332884 0.000458981 0.000599881 0.00075269 0.000914621 0.00108309 0.00125575 0.00143054 0.00160565 0.00177955 0.00195096 0.00211881 0.00228226 0.00244063 0.00259341 0.00274024 0.00288086 
end {L}
end {L}
BP.BP {L}
mean_weights {L}
values: 7.01815e-005 0.000136229 0.000224441 0.000332884 0.000458981 0.000599881 0.00075269 0.000914621 0.00108309 0.00125575 0.00143054 0.00160565 0.00177955 0.00195096 0.00211881 0.00228226 0.00244063 0.00259341 0.00274024 0.00288086 
end {L}
end {L}
*end

*partition_mean_weight[mean_weight_2]
year: 1900
EN.EN {L}
mean_weights {L}
values: 5.23507e-005 0.000110967 0.00019011 0.000286401 0.000395998 0.000515116 0.000640294 0.000768526 0.000897292 0.00102455 0.00114871 0.00126855 0.00138321 0.00149207 0.00159479 0.00169117 0.00178118 0.0018649 0.00194249 0.00201418 
end {L}
end {L}
EN.HG {L}
mean_weights {L}
values: 5.23507e-005 0.000110967 0.00019011 0.000286401 0.000395998 0.000515116 0.000640294 0.000768526 0.000897292 0.00102455 0.00114871 0.00126855 0.00138321 0.00149207 0.00159479 0.00169117 0.00178118 0.0018649 0.00194249 0.00201418 
end {L}
end {L}
EN.BP {L}
mean_weights {L}
values: 5.23507e-005 0.000110967 0.00019011 0.000286401 0.000395998 0.000515116 0.000640294 0.000768526 0.000897292 0.00102455 0.00114871 0.00126855 0.00138321 0.00149207 0.00159479 0.00169117 0.00178118 0.0018649 0.00194249 0.00201418 
end {L}
end {L}
HG.EN {L}
mean_weights {L}
values: 4.36339e-005 9.19244e-005 0.000159212 0.000244314 0.000345351 0.000460095 0.000586194 0.000721323 0.000863275 0.00101001 0.00115971 0.00131075 0.00146172 0.00161142 0.00175886 0.00190321 0.00204378 0.00218006 0.00231163 0.00243821 
end {L}
end {L}
HG.HG {L}
mean_weights {L}
values: 4.36339e-005 9.19244e-005 0.000159212 0.000244314 0.000345351 0.000460095 0.000586194 0.000721323 0.000863275 0.00101001 0.00115971 0.00131075 0.00146172 0.00161142 0.00175886 0.00190321 0.00204378 0.00218006 0.00231163 0.00243821 
end {L}
end {L}
HG.BP {L}
mean_weights {L}
values: 4.36339e-005 9.19244e-005 0.000159212 0.000244314 0.000345351 0.000460095 0.000586194 0.000721323 0.000863275 0.00101001 0.00115971 0.00131075 0.00146172 0.00161142 0.00175886 0.00190321 0.00204378 0.00218006 0.00231163 0.00243821 
end {L}
end {L}
BP.EN {L}
mean_weights {L}
values: 7.01815e-005 0.000136229 0.000224441 0.000332884 0.000458981 0.000599881 0.00075269 0.000914621 0.00108309 0.00125575 0.00143054 0.00160565 0.00177955 0.00195096 0.00211881 0.00228226 0.00244063 0.00259341 0.00274024 0.00288086 
end {L}
end {L}
BP.HG {L}
mean_weights {L}
values: 7.01815e-005 0.000136229 0.000224441 0.000332884 0.000458981 0.000599881 0.00075269 0.000914621 0.00108309 0.00125575 0.00143054 0.00160565 0.00177955 0.00195096 0.00211881 0.00228226 0.00244063 0.00259341 0.00274024 0.00288086 
end {L}
end {L}
BP.BP {L}
mean_weights {L}
values: 7.01815e-005 0.000136229 0.000224441 0.000332884 0.000458981 0.000599881 0.00075269 0.000914621 0.00108309 0.00125575 0.00143054 0.00160565 0.00177955 0.00195096 0.00211881 0.00228226 0.00244063 0.00259341 0.00274024 0.00288086 
end {L}
end {L}
*end

*process[Rec_EN]
age: 1
b0: 113880
b0_intialisation_phase: 
categories: EN.EN EN.HG EN.BP
label: Recruitment_EN
proportions: 1 0 0
r0: 7.99999e+006
ssb: SSB_EN
ssb_offset: 1
standardise_ycs_years: 
steepness: 1
type: recruitment_beverton_holt
ycs_years: 1899 1900 1901 1902 1903 1904 1905 1906 1907 1908 1909 1910 1911 1912 1913 1914 1915 1916 1917 1918 1919 1920 1921 1922 1923 1924 1925 1926 1927 1928 1929 1930 1931 1932 1933 1934 1935 1936 1937 1938 1939 1940 1941 1942 1943 1944 1945 1946 1947 1948 1949 1950 1951 1952 1953 1954 1955 1956 1957 1958 1959 1960 1961 1962 1963 1964 1965 1966 1967 1968 1969 1970 1971 1972 1973 1974 1975 1976 1977 1978 1979 1980 1981 1982 1983 1984 1985 1986 1987 1988 1989 1990 1991 1992 1993 1994 1995 1996 1997 1998 1999 2000 2001 2002 2003 2004 2005 2006 2007 2008 2009 2010 2011 2012 
standardiesed_ycs: 1 1 1 1 1 1 1 1 1 1 1 1 1 1 1 1 1 1 1 1 1 1 1 1 1 1 1 1 1 1 1 1 1 1 1 1 1 1 1 1 1 1 1 1 1 1 1 1 1 1 1 1 1 1 1 1 1 1 1 1 1 1 1 1 1 1 1 1 1 1 1 1 1 1 1 1 1 1 1 1 1 1 1 1 1 1 1 1 1 1 1 1 1 1 1 1 1 1 1 1 1 1 1 1 1 1 1 1 1 1 1 1 1 1 
ycs_values: 1 1 1 1 1 1 1 1 1 1 1 1 1 1 1 1 1 1 1 1 1 1 1 1 1 1 1 1 1 1 1 1 1 1 1 1 1 1 1 1 1 1 1 1 1 1 1 1 1 1 1 1 1 1 1 1 1 1 1 1 1 1 1 1 1 1 1 1 1 1 1 1 1 1 1 1 1 1 1 1 1 1 1 1 1 1 1 1 1 1 1 1 1 1 1 1 1 1 1 1 1 1 1 1 1 1 1 1 1 1 1 1 1 1 
true_ycs: 1 1 1 1 1 1 1 1 1 1 1 1 1 1 1 1 1 1 1 1 1 1 1 1 1 1 1 1 1 1 1 1 1 1 1 1 1 1 1 1 1 1 1 1 1 1 1 1 1 1 1 1 1 1 1 1 1 1 1 1 1 1 1 1 1 1 1 1 1 1 1 1 1 1 1 1 1 1 1 1 1 1 1 1 1 1 1 1 1 1 1 1 1 1 1 1 1 1 1 1 1 1 1 1 1 1 1 1 1 1 1 1 1 1 
Recruits: 7.99999e+006 7.99999e+006 7.99999e+006 7.99999e+006 7.99999e+006 7.99999e+006 7.99999e+006 7.99999e+006 7.99999e+006 7.99999e+006 7.99999e+006 7.99999e+006 7.99999e+006 7.99999e+006 7.99999e+006 7.99999e+006 7.99999e+006 7.99999e+006 7.99999e+006 7.99999e+006 7.99999e+006 7.99999e+006 7.99999e+006 7.99999e+006 7.99999e+006 7.99999e+006 7.99999e+006 7.99999e+006 7.99999e+006 7.99999e+006 7.99999e+006 7.99999e+006 7.99999e+006 7.99999e+006 7.99999e+006 7.99999e+006 7.99999e+006 7.99999e+006 7.99999e+006 7.99999e+006 7.99999e+006 7.99999e+006 7.99999e+006 7.99999e+006 7.99999e+006 7.99999e+006 7.99999e+006 7.99999e+006 7.99999e+006 7.99999e+006 7.99999e+006 7.99999e+006 7.99999e+006 7.99999e+006 7.99999e+006 7.99999e+006 7.99999e+006 7.99999e+006 7.99999e+006 7.99999e+006 7.99999e+006 7.99999e+006 7.99999e+006 7.99999e+006 7.99999e+006 7.99999e+006 7.99999e+006 7.99999e+006 7.99999e+006 7.99999e+006 7.99999e+006 7.99999e+006 7.99999e+006 7.99999e+006 7.99999e+006 7.99999e+006 7.99999e+006 7.99999e+006 7.99999e+006 7.99999e+006 7.99999e+006 7.99999e+006 7.99999e+006 7.99999e+006 7.99999e+006 7.99999e+006 7.99999e+006 7.99999e+006 7.99999e+006 7.99999e+006 7.99999e+006 7.99999e+006 7.99999e+006 7.99999e+006 7.99999e+006 7.99999e+006 7.99999e+006 7.99999e+006 7.99999e+006 7.99999e+006 7.99999e+006 7.99999e+006 7.99999e+006 7.99999e+006 7.99999e+006 7.99999e+006 7.99999e+006 7.99999e+006 7.99999e+006 7.99999e+006 7.99999e+006 7.99999e+006 7.99999e+006 7.99999e+006 
SSB: 113880 113880 113637 113319 113013 112718 112435 112166 111910 111667 111438 111222 111019 110829 110651 110486 110332 110189 109991 109548 109192 108973 108692 108380 108045 107606 107080 106452 106083 105559 105361 105046 104703 104633 104565 104429 104236 103878 103372 103007 102577 102206 101989 101840 101819 101745 101604 101494 101333 101112 100749 100538 100457 100514 100660 100820 100878 100910 100894 100793 100714 100538 100207 99777 99147.7 98351.9 97424.5 96300.8 94979.9 93518.9 91824.9 90126.7 89031.6 87309.5 85932.5 84802.1 85275.8 86021.7 86922.6 87904.7 88921.6 89704.7 90469.7 91045.2 91528.6 91199.6 91202.1 91191.5 91320.4 91914.5 92285.3 92529.7 92807.9 93150.5 93427.8 93711 93918.8 94059.5 94078.4 94052.3 94230.8 94479.4 94660.8 94855.1 95180.5 95677.8 96069.8 96498 96869.6 97143.1 97436.1 97729 97983.7 98171.3 
*end

*process[Rec_HG]
age: 1
b0: 127644
b0_intialisation_phase: 
categories: HG.HG HG.EN HG.BP
label: Recruitment_HG
proportions: 1 0 0
r0: 7.99999e+006
ssb: SSB_HG
ssb_offset: 1
standardise_ycs_years: 
steepness: 1
type: recruitment_beverton_holt
ycs_years: 1899 1900 1901 1902 1903 1904 1905 1906 1907 1908 1909 1910 1911 1912 1913 1914 1915 1916 1917 1918 1919 1920 1921 1922 1923 1924 1925 1926 1927 1928 1929 1930 1931 1932 1933 1934 1935 1936 1937 1938 1939 1940 1941 1942 1943 1944 1945 1946 1947 1948 1949 1950 1951 1952 1953 1954 1955 1956 1957 1958 1959 1960 1961 1962 1963 1964 1965 1966 1967 1968 1969 1970 1971 1972 1973 1974 1975 1976 1977 1978 1979 1980 1981 1982 1983 1984 1985 1986 1987 1988 1989 1990 1991 1992 1993 1994 1995 1996 1997 1998 1999 2000 2001 2002 2003 2004 2005 2006 2007 2008 2009 2010 2011 2012 
standardiesed_ycs: 1 1 1 1 1 1 1 1 1 1 1 1 1 1 1 1 1 1 1 1 1 1 1 1 1 1 1 1 1 1 1 1 1 1 1 1 1 1 1 1 1 1 1 1 1 1 1 1 1 1 1 1 1 1 1 1 1 1 1 1 1 1 1 1 1 1 1 1 1 1 1 1 1 1 1 1 1 1 1 1 1 1 1 1 1 1 1 1 1 1 1 1 1 1 1 1 1 1 1 1 1 1 1 1 1 1 1 1 1 1 1 1 1 1 
ycs_values: 1 1 1 1 1 1 1 1 1 1 1 1 1 1 1 1 1 1 1 1 1 1 1 1 1 1 1 1 1 1 1 1 1 1 1 1 1 1 1 1 1 1 1 1 1 1 1 1 1 1 1 1 1 1 1 1 1 1 1 1 1 1 1 1 1 1 1 1 1 1 1 1 1 1 1 1 1 1 1 1 1 1 1 1 1 1 1 1 1 1 1 1 1 1 1 1 1 1 1 1 1 1 1 1 1 1 1 1 1 1 1 1 1 1 
true_ycs: 1 1 1 1 1 1 1 1 1 1 1 1 1 1 1 1 1 1 1 1 1 1 1 1 1 1 1 1 1 1 1 1 1 1 1 1 1 1 1 1 1 1 1 1 1 1 1 1 1 1 1 1 1 1 1 1 1 1 1 1 1 1 1 1 1 1 1 1 1 1 1 1 1 1 1 1 1 1 1 1 1 1 1 1 1 1 1 1 1 1 1 1 1 1 1 1 1 1 1 1 1 1 1 1 1 1 1 1 1 1 1 1 1 1 
Recruits: 7.99999e+006 7.99999e+006 7.99999e+006 7.99999e+006 7.99999e+006 7.99999e+006 7.99999e+006 7.99999e+006 7.99999e+006 7.99999e+006 7.99999e+006 7.99999e+006 7.99999e+006 7.99999e+006 7.99999e+006 7.99999e+006 7.99999e+006 7.99999e+006 7.99999e+006 7.99999e+006 7.99999e+006 7.99999e+006 7.99999e+006 7.99999e+006 7.99999e+006 7.99999e+006 7.99999e+006 7.99999e+006 7.99999e+006 7.99999e+006 7.99999e+006 7.99999e+006 7.99999e+006 7.99999e+006 7.99999e+006 7.99999e+006 7.99999e+006 7.99999e+006 7.99999e+006 7.99999e+006 7.99999e+006 7.99999e+006 7.99999e+006 7.99999e+006 7.99999e+006 7.99999e+006 7.99999e+006 7.99999e+006 7.99999e+006 7.99999e+006 7.99999e+006 7.99999e+006 7.99999e+006 7.99999e+006 7.99999e+006 7.99999e+006 7.99999e+006 7.99999e+006 7.99999e+006 7.99999e+006 7.99999e+006 7.99999e+006 7.99999e+006 7.99999e+006 7.99999e+006 7.99999e+006 7.99999e+006 7.99999e+006 7.99999e+006 7.99999e+006 7.99999e+006 7.99999e+006 7.99999e+006 7.99999e+006 7.99999e+006 7.99999e+006 7.99999e+006 7.99999e+006 7.99999e+006 7.99999e+006 7.99999e+006 7.99999e+006 7.99999e+006 7.99999e+006 7.99999e+006 7.99999e+006 7.99999e+006 7.99999e+006 7.99999e+006 7.99999e+006 7.99999e+006 7.99999e+006 7.99999e+006 7.99999e+006 7.99999e+006 7.99999e+006 7.99999e+006 7.99999e+006 7.99999e+006 7.99999e+006 7.99999e+006 7.99999e+006 7.99999e+006 7.99999e+006 7.99999e+006 7.99999e+006 7.99999e+006 7.99999e+006 7.99999e+006 7.99999e+006 7.99999e+006 7.99999e+006 7.99999e+006 7.99999e+006 
SSB: 127644 127644 127184 126583 125999 125434 124890 124367 123868 123392 122940 122513 122111 121733 121379 121049 120741 120455 120071 119227 118543 118114 117569 116962 116314 115471 114463 113264 112543 111533 111128 110507 109836 109672 109516 109233 108850 108164 107208 106505 105687 104974 104545 104239 104170 104011 103730 103507 103190 102765 102083 101676 101509 101595 101846 102127 102226 102282 102249 102061 101915 101589 101241 100958 100550 100064 99553.9 98890.4 98060.3 97158.6 95999.2 94508.5 92690.8 90645.1 89079.6 87807.2 89066.8 90479.1 91897.6 93232.7 94383.6 95204 96036.7 96667 97186.4 97218.8 97379.3 97145 97445.3 97921.3 97700.4 97293.9 97339.4 97423.6 97126.4 96864.4 96875.4 97002 97404.4 97799.5 98223 98487.9 98897.3 99203.5 99531.7 99918.7 100509 101179 101886 102635 103290 103817 104358 104827 
*end

*process[Rec_BP]
age: 1
b0: 38440.8
b0_intialisation_phase: 
categories: BP.BP BP.EN BP.HG
label: Recruitment_BP
proportions: 1 0 0
r0: 2e+006
ssb: SSB_BP
ssb_offset: 1
standardise_ycs_years: 
steepness: 1
type: recruitment_beverton_holt
ycs_years: 1899 1900 1901 1902 1903 1904 1905 1906 1907 1908 1909 1910 1911 1912 1913 1914 1915 1916 1917 1918 1919 1920 1921 1922 1923 1924 1925 1926 1927 1928 1929 1930 1931 1932 1933 1934 1935 1936 1937 1938 1939 1940 1941 1942 1943 1944 1945 1946 1947 1948 1949 1950 1951 1952 1953 1954 1955 1956 1957 1958 1959 1960 1961 1962 1963 1964 1965 1966 1967 1968 1969 1970 1971 1972 1973 1974 1975 1976 1977 1978 1979 1980 1981 1982 1983 1984 1985 1986 1987 1988 1989 1990 1991 1992 1993 1994 1995 1996 1997 1998 1999 2000 2001 2002 2003 2004 2005 2006 2007 2008 2009 2010 2011 2012 
standardiesed_ycs: 1 1 1 1 1 1 1 1 1 1 1 1 1 1 1 1 1 1 1 1 1 1 1 1 1 1 1 1 1 1 1 1 1 1 1 1 1 1 1 1 1 1 1 1 1 1 1 1 1 1 1 1 1 1 1 1 1 1 1 1 1 1 1 1 1 1 1 1 1 1 1 1 1 1 1 1 1 1 1 1 1 1 1 1 1 1 1 1 1 1 1 1 1 1 1 1 1 1 1 1 1 1 1 1 1 1 1 1 1 1 1 1 1 1 
ycs_values: 1 1 1 1 1 1 1 1 1 1 1 1 1 1 1 1 1 1 1 1 1 1 1 1 1 1 1 1 1 1 1 1 1 1 1 1 1 1 1 1 1 1 1 1 1 1 1 1 1 1 1 1 1 1 1 1 1 1 1 1 1 1 1 1 1 1 1 1 1 1 1 1 1 1 1 1 1 1 1 1 1 1 1 1 1 1 1 1 1 1 1 1 1 1 1 1 1 1 1 1 1 1 1 1 1 1 1 1 1 1 1 1 1 1 
true_ycs: 1 1 1 1 1 1 1 1 1 1 1 1 1 1 1 1 1 1 1 1 1 1 1 1 1 1 1 1 1 1 1 1 1 1 1 1 1 1 1 1 1 1 1 1 1 1 1 1 1 1 1 1 1 1 1 1 1 1 1 1 1 1 1 1 1 1 1 1 1 1 1 1 1 1 1 1 1 1 1 1 1 1 1 1 1 1 1 1 1 1 1 1 1 1 1 1 1 1 1 1 1 1 1 1 1 1 1 1 1 1 1 1 1 1 
Recruits: 2e+006 2e+006 2e+006 2e+006 2e+006 2e+006 2e+006 2e+006 2e+006 2e+006 2e+006 2e+006 2e+006 2e+006 2e+006 2e+006 2e+006 2e+006 2e+006 2e+006 2e+006 2e+006 2e+006 2e+006 2e+006 2e+006 2e+006 2e+006 2e+006 2e+006 2e+006 2e+006 2e+006 2e+006 2e+006 2e+006 2e+006 2e+006 2e+006 2e+006 2e+006 2e+006 2e+006 2e+006 2e+006 2e+006 2e+006 2e+006 2e+006 2e+006 2e+006 2e+006 2e+006 2e+006 2e+006 2e+006 2e+006 2e+006 2e+006 2e+006 2e+006 2e+006 2e+006 2e+006 2e+006 2e+006 2e+006 2e+006 2e+006 2e+006 2e+006 2e+006 2e+006 2e+006 2e+006 2e+006 2e+006 2e+006 2e+006 2e+006 2e+006 2e+006 2e+006 2e+006 2e+006 2e+006 2e+006 2e+006 2e+006 2e+006 2e+006 2e+006 2e+006 2e+006 2e+006 2e+006 2e+006 2e+006 2e+006 2e+006 2e+006 2e+006 2e+006 2e+006 2e+006 2e+006 2e+006 2e+006 2e+006 2e+006 2e+006 2e+006 2e+006 2e+006 
SSB: 38440.8 38440.8 38213 37914.8 37625.7 37346.5 37078 36820.7 36575 36341.3 36119.7 35910.3 35713 35527.6 35354.1 35192.1 35041.1 34900.5 34710.4 34292.6 33954.5 33742.2 33473.1 33172.3 32852.4 32435.7 31936.8 31343.2 30986.1 30486 30285.9 29977.9 29644.2 29561.2 29481.6 29338.7 29146.4 28803.9 28326.6 27974.3 27564.6 27206.1 26987.3 26829.3 26788.6 26702.6 26556.9 26439.9 26276.7 26060.2 25714.9 25505.8 25413.2 25446.8 25562.2 25692.4 25734.6 25755.4 25732.1 25633.6 25554.5 25387.2 25080.9 24682.2 24102.3 23367 22508.7 21468.2 20243.9 18884.6 17305.2 15704.7 13644.2 11617.8 10023 8734.68 9070.18 9644.98 10363.3 11188.6 12081.8 12866.1 13686.9 14430.4 15129.7 15874.3 16635.6 17219.8 17721.2 18484.6 19282.2 20138.4 20888.8 21486.1 22004 22521.5 22987.8 23351.6 23707.2 24096.6 24664.7 25115.7 25507.7 25770.9 26050.1 26320.2 26649.6 26900.1 27157.9 27459.5 27771.5 28165 28366 28559.7 
*end

*process[instantaneous_mort]
categories: EN.EN EN.HG EN.BP HG.EN HG.HG HG.BP BP.EN BP.HG BP.BP
label: instantaneous_mort
m: 0.075 0.075 0.075 0.075 0.075 0.075 0.075 0.075 0.075
selectivities: One One One One One One One One One
time_step_ratio: 1
type: mortality_instantaneous
year: 1900 1901 1902 1903 1904 1905 1906 1907 1908 1909 1910 1911 1912 1913 1914 1915 1916 1917 1918 1919 1920 1921 1922 1923 1924 1925 1926 1927 1928 1929 1930 1931 1932 1933 1934 1935 1936 1937 1938 1939 1940 1941 1942 1943 1944 1945 1946 1947 1948 1949 1950 1951 1952 1953 1954 1955 1956 1957 1958 1959 1960 1961 1962 1963 1964 1965 1966 1967 1968 1969 1970 1971 1972 1973 1974 1975 1976 1977 1978 1979 1980 1981 1982 1983 1984 1985 1986 1987 1988 1989 1990 1991 1992 1993 1994 1995 1996 1997 1998 1999 2000 2001 2002 2003 2004 2005 2006 2007 2008 2009 2010 2011 2012 2013 
fishing_pressure[BP_LL]: 0.00684177 0.00919956 0.00927353 0.0093465 0.00941808 0.00948795 0.00955586 0.0096216 0.00968496 0.00974579 0.00980398 0.00985942 0.00991205 0.00996183 0.0100088 0.0100529 0.0120631 0.0200858 0.0181859 0.0145796 0.0170455 0.0187552 0.0200985 0.0242601 0.0281684 0.0328152 0.0255398 0.0319501 0.0218785 0.0268309 0.0288297 0.0200206 0.0204609 0.0234972 0.0260527 0.0327324 0.039192 0.0354364 0.0389523 0.0380897 0.0332908 0.0315188 0.0271135 0.0295523 0.0326667 0.0319975 0.0345718 0.0375725 0.0441294 0.0390564 0.0344956 0.0291696 0.0256129 0.024951 0.028891 0.0298692 0.0318982 0.0354042 0.0347576 0.0390117 0.0461792 0.0516881 0.0619041 0.0719806 0.0817317 0.096033 0.112903 0.130286 0.156852 0.176098 0.236027 0.274557 0.284038 0.299139 0.109931 0.0780641 0.0594018 0.0460145 0.037657 0.047736 0.0418944 0.0462171 0.0469115 0.0388453 0.0348415 0.0444949 0.0477496 0.0263063 0.0198667 0.0128093 0.0172966 0.0238252 0.0252641 0.022865 0.0237296 0.0273077 0.0261108 0.0225607 0.0118535 0.0160791 0.0176412 0.022407 0.0205066 0.0199896 0.0163296 0.0191471 0.0179321 0.015067 0.0136588 0.0090155 0.0167004 0.0161787 0.0161535 0.0160505 
catch[BP_LL]: 211 282 282 282 282 282 282 282 282 282 282 282 282 282 282 282 337 558 499 396 460 502 533 637 730 837 639 790 532 648 689 473 482 552 609 760 899 799 867 835 720 676 578 629 693 675 726 784 913 797 698 588 517 506 589 610 652 723 707 791 930 1028 1211 1374 1511 1708 1912 2076 2325 2383 2885 2895 2525 2269 718 530 431 361 321 442 415 489 525 457 431 578 643 365 288 194 274 392 428 397 422 496 482 423 226 314 351 453 419 413 341 405 383 325 298 199 374 365 367 367 
actual_catch[BP_LL]: 211 282 282 282 282 282 282 282 282 282 282 282 282 282 282 282 337 558 499 396 460 502 533 637 730 837 639 790 532 648 689 473 482 552 609 760 899 799 867 835 720 676 578 629 693 675 726 784 913 797 698 588 517 506 589 610 652 723 707 791 930 1028 1211 1374 1511 1708 1912 2076 2325 2383 2885 2895 2525 2269 718 530 431 361 321 442 415 489 525 457 431 578 643 365 288 194 274 392 428 397 422 496 482 423 226 314 351 453 419 413 341 405 383 325 298 199 374 365 367 367 
fishing_pressure[EN_LL]: 0.00214934 0.00287581 0.00288495 0.00289385 0.00290248 0.0029108 0.00291878 0.00292642 0.00293371 0.00294062 0.00294717 0.00295334 0.00295915 0.0029646 0.0029697 0.00297446 0.00356319 0.00592203 0.00531295 0.00421977 0.00492797 0.00537066 0.00573985 0.0068868 0.00792287 0.00912553 0.00701497 0.00870394 0.00590617 0.00720983 0.00768005 0.00530188 0.00540782 0.00617494 0.00683638 0.00855609 0.0101686 0.00906095 0.00989509 0.00956844 0.00829268 0.00778978 0.00668093 0.00729126 0.00803255 0.00782464 0.00843472 0.00912551 0.0106504 0.00933525 0.0081976 0.00691607 0.00607043 0.00592225 0.00689857 0.00713798 0.00761242 0.00846217 0.00827026 0.00926594 0.0111054 0.01247 0.0148879 0.0171049 0.0191021 0.0218886 0.0248736 0.0274857 0.0312791 0.0324273 0.025593 0.0346275 0.0321325 0.0304752 0.0127506 0.00953706 0.00756555 0.0063569 0.00554038 0.00798167 0.00792904 0.00980686 0.0105176 0.0201354 0.0159877 0.0155895 0.014153 0.00820311 0.0100483 0.011193 0.0109317 0.00989035 0.010082 0.00981243 0.0107908 0.0115415 0.0131853 0.0136649 0.0111105 0.00993601 0.0107443 0.0103345 0.00859744 0.00634305 0.00759304 0.00699158 0.00747714 0.00849061 0.00797824 0.00767641 0.00792207 0.00847397 0.0076632 0.00764272 
catch[EN_LL]: 233 311 311 311 311 311 311 311 311 311 311 311 311 311 311 311 372 617 551 436 508 552 588 703 805 922 704 870 587 715 759 522 532 607 671 838 992 879 956 920 794 744 637 695 765 744 801 865 1007 879 770 649 570 557 650 673 718 798 779 872 1043 1167 1387 1583 1753 1989 2233 2432 2723 2769 2142 2856 2593 2416 996 750 601 511 451 658 660 824 890 1714 1357 1324 1202 698 861 963 943 856 876 855 943 1011 1157 1200 976 875 949 915 763 565 680 629 676 771 727 702 727 780 707 707 
actual_catch[EN_LL]: 233 311 311 311 311 311 311 311 311 311 311 311 311 311 311 311 372 617 551 436 508 552 588 703 805 922 704 870 587 715 759 522 532 607 671 838 992 879 956 920 794 744 637 695 765 744 801 865 1007 879 770 649 570 557 650 673 718 798 779 872 1043 1167 1387 1583 1753 1989 2233 2432 2723 2769 2142 2856 2593 2416 996 750 601 511 451 658 660 824 890 1714 1357 1324 1202 698 861 963 943 856 876 855 943 1011 1157 1200 976 875 949 915 763 565 680 629 676 771 727 702 727 780 707 707 
fishing_pressure[HG_LL]: 0.00396882 0.00531124 0.00533699 0.00536227 0.00538695 0.00541094 0.00543415 0.00545651 0.00547797 0.00549848 0.00551801 0.00553654 0.00555405 0.00557053 0.00558601 0.00560049 0.00669775 0.011131 0.0100354 0.00800889 0.0093347 0.0102347 0.010939 0.0131462 0.0151549 0.0175371 0.0135365 0.0168342 0.0114644 0.0139957 0.0149588 0.0103471 0.0105488 0.0120913 0.0133992 0.0167771 0.0199596 0.0179105 0.019563 0.0189871 0.0164816 0.0155449 0.0133364 0.0145098 0.0160085 0.0156593 0.0168764 0.0182925 0.0213585 0.018801 0.0165015 0.0139476 0.0122438 0.0119386 0.0138924 0.0143513 0.0153196 0.0170262 0.0166585 0.0186751 0.0188952 0.0181811 0.0195304 0.0204171 0.0207635 0.0225643 0.0246176 0.0257307 0.0290348 0.0337442 0.039424 0.0429205 0.0388854 0.0367636 0.00670739 0.00530445 0.0055096 0.00662502 0.0088026 0.0123128 0.0118485 0.0137112 0.0145682 0.0190872 0.0176597 0.0220235 0.0155773 0.0137038 0.0213792 0.0233559 0.0180103 0.0175292 0.0219636 0.0216765 0.0184382 0.01701 0.013556 0.0134983 0.0132876 0.01509 0.0131713 0.0142131 0.013938 0.0132602 0.0105649 0.00939767 0.00861102 0.00766375 0.00838287 0.00946342 0.00889502 0.00927079 0.00987501 0.0098375 
catch[HG_LL]: 474 632 632 632 632 632 632 632 632 632 632 632 632 632 632 632 754 1249 1118 887 1030 1124 1195 1428 1634 1874 1431 1768 1193 1451 1542 1060 1079 1235 1365 1703 2013 1790 1942 1870 1612 1514 1295 1408 1551 1513 1627 1758 2044 1787 1562 1318 1158 1132 1321 1366 1459 1621 1583 1772 1787 1713 1834 1908 1929 2083 2254 2332 2602 2981 3421 3645 3221 2986 536 430 454 555 749 1062 1032 1206 1291 1702 1576 1970 1391 1228 1927 2103 1617 1576 1978 1948 1654 1527 1219 1219 1205 1375 1204 1305 1284 1226 981 878 810 726 800 909 859 900 963 963 
actual_catch[HG_LL]: 474 632 632 632 632 632 632 632 632 632 632 632 632 632 632 632 754 1249 1118 887 1030 1124 1195 1428 1634 1874 1431 1768 1193 1451 1542 1060 1079 1235 1365 1703 2013 1790 1942 1870 1612 1514 1295 1408 1551 1513 1627 1758 2044 1787 1562 1318 1158 1132 1321 1366 1459 1621 1583 1772 1787 1713 1834 1908 1929 2083 2254 2332 2602 2981 3421 3645 3221 2986 536 430 454 555 749 1062 1032 1206 1291 1702 1576 1970 1391 1228 1927 2103 1617 1576 1978 1948 1654 1527 1219 1219 1205 1375 1204 1305 1284 1226 981 878 810 726 800 909 859 900 963 963 
*end

*selectivity[Sel_LL]
alpha: 1 
intervals: 5 
label: Sel_LL 
length_based: 0 
mu: 7.80951 
partition_type: model 
sigma_l: 1.86113 
sigma_r: 100 
type: double_normal 
Values {v}
1 9.33566e-005
2 0.00116636
3 0.00976577
4 0.054798
5 0.206067
6 0.519321
7 0.877099
8 0.999997
9 0.999902
10 0.999667
11 0.999295
12 0.998784
13 0.998134
14 0.997347
15 0.996423
16 0.995361
17 0.994162
18 0.992828
19 0.991357
20 0.989752
*end

*derived_quantity[derived_quants]
SSB_EN {L} 
type: biomass 
initialisation_phase[1]: 113880 
values {v}
1900 113880
1901 113637
1902 113319
1903 113013
1904 112718
1905 112435
1906 112166
1907 111910
1908 111667
1909 111438
1910 111222
1911 111019
1912 110829
1913 110651
1914 110486
1915 110332
1916 110189
1917 109991
1918 109548
1919 109192
1920 108973
1921 108692
1922 108380
1923 108045
1924 107606
1925 107080
1926 106452
1927 106083
1928 105559
1929 105361
1930 105046
1931 104703
1932 104633
1933 104565
1934 104429
1935 104236
1936 103878
1937 103372
1938 103007
1939 102577
1940 102206
1941 101989
1942 101840
1943 101819
1944 101745
1945 101604
1946 101494
1947 101333
1948 101112
1949 100749
1950 100538
1951 100457
1952 100514
1953 100660
1954 100820
1955 100878
1956 100910
1957 100894
1958 100793
1959 100714
1960 100538
1961 100207
1962 99777
1963 99147.7
1964 98351.9
1965 97424.5
1966 96300.8
1967 94979.9
1968 93518.9
1969 91824.9
1970 90126.7
1971 89031.6
1972 87309.5
1973 85932.5
1974 84802.1
1975 85275.8
1976 86021.7
1977 86922.6
1978 87904.7
1979 88921.6
1980 89704.7
1981 90469.7
1982 91045.2
1983 91528.6
1984 91199.6
1985 91202.1
1986 91191.5
1987 91320.4
1988 91914.5
1989 92285.3
1990 92529.7
1991 92807.9
1992 93150.5
1993 93427.8
1994 93711
1995 93918.8
1996 94059.5
1997 94078.4
1998 94052.3
1999 94230.8
2000 94479.4
2001 94660.8
2002 94855.1
2003 95180.5
2004 95677.8
2005 96069.8
2006 96498
2007 96869.6
2008 97143.1
2009 97436.1
2010 97729
2011 97983.7
2012 98171.3
2013 98407
end {L}
SSB_HG {L} 
type: biomass 
initialisation_phase[1]: 127644 
values {v}
1900 127644
1901 127184
1902 126583
1903 125999
1904 125434
1905 124890
1906 124367
1907 123868
1908 123392
1909 122940
1910 122513
1911 122111
1912 121733
1913 121379
1914 121049
1915 120741
1916 120455
1917 120071
1918 119227
1919 118543
1920 118114
1921 117569
1922 116962
1923 116314
1924 115471
1925 114463
1926 113264
1927 112543
1928 111533
1929 111128
1930 110507
1931 109836
1932 109672
1933 109516
1934 109233
1935 108850
1936 108164
1937 107208
1938 106505
1939 105687
1940 104974
1941 104545
1942 104239
1943 104170
1944 104011
1945 103730
1946 103507
1947 103190
1948 102765
1949 102083
1950 101676
1951 101509
1952 101595
1953 101846
1954 102127
1955 102226
1956 102282
1957 102249
1958 102061
1959 101915
1960 101589
1961 101241
1962 100958
1963 100550
1964 100064
1965 99553.9
1966 98890.4
1967 98060.3
1968 97158.6
1969 95999.2
1970 94508.5
1971 92690.8
1972 90645.1
1973 89079.6
1974 87807.2
1975 89066.8
1976 90479.1
1977 91897.6
1978 93232.7
1979 94383.6
1980 95204
1981 96036.7
1982 96667
1983 97186.4
1984 97218.8
1985 97379.3
1986 97145
1987 97445.3
1988 97921.3
1989 97700.4
1990 97293.9
1991 97339.4
1992 97423.6
1993 97126.4
1994 96864.4
1995 96875.4
1996 97002
1997 97404.4
1998 97799.5
1999 98223
2000 98487.9
2001 98897.3
2002 99203.5
2003 99531.7
2004 99918.7
2005 100509
2006 101179
2007 101886
2008 102635
2009 103290
2010 103817
2011 104358
2012 104827
2013 105215
end {L}
SSB_BP {L} 
type: biomass 
initialisation_phase[1]: 38440.8 
values {v}
1900 38440.8
1901 38213
1902 37914.8
1903 37625.7
1904 37346.5
1905 37078
1906 36820.7
1907 36575
1908 36341.3
1909 36119.7
1910 35910.3
1911 35713
1912 35527.6
1913 35354.1
1914 35192.1
1915 35041.1
1916 34900.5
1917 34710.4
1918 34292.6
1919 33954.5
1920 33742.2
1921 33473.1
1922 33172.3
1923 32852.4
1924 32435.7
1925 31936.8
1926 31343.2
1927 30986.1
1928 30486
1929 30285.9
1930 29977.9
1931 29644.2
1932 29561.2
1933 29481.6
1934 29338.7
1935 29146.4
1936 28803.9
1937 28326.6
1938 27974.3
1939 27564.6
1940 27206.1
1941 26987.3
1942 26829.3
1943 26788.6
1944 26702.6
1945 26556.9
1946 26439.9
1947 26276.7
1948 26060.2
1949 25714.9
1950 25505.8
1951 25413.2
1952 25446.8
1953 25562.2
1954 25692.4
1955 25734.6
1956 25755.4
1957 25732.1
1958 25633.6
1959 25554.5
1960 25387.2
1961 25080.9
1962 24682.2
1963 24102.3
1964 23367
1965 22508.7
1966 21468.2
1967 20243.9
1968 18884.6
1969 17305.2
1970 15704.7
1971 13644.2
1972 11617.8
1973 10023
1974 8734.68
1975 9070.18
1976 9644.98
1977 10363.3
1978 11188.6
1979 12081.8
1980 12866.1
1981 13686.9
1982 14430.4
1983 15129.7
1984 15874.3
1985 16635.6
1986 17219.8
1987 17721.2
1988 18484.6
1989 19282.2
1990 20138.4
1991 20888.8
1992 21486.1
1993 22004
1994 22521.5
1995 22987.8
1996 23351.6
1997 23707.2
1998 24096.6
1999 24664.7
2000 25115.7
2001 25507.7
2002 25770.9
2003 26050.1
2004 26320.2
2005 26649.6
2006 26900.1
2007 27157.9
2008 27459.5
2009 27771.5
2010 28165
2011 28366
2012 28559.7
2013 28737.3
end {L}
*end

Total elapsed time: 1 second
Completed
